[0.243s] DEBUG:colcon:Command line arguments: ['/usr/bin/colcon', 'build']
[0.243s] DEBUG:colcon:Parsed command line arguments: Namespace(log_base=None, log_level=None, verb_name='build', build_base='build', install_base='install', merge_install=False, symlink_install=False, test_result_base=None, continue_on_error=False, executor='parallel', parallel_workers=3, event_handlers=None, ignore_user_meta=False, metas=['./colcon.meta'], base_paths=['.'], packages_ignore=None, packages_ignore_regex=None, paths=None, packages_up_to=None, packages_up_to_regex=None, packages_above=None, packages_above_and_dependencies=None, packages_above_depth=None, packages_select_by_dep=None, packages_skip_by_dep=None, packages_skip_up_to=None, packages_select_build_failed=False, packages_skip_build_finished=False, packages_select_test_failures=False, packages_skip_test_passed=False, packages_select=None, packages_skip=None, packages_select_regex=None, packages_skip_regex=None, packages_start=None, packages_end=None, allow_overriding=[], cmake_args=None, cmake_target=None, cmake_target_skip_unavailable=False, cmake_clean_cache=False, cmake_clean_first=False, cmake_force_configure=False, ament_cmake_args=None, catkin_cmake_args=None, catkin_skip_building_tests=False, mixin_files=None, mixin=None, verb_parser=<colcon_mixin.mixin.mixin_argument.MixinArgumentDecorator object at 0x712a6a165ea0>, verb_extension=<colcon_core.verb.build.BuildVerb object at 0x712a6a165930>, main=<bound method BuildVerb.main of <colcon_core.verb.build.BuildVerb object at 0x712a6a165930>>, mixin_verb=('build',))
[0.709s] Level 1:colcon.colcon_core.package_discovery:discover_packages(colcon_meta) check parameters
[0.709s] Level 1:colcon.colcon_core.package_discovery:discover_packages(recursive) check parameters
[0.709s] Level 1:colcon.colcon_core.package_discovery:discover_packages(ignore) check parameters
[0.709s] Level 1:colcon.colcon_core.package_discovery:discover_packages(path) check parameters
[0.709s] Level 1:colcon.colcon_core.package_discovery:discover_packages(colcon_meta) discover
[0.710s] Level 1:colcon.colcon_core.package_discovery:discover_packages(recursive) discover
[0.710s] INFO:colcon.colcon_core.package_discovery:Crawling recursively for packages in '/home/vboxuser/ros_ws'
[0.710s] Level 1:colcon.colcon_core.package_identification:_identify(.) by extensions ['ignore', 'ignore_ament_install']
[0.710s] Level 1:colcon.colcon_core.package_identification:_identify(.) by extension 'ignore'
[0.711s] Level 1:colcon.colcon_core.package_identification:_identify(.) by extension 'ignore_ament_install'
[0.711s] Level 1:colcon.colcon_core.package_identification:_identify(.) by extensions ['colcon_pkg']
[0.711s] Level 1:colcon.colcon_core.package_identification:_identify(.) by extension 'colcon_pkg'
[0.711s] Level 1:colcon.colcon_core.package_identification:_identify(.) by extensions ['colcon_meta']
[0.711s] Level 1:colcon.colcon_core.package_identification:_identify(.) by extension 'colcon_meta'
[0.711s] Level 1:colcon.colcon_core.package_identification:_identify(.) by extensions ['ros']
[0.711s] Level 1:colcon.colcon_core.package_identification:_identify(.) by extension 'ros'
[0.740s] Level 1:colcon.colcon_core.package_identification:_identify(.) by extensions ['cmake', 'python']
[0.740s] Level 1:colcon.colcon_core.package_identification:_identify(.) by extension 'cmake'
[0.741s] Level 1:colcon.colcon_core.package_identification:_identify(.) by extension 'python'
[0.741s] Level 1:colcon.colcon_core.package_identification:_identify(.) by extensions ['python_setup_py']
[0.741s] Level 1:colcon.colcon_core.package_identification:_identify(.) by extension 'python_setup_py'
[0.741s] Level 1:colcon.colcon_core.package_identification:_identify(build) by extensions ['ignore', 'ignore_ament_install']
[0.741s] Level 1:colcon.colcon_core.package_identification:_identify(build) by extension 'ignore'
[0.741s] Level 1:colcon.colcon_core.package_identification:_identify(build) ignored
[0.741s] Level 1:colcon.colcon_core.package_identification:_identify(install) by extensions ['ignore', 'ignore_ament_install']
[0.742s] Level 1:colcon.colcon_core.package_identification:_identify(install) by extension 'ignore'
[0.742s] Level 1:colcon.colcon_core.package_identification:_identify(install) ignored
[0.742s] Level 1:colcon.colcon_core.package_identification:_identify(log) by extensions ['ignore', 'ignore_ament_install']
[0.742s] Level 1:colcon.colcon_core.package_identification:_identify(log) by extension 'ignore'
[0.743s] Level 1:colcon.colcon_core.package_identification:_identify(log) ignored
[0.743s] Level 1:colcon.colcon_core.package_identification:_identify(src) by extensions ['ignore', 'ignore_ament_install']
[0.743s] Level 1:colcon.colcon_core.package_identification:_identify(src) by extension 'ignore'
[0.743s] Level 1:colcon.colcon_core.package_identification:_identify(src) by extension 'ignore_ament_install'
[0.743s] Level 1:colcon.colcon_core.package_identification:_identify(src) by extensions ['colcon_pkg']
[0.744s] Level 1:colcon.colcon_core.package_identification:_identify(src) by extension 'colcon_pkg'
[0.744s] Level 1:colcon.colcon_core.package_identification:_identify(src) by extensions ['colcon_meta']
[0.744s] Level 1:colcon.colcon_core.package_identification:_identify(src) by extension 'colcon_meta'
[0.744s] Level 1:colcon.colcon_core.package_identification:_identify(src) by extensions ['ros']
[0.744s] Level 1:colcon.colcon_core.package_identification:_identify(src) by extension 'ros'
[0.744s] Level 1:colcon.colcon_core.package_identification:_identify(src) by extensions ['cmake', 'python']
[0.744s] Level 1:colcon.colcon_core.package_identification:_identify(src) by extension 'cmake'
[0.745s] Level 1:colcon.colcon_core.package_identification:_identify(src) by extension 'python'
[0.745s] Level 1:colcon.colcon_core.package_identification:_identify(src) by extensions ['python_setup_py']
[0.745s] Level 1:colcon.colcon_core.package_identification:_identify(src) by extension 'python_setup_py'
[0.745s] Level 1:colcon.colcon_core.package_identification:_identify(src/chat_pkg) by extensions ['ignore', 'ignore_ament_install']
[0.745s] Level 1:colcon.colcon_core.package_identification:_identify(src/chat_pkg) by extension 'ignore'
[0.746s] Level 1:colcon.colcon_core.package_identification:_identify(src/chat_pkg) by extension 'ignore_ament_install'
[0.746s] Level 1:colcon.colcon_core.package_identification:_identify(src/chat_pkg) by extensions ['colcon_pkg']
[0.746s] Level 1:colcon.colcon_core.package_identification:_identify(src/chat_pkg) by extension 'colcon_pkg'
[0.746s] Level 1:colcon.colcon_core.package_identification:_identify(src/chat_pkg) by extensions ['colcon_meta']
[0.746s] Level 1:colcon.colcon_core.package_identification:_identify(src/chat_pkg) by extension 'colcon_meta'
[0.746s] Level 1:colcon.colcon_core.package_identification:_identify(src/chat_pkg) by extensions ['ros']
[0.746s] Level 1:colcon.colcon_core.package_identification:_identify(src/chat_pkg) by extension 'ros'
[0.753s] DEBUG:colcon.colcon_core.package_identification:Package 'src/chat_pkg' with type 'ros.ament_python' and name 'chat_pkg'
[0.754s] Level 1:colcon.colcon_core.package_identification:_identify(src/nav_interfaces) by extensions ['ignore', 'ignore_ament_install']
[0.754s] Level 1:colcon.colcon_core.package_identification:_identify(src/nav_interfaces) by extension 'ignore'
[0.754s] Level 1:colcon.colcon_core.package_identification:_identify(src/nav_interfaces) by extension 'ignore_ament_install'
[0.754s] Level 1:colcon.colcon_core.package_identification:_identify(src/nav_interfaces) by extensions ['colcon_pkg']
[0.754s] Level 1:colcon.colcon_core.package_identification:_identify(src/nav_interfaces) by extension 'colcon_pkg'
[0.754s] Level 1:colcon.colcon_core.package_identification:_identify(src/nav_interfaces) by extensions ['colcon_meta']
[0.754s] Level 1:colcon.colcon_core.package_identification:_identify(src/nav_interfaces) by extension 'colcon_meta'
[0.754s] Level 1:colcon.colcon_core.package_identification:_identify(src/nav_interfaces) by extensions ['ros']
[0.754s] Level 1:colcon.colcon_core.package_identification:_identify(src/nav_interfaces) by extension 'ros'
[0.755s] DEBUG:colcon.colcon_core.package_identification:Package 'src/nav_interfaces' with type 'ros.ament_cmake' and name 'nav_interfaces'
[0.756s] Level 1:colcon.colcon_core.package_identification:_identify(src/nav_pkg) by extensions ['ignore', 'ignore_ament_install']
[0.756s] Level 1:colcon.colcon_core.package_identification:_identify(src/nav_pkg) by extension 'ignore'
[0.756s] Level 1:colcon.colcon_core.package_identification:_identify(src/nav_pkg) by extension 'ignore_ament_install'
[0.756s] Level 1:colcon.colcon_core.package_identification:_identify(src/nav_pkg) by extensions ['colcon_pkg']
[0.756s] Level 1:colcon.colcon_core.package_identification:_identify(src/nav_pkg) by extension 'colcon_pkg'
[0.756s] Level 1:colcon.colcon_core.package_identification:_identify(src/nav_pkg) by extensions ['colcon_meta']
[0.756s] Level 1:colcon.colcon_core.package_identification:_identify(src/nav_pkg) by extension 'colcon_meta'
[0.757s] Level 1:colcon.colcon_core.package_identification:_identify(src/nav_pkg) by extensions ['ros']
[0.757s] Level 1:colcon.colcon_core.package_identification:_identify(src/nav_pkg) by extension 'ros'
[0.759s] DEBUG:colcon.colcon_core.package_identification:Package 'src/nav_pkg' with type 'ros.ament_python' and name 'nav_pkg'
[0.759s] Level 1:colcon.colcon_core.package_identification:_identify(src/vision_pkg) by extensions ['ignore', 'ignore_ament_install']
[0.760s] Level 1:colcon.colcon_core.package_identification:_identify(src/vision_pkg) by extension 'ignore'
[0.760s] Level 1:colcon.colcon_core.package_identification:_identify(src/vision_pkg) by extension 'ignore_ament_install'
[0.760s] Level 1:colcon.colcon_core.package_identification:_identify(src/vision_pkg) by extensions ['colcon_pkg']
[0.760s] Level 1:colcon.colcon_core.package_identification:_identify(src/vision_pkg) by extension 'colcon_pkg'
[0.760s] Level 1:colcon.colcon_core.package_identification:_identify(src/vision_pkg) by extensions ['colcon_meta']
[0.760s] Level 1:colcon.colcon_core.package_identification:_identify(src/vision_pkg) by extension 'colcon_meta'
[0.761s] Level 1:colcon.colcon_core.package_identification:_identify(src/vision_pkg) by extensions ['ros']
[0.761s] Level 1:colcon.colcon_core.package_identification:_identify(src/vision_pkg) by extension 'ros'
[0.762s] DEBUG:colcon.colcon_core.package_identification:Package 'src/vision_pkg' with type 'ros.ament_python' and name 'vision_pkg'
[0.763s] Level 1:colcon.colcon_core.package_discovery:discover_packages(recursive) using defaults
[0.763s] Level 1:colcon.colcon_core.package_discovery:discover_packages(ignore) discover
[0.763s] Level 1:colcon.colcon_core.package_discovery:discover_packages(ignore) using defaults
[0.763s] Level 1:colcon.colcon_core.package_discovery:discover_packages(path) discover
[0.763s] Level 1:colcon.colcon_core.package_discovery:discover_packages(path) using defaults
[0.829s] Level 1:colcon.colcon_core.package_discovery:discover_packages(prefix_path) check parameters
[0.829s] Level 1:colcon.colcon_core.package_discovery:discover_packages(prefix_path) discover
[0.832s] WARNING:colcon.colcon_ros.prefix_path.ament:The path '/home/vboxuser/ros_ws/install/vision_pkg' in the environment variable AMENT_PREFIX_PATH doesn't exist
[0.832s] WARNING:colcon.colcon_ros.prefix_path.ament:The path '/home/vboxuser/ros_ws/install/nav_pkg' in the environment variable AMENT_PREFIX_PATH doesn't exist
[0.832s] WARNING:colcon.colcon_ros.prefix_path.ament:The path '/home/vboxuser/ros_ws/install/nav_interfaces' in the environment variable AMENT_PREFIX_PATH doesn't exist
[0.832s] WARNING:colcon.colcon_ros.prefix_path.ament:The path '/home/vboxuser/ros_ws/install/chat_pkg' in the environment variable AMENT_PREFIX_PATH doesn't exist
[0.832s] WARNING:colcon.colcon_ros.prefix_path.catkin:The path '/home/vboxuser/ros_ws/install/nav_interfaces' in the environment variable CMAKE_PREFIX_PATH doesn't exist
[0.834s] DEBUG:colcon.colcon_installed_package_information.package_discovery:Found 0 installed packages in /home/vboxuser/ros_ws/install
[0.837s] DEBUG:colcon.colcon_installed_package_information.package_discovery:Found 273 installed packages in /opt/ros/humble
[0.841s] Level 1:colcon.colcon_core.package_discovery:discover_packages(prefix_path) using defaults
[0.951s] Level 5:colcon.colcon_core.verb:set package 'chat_pkg' build argument 'cmake_args' from command line to 'None'
[0.951s] Level 5:colcon.colcon_core.verb:set package 'chat_pkg' build argument 'cmake_target' from command line to 'None'
[0.951s] Level 5:colcon.colcon_core.verb:set package 'chat_pkg' build argument 'cmake_target_skip_unavailable' from command line to 'False'
[0.951s] Level 5:colcon.colcon_core.verb:set package 'chat_pkg' build argument 'cmake_clean_cache' from command line to 'False'
[0.951s] Level 5:colcon.colcon_core.verb:set package 'chat_pkg' build argument 'cmake_clean_first' from command line to 'False'
[0.951s] Level 5:colcon.colcon_core.verb:set package 'chat_pkg' build argument 'cmake_force_configure' from command line to 'False'
[0.951s] Level 5:colcon.colcon_core.verb:set package 'chat_pkg' build argument 'ament_cmake_args' from command line to 'None'
[0.951s] Level 5:colcon.colcon_core.verb:set package 'chat_pkg' build argument 'catkin_cmake_args' from command line to 'None'
[0.951s] Level 5:colcon.colcon_core.verb:set package 'chat_pkg' build argument 'catkin_skip_building_tests' from command line to 'False'
[0.951s] DEBUG:colcon.colcon_core.verb:Building package 'chat_pkg' with the following arguments: {'ament_cmake_args': None, 'build_base': '/home/vboxuser/ros_ws/build/chat_pkg', 'catkin_cmake_args': None, 'catkin_skip_building_tests': False, 'cmake_args': None, 'cmake_clean_cache': False, 'cmake_clean_first': False, 'cmake_force_configure': False, 'cmake_target': None, 'cmake_target_skip_unavailable': False, 'install_base': '/home/vboxuser/ros_ws/install/chat_pkg', 'merge_install': False, 'path': '/home/vboxuser/ros_ws/src/chat_pkg', 'symlink_install': False, 'test_result_base': None}
[0.952s] Level 5:colcon.colcon_core.verb:set package 'nav_interfaces' build argument 'cmake_args' from command line to 'None'
[0.952s] Level 5:colcon.colcon_core.verb:set package 'nav_interfaces' build argument 'cmake_target' from command line to 'None'
[0.952s] Level 5:colcon.colcon_core.verb:set package 'nav_interfaces' build argument 'cmake_target_skip_unavailable' from command line to 'False'
[0.952s] Level 5:colcon.colcon_core.verb:set package 'nav_interfaces' build argument 'cmake_clean_cache' from command line to 'False'
[0.953s] Level 5:colcon.colcon_core.verb:set package 'nav_interfaces' build argument 'cmake_clean_first' from command line to 'False'
[0.953s] Level 5:colcon.colcon_core.verb:set package 'nav_interfaces' build argument 'cmake_force_configure' from command line to 'False'
[0.953s] Level 5:colcon.colcon_core.verb:set package 'nav_interfaces' build argument 'ament_cmake_args' from command line to 'None'
[0.953s] Level 5:colcon.colcon_core.verb:set package 'nav_interfaces' build argument 'catkin_cmake_args' from command line to 'None'
[0.953s] Level 5:colcon.colcon_core.verb:set package 'nav_interfaces' build argument 'catkin_skip_building_tests' from command line to 'False'
[0.953s] DEBUG:colcon.colcon_core.verb:Building package 'nav_interfaces' with the following arguments: {'ament_cmake_args': None, 'build_base': '/home/vboxuser/ros_ws/build/nav_interfaces', 'catkin_cmake_args': None, 'catkin_skip_building_tests': False, 'cmake_args': None, 'cmake_clean_cache': False, 'cmake_clean_first': False, 'cmake_force_configure': False, 'cmake_target': None, 'cmake_target_skip_unavailable': False, 'install_base': '/home/vboxuser/ros_ws/install/nav_interfaces', 'merge_install': False, 'path': '/home/vboxuser/ros_ws/src/nav_interfaces', 'symlink_install': False, 'test_result_base': None}
[0.954s] Level 5:colcon.colcon_core.verb:set package 'vision_pkg' build argument 'cmake_args' from command line to 'None'
[0.954s] Level 5:colcon.colcon_core.verb:set package 'vision_pkg' build argument 'cmake_target' from command line to 'None'
[0.954s] Level 5:colcon.colcon_core.verb:set package 'vision_pkg' build argument 'cmake_target_skip_unavailable' from command line to 'False'
[0.954s] Level 5:colcon.colcon_core.verb:set package 'vision_pkg' build argument 'cmake_clean_cache' from command line to 'False'
[0.954s] Level 5:colcon.colcon_core.verb:set package 'vision_pkg' build argument 'cmake_clean_first' from command line to 'False'
[0.954s] Level 5:colcon.colcon_core.verb:set package 'vision_pkg' build argument 'cmake_force_configure' from command line to 'False'
[0.954s] Level 5:colcon.colcon_core.verb:set package 'vision_pkg' build argument 'ament_cmake_args' from command line to 'None'
[0.954s] Level 5:colcon.colcon_core.verb:set package 'vision_pkg' build argument 'catkin_cmake_args' from command line to 'None'
[0.954s] Level 5:colcon.colcon_core.verb:set package 'vision_pkg' build argument 'catkin_skip_building_tests' from command line to 'False'
[0.954s] DEBUG:colcon.colcon_core.verb:Building package 'vision_pkg' with the following arguments: {'ament_cmake_args': None, 'build_base': '/home/vboxuser/ros_ws/build/vision_pkg', 'catkin_cmake_args': None, 'catkin_skip_building_tests': False, 'cmake_args': None, 'cmake_clean_cache': False, 'cmake_clean_first': False, 'cmake_force_configure': False, 'cmake_target': None, 'cmake_target_skip_unavailable': False, 'install_base': '/home/vboxuser/ros_ws/install/vision_pkg', 'merge_install': False, 'path': '/home/vboxuser/ros_ws/src/vision_pkg', 'symlink_install': False, 'test_result_base': None}
[0.955s] Level 5:colcon.colcon_core.verb:set package 'nav_pkg' build argument 'cmake_args' from command line to 'None'
[0.955s] Level 5:colcon.colcon_core.verb:set package 'nav_pkg' build argument 'cmake_target' from command line to 'None'
[0.956s] Level 5:colcon.colcon_core.verb:set package 'nav_pkg' build argument 'cmake_target_skip_unavailable' from command line to 'False'
[0.956s] Level 5:colcon.colcon_core.verb:set package 'nav_pkg' build argument 'cmake_clean_cache' from command line to 'False'
[0.956s] Level 5:colcon.colcon_core.verb:set package 'nav_pkg' build argument 'cmake_clean_first' from command line to 'False'
[0.956s] Level 5:colcon.colcon_core.verb:set package 'nav_pkg' build argument 'cmake_force_configure' from command line to 'False'
[0.956s] Level 5:colcon.colcon_core.verb:set package 'nav_pkg' build argument 'ament_cmake_args' from command line to 'None'
[0.956s] Level 5:colcon.colcon_core.verb:set package 'nav_pkg' build argument 'catkin_cmake_args' from command line to 'None'
[0.956s] Level 5:colcon.colcon_core.verb:set package 'nav_pkg' build argument 'catkin_skip_building_tests' from command line to 'False'
[0.956s] DEBUG:colcon.colcon_core.verb:Building package 'nav_pkg' with the following arguments: {'ament_cmake_args': None, 'build_base': '/home/vboxuser/ros_ws/build/nav_pkg', 'catkin_cmake_args': None, 'catkin_skip_building_tests': False, 'cmake_args': None, 'cmake_clean_cache': False, 'cmake_clean_first': False, 'cmake_force_configure': False, 'cmake_target': None, 'cmake_target_skip_unavailable': False, 'install_base': '/home/vboxuser/ros_ws/install/nav_pkg', 'merge_install': False, 'path': '/home/vboxuser/ros_ws/src/nav_pkg', 'symlink_install': False, 'test_result_base': None}
[0.957s] INFO:colcon.colcon_core.executor:Executing jobs using 'parallel' executor
[0.960s] DEBUG:colcon.colcon_parallel_executor.executor.parallel:run_until_complete
[0.960s] INFO:colcon.colcon_ros.task.ament_cmake.build:Building ROS package in '/home/vboxuser/ros_ws/src/nav_interfaces' with build type 'ament_cmake'
[0.961s] INFO:colcon.colcon_cmake.task.cmake.build:Building CMake package in '/home/vboxuser/ros_ws/src/nav_interfaces'
[0.966s] INFO:colcon.colcon_core.plugin_system:Skipping extension 'colcon_core.shell.bat': Not used on non-Windows systems
[0.966s] INFO:colcon.colcon_core.shell:Skip shell extension 'powershell' for command environment: Not usable outside of PowerShell
[0.966s] DEBUG:colcon.colcon_core.shell:Skip shell extension 'dsv' for command environment
[0.977s] INFO:colcon.colcon_ros.task.ament_python.build:Building ROS package in '/home/vboxuser/ros_ws/src/chat_pkg' with build type 'ament_python'
[0.979s] Level 1:colcon.colcon_core.shell:create_environment_hook('chat_pkg', 'ament_prefix_path')
[0.979s] INFO:colcon.colcon_core.shell:Creating environment hook '/home/vboxuser/ros_ws/install/chat_pkg/share/chat_pkg/hook/ament_prefix_path.ps1'
[0.983s] INFO:colcon.colcon_core.shell:Creating environment descriptor '/home/vboxuser/ros_ws/install/chat_pkg/share/chat_pkg/hook/ament_prefix_path.dsv'
[0.985s] INFO:colcon.colcon_core.shell:Creating environment hook '/home/vboxuser/ros_ws/install/chat_pkg/share/chat_pkg/hook/ament_prefix_path.sh'
[0.987s] INFO:colcon.colcon_core.shell:Skip shell extension 'powershell' for command environment: Not usable outside of PowerShell
[0.987s] DEBUG:colcon.colcon_core.shell:Skip shell extension 'dsv' for command environment
[0.996s] INFO:colcon.colcon_ros.task.ament_python.build:Building ROS package in '/home/vboxuser/ros_ws/src/vision_pkg' with build type 'ament_python'
[0.996s] Level 1:colcon.colcon_core.shell:create_environment_hook('vision_pkg', 'ament_prefix_path')
[0.997s] INFO:colcon.colcon_core.shell:Creating environment hook '/home/vboxuser/ros_ws/install/vision_pkg/share/vision_pkg/hook/ament_prefix_path.ps1'
[0.999s] INFO:colcon.colcon_core.shell:Creating environment descriptor '/home/vboxuser/ros_ws/install/vision_pkg/share/vision_pkg/hook/ament_prefix_path.dsv'
[1.000s] INFO:colcon.colcon_core.shell:Creating environment hook '/home/vboxuser/ros_ws/install/vision_pkg/share/vision_pkg/hook/ament_prefix_path.sh'
[1.003s] INFO:colcon.colcon_core.shell:Skip shell extension 'powershell' for command environment: Not usable outside of PowerShell
[1.003s] DEBUG:colcon.colcon_core.shell:Skip shell extension 'dsv' for command environment
[1.029s] DEBUG:colcon.colcon_core.event_handler.log_command:Invoking command in '/home/vboxuser/ros_ws/build/nav_interfaces': CMAKE_PREFIX_PATH=${CMAKE_PREFIX_PATH}:/home/vboxuser/ros_ws/install/vision_pkg:/home/vboxuser/ros_ws/install/nav_pkg:/home/vboxuser/ros_ws/install/chat_pkg:/opt/ros/humble /usr/bin/cmake /home/vboxuser/ros_ws/src/nav_interfaces -DCMAKE_INSTALL_PREFIX=/home/vboxuser/ros_ws/install/nav_interfaces
[1.802s] INFO:colcon.colcon_core.task.python.build:Building Python package in '/home/vboxuser/ros_ws/src/chat_pkg'
[1.806s] INFO:colcon.colcon_core.shell:Skip shell extension 'powershell' for command environment: Not usable outside of PowerShell
[1.806s] DEBUG:colcon.colcon_core.shell:Skip shell extension 'dsv' for command environment
[2.489s] INFO:colcon.colcon_core.task.python.build:Building Python package in '/home/vboxuser/ros_ws/src/vision_pkg'
[2.490s] INFO:colcon.colcon_core.shell:Skip shell extension 'powershell' for command environment: Not usable outside of PowerShell
[2.490s] DEBUG:colcon.colcon_core.shell:Skip shell extension 'dsv' for command environment
[3.826s] DEBUG:colcon.colcon_core.event_handler.log_command:Invoking command in '/home/vboxuser/ros_ws/src/vision_pkg': PYTHONPATH=/home/vboxuser/ros_ws/build/vision_pkg/prefix_override:/usr/lib/python3/dist-packages/colcon_core/task/python/colcon_distutils_commands:/home/vboxuser/ros_ws/install/vision_pkg/lib/python3.10/site-packages:${PYTHONPATH} /usr/bin/python3 -W ignore:setup.py install is deprecated -W ignore:easy_install command is deprecated setup.py egg_info --egg-base ../../build/vision_pkg build --build-base /home/vboxuser/ros_ws/build/vision_pkg/build install --record /home/vboxuser/ros_ws/build/vision_pkg/install.log --single-version-externally-managed install_data
[3.986s] DEBUG:colcon.colcon_core.event_handler.log_command:Invoking command in '/home/vboxuser/ros_ws/src/chat_pkg': PYTHONPATH=/home/vboxuser/ros_ws/build/chat_pkg/prefix_override:/usr/lib/python3/dist-packages/colcon_core/task/python/colcon_distutils_commands:/home/vboxuser/ros_ws/install/chat_pkg/lib/python3.10/site-packages:${PYTHONPATH} /usr/bin/python3 -W ignore:setup.py install is deprecated -W ignore:easy_install command is deprecated setup.py egg_info --egg-base ../../build/chat_pkg build --build-base /home/vboxuser/ros_ws/build/chat_pkg/build install --record /home/vboxuser/ros_ws/build/chat_pkg/install.log --single-version-externally-managed install_data
[4.698s] DEBUG:colcon.colcon_core.event_handler.log_command:Invoked command in '/home/vboxuser/ros_ws/src/vision_pkg' returned '0': PYTHONPATH=/home/vboxuser/ros_ws/build/vision_pkg/prefix_override:/usr/lib/python3/dist-packages/colcon_core/task/python/colcon_distutils_commands:/home/vboxuser/ros_ws/install/vision_pkg/lib/python3.10/site-packages:${PYTHONPATH} /usr/bin/python3 -W ignore:setup.py install is deprecated -W ignore:easy_install command is deprecated setup.py egg_info --egg-base ../../build/vision_pkg build --build-base /home/vboxuser/ros_ws/build/vision_pkg/build install --record /home/vboxuser/ros_ws/build/vision_pkg/install.log --single-version-externally-managed install_data
[4.702s] Level 1:colcon.colcon_core.environment:checking '/home/vboxuser/ros_ws/install/vision_pkg' for CMake module files
[4.702s] Level 1:colcon.colcon_core.environment:checking '/home/vboxuser/ros_ws/install/vision_pkg' for CMake config files
[4.704s] Level 1:colcon.colcon_core.environment:checking '/home/vboxuser/ros_ws/install/vision_pkg/lib'
[4.704s] Level 1:colcon.colcon_core.environment:checking '/home/vboxuser/ros_ws/install/vision_pkg/bin'
[4.705s] Level 1:colcon.colcon_core.environment:checking '/home/vboxuser/ros_ws/install/vision_pkg/lib/pkgconfig/vision_pkg.pc'
[4.705s] Level 1:colcon.colcon_core.environment:checking '/home/vboxuser/ros_ws/install/vision_pkg/lib/python3.10/site-packages'
[4.705s] Level 1:colcon.colcon_core.shell:create_environment_hook('vision_pkg', 'pythonpath')
[4.706s] INFO:colcon.colcon_core.shell:Creating environment hook '/home/vboxuser/ros_ws/install/vision_pkg/share/vision_pkg/hook/pythonpath.ps1'
[4.708s] INFO:colcon.colcon_core.shell:Creating environment descriptor '/home/vboxuser/ros_ws/install/vision_pkg/share/vision_pkg/hook/pythonpath.dsv'
[4.708s] INFO:colcon.colcon_core.shell:Creating environment hook '/home/vboxuser/ros_ws/install/vision_pkg/share/vision_pkg/hook/pythonpath.sh'
[4.712s] Level 1:colcon.colcon_core.environment:checking '/home/vboxuser/ros_ws/install/vision_pkg/bin'
[4.712s] Level 1:colcon.colcon_core.environment:create_environment_scripts_only(vision_pkg)
[4.713s] INFO:colcon.colcon_core.shell:Creating package script '/home/vboxuser/ros_ws/install/vision_pkg/share/vision_pkg/package.ps1'
[4.719s] INFO:colcon.colcon_core.shell:Creating package descriptor '/home/vboxuser/ros_ws/install/vision_pkg/share/vision_pkg/package.dsv'
[4.721s] INFO:colcon.colcon_core.shell:Creating package script '/home/vboxuser/ros_ws/install/vision_pkg/share/vision_pkg/package.sh'
[4.727s] INFO:colcon.colcon_core.shell:Creating package script '/home/vboxuser/ros_ws/install/vision_pkg/share/vision_pkg/package.bash'
[4.729s] INFO:colcon.colcon_core.shell:Creating package script '/home/vboxuser/ros_ws/install/vision_pkg/share/vision_pkg/package.zsh'
[4.731s] Level 1:colcon.colcon_core.environment:create_file_with_runtime_dependencies(/home/vboxuser/ros_ws/install/vision_pkg/share/colcon-core/packages/vision_pkg)
[4.919s] Level 1:colcon.colcon_core.environment:checking '/home/vboxuser/ros_ws/install/chat_pkg' for CMake module files
[4.921s] DEBUG:colcon.colcon_core.event_handler.log_command:Invoked command in '/home/vboxuser/ros_ws/src/chat_pkg' returned '0': PYTHONPATH=/home/vboxuser/ros_ws/build/chat_pkg/prefix_override:/usr/lib/python3/dist-packages/colcon_core/task/python/colcon_distutils_commands:/home/vboxuser/ros_ws/install/chat_pkg/lib/python3.10/site-packages:${PYTHONPATH} /usr/bin/python3 -W ignore:setup.py install is deprecated -W ignore:easy_install command is deprecated setup.py egg_info --egg-base ../../build/chat_pkg build --build-base /home/vboxuser/ros_ws/build/chat_pkg/build install --record /home/vboxuser/ros_ws/build/chat_pkg/install.log --single-version-externally-managed install_data
[4.924s] Level 1:colcon.colcon_core.environment:checking '/home/vboxuser/ros_ws/install/chat_pkg' for CMake config files
[4.925s] Level 1:colcon.colcon_core.environment:checking '/home/vboxuser/ros_ws/install/chat_pkg/lib'
[4.925s] Level 1:colcon.colcon_core.environment:checking '/home/vboxuser/ros_ws/install/chat_pkg/bin'
[4.926s] Level 1:colcon.colcon_core.environment:checking '/home/vboxuser/ros_ws/install/chat_pkg/lib/pkgconfig/chat_pkg.pc'
[4.926s] Level 1:colcon.colcon_core.environment:checking '/home/vboxuser/ros_ws/install/chat_pkg/lib/python3.10/site-packages'
[4.927s] Level 1:colcon.colcon_core.shell:create_environment_hook('chat_pkg', 'pythonpath')
[4.927s] INFO:colcon.colcon_core.shell:Creating environment hook '/home/vboxuser/ros_ws/install/chat_pkg/share/chat_pkg/hook/pythonpath.ps1'
[4.928s] INFO:colcon.colcon_core.shell:Creating environment descriptor '/home/vboxuser/ros_ws/install/chat_pkg/share/chat_pkg/hook/pythonpath.dsv'
[4.931s] INFO:colcon.colcon_core.shell:Creating environment hook '/home/vboxuser/ros_ws/install/chat_pkg/share/chat_pkg/hook/pythonpath.sh'
[4.934s] Level 1:colcon.colcon_core.environment:checking '/home/vboxuser/ros_ws/install/chat_pkg/bin'
[4.934s] Level 1:colcon.colcon_core.environment:create_environment_scripts_only(chat_pkg)
[4.935s] INFO:colcon.colcon_core.shell:Creating package script '/home/vboxuser/ros_ws/install/chat_pkg/share/chat_pkg/package.ps1'
[4.937s] INFO:colcon.colcon_core.shell:Creating package descriptor '/home/vboxuser/ros_ws/install/chat_pkg/share/chat_pkg/package.dsv'
[4.939s] INFO:colcon.colcon_core.shell:Creating package script '/home/vboxuser/ros_ws/install/chat_pkg/share/chat_pkg/package.sh'
[4.940s] INFO:colcon.colcon_core.shell:Creating package script '/home/vboxuser/ros_ws/install/chat_pkg/share/chat_pkg/package.bash'
[4.941s] INFO:colcon.colcon_core.shell:Creating package script '/home/vboxuser/ros_ws/install/chat_pkg/share/chat_pkg/package.zsh'
[4.946s] Level 1:colcon.colcon_core.environment:create_file_with_runtime_dependencies(/home/vboxuser/ros_ws/install/chat_pkg/share/colcon-core/packages/chat_pkg)
[5.256s] DEBUG:colcon.colcon_core.event_handler.log_command:Invoked command in '/home/vboxuser/ros_ws/build/nav_interfaces' returned '0': CMAKE_PREFIX_PATH=${CMAKE_PREFIX_PATH}:/home/vboxuser/ros_ws/install/vision_pkg:/home/vboxuser/ros_ws/install/nav_pkg:/home/vboxuser/ros_ws/install/chat_pkg:/opt/ros/humble /usr/bin/cmake /home/vboxuser/ros_ws/src/nav_interfaces -DCMAKE_INSTALL_PREFIX=/home/vboxuser/ros_ws/install/nav_interfaces
[5.263s] DEBUG:colcon.colcon_core.event_handler.log_command:Invoking command in '/home/vboxuser/ros_ws/build/nav_interfaces': CMAKE_PREFIX_PATH=${CMAKE_PREFIX_PATH}:/home/vboxuser/ros_ws/install/vision_pkg:/home/vboxuser/ros_ws/install/nav_pkg:/home/vboxuser/ros_ws/install/chat_pkg:/opt/ros/humble /usr/bin/cmake --build /home/vboxuser/ros_ws/build/nav_interfaces -- -j3 -l3
[11.820s] DEBUG:colcon.colcon_core.event_handler.log_command:Invoked command in '/home/vboxuser/ros_ws/build/nav_interfaces' returned '0': CMAKE_PREFIX_PATH=${CMAKE_PREFIX_PATH}:/home/vboxuser/ros_ws/install/vision_pkg:/home/vboxuser/ros_ws/install/nav_pkg:/home/vboxuser/ros_ws/install/chat_pkg:/opt/ros/humble /usr/bin/cmake --build /home/vboxuser/ros_ws/build/nav_interfaces -- -j3 -l3
[11.836s] DEBUG:colcon.colcon_core.event_handler.log_command:Invoking command in '/home/vboxuser/ros_ws/build/nav_interfaces': CMAKE_PREFIX_PATH=${CMAKE_PREFIX_PATH}:/home/vboxuser/ros_ws/install/vision_pkg:/home/vboxuser/ros_ws/install/nav_pkg:/home/vboxuser/ros_ws/install/chat_pkg:/opt/ros/humble /usr/bin/cmake --install /home/vboxuser/ros_ws/build/nav_interfaces
[11.966s] Level 1:colcon.colcon_core.environment:create_environment_scripts_only(nav_interfaces)
[11.966s] Level 1:colcon.colcon_core.environment:checking '/home/vboxuser/ros_ws/install/nav_interfaces' for CMake module files
[11.967s] DEBUG:colcon.colcon_core.event_handler.log_command:Invoked command in '/home/vboxuser/ros_ws/build/nav_interfaces' returned '0': CMAKE_PREFIX_PATH=${CMAKE_PREFIX_PATH}:/home/vboxuser/ros_ws/install/vision_pkg:/home/vboxuser/ros_ws/install/nav_pkg:/home/vboxuser/ros_ws/install/chat_pkg:/opt/ros/humble /usr/bin/cmake --install /home/vboxuser/ros_ws/build/nav_interfaces
[11.968s] Level 1:colcon.colcon_core.environment:checking '/home/vboxuser/ros_ws/install/nav_interfaces' for CMake config files
[11.969s] Level 1:colcon.colcon_core.shell:create_environment_hook('nav_interfaces', 'cmake_prefix_path')
[11.969s] INFO:colcon.colcon_core.shell:Creating environment hook '/home/vboxuser/ros_ws/install/nav_interfaces/share/nav_interfaces/hook/cmake_prefix_path.ps1'
[11.970s] INFO:colcon.colcon_core.shell:Creating environment descriptor '/home/vboxuser/ros_ws/install/nav_interfaces/share/nav_interfaces/hook/cmake_prefix_path.dsv'
[11.970s] INFO:colcon.colcon_core.shell:Creating environment hook '/home/vboxuser/ros_ws/install/nav_interfaces/share/nav_interfaces/hook/cmake_prefix_path.sh'
[11.971s] Level 1:colcon.colcon_core.environment:checking '/home/vboxuser/ros_ws/install/nav_interfaces/lib'
[11.971s] Level 1:colcon.colcon_core.shell:create_environment_hook('nav_interfaces', 'ld_library_path_lib')
[11.972s] INFO:colcon.colcon_core.shell:Creating environment hook '/home/vboxuser/ros_ws/install/nav_interfaces/share/nav_interfaces/hook/ld_library_path_lib.ps1'
[11.973s] INFO:colcon.colcon_core.shell:Creating environment descriptor '/home/vboxuser/ros_ws/install/nav_interfaces/share/nav_interfaces/hook/ld_library_path_lib.dsv'
[11.973s] INFO:colcon.colcon_core.shell:Creating environment hook '/home/vboxuser/ros_ws/install/nav_interfaces/share/nav_interfaces/hook/ld_library_path_lib.sh'
[11.974s] Level 1:colcon.colcon_core.environment:checking '/home/vboxuser/ros_ws/install/nav_interfaces/bin'
[11.974s] Level 1:colcon.colcon_core.environment:checking '/home/vboxuser/ros_ws/install/nav_interfaces/lib/pkgconfig/nav_interfaces.pc'
[11.974s] Level 1:colcon.colcon_core.environment:checking '/home/vboxuser/ros_ws/install/nav_interfaces/lib/python3.10/site-packages'
[11.975s] Level 1:colcon.colcon_core.environment:checking '/home/vboxuser/ros_ws/install/nav_interfaces/bin'
[11.975s] INFO:colcon.colcon_core.shell:Creating package script '/home/vboxuser/ros_ws/install/nav_interfaces/share/nav_interfaces/package.ps1'
[11.976s] INFO:colcon.colcon_core.shell:Creating package descriptor '/home/vboxuser/ros_ws/install/nav_interfaces/share/nav_interfaces/package.dsv'
[11.977s] INFO:colcon.colcon_core.shell:Creating package script '/home/vboxuser/ros_ws/install/nav_interfaces/share/nav_interfaces/package.sh'
[11.978s] INFO:colcon.colcon_core.shell:Creating package script '/home/vboxuser/ros_ws/install/nav_interfaces/share/nav_interfaces/package.bash'
[11.979s] INFO:colcon.colcon_core.shell:Creating package script '/home/vboxuser/ros_ws/install/nav_interfaces/share/nav_interfaces/package.zsh'
[11.980s] Level 1:colcon.colcon_core.environment:create_file_with_runtime_dependencies(/home/vboxuser/ros_ws/install/nav_interfaces/share/colcon-core/packages/nav_interfaces)
[11.981s] Level 1:colcon.colcon_core.environment:create_environment_scripts_only(nav_interfaces)
[11.981s] Level 1:colcon.colcon_core.environment:checking '/home/vboxuser/ros_ws/install/nav_interfaces' for CMake module files
[11.982s] Level 1:colcon.colcon_core.environment:checking '/home/vboxuser/ros_ws/install/nav_interfaces' for CMake config files
[11.983s] Level 1:colcon.colcon_core.shell:create_environment_hook('nav_interfaces', 'cmake_prefix_path')
[11.983s] INFO:colcon.colcon_core.shell:Creating environment hook '/home/vboxuser/ros_ws/install/nav_interfaces/share/nav_interfaces/hook/cmake_prefix_path.ps1'
[11.984s] INFO:colcon.colcon_core.shell:Creating environment descriptor '/home/vboxuser/ros_ws/install/nav_interfaces/share/nav_interfaces/hook/cmake_prefix_path.dsv'
[11.985s] INFO:colcon.colcon_core.shell:Creating environment hook '/home/vboxuser/ros_ws/install/nav_interfaces/share/nav_interfaces/hook/cmake_prefix_path.sh'
[11.987s] Level 1:colcon.colcon_core.environment:checking '/home/vboxuser/ros_ws/install/nav_interfaces/lib'
[11.987s] Level 1:colcon.colcon_core.shell:create_environment_hook('nav_interfaces', 'ld_library_path_lib')
[11.987s] INFO:colcon.colcon_core.shell:Creating environment hook '/home/vboxuser/ros_ws/install/nav_interfaces/share/nav_interfaces/hook/ld_library_path_lib.ps1'
[11.988s] INFO:colcon.colcon_core.shell:Creating environment descriptor '/home/vboxuser/ros_ws/install/nav_interfaces/share/nav_interfaces/hook/ld_library_path_lib.dsv'
[11.989s] INFO:colcon.colcon_core.shell:Creating environment hook '/home/vboxuser/ros_ws/install/nav_interfaces/share/nav_interfaces/hook/ld_library_path_lib.sh'
[11.989s] Level 1:colcon.colcon_core.environment:checking '/home/vboxuser/ros_ws/install/nav_interfaces/bin'
[11.989s] Level 1:colcon.colcon_core.environment:checking '/home/vboxuser/ros_ws/install/nav_interfaces/lib/pkgconfig/nav_interfaces.pc'
[11.990s] Level 1:colcon.colcon_core.environment:checking '/home/vboxuser/ros_ws/install/nav_interfaces/lib/python3.10/site-packages'
[11.990s] Level 1:colcon.colcon_core.environment:checking '/home/vboxuser/ros_ws/install/nav_interfaces/bin'
[11.991s] INFO:colcon.colcon_core.shell:Creating package script '/home/vboxuser/ros_ws/install/nav_interfaces/share/nav_interfaces/package.ps1'
[11.992s] INFO:colcon.colcon_core.shell:Creating package descriptor '/home/vboxuser/ros_ws/install/nav_interfaces/share/nav_interfaces/package.dsv'
[11.993s] INFO:colcon.colcon_core.shell:Creating package script '/home/vboxuser/ros_ws/install/nav_interfaces/share/nav_interfaces/package.sh'
[11.994s] INFO:colcon.colcon_core.shell:Creating package script '/home/vboxuser/ros_ws/install/nav_interfaces/share/nav_interfaces/package.bash'
[11.995s] INFO:colcon.colcon_core.shell:Creating package script '/home/vboxuser/ros_ws/install/nav_interfaces/share/nav_interfaces/package.zsh'
[11.996s] Level 1:colcon.colcon_core.environment:create_file_with_runtime_dependencies(/home/vboxuser/ros_ws/install/nav_interfaces/share/colcon-core/packages/nav_interfaces)
[11.997s] INFO:colcon.colcon_ros.task.ament_python.build:Building ROS package in '/home/vboxuser/ros_ws/src/nav_pkg' with build type 'ament_python'
[11.997s] Level 1:colcon.colcon_core.shell:create_environment_hook('nav_pkg', 'ament_prefix_path')
[11.998s] INFO:colcon.colcon_core.shell:Creating environment hook '/home/vboxuser/ros_ws/install/nav_pkg/share/nav_pkg/hook/ament_prefix_path.ps1'
[11.999s] INFO:colcon.colcon_core.shell:Creating environment descriptor '/home/vboxuser/ros_ws/install/nav_pkg/share/nav_pkg/hook/ament_prefix_path.dsv'
[12.000s] INFO:colcon.colcon_core.shell:Creating environment hook '/home/vboxuser/ros_ws/install/nav_pkg/share/nav_pkg/hook/ament_prefix_path.sh'
[12.001s] INFO:colcon.colcon_core.shell:Skip shell extension 'powershell' for command environment: Not usable outside of PowerShell
[12.001s] DEBUG:colcon.colcon_core.shell:Skip shell extension 'dsv' for command environment
[12.499s] INFO:colcon.colcon_core.task.python.build:Building Python package in '/home/vboxuser/ros_ws/src/nav_pkg'
[12.499s] INFO:colcon.colcon_core.shell:Skip shell extension 'powershell' for command environment: Not usable outside of PowerShell
[12.500s] DEBUG:colcon.colcon_core.shell:Skip shell extension 'dsv' for command environment
[13.152s] DEBUG:colcon.colcon_core.event_handler.log_command:Invoking command in '/home/vboxuser/ros_ws/src/nav_pkg': PYTHONPATH=/home/vboxuser/ros_ws/build/nav_pkg/prefix_override:/usr/lib/python3/dist-packages/colcon_core/task/python/colcon_distutils_commands:/home/vboxuser/ros_ws/install/nav_pkg/lib/python3.10/site-packages:${PYTHONPATH} /usr/bin/python3 -W ignore:setup.py install is deprecated -W ignore:easy_install command is deprecated setup.py egg_info --egg-base ../../build/nav_pkg build --build-base /home/vboxuser/ros_ws/build/nav_pkg/build install --record /home/vboxuser/ros_ws/build/nav_pkg/install.log --single-version-externally-managed install_data
[13.767s] Level 1:colcon.colcon_core.environment:checking '/home/vboxuser/ros_ws/install/nav_pkg' for CMake module files
[13.768s] DEBUG:colcon.colcon_core.event_handler.log_command:Invoked command in '/home/vboxuser/ros_ws/src/nav_pkg' returned '0': PYTHONPATH=/home/vboxuser/ros_ws/build/nav_pkg/prefix_override:/usr/lib/python3/dist-packages/colcon_core/task/python/colcon_distutils_commands:/home/vboxuser/ros_ws/install/nav_pkg/lib/python3.10/site-packages:${PYTHONPATH} /usr/bin/python3 -W ignore:setup.py install is deprecated -W ignore:easy_install command is deprecated setup.py egg_info --egg-base ../../build/nav_pkg build --build-base /home/vboxuser/ros_ws/build/nav_pkg/build install --record /home/vboxuser/ros_ws/build/nav_pkg/install.log --single-version-externally-managed install_data
[13.768s] Level 1:colcon.colcon_core.environment:checking '/home/vboxuser/ros_ws/install/nav_pkg' for CMake config files
[13.769s] Level 1:colcon.colcon_core.environment:checking '/home/vboxuser/ros_ws/install/nav_pkg/lib'
[13.769s] Level 1:colcon.colcon_core.environment:checking '/home/vboxuser/ros_ws/install/nav_pkg/bin'
[13.769s] Level 1:colcon.colcon_core.environment:checking '/home/vboxuser/ros_ws/install/nav_pkg/lib/pkgconfig/nav_pkg.pc'
[13.770s] Level 1:colcon.colcon_core.environment:checking '/home/vboxuser/ros_ws/install/nav_pkg/lib/python3.10/site-packages'
[13.770s] Level 1:colcon.colcon_core.shell:create_environment_hook('nav_pkg', 'pythonpath')
[13.770s] INFO:colcon.colcon_core.shell:Creating environment hook '/home/vboxuser/ros_ws/install/nav_pkg/share/nav_pkg/hook/pythonpath.ps1'
[13.771s] INFO:colcon.colcon_core.shell:Creating environment descriptor '/home/vboxuser/ros_ws/install/nav_pkg/share/nav_pkg/hook/pythonpath.dsv'
[13.772s] INFO:colcon.colcon_core.shell:Creating environment hook '/home/vboxuser/ros_ws/install/nav_pkg/share/nav_pkg/hook/pythonpath.sh'
[13.773s] Level 1:colcon.colcon_core.environment:checking '/home/vboxuser/ros_ws/install/nav_pkg/bin'
[13.773s] Level 1:colcon.colcon_core.environment:create_environment_scripts_only(nav_pkg)
[13.774s] INFO:colcon.colcon_core.shell:Creating package script '/home/vboxuser/ros_ws/install/nav_pkg/share/nav_pkg/package.ps1'
[13.775s] INFO:colcon.colcon_core.shell:Creating package descriptor '/home/vboxuser/ros_ws/install/nav_pkg/share/nav_pkg/package.dsv'
[13.776s] INFO:colcon.colcon_core.shell:Creating package script '/home/vboxuser/ros_ws/install/nav_pkg/share/nav_pkg/package.sh'
[13.776s] INFO:colcon.colcon_core.shell:Creating package script '/home/vboxuser/ros_ws/install/nav_pkg/share/nav_pkg/package.bash'
[13.777s] INFO:colcon.colcon_core.shell:Creating package script '/home/vboxuser/ros_ws/install/nav_pkg/share/nav_pkg/package.zsh'
[13.778s] Level 1:colcon.colcon_core.environment:create_file_with_runtime_dependencies(/home/vboxuser/ros_ws/install/nav_pkg/share/colcon-core/packages/nav_pkg)
[13.778s] DEBUG:colcon.colcon_parallel_executor.executor.parallel:closing loop
[13.778s] DEBUG:colcon.colcon_parallel_executor.executor.parallel:loop closed
[13.778s] DEBUG:colcon.colcon_parallel_executor.executor.parallel:run_until_complete finished with '0'
[13.779s] DEBUG:colcon.colcon_core.event_reactor:joining thread
[13.790s] INFO:colcon.colcon_core.plugin_system:Skipping extension 'colcon_notification.desktop_notification.terminal_notifier': Not used on non-Darwin systems
[13.790s] INFO:colcon.colcon_core.plugin_system:Skipping extension 'colcon_notification.desktop_notification.win32': Not used on non-Windows systems
[13.790s] INFO:colcon.colcon_notification.desktop_notification:Sending desktop notification using 'notify2'
[13.818s] DEBUG:colcon.colcon_core.event_reactor:joined thread
[13.819s] INFO:colcon.colcon_core.shell:Creating prefix script '/home/vboxuser/ros_ws/install/local_setup.ps1'
[13.822s] INFO:colcon.colcon_core.shell:Creating prefix util module '/home/vboxuser/ros_ws/install/_local_setup_util_ps1.py'
[13.825s] INFO:colcon.colcon_core.shell:Creating prefix chain script '/home/vboxuser/ros_ws/install/setup.ps1'
[13.828s] INFO:colcon.colcon_core.shell:Creating prefix script '/home/vboxuser/ros_ws/install/local_setup.sh'
[13.830s] INFO:colcon.colcon_core.shell:Creating prefix util module '/home/vboxuser/ros_ws/install/_local_setup_util_sh.py'
[13.831s] INFO:colcon.colcon_core.shell:Creating prefix chain script '/home/vboxuser/ros_ws/install/setup.sh'
[13.834s] INFO:colcon.colcon_core.shell:Creating prefix script '/home/vboxuser/ros_ws/install/local_setup.bash'
[13.835s] INFO:colcon.colcon_core.shell:Creating prefix chain script '/home/vboxuser/ros_ws/install/setup.bash'
[13.838s] INFO:colcon.colcon_core.shell:Creating prefix script '/home/vboxuser/ros_ws/install/local_setup.zsh'
[13.839s] INFO:colcon.colcon_core.shell:Creating prefix chain script '/home/vboxuser/ros_ws/install/setup.zsh'
