[2.085s] Invoking command in '/home/vboxuser/ros_ws/src/nav_pkg': AMENT_PREFIX_PATH=/home/vboxuser/ros_ws/install/nav_interfaces:${AMENT_PREFIX_PATH} CMAKE_PREFIX_PATH=/home/vboxuser/ros_ws/install/nav_interfaces LD_LIBRARY_PATH=/home/vboxuser/ros_ws/install/nav_interfaces/lib:${LD_LIBRARY_PATH} PYTHONPATH=/home/vboxuser/ros_ws/build/nav_pkg/prefix_override:/usr/lib/python3/dist-packages/colcon_core/task/python/colcon_distutils_commands:/home/vboxuser/ros_ws/install/nav_pkg/lib/python3.10/site-packages:/home/vboxuser/ros_ws/install/nav_interfaces/local/lib/python3.10/dist-packages:${PYTHONPATH} /usr/bin/python3 -W ignore:setup.py install is deprecated -W ignore:easy_install command is deprecated setup.py egg_info --egg-base ../../build/nav_pkg build --build-base /home/vboxuser/ros_ws/build/nav_pkg/build install --record /home/vboxuser/ros_ws/build/nav_pkg/install.log --single-version-externally-managed install_data
[2.738s] running egg_info
[2.738s] writing ../../build/nav_pkg/nav_pkg.egg-info/PKG-INFO
[2.739s] writing dependency_links to ../../build/nav_pkg/nav_pkg.egg-info/dependency_links.txt
[2.740s] writing entry points to ../../build/nav_pkg/nav_pkg.egg-info/entry_points.txt
[2.740s] writing requirements to ../../build/nav_pkg/nav_pkg.egg-info/requires.txt
[2.741s] writing top-level names to ../../build/nav_pkg/nav_pkg.egg-info/top_level.txt
[2.745s] reading manifest file '../../build/nav_pkg/nav_pkg.egg-info/SOURCES.txt'
[2.747s] writing manifest file '../../build/nav_pkg/nav_pkg.egg-info/SOURCES.txt'
[2.748s] running build
[2.748s] running build_py
[2.748s] running install
[2.749s] running install_lib
[2.751s] running install_data
[2.752s] running install_egg_info
[2.755s] removing '/home/vboxuser/ros_ws/install/nav_pkg/lib/python3.10/site-packages/nav_pkg-0.0.0-py3.10.egg-info' (and everything under it)
[2.756s] Copying ../../build/nav_pkg/nav_pkg.egg-info to /home/vboxuser/ros_ws/install/nav_pkg/lib/python3.10/site-packages/nav_pkg-0.0.0-py3.10.egg-info
[2.758s] running install_scripts
[2.802s] Installing commander script to /home/vboxuser/ros_ws/install/nav_pkg/lib/nav_pkg
[2.802s] Installing navigator script to /home/vboxuser/ros_ws/install/nav_pkg/lib/nav_pkg
[2.804s] writing list of installed files to '/home/vboxuser/ros_ws/build/nav_pkg/install.log'
[2.861s] Invoked command in '/home/vboxuser/ros_ws/src/nav_pkg' returned '0': AMENT_PREFIX_PATH=/home/vboxuser/ros_ws/install/nav_interfaces:${AMENT_PREFIX_PATH} CMAKE_PREFIX_PATH=/home/vboxuser/ros_ws/install/nav_interfaces LD_LIBRARY_PATH=/home/vboxuser/ros_ws/install/nav_interfaces/lib:${LD_LIBRARY_PATH} PYTHONPATH=/home/vboxuser/ros_ws/build/nav_pkg/prefix_override:/usr/lib/python3/dist-packages/colcon_core/task/python/colcon_distutils_commands:/home/vboxuser/ros_ws/install/nav_pkg/lib/python3.10/site-packages:/home/vboxuser/ros_ws/install/nav_interfaces/local/lib/python3.10/dist-packages:${PYTHONPATH} /usr/bin/python3 -W ignore:setup.py install is deprecated -W ignore:easy_install command is deprecated setup.py egg_info --egg-base ../../build/nav_pkg build --build-base /home/vboxuser/ros_ws/build/nav_pkg/build install --record /home/vboxuser/ros_ws/build/nav_pkg/install.log --single-version-externally-managed install_data
