[0.744s] Invoking command in '/home/vboxuser/ros_ws/src/chat_pkg': PYTHONPATH=/home/vboxuser/ros_ws/build/chat_pkg/prefix_override:/usr/lib/python3/dist-packages/colcon_core/task/python/colcon_distutils_commands:/home/vboxuser/ros_ws/install/chat_pkg/lib/python3.10/site-packages:${PYTHONPATH} /usr/bin/python3 -W ignore:setup.py install is deprecated -W ignore:easy_install command is deprecated setup.py egg_info --egg-base ../../build/chat_pkg build --build-base /home/vboxuser/ros_ws/build/chat_pkg/build install --record /home/vboxuser/ros_ws/build/chat_pkg/install.log --single-version-externally-managed install_data
[1.033s] running egg_info
[1.033s] creating ../../build/chat_pkg/chat_pkg.egg-info
[1.034s] writing ../../build/chat_pkg/chat_pkg.egg-info/PKG-INFO
[1.034s] writing dependency_links to ../../build/chat_pkg/chat_pkg.egg-info/dependency_links.txt
[1.034s] writing entry points to ../../build/chat_pkg/chat_pkg.egg-info/entry_points.txt
[1.034s] writing requirements to ../../build/chat_pkg/chat_pkg.egg-info/requires.txt
[1.034s] writing top-level names to ../../build/chat_pkg/chat_pkg.egg-info/top_level.txt
[1.037s] writing manifest file '../../build/chat_pkg/chat_pkg.egg-info/SOURCES.txt'
[1.037s] reading manifest file '../../build/chat_pkg/chat_pkg.egg-info/SOURCES.txt'
[1.037s] writing manifest file '../../build/chat_pkg/chat_pkg.egg-info/SOURCES.txt'
[1.037s] running build
[1.037s] running build_py
[1.039s] creating /home/vboxuser/ros_ws/build/chat_pkg/build
[1.039s] creating /home/vboxuser/ros_ws/build/chat_pkg/build/lib
[1.039s] creating /home/vboxuser/ros_ws/build/chat_pkg/build/lib/chat_pkg
[1.039s] copying chat_pkg/output_node.py -> /home/vboxuser/ros_ws/build/chat_pkg/build/lib/chat_pkg
[1.039s] copying chat_pkg/chat_node.py -> /home/vboxuser/ros_ws/build/chat_pkg/build/lib/chat_pkg
[1.039s] copying chat_pkg/__init__.py -> /home/vboxuser/ros_ws/build/chat_pkg/build/lib/chat_pkg
[1.040s] copying chat_pkg/raw_publisher.py -> /home/vboxuser/ros_ws/build/chat_pkg/build/lib/chat_pkg
[1.040s] copying chat_pkg/processor_node.py -> /home/vboxuser/ros_ws/build/chat_pkg/build/lib/chat_pkg
[1.042s] running install
[1.042s] running install_lib
[1.042s] creating /home/vboxuser/ros_ws/install/chat_pkg/lib/python3.10/site-packages/chat_pkg
[1.042s] copying /home/vboxuser/ros_ws/build/chat_pkg/build/lib/chat_pkg/output_node.py -> /home/vboxuser/ros_ws/install/chat_pkg/lib/python3.10/site-packages/chat_pkg
[1.042s] copying /home/vboxuser/ros_ws/build/chat_pkg/build/lib/chat_pkg/chat_node.py -> /home/vboxuser/ros_ws/install/chat_pkg/lib/python3.10/site-packages/chat_pkg
[1.042s] copying /home/vboxuser/ros_ws/build/chat_pkg/build/lib/chat_pkg/__init__.py -> /home/vboxuser/ros_ws/install/chat_pkg/lib/python3.10/site-packages/chat_pkg
[1.043s] copying /home/vboxuser/ros_ws/build/chat_pkg/build/lib/chat_pkg/raw_publisher.py -> /home/vboxuser/ros_ws/install/chat_pkg/lib/python3.10/site-packages/chat_pkg
[1.044s] copying /home/vboxuser/ros_ws/build/chat_pkg/build/lib/chat_pkg/processor_node.py -> /home/vboxuser/ros_ws/install/chat_pkg/lib/python3.10/site-packages/chat_pkg
[1.044s] byte-compiling /home/vboxuser/ros_ws/install/chat_pkg/lib/python3.10/site-packages/chat_pkg/output_node.py to output_node.cpython-310.pyc
[1.044s] byte-compiling /home/vboxuser/ros_ws/install/chat_pkg/lib/python3.10/site-packages/chat_pkg/chat_node.py to chat_node.cpython-310.pyc
[1.044s] byte-compiling /home/vboxuser/ros_ws/install/chat_pkg/lib/python3.10/site-packages/chat_pkg/__init__.py to __init__.cpython-310.pyc
[1.044s] byte-compiling /home/vboxuser/ros_ws/install/chat_pkg/lib/python3.10/site-packages/chat_pkg/raw_publisher.py to raw_publisher.cpython-310.pyc
[1.044s] byte-compiling /home/vboxuser/ros_ws/install/chat_pkg/lib/python3.10/site-packages/chat_pkg/processor_node.py to processor_node.cpython-310.pyc
[1.044s] running install_data
[1.044s] creating /home/vboxuser/ros_ws/install/chat_pkg/share/ament_index
[1.045s] creating /home/vboxuser/ros_ws/install/chat_pkg/share/ament_index/resource_index
[1.045s] creating /home/vboxuser/ros_ws/install/chat_pkg/share/ament_index/resource_index/packages
[1.045s] copying resource/chat_pkg -> /home/vboxuser/ros_ws/install/chat_pkg/share/ament_index/resource_index/packages
[1.045s] copying package.xml -> /home/vboxuser/ros_ws/install/chat_pkg/share/chat_pkg
[1.045s] running install_egg_info
[1.047s] Copying ../../build/chat_pkg/chat_pkg.egg-info to /home/vboxuser/ros_ws/install/chat_pkg/lib/python3.10/site-packages/chat_pkg-0.0.0-py3.10.egg-info
[1.048s] running install_scripts
[1.069s] Installing chat_node script to /home/vboxuser/ros_ws/install/chat_pkg/lib/chat_pkg
[1.069s] Installing output_node script to /home/vboxuser/ros_ws/install/chat_pkg/lib/chat_pkg
[1.069s] Installing processor_node script to /home/vboxuser/ros_ws/install/chat_pkg/lib/chat_pkg
[1.069s] Installing raw_publisher script to /home/vboxuser/ros_ws/install/chat_pkg/lib/chat_pkg
[1.069s] writing list of installed files to '/home/vboxuser/ros_ws/build/chat_pkg/install.log'
[1.095s] Invoked command in '/home/vboxuser/ros_ws/src/chat_pkg' returned '0': PYTHONPATH=/home/vboxuser/ros_ws/build/chat_pkg/prefix_override:/usr/lib/python3/dist-packages/colcon_core/task/python/colcon_distutils_commands:/home/vboxuser/ros_ws/install/chat_pkg/lib/python3.10/site-packages:${PYTHONPATH} /usr/bin/python3 -W ignore:setup.py install is deprecated -W ignore:easy_install command is deprecated setup.py egg_info --egg-base ../../build/chat_pkg build --build-base /home/vboxuser/ros_ws/build/chat_pkg/build install --record /home/vboxuser/ros_ws/build/chat_pkg/install.log --single-version-externally-managed install_data
