[0.234s] DEBUG:colcon:Command line arguments: ['/usr/bin/colcon', 'build']
[0.235s] DEBUG:colcon:Parsed command line arguments: Namespace(log_base=None, log_level=None, verb_name='build', build_base='build', install_base='install', merge_install=False, symlink_install=False, test_result_base=None, continue_on_error=False, executor='parallel', parallel_workers=3, event_handlers=None, ignore_user_meta=False, metas=['./colcon.meta'], base_paths=['.'], packages_ignore=None, packages_ignore_regex=None, paths=None, packages_up_to=None, packages_up_to_regex=None, packages_above=None, packages_above_and_dependencies=None, packages_above_depth=None, packages_select_by_dep=None, packages_skip_by_dep=None, packages_skip_up_to=None, packages_select_build_failed=False, packages_skip_build_finished=False, packages_select_test_failures=False, packages_skip_test_passed=False, packages_select=None, packages_skip=None, packages_select_regex=None, packages_skip_regex=None, packages_start=None, packages_end=None, allow_overriding=[], cmake_args=None, cmake_target=None, cmake_target_skip_unavailable=False, cmake_clean_cache=False, cmake_clean_first=False, cmake_force_configure=False, ament_cmake_args=None, catkin_cmake_args=None, catkin_skip_building_tests=False, mixin_files=None, mixin=None, verb_parser=<colcon_mixin.mixin.mixin_argument.MixinArgumentDecorator object at 0x7eefcf261b70>, verb_extension=<colcon_core.verb.build.BuildVerb object at 0x7eefcf261600>, main=<bound method BuildVerb.main of <colcon_core.verb.build.BuildVerb object at 0x7eefcf261600>>, mixin_verb=('build',))
[0.594s] Level 1:colcon.colcon_core.package_discovery:discover_packages(colcon_meta) check parameters
[0.595s] Level 1:colcon.colcon_core.package_discovery:discover_packages(recursive) check parameters
[0.595s] Level 1:colcon.colcon_core.package_discovery:discover_packages(ignore) check parameters
[0.595s] Level 1:colcon.colcon_core.package_discovery:discover_packages(path) check parameters
[0.595s] Level 1:colcon.colcon_core.package_discovery:discover_packages(colcon_meta) discover
[0.595s] Level 1:colcon.colcon_core.package_discovery:discover_packages(recursive) discover
[0.595s] INFO:colcon.colcon_core.package_discovery:Crawling recursively for packages in '/home/vboxuser/ros_ws'
[0.595s] Level 1:colcon.colcon_core.package_identification:_identify(.) by extensions ['ignore', 'ignore_ament_install']
[0.595s] Level 1:colcon.colcon_core.package_identification:_identify(.) by extension 'ignore'
[0.595s] Level 1:colcon.colcon_core.package_identification:_identify(.) by extension 'ignore_ament_install'
[0.596s] Level 1:colcon.colcon_core.package_identification:_identify(.) by extensions ['colcon_pkg']
[0.596s] Level 1:colcon.colcon_core.package_identification:_identify(.) by extension 'colcon_pkg'
[0.596s] Level 1:colcon.colcon_core.package_identification:_identify(.) by extensions ['colcon_meta']
[0.596s] Level 1:colcon.colcon_core.package_identification:_identify(.) by extension 'colcon_meta'
[0.596s] Level 1:colcon.colcon_core.package_identification:_identify(.) by extensions ['ros']
[0.596s] Level 1:colcon.colcon_core.package_identification:_identify(.) by extension 'ros'
[0.615s] Level 1:colcon.colcon_core.package_identification:_identify(.) by extensions ['cmake', 'python']
[0.615s] Level 1:colcon.colcon_core.package_identification:_identify(.) by extension 'cmake'
[0.615s] Level 1:colcon.colcon_core.package_identification:_identify(.) by extension 'python'
[0.615s] Level 1:colcon.colcon_core.package_identification:_identify(.) by extensions ['python_setup_py']
[0.615s] Level 1:colcon.colcon_core.package_identification:_identify(.) by extension 'python_setup_py'
[0.616s] Level 1:colcon.colcon_core.package_identification:_identify(build) by extensions ['ignore', 'ignore_ament_install']
[0.616s] Level 1:colcon.colcon_core.package_identification:_identify(build) by extension 'ignore'
[0.616s] Level 1:colcon.colcon_core.package_identification:_identify(build) ignored
[0.616s] Level 1:colcon.colcon_core.package_identification:_identify(install) by extensions ['ignore', 'ignore_ament_install']
[0.617s] Level 1:colcon.colcon_core.package_identification:_identify(install) by extension 'ignore'
[0.617s] Level 1:colcon.colcon_core.package_identification:_identify(install) ignored
[0.617s] Level 1:colcon.colcon_core.package_identification:_identify(log) by extensions ['ignore', 'ignore_ament_install']
[0.617s] Level 1:colcon.colcon_core.package_identification:_identify(log) by extension 'ignore'
[0.617s] Level 1:colcon.colcon_core.package_identification:_identify(log) ignored
[0.617s] Level 1:colcon.colcon_core.package_identification:_identify(src) by extensions ['ignore', 'ignore_ament_install']
[0.617s] Level 1:colcon.colcon_core.package_identification:_identify(src) by extension 'ignore'
[0.617s] Level 1:colcon.colcon_core.package_identification:_identify(src) by extension 'ignore_ament_install'
[0.618s] Level 1:colcon.colcon_core.package_identification:_identify(src) by extensions ['colcon_pkg']
[0.618s] Level 1:colcon.colcon_core.package_identification:_identify(src) by extension 'colcon_pkg'
[0.618s] Level 1:colcon.colcon_core.package_identification:_identify(src) by extensions ['colcon_meta']
[0.618s] Level 1:colcon.colcon_core.package_identification:_identify(src) by extension 'colcon_meta'
[0.618s] Level 1:colcon.colcon_core.package_identification:_identify(src) by extensions ['ros']
[0.618s] Level 1:colcon.colcon_core.package_identification:_identify(src) by extension 'ros'
[0.618s] Level 1:colcon.colcon_core.package_identification:_identify(src) by extensions ['cmake', 'python']
[0.618s] Level 1:colcon.colcon_core.package_identification:_identify(src) by extension 'cmake'
[0.618s] Level 1:colcon.colcon_core.package_identification:_identify(src) by extension 'python'
[0.618s] Level 1:colcon.colcon_core.package_identification:_identify(src) by extensions ['python_setup_py']
[0.618s] Level 1:colcon.colcon_core.package_identification:_identify(src) by extension 'python_setup_py'
[0.618s] Level 1:colcon.colcon_core.package_identification:_identify(src/chat_pkg) by extensions ['ignore', 'ignore_ament_install']
[0.619s] Level 1:colcon.colcon_core.package_identification:_identify(src/chat_pkg) by extension 'ignore'
[0.619s] Level 1:colcon.colcon_core.package_identification:_identify(src/chat_pkg) by extension 'ignore_ament_install'
[0.619s] Level 1:colcon.colcon_core.package_identification:_identify(src/chat_pkg) by extensions ['colcon_pkg']
[0.619s] Level 1:colcon.colcon_core.package_identification:_identify(src/chat_pkg) by extension 'colcon_pkg'
[0.619s] Level 1:colcon.colcon_core.package_identification:_identify(src/chat_pkg) by extensions ['colcon_meta']
[0.619s] Level 1:colcon.colcon_core.package_identification:_identify(src/chat_pkg) by extension 'colcon_meta'
[0.619s] Level 1:colcon.colcon_core.package_identification:_identify(src/chat_pkg) by extensions ['ros']
[0.619s] Level 1:colcon.colcon_core.package_identification:_identify(src/chat_pkg) by extension 'ros'
[0.624s] DEBUG:colcon.colcon_core.package_identification:Package 'src/chat_pkg' with type 'ros.ament_python' and name 'chat_pkg'
[0.625s] Level 1:colcon.colcon_core.package_identification:_identify(src/nav_interfaces) by extensions ['ignore', 'ignore_ament_install']
[0.625s] Level 1:colcon.colcon_core.package_identification:_identify(src/nav_interfaces) by extension 'ignore'
[0.625s] Level 1:colcon.colcon_core.package_identification:_identify(src/nav_interfaces) by extension 'ignore_ament_install'
[0.625s] Level 1:colcon.colcon_core.package_identification:_identify(src/nav_interfaces) by extensions ['colcon_pkg']
[0.626s] Level 1:colcon.colcon_core.package_identification:_identify(src/nav_interfaces) by extension 'colcon_pkg'
[0.626s] Level 1:colcon.colcon_core.package_identification:_identify(src/nav_interfaces) by extensions ['colcon_meta']
[0.626s] Level 1:colcon.colcon_core.package_identification:_identify(src/nav_interfaces) by extension 'colcon_meta'
[0.626s] Level 1:colcon.colcon_core.package_identification:_identify(src/nav_interfaces) by extensions ['ros']
[0.626s] Level 1:colcon.colcon_core.package_identification:_identify(src/nav_interfaces) by extension 'ros'
[0.628s] DEBUG:colcon.colcon_core.package_identification:Package 'src/nav_interfaces' with type 'ros.ament_cmake' and name 'nav_interfaces'
[0.629s] Level 1:colcon.colcon_core.package_identification:_identify(src/nav_pkg) by extensions ['ignore', 'ignore_ament_install']
[0.629s] Level 1:colcon.colcon_core.package_identification:_identify(src/nav_pkg) by extension 'ignore'
[0.629s] Level 1:colcon.colcon_core.package_identification:_identify(src/nav_pkg) by extension 'ignore_ament_install'
[0.629s] Level 1:colcon.colcon_core.package_identification:_identify(src/nav_pkg) by extensions ['colcon_pkg']
[0.629s] Level 1:colcon.colcon_core.package_identification:_identify(src/nav_pkg) by extension 'colcon_pkg'
[0.629s] Level 1:colcon.colcon_core.package_identification:_identify(src/nav_pkg) by extensions ['colcon_meta']
[0.629s] Level 1:colcon.colcon_core.package_identification:_identify(src/nav_pkg) by extension 'colcon_meta'
[0.630s] Level 1:colcon.colcon_core.package_identification:_identify(src/nav_pkg) by extensions ['ros']
[0.630s] Level 1:colcon.colcon_core.package_identification:_identify(src/nav_pkg) by extension 'ros'
[0.632s] DEBUG:colcon.colcon_core.package_identification:Package 'src/nav_pkg' with type 'ros.ament_python' and name 'nav_pkg'
[0.632s] Level 1:colcon.colcon_core.package_discovery:discover_packages(recursive) using defaults
[0.632s] Level 1:colcon.colcon_core.package_discovery:discover_packages(ignore) discover
[0.633s] Level 1:colcon.colcon_core.package_discovery:discover_packages(ignore) using defaults
[0.633s] Level 1:colcon.colcon_core.package_discovery:discover_packages(path) discover
[0.633s] Level 1:colcon.colcon_core.package_discovery:discover_packages(path) using defaults
[0.690s] Level 1:colcon.colcon_core.package_discovery:discover_packages(prefix_path) check parameters
[0.690s] Level 1:colcon.colcon_core.package_discovery:discover_packages(prefix_path) discover
[0.693s] WARNING:colcon.colcon_ros.prefix_path.ament:The path '/home/vboxuser/ros_ws/install/nav_pkg' in the environment variable AMENT_PREFIX_PATH doesn't exist
[0.693s] WARNING:colcon.colcon_ros.prefix_path.ament:The path '/home/vboxuser/ros_ws/install/nav_interfaces' in the environment variable AMENT_PREFIX_PATH doesn't exist
[0.693s] WARNING:colcon.colcon_ros.prefix_path.ament:The path '/home/vboxuser/ros_ws/install/chat_pkg' in the environment variable AMENT_PREFIX_PATH doesn't exist
[0.693s] WARNING:colcon.colcon_ros.prefix_path.catkin:The path '/home/vboxuser/ros_ws/install/nav_interfaces' in the environment variable CMAKE_PREFIX_PATH doesn't exist
[0.694s] DEBUG:colcon.colcon_installed_package_information.package_discovery:Found 0 installed packages in /home/vboxuser/ros_ws/install
[0.696s] DEBUG:colcon.colcon_installed_package_information.package_discovery:Found 273 installed packages in /opt/ros/humble
[0.699s] Level 1:colcon.colcon_core.package_discovery:discover_packages(prefix_path) using defaults
[0.788s] Level 5:colcon.colcon_core.verb:set package 'chat_pkg' build argument 'cmake_args' from command line to 'None'
[0.789s] Level 5:colcon.colcon_core.verb:set package 'chat_pkg' build argument 'cmake_target' from command line to 'None'
[0.789s] Level 5:colcon.colcon_core.verb:set package 'chat_pkg' build argument 'cmake_target_skip_unavailable' from command line to 'False'
[0.789s] Level 5:colcon.colcon_core.verb:set package 'chat_pkg' build argument 'cmake_clean_cache' from command line to 'False'
[0.789s] Level 5:colcon.colcon_core.verb:set package 'chat_pkg' build argument 'cmake_clean_first' from command line to 'False'
[0.789s] Level 5:colcon.colcon_core.verb:set package 'chat_pkg' build argument 'cmake_force_configure' from command line to 'False'
[0.789s] Level 5:colcon.colcon_core.verb:set package 'chat_pkg' build argument 'ament_cmake_args' from command line to 'None'
[0.789s] Level 5:colcon.colcon_core.verb:set package 'chat_pkg' build argument 'catkin_cmake_args' from command line to 'None'
[0.790s] Level 5:colcon.colcon_core.verb:set package 'chat_pkg' build argument 'catkin_skip_building_tests' from command line to 'False'
[0.790s] DEBUG:colcon.colcon_core.verb:Building package 'chat_pkg' with the following arguments: {'ament_cmake_args': None, 'build_base': '/home/vboxuser/ros_ws/build/chat_pkg', 'catkin_cmake_args': None, 'catkin_skip_building_tests': False, 'cmake_args': None, 'cmake_clean_cache': False, 'cmake_clean_first': False, 'cmake_force_configure': False, 'cmake_target': None, 'cmake_target_skip_unavailable': False, 'install_base': '/home/vboxuser/ros_ws/install/chat_pkg', 'merge_install': False, 'path': '/home/vboxuser/ros_ws/src/chat_pkg', 'symlink_install': False, 'test_result_base': None}
[0.790s] Level 5:colcon.colcon_core.verb:set package 'nav_interfaces' build argument 'cmake_args' from command line to 'None'
[0.791s] Level 5:colcon.colcon_core.verb:set package 'nav_interfaces' build argument 'cmake_target' from command line to 'None'
[0.791s] Level 5:colcon.colcon_core.verb:set package 'nav_interfaces' build argument 'cmake_target_skip_unavailable' from command line to 'False'
[0.791s] Level 5:colcon.colcon_core.verb:set package 'nav_interfaces' build argument 'cmake_clean_cache' from command line to 'False'
[0.791s] Level 5:colcon.colcon_core.verb:set package 'nav_interfaces' build argument 'cmake_clean_first' from command line to 'False'
[0.791s] Level 5:colcon.colcon_core.verb:set package 'nav_interfaces' build argument 'cmake_force_configure' from command line to 'False'
[0.791s] Level 5:colcon.colcon_core.verb:set package 'nav_interfaces' build argument 'ament_cmake_args' from command line to 'None'
[0.791s] Level 5:colcon.colcon_core.verb:set package 'nav_interfaces' build argument 'catkin_cmake_args' from command line to 'None'
[0.791s] Level 5:colcon.colcon_core.verb:set package 'nav_interfaces' build argument 'catkin_skip_building_tests' from command line to 'False'
[0.791s] DEBUG:colcon.colcon_core.verb:Building package 'nav_interfaces' with the following arguments: {'ament_cmake_args': None, 'build_base': '/home/vboxuser/ros_ws/build/nav_interfaces', 'catkin_cmake_args': None, 'catkin_skip_building_tests': False, 'cmake_args': None, 'cmake_clean_cache': False, 'cmake_clean_first': False, 'cmake_force_configure': False, 'cmake_target': None, 'cmake_target_skip_unavailable': False, 'install_base': '/home/vboxuser/ros_ws/install/nav_interfaces', 'merge_install': False, 'path': '/home/vboxuser/ros_ws/src/nav_interfaces', 'symlink_install': False, 'test_result_base': None}
[0.792s] Level 5:colcon.colcon_core.verb:set package 'nav_pkg' build argument 'cmake_args' from command line to 'None'
[0.792s] Level 5:colcon.colcon_core.verb:set package 'nav_pkg' build argument 'cmake_target' from command line to 'None'
[0.792s] Level 5:colcon.colcon_core.verb:set package 'nav_pkg' build argument 'cmake_target_skip_unavailable' from command line to 'False'
[0.792s] Level 5:colcon.colcon_core.verb:set package 'nav_pkg' build argument 'cmake_clean_cache' from command line to 'False'
[0.793s] Level 5:colcon.colcon_core.verb:set package 'nav_pkg' build argument 'cmake_clean_first' from command line to 'False'
[0.793s] Level 5:colcon.colcon_core.verb:set package 'nav_pkg' build argument 'cmake_force_configure' from command line to 'False'
[0.793s] Level 5:colcon.colcon_core.verb:set package 'nav_pkg' build argument 'ament_cmake_args' from command line to 'None'
[0.793s] Level 5:colcon.colcon_core.verb:set package 'nav_pkg' build argument 'catkin_cmake_args' from command line to 'None'
[0.793s] Level 5:colcon.colcon_core.verb:set package 'nav_pkg' build argument 'catkin_skip_building_tests' from command line to 'False'
[0.793s] DEBUG:colcon.colcon_core.verb:Building package 'nav_pkg' with the following arguments: {'ament_cmake_args': None, 'build_base': '/home/vboxuser/ros_ws/build/nav_pkg', 'catkin_cmake_args': None, 'catkin_skip_building_tests': False, 'cmake_args': None, 'cmake_clean_cache': False, 'cmake_clean_first': False, 'cmake_force_configure': False, 'cmake_target': None, 'cmake_target_skip_unavailable': False, 'install_base': '/home/vboxuser/ros_ws/install/nav_pkg', 'merge_install': False, 'path': '/home/vboxuser/ros_ws/src/nav_pkg', 'symlink_install': False, 'test_result_base': None}
[0.793s] INFO:colcon.colcon_core.executor:Executing jobs using 'parallel' executor
[0.796s] DEBUG:colcon.colcon_parallel_executor.executor.parallel:run_until_complete
[0.796s] INFO:colcon.colcon_ros.task.ament_cmake.build:Building ROS package in '/home/vboxuser/ros_ws/src/nav_interfaces' with build type 'ament_cmake'
[0.797s] INFO:colcon.colcon_cmake.task.cmake.build:Building CMake package in '/home/vboxuser/ros_ws/src/nav_interfaces'
[0.801s] INFO:colcon.colcon_core.plugin_system:Skipping extension 'colcon_core.shell.bat': Not used on non-Windows systems
[0.801s] INFO:colcon.colcon_core.shell:Skip shell extension 'powershell' for command environment: Not usable outside of PowerShell
[0.802s] DEBUG:colcon.colcon_core.shell:Skip shell extension 'dsv' for command environment
[0.812s] INFO:colcon.colcon_ros.task.ament_python.build:Building ROS package in '/home/vboxuser/ros_ws/src/chat_pkg' with build type 'ament_python'
[0.812s] Level 1:colcon.colcon_core.shell:create_environment_hook('chat_pkg', 'ament_prefix_path')
[0.813s] INFO:colcon.colcon_core.shell:Creating environment hook '/home/vboxuser/ros_ws/install/chat_pkg/share/chat_pkg/hook/ament_prefix_path.ps1'
[0.815s] INFO:colcon.colcon_core.shell:Creating environment descriptor '/home/vboxuser/ros_ws/install/chat_pkg/share/chat_pkg/hook/ament_prefix_path.dsv'
[0.816s] INFO:colcon.colcon_core.shell:Creating environment hook '/home/vboxuser/ros_ws/install/chat_pkg/share/chat_pkg/hook/ament_prefix_path.sh'
[0.818s] INFO:colcon.colcon_core.shell:Skip shell extension 'powershell' for command environment: Not usable outside of PowerShell
[0.818s] DEBUG:colcon.colcon_core.shell:Skip shell extension 'dsv' for command environment
[0.837s] DEBUG:colcon.colcon_core.event_handler.log_command:Invoking command in '/home/vboxuser/ros_ws/build/nav_interfaces': CMAKE_PREFIX_PATH=${CMAKE_PREFIX_PATH}:/home/vboxuser/ros_ws/install/nav_pkg:/home/vboxuser/ros_ws/install/chat_pkg:/opt/ros/humble /usr/bin/cmake /home/vboxuser/ros_ws/src/nav_interfaces -DCMAKE_INSTALL_PREFIX=/home/vboxuser/ros_ws/install/nav_interfaces
[1.444s] INFO:colcon.colcon_core.task.python.build:Building Python package in '/home/vboxuser/ros_ws/src/chat_pkg'
[1.445s] INFO:colcon.colcon_core.shell:Skip shell extension 'powershell' for command environment: Not usable outside of PowerShell
[1.445s] DEBUG:colcon.colcon_core.shell:Skip shell extension 'dsv' for command environment
[2.418s] DEBUG:colcon.colcon_core.event_handler.log_command:Invoking command in '/home/vboxuser/ros_ws/src/chat_pkg': PYTHONPATH=/home/vboxuser/ros_ws/build/chat_pkg/prefix_override:/usr/lib/python3/dist-packages/colcon_core/task/python/colcon_distutils_commands:/home/vboxuser/ros_ws/install/chat_pkg/lib/python3.10/site-packages:${PYTHONPATH} /usr/bin/python3 -W ignore:setup.py install is deprecated -W ignore:easy_install command is deprecated setup.py egg_info --egg-base ../../build/chat_pkg build --build-base /home/vboxuser/ros_ws/build/chat_pkg/build install --record /home/vboxuser/ros_ws/build/chat_pkg/install.log --single-version-externally-managed install_data
[3.346s] DEBUG:colcon.colcon_core.event_handler.log_command:Invoked command in '/home/vboxuser/ros_ws/src/chat_pkg' returned '0': PYTHONPATH=/home/vboxuser/ros_ws/build/chat_pkg/prefix_override:/usr/lib/python3/dist-packages/colcon_core/task/python/colcon_distutils_commands:/home/vboxuser/ros_ws/install/chat_pkg/lib/python3.10/site-packages:${PYTHONPATH} /usr/bin/python3 -W ignore:setup.py install is deprecated -W ignore:easy_install command is deprecated setup.py egg_info --egg-base ../../build/chat_pkg build --build-base /home/vboxuser/ros_ws/build/chat_pkg/build install --record /home/vboxuser/ros_ws/build/chat_pkg/install.log --single-version-externally-managed install_data
[3.352s] Level 1:colcon.colcon_core.environment:checking '/home/vboxuser/ros_ws/install/chat_pkg' for CMake module files
[3.354s] Level 1:colcon.colcon_core.environment:checking '/home/vboxuser/ros_ws/install/chat_pkg' for CMake config files
[3.355s] Level 1:colcon.colcon_core.environment:checking '/home/vboxuser/ros_ws/install/chat_pkg/lib'
[3.356s] Level 1:colcon.colcon_core.environment:checking '/home/vboxuser/ros_ws/install/chat_pkg/bin'
[3.356s] Level 1:colcon.colcon_core.environment:checking '/home/vboxuser/ros_ws/install/chat_pkg/lib/pkgconfig/chat_pkg.pc'
[3.357s] Level 1:colcon.colcon_core.environment:checking '/home/vboxuser/ros_ws/install/chat_pkg/lib/python3.10/site-packages'
[3.357s] Level 1:colcon.colcon_core.shell:create_environment_hook('chat_pkg', 'pythonpath')
[3.357s] INFO:colcon.colcon_core.shell:Creating environment hook '/home/vboxuser/ros_ws/install/chat_pkg/share/chat_pkg/hook/pythonpath.ps1'
[3.361s] INFO:colcon.colcon_core.shell:Creating environment descriptor '/home/vboxuser/ros_ws/install/chat_pkg/share/chat_pkg/hook/pythonpath.dsv'
[3.362s] INFO:colcon.colcon_core.shell:Creating environment hook '/home/vboxuser/ros_ws/install/chat_pkg/share/chat_pkg/hook/pythonpath.sh'
[3.364s] Level 1:colcon.colcon_core.environment:checking '/home/vboxuser/ros_ws/install/chat_pkg/bin'
[3.364s] Level 1:colcon.colcon_core.environment:create_environment_scripts_only(chat_pkg)
[3.366s] INFO:colcon.colcon_core.shell:Creating package script '/home/vboxuser/ros_ws/install/chat_pkg/share/chat_pkg/package.ps1'
[3.368s] INFO:colcon.colcon_core.shell:Creating package descriptor '/home/vboxuser/ros_ws/install/chat_pkg/share/chat_pkg/package.dsv'
[3.370s] INFO:colcon.colcon_core.shell:Creating package script '/home/vboxuser/ros_ws/install/chat_pkg/share/chat_pkg/package.sh'
[3.371s] INFO:colcon.colcon_core.shell:Creating package script '/home/vboxuser/ros_ws/install/chat_pkg/share/chat_pkg/package.bash'
[3.373s] INFO:colcon.colcon_core.shell:Creating package script '/home/vboxuser/ros_ws/install/chat_pkg/share/chat_pkg/package.zsh'
[3.375s] Level 1:colcon.colcon_core.environment:create_file_with_runtime_dependencies(/home/vboxuser/ros_ws/install/chat_pkg/share/colcon-core/packages/chat_pkg)
[4.561s] DEBUG:colcon.colcon_core.event_handler.log_command:Invoked command in '/home/vboxuser/ros_ws/build/nav_interfaces' returned '0': CMAKE_PREFIX_PATH=${CMAKE_PREFIX_PATH}:/home/vboxuser/ros_ws/install/nav_pkg:/home/vboxuser/ros_ws/install/chat_pkg:/opt/ros/humble /usr/bin/cmake /home/vboxuser/ros_ws/src/nav_interfaces -DCMAKE_INSTALL_PREFIX=/home/vboxuser/ros_ws/install/nav_interfaces
[4.562s] DEBUG:colcon.colcon_core.event_handler.log_command:Invoking command in '/home/vboxuser/ros_ws/build/nav_interfaces': CMAKE_PREFIX_PATH=${CMAKE_PREFIX_PATH}:/home/vboxuser/ros_ws/install/nav_pkg:/home/vboxuser/ros_ws/install/chat_pkg:/opt/ros/humble /usr/bin/cmake --build /home/vboxuser/ros_ws/build/nav_interfaces -- -j3 -l3
[10.584s] DEBUG:colcon.colcon_core.event_handler.log_command:Invoked command in '/home/vboxuser/ros_ws/build/nav_interfaces' returned '0': CMAKE_PREFIX_PATH=${CMAKE_PREFIX_PATH}:/home/vboxuser/ros_ws/install/nav_pkg:/home/vboxuser/ros_ws/install/chat_pkg:/opt/ros/humble /usr/bin/cmake --build /home/vboxuser/ros_ws/build/nav_interfaces -- -j3 -l3
[10.603s] DEBUG:colcon.colcon_core.event_handler.log_command:Invoking command in '/home/vboxuser/ros_ws/build/nav_interfaces': CMAKE_PREFIX_PATH=${CMAKE_PREFIX_PATH}:/home/vboxuser/ros_ws/install/nav_pkg:/home/vboxuser/ros_ws/install/chat_pkg:/opt/ros/humble /usr/bin/cmake --install /home/vboxuser/ros_ws/build/nav_interfaces
[10.736s] Level 1:colcon.colcon_core.environment:create_environment_scripts_only(nav_interfaces)
[10.737s] Level 1:colcon.colcon_core.environment:checking '/home/vboxuser/ros_ws/install/nav_interfaces' for CMake module files
[10.738s] DEBUG:colcon.colcon_core.event_handler.log_command:Invoked command in '/home/vboxuser/ros_ws/build/nav_interfaces' returned '0': CMAKE_PREFIX_PATH=${CMAKE_PREFIX_PATH}:/home/vboxuser/ros_ws/install/nav_pkg:/home/vboxuser/ros_ws/install/chat_pkg:/opt/ros/humble /usr/bin/cmake --install /home/vboxuser/ros_ws/build/nav_interfaces
[10.739s] Level 1:colcon.colcon_core.environment:checking '/home/vboxuser/ros_ws/install/nav_interfaces' for CMake config files
[10.740s] Level 1:colcon.colcon_core.shell:create_environment_hook('nav_interfaces', 'cmake_prefix_path')
[10.740s] INFO:colcon.colcon_core.shell:Creating environment hook '/home/vboxuser/ros_ws/install/nav_interfaces/share/nav_interfaces/hook/cmake_prefix_path.ps1'
[10.741s] INFO:colcon.colcon_core.shell:Creating environment descriptor '/home/vboxuser/ros_ws/install/nav_interfaces/share/nav_interfaces/hook/cmake_prefix_path.dsv'
[10.742s] INFO:colcon.colcon_core.shell:Creating environment hook '/home/vboxuser/ros_ws/install/nav_interfaces/share/nav_interfaces/hook/cmake_prefix_path.sh'
[10.743s] Level 1:colcon.colcon_core.environment:checking '/home/vboxuser/ros_ws/install/nav_interfaces/lib'
[10.743s] Level 1:colcon.colcon_core.shell:create_environment_hook('nav_interfaces', 'ld_library_path_lib')
[10.744s] INFO:colcon.colcon_core.shell:Creating environment hook '/home/vboxuser/ros_ws/install/nav_interfaces/share/nav_interfaces/hook/ld_library_path_lib.ps1'
[10.745s] INFO:colcon.colcon_core.shell:Creating environment descriptor '/home/vboxuser/ros_ws/install/nav_interfaces/share/nav_interfaces/hook/ld_library_path_lib.dsv'
[10.746s] INFO:colcon.colcon_core.shell:Creating environment hook '/home/vboxuser/ros_ws/install/nav_interfaces/share/nav_interfaces/hook/ld_library_path_lib.sh'
[10.747s] Level 1:colcon.colcon_core.environment:checking '/home/vboxuser/ros_ws/install/nav_interfaces/bin'
[10.747s] Level 1:colcon.colcon_core.environment:checking '/home/vboxuser/ros_ws/install/nav_interfaces/lib/pkgconfig/nav_interfaces.pc'
[10.747s] Level 1:colcon.colcon_core.environment:checking '/home/vboxuser/ros_ws/install/nav_interfaces/lib/python3.10/site-packages'
[10.749s] Level 1:colcon.colcon_core.environment:checking '/home/vboxuser/ros_ws/install/nav_interfaces/bin'
[10.749s] INFO:colcon.colcon_core.shell:Creating package script '/home/vboxuser/ros_ws/install/nav_interfaces/share/nav_interfaces/package.ps1'
[10.751s] INFO:colcon.colcon_core.shell:Creating package descriptor '/home/vboxuser/ros_ws/install/nav_interfaces/share/nav_interfaces/package.dsv'
[10.752s] INFO:colcon.colcon_core.shell:Creating package script '/home/vboxuser/ros_ws/install/nav_interfaces/share/nav_interfaces/package.sh'
[10.753s] INFO:colcon.colcon_core.shell:Creating package script '/home/vboxuser/ros_ws/install/nav_interfaces/share/nav_interfaces/package.bash'
[10.754s] INFO:colcon.colcon_core.shell:Creating package script '/home/vboxuser/ros_ws/install/nav_interfaces/share/nav_interfaces/package.zsh'
[10.755s] Level 1:colcon.colcon_core.environment:create_file_with_runtime_dependencies(/home/vboxuser/ros_ws/install/nav_interfaces/share/colcon-core/packages/nav_interfaces)
[10.757s] Level 1:colcon.colcon_core.environment:create_environment_scripts_only(nav_interfaces)
[10.757s] Level 1:colcon.colcon_core.environment:checking '/home/vboxuser/ros_ws/install/nav_interfaces' for CMake module files
[10.759s] Level 1:colcon.colcon_core.environment:checking '/home/vboxuser/ros_ws/install/nav_interfaces' for CMake config files
[10.760s] Level 1:colcon.colcon_core.shell:create_environment_hook('nav_interfaces', 'cmake_prefix_path')
[10.760s] INFO:colcon.colcon_core.shell:Creating environment hook '/home/vboxuser/ros_ws/install/nav_interfaces/share/nav_interfaces/hook/cmake_prefix_path.ps1'
[10.761s] INFO:colcon.colcon_core.shell:Creating environment descriptor '/home/vboxuser/ros_ws/install/nav_interfaces/share/nav_interfaces/hook/cmake_prefix_path.dsv'
[10.762s] INFO:colcon.colcon_core.shell:Creating environment hook '/home/vboxuser/ros_ws/install/nav_interfaces/share/nav_interfaces/hook/cmake_prefix_path.sh'
[10.763s] Level 1:colcon.colcon_core.environment:checking '/home/vboxuser/ros_ws/install/nav_interfaces/lib'
[10.763s] Level 1:colcon.colcon_core.shell:create_environment_hook('nav_interfaces', 'ld_library_path_lib')
[10.764s] INFO:colcon.colcon_core.shell:Creating environment hook '/home/vboxuser/ros_ws/install/nav_interfaces/share/nav_interfaces/hook/ld_library_path_lib.ps1'
[10.764s] INFO:colcon.colcon_core.shell:Creating environment descriptor '/home/vboxuser/ros_ws/install/nav_interfaces/share/nav_interfaces/hook/ld_library_path_lib.dsv'
[10.765s] INFO:colcon.colcon_core.shell:Creating environment hook '/home/vboxuser/ros_ws/install/nav_interfaces/share/nav_interfaces/hook/ld_library_path_lib.sh'
[10.767s] Level 1:colcon.colcon_core.environment:checking '/home/vboxuser/ros_ws/install/nav_interfaces/bin'
[10.767s] Level 1:colcon.colcon_core.environment:checking '/home/vboxuser/ros_ws/install/nav_interfaces/lib/pkgconfig/nav_interfaces.pc'
[10.767s] Level 1:colcon.colcon_core.environment:checking '/home/vboxuser/ros_ws/install/nav_interfaces/lib/python3.10/site-packages'
[10.768s] Level 1:colcon.colcon_core.environment:checking '/home/vboxuser/ros_ws/install/nav_interfaces/bin'
[10.769s] INFO:colcon.colcon_core.shell:Creating package script '/home/vboxuser/ros_ws/install/nav_interfaces/share/nav_interfaces/package.ps1'
[10.770s] INFO:colcon.colcon_core.shell:Creating package descriptor '/home/vboxuser/ros_ws/install/nav_interfaces/share/nav_interfaces/package.dsv'
[10.771s] INFO:colcon.colcon_core.shell:Creating package script '/home/vboxuser/ros_ws/install/nav_interfaces/share/nav_interfaces/package.sh'
[10.773s] INFO:colcon.colcon_core.shell:Creating package script '/home/vboxuser/ros_ws/install/nav_interfaces/share/nav_interfaces/package.bash'
[10.774s] INFO:colcon.colcon_core.shell:Creating package script '/home/vboxuser/ros_ws/install/nav_interfaces/share/nav_interfaces/package.zsh'
[10.775s] Level 1:colcon.colcon_core.environment:create_file_with_runtime_dependencies(/home/vboxuser/ros_ws/install/nav_interfaces/share/colcon-core/packages/nav_interfaces)
[10.776s] INFO:colcon.colcon_ros.task.ament_python.build:Building ROS package in '/home/vboxuser/ros_ws/src/nav_pkg' with build type 'ament_python'
[10.776s] Level 1:colcon.colcon_core.shell:create_environment_hook('nav_pkg', 'ament_prefix_path')
[10.777s] INFO:colcon.colcon_core.shell:Creating environment hook '/home/vboxuser/ros_ws/install/nav_pkg/share/nav_pkg/hook/ament_prefix_path.ps1'
[10.779s] INFO:colcon.colcon_core.shell:Creating environment descriptor '/home/vboxuser/ros_ws/install/nav_pkg/share/nav_pkg/hook/ament_prefix_path.dsv'
[10.780s] INFO:colcon.colcon_core.shell:Creating environment hook '/home/vboxuser/ros_ws/install/nav_pkg/share/nav_pkg/hook/ament_prefix_path.sh'
[10.781s] INFO:colcon.colcon_core.shell:Skip shell extension 'powershell' for command environment: Not usable outside of PowerShell
[10.781s] DEBUG:colcon.colcon_core.shell:Skip shell extension 'dsv' for command environment
[11.299s] INFO:colcon.colcon_core.task.python.build:Building Python package in '/home/vboxuser/ros_ws/src/nav_pkg'
[11.299s] INFO:colcon.colcon_core.shell:Skip shell extension 'powershell' for command environment: Not usable outside of PowerShell
[11.299s] DEBUG:colcon.colcon_core.shell:Skip shell extension 'dsv' for command environment
[11.940s] DEBUG:colcon.colcon_core.event_handler.log_command:Invoking command in '/home/vboxuser/ros_ws/src/nav_pkg': PYTHONPATH=/home/vboxuser/ros_ws/build/nav_pkg/prefix_override:/usr/lib/python3/dist-packages/colcon_core/task/python/colcon_distutils_commands:/home/vboxuser/ros_ws/install/nav_pkg/lib/python3.10/site-packages:${PYTHONPATH} /usr/bin/python3 -W ignore:setup.py install is deprecated -W ignore:easy_install command is deprecated setup.py egg_info --egg-base ../../build/nav_pkg build --build-base /home/vboxuser/ros_ws/build/nav_pkg/build install --record /home/vboxuser/ros_ws/build/nav_pkg/install.log --single-version-externally-managed install_data
[12.532s] Level 1:colcon.colcon_core.environment:checking '/home/vboxuser/ros_ws/install/nav_pkg' for CMake module files
[12.533s] DEBUG:colcon.colcon_core.event_handler.log_command:Invoked command in '/home/vboxuser/ros_ws/src/nav_pkg' returned '0': PYTHONPATH=/home/vboxuser/ros_ws/build/nav_pkg/prefix_override:/usr/lib/python3/dist-packages/colcon_core/task/python/colcon_distutils_commands:/home/vboxuser/ros_ws/install/nav_pkg/lib/python3.10/site-packages:${PYTHONPATH} /usr/bin/python3 -W ignore:setup.py install is deprecated -W ignore:easy_install command is deprecated setup.py egg_info --egg-base ../../build/nav_pkg build --build-base /home/vboxuser/ros_ws/build/nav_pkg/build install --record /home/vboxuser/ros_ws/build/nav_pkg/install.log --single-version-externally-managed install_data
[12.534s] Level 1:colcon.colcon_core.environment:checking '/home/vboxuser/ros_ws/install/nav_pkg' for CMake config files
[12.535s] Level 1:colcon.colcon_core.environment:checking '/home/vboxuser/ros_ws/install/nav_pkg/lib'
[12.535s] Level 1:colcon.colcon_core.environment:checking '/home/vboxuser/ros_ws/install/nav_pkg/bin'
[12.535s] Level 1:colcon.colcon_core.environment:checking '/home/vboxuser/ros_ws/install/nav_pkg/lib/pkgconfig/nav_pkg.pc'
[12.535s] Level 1:colcon.colcon_core.environment:checking '/home/vboxuser/ros_ws/install/nav_pkg/lib/python3.10/site-packages'
[12.536s] Level 1:colcon.colcon_core.shell:create_environment_hook('nav_pkg', 'pythonpath')
[12.536s] INFO:colcon.colcon_core.shell:Creating environment hook '/home/vboxuser/ros_ws/install/nav_pkg/share/nav_pkg/hook/pythonpath.ps1'
[12.537s] INFO:colcon.colcon_core.shell:Creating environment descriptor '/home/vboxuser/ros_ws/install/nav_pkg/share/nav_pkg/hook/pythonpath.dsv'
[12.537s] INFO:colcon.colcon_core.shell:Creating environment hook '/home/vboxuser/ros_ws/install/nav_pkg/share/nav_pkg/hook/pythonpath.sh'
[12.538s] Level 1:colcon.colcon_core.environment:checking '/home/vboxuser/ros_ws/install/nav_pkg/bin'
[12.539s] Level 1:colcon.colcon_core.environment:create_environment_scripts_only(nav_pkg)
[12.539s] INFO:colcon.colcon_core.shell:Creating package script '/home/vboxuser/ros_ws/install/nav_pkg/share/nav_pkg/package.ps1'
[12.541s] INFO:colcon.colcon_core.shell:Creating package descriptor '/home/vboxuser/ros_ws/install/nav_pkg/share/nav_pkg/package.dsv'
[12.543s] INFO:colcon.colcon_core.shell:Creating package script '/home/vboxuser/ros_ws/install/nav_pkg/share/nav_pkg/package.sh'
[12.543s] INFO:colcon.colcon_core.shell:Creating package script '/home/vboxuser/ros_ws/install/nav_pkg/share/nav_pkg/package.bash'
[12.544s] INFO:colcon.colcon_core.shell:Creating package script '/home/vboxuser/ros_ws/install/nav_pkg/share/nav_pkg/package.zsh'
[12.545s] Level 1:colcon.colcon_core.environment:create_file_with_runtime_dependencies(/home/vboxuser/ros_ws/install/nav_pkg/share/colcon-core/packages/nav_pkg)
[12.545s] DEBUG:colcon.colcon_parallel_executor.executor.parallel:closing loop
[12.546s] DEBUG:colcon.colcon_parallel_executor.executor.parallel:loop closed
[12.546s] DEBUG:colcon.colcon_parallel_executor.executor.parallel:run_until_complete finished with '0'
[12.546s] DEBUG:colcon.colcon_core.event_reactor:joining thread
[12.554s] INFO:colcon.colcon_core.plugin_system:Skipping extension 'colcon_notification.desktop_notification.terminal_notifier': Not used on non-Darwin systems
[12.555s] INFO:colcon.colcon_core.plugin_system:Skipping extension 'colcon_notification.desktop_notification.win32': Not used on non-Windows systems
[12.555s] INFO:colcon.colcon_notification.desktop_notification:Sending desktop notification using 'notify2'
[12.580s] DEBUG:colcon.colcon_core.event_reactor:joined thread
[12.581s] INFO:colcon.colcon_core.shell:Creating prefix script '/home/vboxuser/ros_ws/install/local_setup.ps1'
[12.583s] INFO:colcon.colcon_core.shell:Creating prefix util module '/home/vboxuser/ros_ws/install/_local_setup_util_ps1.py'
[12.586s] INFO:colcon.colcon_core.shell:Creating prefix chain script '/home/vboxuser/ros_ws/install/setup.ps1'
[12.589s] INFO:colcon.colcon_core.shell:Creating prefix script '/home/vboxuser/ros_ws/install/local_setup.sh'
[12.590s] INFO:colcon.colcon_core.shell:Creating prefix util module '/home/vboxuser/ros_ws/install/_local_setup_util_sh.py'
[12.591s] INFO:colcon.colcon_core.shell:Creating prefix chain script '/home/vboxuser/ros_ws/install/setup.sh'
[12.593s] INFO:colcon.colcon_core.shell:Creating prefix script '/home/vboxuser/ros_ws/install/local_setup.bash'
[12.594s] INFO:colcon.colcon_core.shell:Creating prefix chain script '/home/vboxuser/ros_ws/install/setup.bash'
[12.596s] INFO:colcon.colcon_core.shell:Creating prefix script '/home/vboxuser/ros_ws/install/local_setup.zsh'
[12.597s] INFO:colcon.colcon_core.shell:Creating prefix chain script '/home/vboxuser/ros_ws/install/setup.zsh'
