[3.008s] Invoking command in '/home/vboxuser/ros_ws/src/chat_pkg': PYTHONPATH=/home/vboxuser/ros_ws/build/chat_pkg/prefix_override:/usr/lib/python3/dist-packages/colcon_core/task/python/colcon_distutils_commands:/home/vboxuser/ros_ws/install/chat_pkg/lib/python3.10/site-packages:${PYTHONPATH} /usr/bin/python3 -W ignore:setup.py install is deprecated -W ignore:easy_install command is deprecated setup.py egg_info --egg-base ../../build/chat_pkg build --build-base /home/vboxuser/ros_ws/build/chat_pkg/build install --record /home/vboxuser/ros_ws/build/chat_pkg/install.log --single-version-externally-managed install_data
[3.729s] running egg_info
[3.731s] creating ../../build/chat_pkg/chat_pkg.egg-info
[3.732s] writing ../../build/chat_pkg/chat_pkg.egg-info/PKG-INFO
[3.733s] writing dependency_links to ../../build/chat_pkg/chat_pkg.egg-info/dependency_links.txt
[3.736s] writing entry points to ../../build/chat_pkg/chat_pkg.egg-info/entry_points.txt
[3.736s] writing requirements to ../../build/chat_pkg/chat_pkg.egg-info/requires.txt
[3.736s] writing top-level names to ../../build/chat_pkg/chat_pkg.egg-info/top_level.txt
[3.737s] writing manifest file '../../build/chat_pkg/chat_pkg.egg-info/SOURCES.txt'
[3.740s] reading manifest file '../../build/chat_pkg/chat_pkg.egg-info/SOURCES.txt'
[3.740s] writing manifest file '../../build/chat_pkg/chat_pkg.egg-info/SOURCES.txt'
[3.741s] running build
[3.743s] running build_py
[3.743s] creating /home/vboxuser/ros_ws/build/chat_pkg/build
[3.744s] creating /home/vboxuser/ros_ws/build/chat_pkg/build/lib
[3.744s] creating /home/vboxuser/ros_ws/build/chat_pkg/build/lib/chat_pkg
[3.744s] copying chat_pkg/output_node.py -> /home/vboxuser/ros_ws/build/chat_pkg/build/lib/chat_pkg
[3.744s] copying chat_pkg/chat_node.py -> /home/vboxuser/ros_ws/build/chat_pkg/build/lib/chat_pkg
[3.745s] copying chat_pkg/__init__.py -> /home/vboxuser/ros_ws/build/chat_pkg/build/lib/chat_pkg
[3.745s] copying chat_pkg/raw_publisher.py -> /home/vboxuser/ros_ws/build/chat_pkg/build/lib/chat_pkg
[3.745s] copying chat_pkg/processor_node.py -> /home/vboxuser/ros_ws/build/chat_pkg/build/lib/chat_pkg
[3.745s] running install
[3.745s] running install_lib
[3.748s] creating /home/vboxuser/ros_ws/install/chat_pkg/lib/python3.10/site-packages/chat_pkg
[3.748s] copying /home/vboxuser/ros_ws/build/chat_pkg/build/lib/chat_pkg/output_node.py -> /home/vboxuser/ros_ws/install/chat_pkg/lib/python3.10/site-packages/chat_pkg
[3.748s] copying /home/vboxuser/ros_ws/build/chat_pkg/build/lib/chat_pkg/chat_node.py -> /home/vboxuser/ros_ws/install/chat_pkg/lib/python3.10/site-packages/chat_pkg
[3.748s] copying /home/vboxuser/ros_ws/build/chat_pkg/build/lib/chat_pkg/__init__.py -> /home/vboxuser/ros_ws/install/chat_pkg/lib/python3.10/site-packages/chat_pkg
[3.748s] copying /home/vboxuser/ros_ws/build/chat_pkg/build/lib/chat_pkg/raw_publisher.py -> /home/vboxuser/ros_ws/install/chat_pkg/lib/python3.10/site-packages/chat_pkg
[3.748s] copying /home/vboxuser/ros_ws/build/chat_pkg/build/lib/chat_pkg/processor_node.py -> /home/vboxuser/ros_ws/install/chat_pkg/lib/python3.10/site-packages/chat_pkg
[3.749s] byte-compiling /home/vboxuser/ros_ws/install/chat_pkg/lib/python3.10/site-packages/chat_pkg/output_node.py to output_node.cpython-310.pyc
[3.757s] byte-compiling /home/vboxuser/ros_ws/install/chat_pkg/lib/python3.10/site-packages/chat_pkg/chat_node.py to chat_node.cpython-310.pyc
[3.758s] byte-compiling /home/vboxuser/ros_ws/install/chat_pkg/lib/python3.10/site-packages/chat_pkg/__init__.py to __init__.cpython-310.pyc
[3.758s] byte-compiling /home/vboxuser/ros_ws/install/chat_pkg/lib/python3.10/site-packages/chat_pkg/raw_publisher.py to raw_publisher.cpython-310.pyc
[3.760s] byte-compiling /home/vboxuser/ros_ws/install/chat_pkg/lib/python3.10/site-packages/chat_pkg/processor_node.py to processor_node.cpython-310.pyc
[3.762s] running install_data
[3.762s] creating /home/vboxuser/ros_ws/install/chat_pkg/share/ament_index
[3.767s] creating /home/vboxuser/ros_ws/install/chat_pkg/share/ament_index/resource_index
[3.768s] creating /home/vboxuser/ros_ws/install/chat_pkg/share/ament_index/resource_index/packages
[3.768s] copying resource/chat_pkg -> /home/vboxuser/ros_ws/install/chat_pkg/share/ament_index/resource_index/packages
[3.771s] copying package.xml -> /home/vboxuser/ros_ws/install/chat_pkg/share/chat_pkg
[3.772s] running install_egg_info
[3.772s] Copying ../../build/chat_pkg/chat_pkg.egg-info to /home/vboxuser/ros_ws/install/chat_pkg/lib/python3.10/site-packages/chat_pkg-0.0.0-py3.10.egg-info
[3.772s] running install_scripts
[3.843s] Installing chat_node script to /home/vboxuser/ros_ws/install/chat_pkg/lib/chat_pkg
[3.844s] Installing output_node script to /home/vboxuser/ros_ws/install/chat_pkg/lib/chat_pkg
[3.844s] Installing processor_node script to /home/vboxuser/ros_ws/install/chat_pkg/lib/chat_pkg
[3.844s] Installing raw_publisher script to /home/vboxuser/ros_ws/install/chat_pkg/lib/chat_pkg
[3.845s] writing list of installed files to '/home/vboxuser/ros_ws/build/chat_pkg/install.log'
[3.943s] Invoked command in '/home/vboxuser/ros_ws/src/chat_pkg' returned '0': PYTHONPATH=/home/vboxuser/ros_ws/build/chat_pkg/prefix_override:/usr/lib/python3/dist-packages/colcon_core/task/python/colcon_distutils_commands:/home/vboxuser/ros_ws/install/chat_pkg/lib/python3.10/site-packages:${PYTHONPATH} /usr/bin/python3 -W ignore:setup.py install is deprecated -W ignore:easy_install command is deprecated setup.py egg_info --egg-base ../../build/chat_pkg build --build-base /home/vboxuser/ros_ws/build/chat_pkg/build install --record /home/vboxuser/ros_ws/build/chat_pkg/install.log --single-version-externally-managed install_data
