[1.166s] Invoking command in '/home/vboxuser/ros_ws/src/chat_pkg': PYTHONPATH=/home/vboxuser/ros_ws/build/chat_pkg/prefix_override:/usr/lib/python3/dist-packages/colcon_core/task/python/colcon_distutils_commands:/home/vboxuser/ros_ws/install/chat_pkg/lib/python3.10/site-packages:${PYTHONPATH} /usr/bin/python3 -W ignore:setup.py install is deprecated -W ignore:easy_install command is deprecated setup.py egg_info --egg-base ../../build/chat_pkg build --build-base /home/vboxuser/ros_ws/build/chat_pkg/build install --record /home/vboxuser/ros_ws/build/chat_pkg/install.log --single-version-externally-managed install_data
[1.665s] running egg_info
[1.666s] writing ../../build/chat_pkg/chat_pkg.egg-info/PKG-INFO
[1.667s] writing dependency_links to ../../build/chat_pkg/chat_pkg.egg-info/dependency_links.txt
[1.667s] writing entry points to ../../build/chat_pkg/chat_pkg.egg-info/entry_points.txt
[1.667s] writing requirements to ../../build/chat_pkg/chat_pkg.egg-info/requires.txt
[1.668s] writing top-level names to ../../build/chat_pkg/chat_pkg.egg-info/top_level.txt
[1.671s] reading manifest file '../../build/chat_pkg/chat_pkg.egg-info/SOURCES.txt'
[1.672s] writing manifest file '../../build/chat_pkg/chat_pkg.egg-info/SOURCES.txt'
[1.673s] running build
[1.673s] running build_py
[1.673s] running install
[1.674s] running install_lib
[1.677s] running install_data
[1.677s] running install_egg_info
[1.681s] removing '/home/vboxuser/ros_ws/install/chat_pkg/lib/python3.10/site-packages/chat_pkg-0.0.0-py3.10.egg-info' (and everything under it)
[1.682s] Copying ../../build/chat_pkg/chat_pkg.egg-info to /home/vboxuser/ros_ws/install/chat_pkg/lib/python3.10/site-packages/chat_pkg-0.0.0-py3.10.egg-info
[1.683s] running install_scripts
[1.718s] Installing chat_node script to /home/vboxuser/ros_ws/install/chat_pkg/lib/chat_pkg
[1.719s] writing list of installed files to '/home/vboxuser/ros_ws/build/chat_pkg/install.log'
[1.759s] Invoked command in '/home/vboxuser/ros_ws/src/chat_pkg' returned '0': PYTHONPATH=/home/vboxuser/ros_ws/build/chat_pkg/prefix_override:/usr/lib/python3/dist-packages/colcon_core/task/python/colcon_distutils_commands:/home/vboxuser/ros_ws/install/chat_pkg/lib/python3.10/site-packages:${PYTHONPATH} /usr/bin/python3 -W ignore:setup.py install is deprecated -W ignore:easy_install command is deprecated setup.py egg_info --egg-base ../../build/chat_pkg build --build-base /home/vboxuser/ros_ws/build/chat_pkg/build install --record /home/vboxuser/ros_ws/build/chat_pkg/install.log --single-version-externally-managed install_data
