running egg_info
writing ../../build/chat_pkg/chat_pkg.egg-info/PKG-INFO
writing dependency_links to ../../build/chat_pkg/chat_pkg.egg-info/dependency_links.txt
writing entry points to ../../build/chat_pkg/chat_pkg.egg-info/entry_points.txt
writing requirements to ../../build/chat_pkg/chat_pkg.egg-info/requires.txt
writing top-level names to ../../build/chat_pkg/chat_pkg.egg-info/top_level.txt
reading manifest file '../../build/chat_pkg/chat_pkg.egg-info/SOURCES.txt'
writing manifest file '../../build/chat_pkg/chat_pkg.egg-info/SOURCES.txt'
running build
running build_py
copying chat_pkg/output_node.py -> /home/vboxuser/ros_ws/build/chat_pkg/build/lib/chat_pkg
copying chat_pkg/raw_publisher.py -> /home/vboxuser/ros_ws/build/chat_pkg/build/lib/chat_pkg
copying chat_pkg/processor_node.py -> /home/vboxuser/ros_ws/build/chat_pkg/build/lib/chat_pkg
running install
running install_lib
copying /home/vboxuser/ros_ws/build/chat_pkg/build/lib/chat_pkg/output_node.py -> /home/vboxuser/ros_ws/install/chat_pkg/lib/python3.10/site-packages/chat_pkg
copying /home/vboxuser/ros_ws/build/chat_pkg/build/lib/chat_pkg/raw_publisher.py -> /home/vboxuser/ros_ws/install/chat_pkg/lib/python3.10/site-packages/chat_pkg
copying /home/vboxuser/ros_ws/build/chat_pkg/build/lib/chat_pkg/processor_node.py -> /home/vboxuser/ros_ws/install/chat_pkg/lib/python3.10/site-packages/chat_pkg
byte-compiling /home/vboxuser/ros_ws/install/chat_pkg/lib/python3.10/site-packages/chat_pkg/output_node.py to output_node.cpython-310.pyc
byte-compiling /home/vboxuser/ros_ws/install/chat_pkg/lib/python3.10/site-packages/chat_pkg/raw_publisher.py to raw_publisher.cpython-310.pyc
byte-compiling /home/vboxuser/ros_ws/install/chat_pkg/lib/python3.10/site-packages/chat_pkg/processor_node.py to processor_node.cpython-310.pyc
running install_data
running install_egg_info
removing '/home/vboxuser/ros_ws/install/chat_pkg/lib/python3.10/site-packages/chat_pkg-0.0.0-py3.10.egg-info' (and everything under it)
Copying ../../build/chat_pkg/chat_pkg.egg-info to /home/vboxuser/ros_ws/install/chat_pkg/lib/python3.10/site-packages/chat_pkg-0.0.0-py3.10.egg-info
running install_scripts
Installing chat_node=chat_pkg.chat_node:mainraw_publisher script to /home/vboxuser/ros_ws/install/chat_pkg/lib/chat_pkg
Installing output_node script to /home/vboxuser/ros_ws/install/chat_pkg/lib/chat_pkg
Installing processor_node script to /home/vboxuser/ros_ws/install/chat_pkg/lib/chat_pkg
writing list of installed files to '/home/vboxuser/ros_ws/build/chat_pkg/install.log'
