[0.896s] Invoking command in '/home/vboxuser/ros_ws/src/chat_pkg': PYTHONPATH=/home/vboxuser/ros_ws/build/chat_pkg/prefix_override:/usr/lib/python3/dist-packages/colcon_core/task/python/colcon_distutils_commands:/home/vboxuser/ros_ws/install/chat_pkg/lib/python3.10/site-packages:${PYTHONPATH} /usr/bin/python3 -W ignore:setup.py install is deprecated -W ignore:easy_install command is deprecated setup.py egg_info --egg-base ../../build/chat_pkg build --build-base /home/vboxuser/ros_ws/build/chat_pkg/build install --record /home/vboxuser/ros_ws/build/chat_pkg/install.log --single-version-externally-managed install_data
[1.172s] running egg_info
[1.172s] writing ../../build/chat_pkg/chat_pkg.egg-info/PKG-INFO
[1.172s] writing dependency_links to ../../build/chat_pkg/chat_pkg.egg-info/dependency_links.txt
[1.172s] writing entry points to ../../build/chat_pkg/chat_pkg.egg-info/entry_points.txt
[1.173s] writing requirements to ../../build/chat_pkg/chat_pkg.egg-info/requires.txt
[1.173s] writing top-level names to ../../build/chat_pkg/chat_pkg.egg-info/top_level.txt
[1.175s] reading manifest file '../../build/chat_pkg/chat_pkg.egg-info/SOURCES.txt'
[1.185s] writing manifest file '../../build/chat_pkg/chat_pkg.egg-info/SOURCES.txt'
[1.185s] running build
[1.185s] running build_py
[1.186s] copying chat_pkg/output_node.py -> /home/vboxuser/ros_ws/build/chat_pkg/build/lib/chat_pkg
[1.186s] copying chat_pkg/raw_publisher.py -> /home/vboxuser/ros_ws/build/chat_pkg/build/lib/chat_pkg
[1.187s] copying chat_pkg/processor_node.py -> /home/vboxuser/ros_ws/build/chat_pkg/build/lib/chat_pkg
[1.187s] running install
[1.188s] running install_lib
[1.189s] copying /home/vboxuser/ros_ws/build/chat_pkg/build/lib/chat_pkg/output_node.py -> /home/vboxuser/ros_ws/install/chat_pkg/lib/python3.10/site-packages/chat_pkg
[1.189s] copying /home/vboxuser/ros_ws/build/chat_pkg/build/lib/chat_pkg/raw_publisher.py -> /home/vboxuser/ros_ws/install/chat_pkg/lib/python3.10/site-packages/chat_pkg
[1.189s] copying /home/vboxuser/ros_ws/build/chat_pkg/build/lib/chat_pkg/processor_node.py -> /home/vboxuser/ros_ws/install/chat_pkg/lib/python3.10/site-packages/chat_pkg
[1.190s] byte-compiling /home/vboxuser/ros_ws/install/chat_pkg/lib/python3.10/site-packages/chat_pkg/output_node.py to output_node.cpython-310.pyc
[1.190s] byte-compiling /home/vboxuser/ros_ws/install/chat_pkg/lib/python3.10/site-packages/chat_pkg/raw_publisher.py to raw_publisher.cpython-310.pyc
[1.191s] byte-compiling /home/vboxuser/ros_ws/install/chat_pkg/lib/python3.10/site-packages/chat_pkg/processor_node.py to processor_node.cpython-310.pyc
[1.191s]   File "/home/vboxuser/ros_ws/install/chat_pkg/lib/python3.10/site-packages/chat_pkg/processor_node.py", line 14
[1.191s]     '/raw_signal'
[1.191s]     ^^^^^^^^^^^^^^^^^^^
[1.192s] SyntaxError: invalid syntax. Perhaps you forgot a comma?
[1.192s] 
[1.192s] running install_data
[1.192s] running install_egg_info
[1.195s] removing '/home/vboxuser/ros_ws/install/chat_pkg/lib/python3.10/site-packages/chat_pkg-0.0.0-py3.10.egg-info' (and everything under it)
[1.196s] Copying ../../build/chat_pkg/chat_pkg.egg-info to /home/vboxuser/ros_ws/install/chat_pkg/lib/python3.10/site-packages/chat_pkg-0.0.0-py3.10.egg-info
[1.197s] running install_scripts
[1.230s] Installing chat_node=chat_pkg.chat_node:mainraw_publisher script to /home/vboxuser/ros_ws/install/chat_pkg/lib/chat_pkg
[1.230s] Installing output_node script to /home/vboxuser/ros_ws/install/chat_pkg/lib/chat_pkg
[1.230s] Installing processor_node script to /home/vboxuser/ros_ws/install/chat_pkg/lib/chat_pkg
[1.231s] writing list of installed files to '/home/vboxuser/ros_ws/build/chat_pkg/install.log'
[1.261s] Invoked command in '/home/vboxuser/ros_ws/src/chat_pkg' returned '0': PYTHONPATH=/home/vboxuser/ros_ws/build/chat_pkg/prefix_override:/usr/lib/python3/dist-packages/colcon_core/task/python/colcon_distutils_commands:/home/vboxuser/ros_ws/install/chat_pkg/lib/python3.10/site-packages:${PYTHONPATH} /usr/bin/python3 -W ignore:setup.py install is deprecated -W ignore:easy_install command is deprecated setup.py egg_info --egg-base ../../build/chat_pkg build --build-base /home/vboxuser/ros_ws/build/chat_pkg/build install --record /home/vboxuser/ros_ws/build/chat_pkg/install.log --single-version-externally-managed install_data
