[0.045s] Invoking command in '/home/vboxuser/ros_ws/build/nav_interfaces': CMAKE_PREFIX_PATH=/opt/ros/humble /usr/bin/cmake --build /home/vboxuser/ros_ws/build/nav_interfaces -- -j3 -l3
[0.268s] [35m[1mConsolidate compiler generated dependencies of target nav_interfaces__rosidl_generator_c[0m
[0.303s] [  9%] Built target nav_interfaces__rosidl_generator_c
[0.324s] [ 12%] Built target nav_interfaces__cpp
[0.332s] [ 15%] Built target nav_interfaces__rs
[0.365s] [35m[1mConsolidate compiler generated dependencies of target nav_interfaces__rosidl_typesupport_c[0m
[0.379s] [35m[1mConsolidate compiler generated dependencies of target nav_interfaces__rosidl_typesupport_introspection_cpp[0m
[0.390s] [ 25%] Built target nav_interfaces__rosidl_typesupport_c
[0.400s] [ 34%] Built target nav_interfaces__rosidl_typesupport_introspection_cpp
[0.414s] [35m[1mConsolidate compiler generated dependencies of target nav_interfaces__rosidl_typesupport_fastrtps_c[0m
[0.424s] [ 34%] Built target ament_cmake_python_copy_nav_interfaces
[0.448s] [35m[1mConsolidate compiler generated dependencies of target nav_interfaces__rosidl_typesupport_introspection_c[0m
[0.454s] [ 43%] Built target nav_interfaces__rosidl_typesupport_fastrtps_c
[0.462s] [35m[1mConsolidate compiler generated dependencies of target nav_interfaces__rosidl_typesupport_fastrtps_cpp[0m
[0.478s] [35m[1mConsolidate compiler generated dependencies of target nav_interfaces__rosidl_typesupport_cpp[0m
[0.487s] [ 53%] Built target nav_interfaces__rosidl_typesupport_fastrtps_cpp
[0.487s] [ 62%] Built target nav_interfaces__rosidl_typesupport_introspection_c
[0.505s] [ 71%] Built target nav_interfaces__rosidl_typesupport_cpp
[0.557s] [ 71%] Built target nav_interfaces
[0.603s] [ 75%] Built target nav_interfaces__py
[0.629s] [35m[1mConsolidate compiler generated dependencies of target nav_interfaces__rosidl_generator_py[0m
[0.680s] [ 81%] Built target nav_interfaces__rosidl_generator_py
[0.727s] [35m[1mConsolidate compiler generated dependencies of target nav_interfaces__rosidl_typesupport_introspection_c__pyext[0m
[0.742s] [35m[1mConsolidate compiler generated dependencies of target nav_interfaces__rosidl_typesupport_fastrtps_c__pyext[0m
[0.773s] [ 87%] Built target nav_interfaces__rosidl_typesupport_introspection_c__pyext
[0.798s] [ 93%] Built target nav_interfaces__rosidl_typesupport_fastrtps_c__pyext
[0.809s] [35m[1mConsolidate compiler generated dependencies of target nav_interfaces__rosidl_typesupport_c__pyext[0m
[0.855s] [100%] Built target nav_interfaces__rosidl_typesupport_c__pyext
[1.382s] running egg_info
[1.391s] writing nav_interfaces.egg-info/PKG-INFO
[1.391s] writing dependency_links to nav_interfaces.egg-info/dependency_links.txt
[1.391s] writing top-level names to nav_interfaces.egg-info/top_level.txt
[1.397s] reading manifest file 'nav_interfaces.egg-info/SOURCES.txt'
[1.397s] writing manifest file 'nav_interfaces.egg-info/SOURCES.txt'
[1.477s] [100%] Built target ament_cmake_python_build_nav_interfaces_egg
[1.517s] Invoked command in '/home/vboxuser/ros_ws/build/nav_interfaces' returned '0': CMAKE_PREFIX_PATH=/opt/ros/humble /usr/bin/cmake --build /home/vboxuser/ros_ws/build/nav_interfaces -- -j3 -l3
[1.556s] Invoking command in '/home/vboxuser/ros_ws/build/nav_interfaces': CMAKE_PREFIX_PATH=/opt/ros/humble /usr/bin/cmake --install /home/vboxuser/ros_ws/build/nav_interfaces
[1.583s] -- Install configuration: ""
[1.583s] -- Up-to-date: /home/vboxuser/ros_ws/install/nav_interfaces/share/ament_index/resource_index/rosidl_interfaces/nav_interfaces
[1.586s] -- Up-to-date: /home/vboxuser/ros_ws/install/nav_interfaces/include/nav_interfaces/nav_interfaces
[1.588s] -- Up-to-date: /home/vboxuser/ros_ws/install/nav_interfaces/include/nav_interfaces/nav_interfaces/msg
[1.589s] -- Up-to-date: /home/vboxuser/ros_ws/install/nav_interfaces/include/nav_interfaces/nav_interfaces/msg/rosidl_generator_c__visibility_control.h
[1.591s] -- Up-to-date: /home/vboxuser/ros_ws/install/nav_interfaces/include/nav_interfaces/nav_interfaces/msg/detail
[1.591s] -- Up-to-date: /home/vboxuser/ros_ws/install/nav_interfaces/include/nav_interfaces/nav_interfaces/msg/detail/bot_pose__functions.c
[1.594s] -- Up-to-date: /home/vboxuser/ros_ws/install/nav_interfaces/include/nav_interfaces/nav_interfaces/msg/detail/bot_pose__functions.h
[1.594s] -- Up-to-date: /home/vboxuser/ros_ws/install/nav_interfaces/include/nav_interfaces/nav_interfaces/msg/detail/bot_pose__struct.h
[1.594s] -- Up-to-date: /home/vboxuser/ros_ws/install/nav_interfaces/include/nav_interfaces/nav_interfaces/msg/detail/bot_pose__type_support.h
[1.594s] -- Up-to-date: /home/vboxuser/ros_ws/install/nav_interfaces/include/nav_interfaces/nav_interfaces/msg/bot_pose.h
[1.594s] -- Up-to-date: /home/vboxuser/ros_ws/install/nav_interfaces/share/nav_interfaces/environment/library_path.sh
[1.594s] -- Up-to-date: /home/vboxuser/ros_ws/install/nav_interfaces/share/nav_interfaces/environment/library_path.dsv
[1.594s] -- Up-to-date: /home/vboxuser/ros_ws/install/nav_interfaces/lib/libnav_interfaces__rosidl_generator_c.so
[1.594s] -- Up-to-date: /home/vboxuser/ros_ws/install/nav_interfaces/include/nav_interfaces/nav_interfaces
[1.595s] -- Up-to-date: /home/vboxuser/ros_ws/install/nav_interfaces/include/nav_interfaces/nav_interfaces/msg
[1.595s] -- Up-to-date: /home/vboxuser/ros_ws/install/nav_interfaces/include/nav_interfaces/nav_interfaces/msg/rosidl_typesupport_fastrtps_c__visibility_control.h
[1.595s] -- Up-to-date: /home/vboxuser/ros_ws/install/nav_interfaces/include/nav_interfaces/nav_interfaces/msg/detail
[1.595s] -- Up-to-date: /home/vboxuser/ros_ws/install/nav_interfaces/include/nav_interfaces/nav_interfaces/msg/detail/bot_pose__rosidl_typesupport_fastrtps_c.h
[1.595s] -- Up-to-date: /home/vboxuser/ros_ws/install/nav_interfaces/lib/libnav_interfaces__rosidl_typesupport_fastrtps_c.so
[1.595s] -- Up-to-date: /home/vboxuser/ros_ws/install/nav_interfaces/include/nav_interfaces/nav_interfaces
[1.595s] -- Up-to-date: /home/vboxuser/ros_ws/install/nav_interfaces/include/nav_interfaces/nav_interfaces/msg
[1.595s] -- Up-to-date: /home/vboxuser/ros_ws/install/nav_interfaces/include/nav_interfaces/nav_interfaces/msg/rosidl_typesupport_introspection_c__visibility_control.h
[1.595s] -- Up-to-date: /home/vboxuser/ros_ws/install/nav_interfaces/include/nav_interfaces/nav_interfaces/msg/detail
[1.595s] -- Up-to-date: /home/vboxuser/ros_ws/install/nav_interfaces/include/nav_interfaces/nav_interfaces/msg/detail/bot_pose__type_support.c
[1.595s] -- Up-to-date: /home/vboxuser/ros_ws/install/nav_interfaces/include/nav_interfaces/nav_interfaces/msg/detail/bot_pose__rosidl_typesupport_introspection_c.h
[1.601s] -- Up-to-date: /home/vboxuser/ros_ws/install/nav_interfaces/lib/libnav_interfaces__rosidl_typesupport_introspection_c.so
[1.601s] -- Up-to-date: /home/vboxuser/ros_ws/install/nav_interfaces/lib/libnav_interfaces__rosidl_typesupport_c.so
[1.601s] -- Up-to-date: /home/vboxuser/ros_ws/install/nav_interfaces/include/nav_interfaces/nav_interfaces
[1.601s] -- Up-to-date: /home/vboxuser/ros_ws/install/nav_interfaces/include/nav_interfaces/nav_interfaces/msg
[1.601s] -- Up-to-date: /home/vboxuser/ros_ws/install/nav_interfaces/include/nav_interfaces/nav_interfaces/msg/rosidl_generator_cpp__visibility_control.hpp
[1.604s] -- Up-to-date: /home/vboxuser/ros_ws/install/nav_interfaces/include/nav_interfaces/nav_interfaces/msg/detail
[1.604s] -- Up-to-date: /home/vboxuser/ros_ws/install/nav_interfaces/include/nav_interfaces/nav_interfaces/msg/detail/bot_pose__traits.hpp
[1.604s] -- Up-to-date: /home/vboxuser/ros_ws/install/nav_interfaces/include/nav_interfaces/nav_interfaces/msg/detail/bot_pose__builder.hpp
[1.604s] -- Up-to-date: /home/vboxuser/ros_ws/install/nav_interfaces/include/nav_interfaces/nav_interfaces/msg/detail/bot_pose__type_support.hpp
[1.604s] -- Up-to-date: /home/vboxuser/ros_ws/install/nav_interfaces/include/nav_interfaces/nav_interfaces/msg/detail/bot_pose__struct.hpp
[1.604s] -- Up-to-date: /home/vboxuser/ros_ws/install/nav_interfaces/include/nav_interfaces/nav_interfaces/msg/bot_pose.hpp
[1.604s] -- Up-to-date: /home/vboxuser/ros_ws/install/nav_interfaces/include/nav_interfaces/nav_interfaces
[1.604s] -- Up-to-date: /home/vboxuser/ros_ws/install/nav_interfaces/include/nav_interfaces/nav_interfaces/msg
[1.608s] -- Up-to-date: /home/vboxuser/ros_ws/install/nav_interfaces/include/nav_interfaces/nav_interfaces/msg/rosidl_typesupport_fastrtps_cpp__visibility_control.h
[1.608s] -- Up-to-date: /home/vboxuser/ros_ws/install/nav_interfaces/include/nav_interfaces/nav_interfaces/msg/detail
[1.608s] -- Up-to-date: /home/vboxuser/ros_ws/install/nav_interfaces/include/nav_interfaces/nav_interfaces/msg/detail/dds_fastrtps
[1.608s] -- Up-to-date: /home/vboxuser/ros_ws/install/nav_interfaces/include/nav_interfaces/nav_interfaces/msg/detail/bot_pose__rosidl_typesupport_fastrtps_cpp.hpp
[1.609s] -- Up-to-date: /home/vboxuser/ros_ws/install/nav_interfaces/lib/libnav_interfaces__rosidl_typesupport_fastrtps_cpp.so
[1.609s] -- Up-to-date: /home/vboxuser/ros_ws/install/nav_interfaces/include/nav_interfaces/nav_interfaces
[1.609s] -- Up-to-date: /home/vboxuser/ros_ws/install/nav_interfaces/include/nav_interfaces/nav_interfaces/msg
[1.609s] -- Up-to-date: /home/vboxuser/ros_ws/install/nav_interfaces/include/nav_interfaces/nav_interfaces/msg/detail
[1.609s] -- Up-to-date: /home/vboxuser/ros_ws/install/nav_interfaces/include/nav_interfaces/nav_interfaces/msg/detail/bot_pose__rosidl_typesupport_introspection_cpp.hpp
[1.615s] -- Up-to-date: /home/vboxuser/ros_ws/install/nav_interfaces/include/nav_interfaces/nav_interfaces/msg/detail/bot_pose__type_support.cpp
[1.615s] -- Up-to-date: /home/vboxuser/ros_ws/install/nav_interfaces/lib/libnav_interfaces__rosidl_typesupport_introspection_cpp.so
[1.615s] -- Up-to-date: /home/vboxuser/ros_ws/install/nav_interfaces/lib/libnav_interfaces__rosidl_typesupport_cpp.so
[1.615s] -- Up-to-date: /home/vboxuser/ros_ws/install/nav_interfaces/share/nav_interfaces/environment/pythonpath.sh
[1.616s] -- Up-to-date: /home/vboxuser/ros_ws/install/nav_interfaces/share/nav_interfaces/environment/pythonpath.dsv
[1.616s] -- Up-to-date: /home/vboxuser/ros_ws/install/nav_interfaces/local/lib/python3.10/dist-packages/nav_interfaces-0.0.0-py3.10.egg-info
[1.616s] -- Installing: /home/vboxuser/ros_ws/install/nav_interfaces/local/lib/python3.10/dist-packages/nav_interfaces-0.0.0-py3.10.egg-info/top_level.txt
[1.616s] -- Installing: /home/vboxuser/ros_ws/install/nav_interfaces/local/lib/python3.10/dist-packages/nav_interfaces-0.0.0-py3.10.egg-info/SOURCES.txt
[1.616s] -- Installing: /home/vboxuser/ros_ws/install/nav_interfaces/local/lib/python3.10/dist-packages/nav_interfaces-0.0.0-py3.10.egg-info/PKG-INFO
[1.623s] -- Installing: /home/vboxuser/ros_ws/install/nav_interfaces/local/lib/python3.10/dist-packages/nav_interfaces-0.0.0-py3.10.egg-info/dependency_links.txt
[1.626s] -- Up-to-date: /home/vboxuser/ros_ws/install/nav_interfaces/local/lib/python3.10/dist-packages/nav_interfaces
[1.626s] -- Up-to-date: /home/vboxuser/ros_ws/install/nav_interfaces/local/lib/python3.10/dist-packages/nav_interfaces/libnav_interfaces__rosidl_generator_py.so
[1.626s] -- Up-to-date: /home/vboxuser/ros_ws/install/nav_interfaces/local/lib/python3.10/dist-packages/nav_interfaces/_nav_interfaces_s.ep.rosidl_typesupport_c.c
[1.629s] -- Up-to-date: /home/vboxuser/ros_ws/install/nav_interfaces/local/lib/python3.10/dist-packages/nav_interfaces/_nav_interfaces_s.ep.rosidl_typesupport_introspection_c.c
[1.629s] -- Up-to-date: /home/vboxuser/ros_ws/install/nav_interfaces/local/lib/python3.10/dist-packages/nav_interfaces/_nav_interfaces_s.ep.rosidl_typesupport_fastrtps_c.c
[1.629s] -- Up-to-date: /home/vboxuser/ros_ws/install/nav_interfaces/local/lib/python3.10/dist-packages/nav_interfaces/nav_interfaces_s__rosidl_typesupport_fastrtps_c.cpython-310-x86_64-linux-gnu.so
[1.629s] -- Up-to-date: /home/vboxuser/ros_ws/install/nav_interfaces/local/lib/python3.10/dist-packages/nav_interfaces/msg
[1.629s] -- Up-to-date: /home/vboxuser/ros_ws/install/nav_interfaces/local/lib/python3.10/dist-packages/nav_interfaces/msg/_bot_pose_s.c
[1.630s] -- Up-to-date: /home/vboxuser/ros_ws/install/nav_interfaces/local/lib/python3.10/dist-packages/nav_interfaces/msg/__init__.py
[1.630s] -- Up-to-date: /home/vboxuser/ros_ws/install/nav_interfaces/local/lib/python3.10/dist-packages/nav_interfaces/msg/_bot_pose.py
[1.630s] -- Up-to-date: /home/vboxuser/ros_ws/install/nav_interfaces/local/lib/python3.10/dist-packages/nav_interfaces/__init__.py
[1.630s] -- Up-to-date: /home/vboxuser/ros_ws/install/nav_interfaces/local/lib/python3.10/dist-packages/nav_interfaces/nav_interfaces_s__rosidl_typesupport_introspection_c.cpython-310-x86_64-linux-gnu.so
[1.635s] -- Up-to-date: /home/vboxuser/ros_ws/install/nav_interfaces/local/lib/python3.10/dist-packages/nav_interfaces/nav_interfaces_s__rosidl_typesupport_c.cpython-310-x86_64-linux-gnu.so
[1.676s] Listing '/home/vboxuser/ros_ws/install/nav_interfaces/local/lib/python3.10/dist-packages/nav_interfaces'...
[1.677s] Listing '/home/vboxuser/ros_ws/install/nav_interfaces/local/lib/python3.10/dist-packages/nav_interfaces/msg'...
[1.692s] -- Up-to-date: /home/vboxuser/ros_ws/install/nav_interfaces/local/lib/python3.10/dist-packages/nav_interfaces/nav_interfaces_s__rosidl_typesupport_fastrtps_c.cpython-310-x86_64-linux-gnu.so
[1.693s] -- Up-to-date: /home/vboxuser/ros_ws/install/nav_interfaces/local/lib/python3.10/dist-packages/nav_interfaces/nav_interfaces_s__rosidl_typesupport_introspection_c.cpython-310-x86_64-linux-gnu.so
[1.694s] -- Up-to-date: /home/vboxuser/ros_ws/install/nav_interfaces/local/lib/python3.10/dist-packages/nav_interfaces/nav_interfaces_s__rosidl_typesupport_c.cpython-310-x86_64-linux-gnu.so
[1.694s] -- Up-to-date: /home/vboxuser/ros_ws/install/nav_interfaces/lib/libnav_interfaces__rosidl_generator_py.so
[1.694s] -- Up-to-date: /home/vboxuser/ros_ws/install/nav_interfaces/share/ament_index/resource_index/rust_packages/nav_interfaces
[1.695s] -- Up-to-date: /home/vboxuser/ros_ws/install/nav_interfaces/share/nav_interfaces/rust
[1.695s] -- Up-to-date: /home/vboxuser/ros_ws/install/nav_interfaces/share/nav_interfaces/rust/build.rs
[1.695s] -- Up-to-date: /home/vboxuser/ros_ws/install/nav_interfaces/share/nav_interfaces/rust/Cargo.toml
[1.699s] -- Up-to-date: /home/vboxuser/ros_ws/install/nav_interfaces/share/nav_interfaces/rust/src
[1.699s] -- Up-to-date: /home/vboxuser/ros_ws/install/nav_interfaces/share/nav_interfaces/rust/src/lib.rs
[1.699s] -- Up-to-date: /home/vboxuser/ros_ws/install/nav_interfaces/share/nav_interfaces/rust/src/msg.rs
[1.700s] -- Up-to-date: /home/vboxuser/ros_ws/install/nav_interfaces/share/nav_interfaces/rust/src/msg
[1.700s] -- Up-to-date: /home/vboxuser/ros_ws/install/nav_interfaces/share/nav_interfaces/rust/src/msg/rmw.rs
[1.700s] -- Up-to-date: /home/vboxuser/ros_ws/install/nav_interfaces/share/nav_interfaces/msg/BotPose.idl
[1.700s] -- Up-to-date: /home/vboxuser/ros_ws/install/nav_interfaces/share/nav_interfaces/msg/BotPose.msg
[1.705s] -- Up-to-date: /home/vboxuser/ros_ws/install/nav_interfaces/share/ament_index/resource_index/package_run_dependencies/nav_interfaces
[1.705s] -- Up-to-date: /home/vboxuser/ros_ws/install/nav_interfaces/share/ament_index/resource_index/parent_prefix_path/nav_interfaces
[1.705s] -- Up-to-date: /home/vboxuser/ros_ws/install/nav_interfaces/share/nav_interfaces/environment/ament_prefix_path.sh
[1.705s] -- Up-to-date: /home/vboxuser/ros_ws/install/nav_interfaces/share/nav_interfaces/environment/ament_prefix_path.dsv
[1.706s] -- Up-to-date: /home/vboxuser/ros_ws/install/nav_interfaces/share/nav_interfaces/environment/path.sh
[1.708s] -- Up-to-date: /home/vboxuser/ros_ws/install/nav_interfaces/share/nav_interfaces/environment/path.dsv
[1.708s] -- Up-to-date: /home/vboxuser/ros_ws/install/nav_interfaces/share/nav_interfaces/local_setup.bash
[1.708s] -- Up-to-date: /home/vboxuser/ros_ws/install/nav_interfaces/share/nav_interfaces/local_setup.sh
[1.708s] -- Up-to-date: /home/vboxuser/ros_ws/install/nav_interfaces/share/nav_interfaces/local_setup.zsh
[1.708s] -- Up-to-date: /home/vboxuser/ros_ws/install/nav_interfaces/share/nav_interfaces/local_setup.dsv
[1.709s] -- Installing: /home/vboxuser/ros_ws/install/nav_interfaces/share/nav_interfaces/package.dsv
[1.711s] -- Up-to-date: /home/vboxuser/ros_ws/install/nav_interfaces/share/ament_index/resource_index/packages/nav_interfaces
[1.711s] -- Up-to-date: /home/vboxuser/ros_ws/install/nav_interfaces/share/nav_interfaces/cmake/export_nav_interfaces__rosidl_generator_cExport.cmake
[1.711s] -- Up-to-date: /home/vboxuser/ros_ws/install/nav_interfaces/share/nav_interfaces/cmake/export_nav_interfaces__rosidl_generator_cExport-noconfig.cmake
[1.711s] -- Up-to-date: /home/vboxuser/ros_ws/install/nav_interfaces/share/nav_interfaces/cmake/export_nav_interfaces__rosidl_typesupport_fastrtps_cExport.cmake
[1.711s] -- Up-to-date: /home/vboxuser/ros_ws/install/nav_interfaces/share/nav_interfaces/cmake/export_nav_interfaces__rosidl_typesupport_fastrtps_cExport-noconfig.cmake
[1.712s] -- Up-to-date: /home/vboxuser/ros_ws/install/nav_interfaces/share/nav_interfaces/cmake/nav_interfaces__rosidl_typesupport_introspection_cExport.cmake
[1.712s] -- Up-to-date: /home/vboxuser/ros_ws/install/nav_interfaces/share/nav_interfaces/cmake/nav_interfaces__rosidl_typesupport_introspection_cExport-noconfig.cmake
[1.712s] -- Up-to-date: /home/vboxuser/ros_ws/install/nav_interfaces/share/nav_interfaces/cmake/nav_interfaces__rosidl_typesupport_cExport.cmake
[1.712s] -- Up-to-date: /home/vboxuser/ros_ws/install/nav_interfaces/share/nav_interfaces/cmake/nav_interfaces__rosidl_typesupport_cExport-noconfig.cmake
[1.712s] -- Up-to-date: /home/vboxuser/ros_ws/install/nav_interfaces/share/nav_interfaces/cmake/export_nav_interfaces__rosidl_generator_cppExport.cmake
[1.715s] -- Up-to-date: /home/vboxuser/ros_ws/install/nav_interfaces/share/nav_interfaces/cmake/export_nav_interfaces__rosidl_typesupport_fastrtps_cppExport.cmake
[1.716s] -- Up-to-date: /home/vboxuser/ros_ws/install/nav_interfaces/share/nav_interfaces/cmake/export_nav_interfaces__rosidl_typesupport_fastrtps_cppExport-noconfig.cmake
[1.716s] -- Up-to-date: /home/vboxuser/ros_ws/install/nav_interfaces/share/nav_interfaces/cmake/nav_interfaces__rosidl_typesupport_introspection_cppExport.cmake
[1.716s] -- Up-to-date: /home/vboxuser/ros_ws/install/nav_interfaces/share/nav_interfaces/cmake/nav_interfaces__rosidl_typesupport_introspection_cppExport-noconfig.cmake
[1.716s] -- Up-to-date: /home/vboxuser/ros_ws/install/nav_interfaces/share/nav_interfaces/cmake/nav_interfaces__rosidl_typesupport_cppExport.cmake
[1.716s] -- Up-to-date: /home/vboxuser/ros_ws/install/nav_interfaces/share/nav_interfaces/cmake/nav_interfaces__rosidl_typesupport_cppExport-noconfig.cmake
[1.717s] -- Up-to-date: /home/vboxuser/ros_ws/install/nav_interfaces/share/nav_interfaces/cmake/export_nav_interfaces__rosidl_generator_pyExport.cmake
[1.717s] -- Up-to-date: /home/vboxuser/ros_ws/install/nav_interfaces/share/nav_interfaces/cmake/export_nav_interfaces__rosidl_generator_pyExport-noconfig.cmake
[1.717s] -- Up-to-date: /home/vboxuser/ros_ws/install/nav_interfaces/share/nav_interfaces/cmake/rosidl_cmake-extras.cmake
[1.717s] -- Up-to-date: /home/vboxuser/ros_ws/install/nav_interfaces/share/nav_interfaces/cmake/ament_cmake_export_include_directories-extras.cmake
[1.717s] -- Up-to-date: /home/vboxuser/ros_ws/install/nav_interfaces/share/nav_interfaces/cmake/ament_cmake_export_libraries-extras.cmake
[1.717s] -- Up-to-date: /home/vboxuser/ros_ws/install/nav_interfaces/share/nav_interfaces/cmake/ament_cmake_export_targets-extras.cmake
[1.717s] -- Up-to-date: /home/vboxuser/ros_ws/install/nav_interfaces/share/nav_interfaces/cmake/rosidl_cmake_export_typesupport_targets-extras.cmake
[1.718s] -- Up-to-date: /home/vboxuser/ros_ws/install/nav_interfaces/share/nav_interfaces/cmake/ament_cmake_export_dependencies-extras.cmake
[1.718s] -- Up-to-date: /home/vboxuser/ros_ws/install/nav_interfaces/share/nav_interfaces/cmake/rosidl_cmake_export_typesupport_libraries-extras.cmake
[1.718s] -- Up-to-date: /home/vboxuser/ros_ws/install/nav_interfaces/share/nav_interfaces/cmake/nav_interfacesConfig.cmake
[1.718s] -- Up-to-date: /home/vboxuser/ros_ws/install/nav_interfaces/share/nav_interfaces/cmake/nav_interfacesConfig-version.cmake
[1.718s] -- Up-to-date: /home/vboxuser/ros_ws/install/nav_interfaces/share/nav_interfaces/package.xml
[1.718s] Invoked command in '/home/vboxuser/ros_ws/build/nav_interfaces' returned '0': CMAKE_PREFIX_PATH=/opt/ros/humble /usr/bin/cmake --install /home/vboxuser/ros_ws/build/nav_interfaces
