[1.179s] Invoking command in '/home/vboxuser/ros_ws/src/chat_pkg': PYTHONPATH=/home/vboxuser/ros_ws/build/chat_pkg/prefix_override:/usr/lib/python3/dist-packages/colcon_core/task/python/colcon_distutils_commands:/home/vboxuser/ros_ws/install/chat_pkg/lib/python3.10/site-packages:${PYTHONPATH} /usr/bin/python3 -W ignore:setup.py install is deprecated -W ignore:easy_install command is deprecated setup.py egg_info --egg-base ../../build/chat_pkg build --build-base /home/vboxuser/ros_ws/build/chat_pkg/build install --record /home/vboxuser/ros_ws/build/chat_pkg/install.log --single-version-externally-managed install_data
[1.662s] running egg_info
[1.664s] writing ../../build/chat_pkg/chat_pkg.egg-info/PKG-INFO
[1.665s] writing dependency_links to ../../build/chat_pkg/chat_pkg.egg-info/dependency_links.txt
[1.665s] writing entry points to ../../build/chat_pkg/chat_pkg.egg-info/entry_points.txt
[1.666s] writing requirements to ../../build/chat_pkg/chat_pkg.egg-info/requires.txt
[1.666s] writing top-level names to ../../build/chat_pkg/chat_pkg.egg-info/top_level.txt
[1.669s] reading manifest file '../../build/chat_pkg/chat_pkg.egg-info/SOURCES.txt'
[1.670s] writing manifest file '../../build/chat_pkg/chat_pkg.egg-info/SOURCES.txt'
[1.671s] running build
[1.671s] running build_py
[1.671s] copying chat_pkg/chat_node.py -> /home/vboxuser/ros_ws/build/chat_pkg/build/lib/chat_pkg
[1.672s] running install
[1.673s] running install_lib
[1.674s] copying /home/vboxuser/ros_ws/build/chat_pkg/build/lib/chat_pkg/chat_node.py -> /home/vboxuser/ros_ws/install/chat_pkg/lib/python3.10/site-packages/chat_pkg
[1.675s] byte-compiling /home/vboxuser/ros_ws/install/chat_pkg/lib/python3.10/site-packages/chat_pkg/chat_node.py to chat_node.cpython-310.pyc
[1.676s] running install_data
[1.676s] running install_egg_info
[1.681s] removing '/home/vboxuser/ros_ws/install/chat_pkg/lib/python3.10/site-packages/chat_pkg-0.0.0-py3.10.egg-info' (and everything under it)
[1.681s] Copying ../../build/chat_pkg/chat_pkg.egg-info to /home/vboxuser/ros_ws/install/chat_pkg/lib/python3.10/site-packages/chat_pkg-0.0.0-py3.10.egg-info
[1.683s] running install_scripts
[1.718s] Installing chat_node script to /home/vboxuser/ros_ws/install/chat_pkg/lib/chat_pkg
[1.720s] writing list of installed files to '/home/vboxuser/ros_ws/build/chat_pkg/install.log'
[1.762s] Invoked command in '/home/vboxuser/ros_ws/src/chat_pkg' returned '0': PYTHONPATH=/home/vboxuser/ros_ws/build/chat_pkg/prefix_override:/usr/lib/python3/dist-packages/colcon_core/task/python/colcon_distutils_commands:/home/vboxuser/ros_ws/install/chat_pkg/lib/python3.10/site-packages:${PYTHONPATH} /usr/bin/python3 -W ignore:setup.py install is deprecated -W ignore:easy_install command is deprecated setup.py egg_info --egg-base ../../build/chat_pkg build --build-base /home/vboxuser/ros_ws/build/chat_pkg/build install --record /home/vboxuser/ros_ws/build/chat_pkg/install.log --single-version-externally-managed install_data
