running egg_info
writing ../../build/chat_pkg/chat_pkg.egg-info/PKG-INFO
writing dependency_links to ../../build/chat_pkg/chat_pkg.egg-info/dependency_links.txt
writing entry points to ../../build/chat_pkg/chat_pkg.egg-info/entry_points.txt
writing requirements to ../../build/chat_pkg/chat_pkg.egg-info/requires.txt
writing top-level names to ../../build/chat_pkg/chat_pkg.egg-info/top_level.txt
reading manifest file '../../build/chat_pkg/chat_pkg.egg-info/SOURCES.txt'
writing manifest file '../../build/chat_pkg/chat_pkg.egg-info/SOURCES.txt'
running build
running build_py
running install
running install_lib
running install_data
running install_egg_info
removing '/home/vboxuser/ros_ws/install/chat_pkg/lib/python3.10/site-packages/chat_pkg-0.0.0-py3.10.egg-info' (and everything under it)
Copying ../../build/chat_pkg/chat_pkg.egg-info to /home/vboxuser/ros_ws/install/chat_pkg/lib/python3.10/site-packages/chat_pkg-0.0.0-py3.10.egg-info
running install_scripts
Installing chat_node script to /home/vboxuser/ros_ws/install/chat_pkg/lib/chat_pkg
Installing output_node script to /home/vboxuser/ros_ws/install/chat_pkg/lib/chat_pkg
Installing processor_node script to /home/vboxuser/ros_ws/install/chat_pkg/lib/chat_pkg
Installing raw_publisher script to /home/vboxuser/ros_ws/install/chat_pkg/lib/chat_pkg
writing list of installed files to '/home/vboxuser/ros_ws/build/chat_pkg/install.log'
