[1.153s] Invoking command in '/home/vboxuser/ros_ws/src/nav_pkg': PYTHONPATH=/home/vboxuser/ros_ws/build/nav_pkg/prefix_override:/usr/lib/python3/dist-packages/colcon_core/task/python/colcon_distutils_commands:/home/vboxuser/ros_ws/install/nav_pkg/lib/python3.10/site-packages:${PYTHONPATH} /usr/bin/python3 -W ignore:setup.py install is deprecated -W ignore:easy_install command is deprecated setup.py egg_info --egg-base ../../build/nav_pkg build --build-base /home/vboxuser/ros_ws/build/nav_pkg/build install --record /home/vboxuser/ros_ws/build/nav_pkg/install.log --single-version-externally-managed install_data
[1.666s] running egg_info
[1.667s] creating ../../build/nav_pkg/nav_pkg.egg-info
[1.667s] writing ../../build/nav_pkg/nav_pkg.egg-info/PKG-INFO
[1.668s] writing dependency_links to ../../build/nav_pkg/nav_pkg.egg-info/dependency_links.txt
[1.668s] writing entry points to ../../build/nav_pkg/nav_pkg.egg-info/entry_points.txt
[1.669s] writing requirements to ../../build/nav_pkg/nav_pkg.egg-info/requires.txt
[1.669s] writing top-level names to ../../build/nav_pkg/nav_pkg.egg-info/top_level.txt
[1.669s] writing manifest file '../../build/nav_pkg/nav_pkg.egg-info/SOURCES.txt'
[1.672s] reading manifest file '../../build/nav_pkg/nav_pkg.egg-info/SOURCES.txt'
[1.673s] writing manifest file '../../build/nav_pkg/nav_pkg.egg-info/SOURCES.txt'
[1.674s] running build
[1.674s] running build_py
[1.675s] creating /home/vboxuser/ros_ws/build/nav_pkg/build
[1.675s] creating /home/vboxuser/ros_ws/build/nav_pkg/build/lib
[1.675s] creating /home/vboxuser/ros_ws/build/nav_pkg/build/lib/nav_pkg
[1.675s] copying nav_pkg/commander.py -> /home/vboxuser/ros_ws/build/nav_pkg/build/lib/nav_pkg
[1.676s] copying nav_pkg/navigator.py -> /home/vboxuser/ros_ws/build/nav_pkg/build/lib/nav_pkg
[1.676s] copying nav_pkg/__init__.py -> /home/vboxuser/ros_ws/build/nav_pkg/build/lib/nav_pkg
[1.677s] running install
[1.677s] running install_lib
[1.679s] creating /home/vboxuser/ros_ws/install/nav_pkg/lib/python3.10/site-packages/nav_pkg
[1.679s] copying /home/vboxuser/ros_ws/build/nav_pkg/build/lib/nav_pkg/commander.py -> /home/vboxuser/ros_ws/install/nav_pkg/lib/python3.10/site-packages/nav_pkg
[1.680s] copying /home/vboxuser/ros_ws/build/nav_pkg/build/lib/nav_pkg/navigator.py -> /home/vboxuser/ros_ws/install/nav_pkg/lib/python3.10/site-packages/nav_pkg
[1.680s] copying /home/vboxuser/ros_ws/build/nav_pkg/build/lib/nav_pkg/__init__.py -> /home/vboxuser/ros_ws/install/nav_pkg/lib/python3.10/site-packages/nav_pkg
[1.682s] byte-compiling /home/vboxuser/ros_ws/install/nav_pkg/lib/python3.10/site-packages/nav_pkg/commander.py to commander.cpython-310.pyc
[1.684s] byte-compiling /home/vboxuser/ros_ws/install/nav_pkg/lib/python3.10/site-packages/nav_pkg/navigator.py to navigator.cpython-310.pyc
[1.685s] byte-compiling /home/vboxuser/ros_ws/install/nav_pkg/lib/python3.10/site-packages/nav_pkg/__init__.py to __init__.cpython-310.pyc
[1.685s] running install_data
[1.686s] creating /home/vboxuser/ros_ws/install/nav_pkg/share/ament_index
[1.686s] creating /home/vboxuser/ros_ws/install/nav_pkg/share/ament_index/resource_index
[1.686s] creating /home/vboxuser/ros_ws/install/nav_pkg/share/ament_index/resource_index/packages
[1.686s] copying resource/nav_pkg -> /home/vboxuser/ros_ws/install/nav_pkg/share/ament_index/resource_index/packages
[1.687s] copying package.xml -> /home/vboxuser/ros_ws/install/nav_pkg/share/nav_pkg
[1.687s] creating /home/vboxuser/ros_ws/install/nav_pkg/share/nav_pkg/msg
[1.687s] running install_egg_info
[1.690s] Copying ../../build/nav_pkg/nav_pkg.egg-info to /home/vboxuser/ros_ws/install/nav_pkg/lib/python3.10/site-packages/nav_pkg-0.0.0-py3.10.egg-info
[1.692s] running install_scripts
[1.732s] Installing commander script to /home/vboxuser/ros_ws/install/nav_pkg/lib/nav_pkg
[1.732s] Installing navigator script to /home/vboxuser/ros_ws/install/nav_pkg/lib/nav_pkg
[1.733s] writing list of installed files to '/home/vboxuser/ros_ws/build/nav_pkg/install.log'
[1.769s] Invoked command in '/home/vboxuser/ros_ws/src/nav_pkg' returned '0': PYTHONPATH=/home/vboxuser/ros_ws/build/nav_pkg/prefix_override:/usr/lib/python3/dist-packages/colcon_core/task/python/colcon_distutils_commands:/home/vboxuser/ros_ws/install/nav_pkg/lib/python3.10/site-packages:${PYTHONPATH} /usr/bin/python3 -W ignore:setup.py install is deprecated -W ignore:easy_install command is deprecated setup.py egg_info --egg-base ../../build/nav_pkg build --build-base /home/vboxuser/ros_ws/build/nav_pkg/build install --record /home/vboxuser/ros_ws/build/nav_pkg/install.log --single-version-externally-managed install_data
