[1.525s] Invoking command in '/home/vboxuser/ros_ws/src/chat_pkg': PYTHONPATH=/home/vboxuser/ros_ws/build/chat_pkg/prefix_override:/usr/lib/python3/dist-packages/colcon_core/task/python/colcon_distutils_commands:/home/vboxuser/ros_ws/install/chat_pkg/lib/python3.10/site-packages:${PYTHONPATH} /usr/bin/python3 -W ignore:setup.py install is deprecated -W ignore:easy_install command is deprecated setup.py egg_info --egg-base ../../build/chat_pkg build --build-base /home/vboxuser/ros_ws/build/chat_pkg/build install --record /home/vboxuser/ros_ws/build/chat_pkg/install.log --single-version-externally-managed install_data
[2.028s] running egg_info
[2.030s] writing ../../build/chat_pkg/chat_pkg.egg-info/PKG-INFO
[2.030s] writing dependency_links to ../../build/chat_pkg/chat_pkg.egg-info/dependency_links.txt
[2.031s] writing entry points to ../../build/chat_pkg/chat_pkg.egg-info/entry_points.txt
[2.031s] writing requirements to ../../build/chat_pkg/chat_pkg.egg-info/requires.txt
[2.031s] writing top-level names to ../../build/chat_pkg/chat_pkg.egg-info/top_level.txt
[2.094s] reading manifest file '../../build/chat_pkg/chat_pkg.egg-info/SOURCES.txt'
[2.100s] writing manifest file '../../build/chat_pkg/chat_pkg.egg-info/SOURCES.txt'
[2.102s] running build
[2.103s] running build_py
[2.103s] copying chat_pkg/chat_node.py -> /home/vboxuser/ros_ws/build/chat_pkg/build/lib/chat_pkg
[2.108s] running install
[2.109s] running install_lib
[2.119s] copying /home/vboxuser/ros_ws/build/chat_pkg/build/lib/chat_pkg/chat_node.py -> /home/vboxuser/ros_ws/install/chat_pkg/lib/python3.10/site-packages/chat_pkg
[2.126s] byte-compiling /home/vboxuser/ros_ws/install/chat_pkg/lib/python3.10/site-packages/chat_pkg/chat_node.py to chat_node.cpython-310.pyc
[2.127s] running install_data
[2.129s] running install_egg_info
[2.138s] removing '/home/vboxuser/ros_ws/install/chat_pkg/lib/python3.10/site-packages/chat_pkg-0.0.0-py3.10.egg-info' (and everything under it)
[2.141s] Copying ../../build/chat_pkg/chat_pkg.egg-info to /home/vboxuser/ros_ws/install/chat_pkg/lib/python3.10/site-packages/chat_pkg-0.0.0-py3.10.egg-info
[2.147s] running install_scripts
[2.205s] Installing chat_node script to /home/vboxuser/ros_ws/install/chat_pkg/lib/chat_pkg
[2.206s] writing list of installed files to '/home/vboxuser/ros_ws/build/chat_pkg/install.log'
[2.249s] Invoked command in '/home/vboxuser/ros_ws/src/chat_pkg' returned '0': PYTHONPATH=/home/vboxuser/ros_ws/build/chat_pkg/prefix_override:/usr/lib/python3/dist-packages/colcon_core/task/python/colcon_distutils_commands:/home/vboxuser/ros_ws/install/chat_pkg/lib/python3.10/site-packages:${PYTHONPATH} /usr/bin/python3 -W ignore:setup.py install is deprecated -W ignore:easy_install command is deprecated setup.py egg_info --egg-base ../../build/chat_pkg build --build-base /home/vboxuser/ros_ws/build/chat_pkg/build install --record /home/vboxuser/ros_ws/build/chat_pkg/install.log --single-version-externally-managed install_data
