[2.798s] Invoking command in '/home/vboxuser/ros_ws/src/chat_pkg': PYTHONPATH=/home/vboxuser/ros_ws/build/chat_pkg/prefix_override:/usr/lib/python3/dist-packages/colcon_core/task/python/colcon_distutils_commands:/home/vboxuser/ros_ws/install/chat_pkg/lib/python3.10/site-packages:${PYTHONPATH} /usr/bin/python3 -W ignore:setup.py install is deprecated -W ignore:easy_install command is deprecated setup.py egg_info --egg-base ../../build/chat_pkg build --build-base /home/vboxuser/ros_ws/build/chat_pkg/build install --record /home/vboxuser/ros_ws/build/chat_pkg/install.log --single-version-externally-managed install_data
[3.671s] running egg_info
[3.671s] writing ../../build/chat_pkg/chat_pkg.egg-info/PKG-INFO
[3.672s] writing dependency_links to ../../build/chat_pkg/chat_pkg.egg-info/dependency_links.txt
[3.672s] writing entry points to ../../build/chat_pkg/chat_pkg.egg-info/entry_points.txt
[3.673s] writing requirements to ../../build/chat_pkg/chat_pkg.egg-info/requires.txt
[3.674s] writing top-level names to ../../build/chat_pkg/chat_pkg.egg-info/top_level.txt
[3.679s] reading manifest file '../../build/chat_pkg/chat_pkg.egg-info/SOURCES.txt'
[3.681s] writing manifest file '../../build/chat_pkg/chat_pkg.egg-info/SOURCES.txt'
[3.681s] running build
[3.681s] running build_py
[3.684s] running install
[3.684s] running install_lib
[3.687s] running install_data
[3.689s] running install_egg_info
[3.694s] removing '/home/vboxuser/ros_ws/install/chat_pkg/lib/python3.10/site-packages/chat_pkg-0.0.0-py3.10.egg-info' (and everything under it)
[3.695s] Copying ../../build/chat_pkg/chat_pkg.egg-info to /home/vboxuser/ros_ws/install/chat_pkg/lib/python3.10/site-packages/chat_pkg-0.0.0-py3.10.egg-info
[3.698s] running install_scripts
[3.751s] Installing chat_node script to /home/vboxuser/ros_ws/install/chat_pkg/lib/chat_pkg
[3.751s] Installing output_node script to /home/vboxuser/ros_ws/install/chat_pkg/lib/chat_pkg
[3.752s] Installing processor_node script to /home/vboxuser/ros_ws/install/chat_pkg/lib/chat_pkg
[3.752s] Installing raw_publisher script to /home/vboxuser/ros_ws/install/chat_pkg/lib/chat_pkg
[3.755s] writing list of installed files to '/home/vboxuser/ros_ws/build/chat_pkg/install.log'
[3.819s] Invoked command in '/home/vboxuser/ros_ws/src/chat_pkg' returned '0': PYTHONPATH=/home/vboxuser/ros_ws/build/chat_pkg/prefix_override:/usr/lib/python3/dist-packages/colcon_core/task/python/colcon_distutils_commands:/home/vboxuser/ros_ws/install/chat_pkg/lib/python3.10/site-packages:${PYTHONPATH} /usr/bin/python3 -W ignore:setup.py install is deprecated -W ignore:easy_install command is deprecated setup.py egg_info --egg-base ../../build/chat_pkg build --build-base /home/vboxuser/ros_ws/build/chat_pkg/build install --record /home/vboxuser/ros_ws/build/chat_pkg/install.log --single-version-externally-managed install_data
