[0.294s] DEBUG:colcon:Command line arguments: ['/usr/bin/colcon', 'build']
[0.295s] DEBUG:colcon:Parsed command line arguments: Namespace(log_base=None, log_level=None, verb_name='build', build_base='build', install_base='install', merge_install=False, symlink_install=False, test_result_base=None, continue_on_error=False, executor='parallel', parallel_workers=3, event_handlers=None, ignore_user_meta=False, metas=['./colcon.meta'], base_paths=['.'], packages_ignore=None, packages_ignore_regex=None, paths=None, packages_up_to=None, packages_up_to_regex=None, packages_above=None, packages_above_and_dependencies=None, packages_above_depth=None, packages_select_by_dep=None, packages_skip_by_dep=None, packages_skip_up_to=None, packages_select_build_failed=False, packages_skip_build_finished=False, packages_select_test_failures=False, packages_skip_test_passed=False, packages_select=None, packages_skip=None, packages_select_regex=None, packages_skip_regex=None, packages_start=None, packages_end=None, allow_overriding=[], cmake_args=None, cmake_target=None, cmake_target_skip_unavailable=False, cmake_clean_cache=False, cmake_clean_first=False, cmake_force_configure=False, ament_cmake_args=None, catkin_cmake_args=None, catkin_skip_building_tests=False, mixin_files=None, mixin=None, verb_parser=<colcon_mixin.mixin.mixin_argument.MixinArgumentDecorator object at 0x74ce80161240>, verb_extension=<colcon_core.verb.build.BuildVerb object at 0x74ce80160cd0>, main=<bound method BuildVerb.main of <colcon_core.verb.build.BuildVerb object at 0x74ce80160cd0>>, mixin_verb=('build',))
[0.714s] Level 1:colcon.colcon_core.package_discovery:discover_packages(colcon_meta) check parameters
[0.715s] Level 1:colcon.colcon_core.package_discovery:discover_packages(recursive) check parameters
[0.715s] Level 1:colcon.colcon_core.package_discovery:discover_packages(ignore) check parameters
[0.715s] Level 1:colcon.colcon_core.package_discovery:discover_packages(path) check parameters
[0.715s] Level 1:colcon.colcon_core.package_discovery:discover_packages(colcon_meta) discover
[0.715s] Level 1:colcon.colcon_core.package_discovery:discover_packages(recursive) discover
[0.715s] INFO:colcon.colcon_core.package_discovery:Crawling recursively for packages in '/home/vboxuser/ros_ws'
[0.716s] Level 1:colcon.colcon_core.package_identification:_identify(.) by extensions ['ignore', 'ignore_ament_install']
[0.716s] Level 1:colcon.colcon_core.package_identification:_identify(.) by extension 'ignore'
[0.716s] Level 1:colcon.colcon_core.package_identification:_identify(.) by extension 'ignore_ament_install'
[0.716s] Level 1:colcon.colcon_core.package_identification:_identify(.) by extensions ['colcon_pkg']
[0.716s] Level 1:colcon.colcon_core.package_identification:_identify(.) by extension 'colcon_pkg'
[0.717s] Level 1:colcon.colcon_core.package_identification:_identify(.) by extensions ['colcon_meta']
[0.717s] Level 1:colcon.colcon_core.package_identification:_identify(.) by extension 'colcon_meta'
[0.717s] Level 1:colcon.colcon_core.package_identification:_identify(.) by extensions ['ros']
[0.717s] Level 1:colcon.colcon_core.package_identification:_identify(.) by extension 'ros'
[0.740s] Level 1:colcon.colcon_core.package_identification:_identify(.) by extensions ['cmake', 'python']
[0.740s] Level 1:colcon.colcon_core.package_identification:_identify(.) by extension 'cmake'
[0.740s] Level 1:colcon.colcon_core.package_identification:_identify(.) by extension 'python'
[0.741s] Level 1:colcon.colcon_core.package_identification:_identify(.) by extensions ['python_setup_py']
[0.741s] Level 1:colcon.colcon_core.package_identification:_identify(.) by extension 'python_setup_py'
[0.741s] Level 1:colcon.colcon_core.package_identification:_identify(build) by extensions ['ignore', 'ignore_ament_install']
[0.741s] Level 1:colcon.colcon_core.package_identification:_identify(build) by extension 'ignore'
[0.741s] Level 1:colcon.colcon_core.package_identification:_identify(build) ignored
[0.742s] Level 1:colcon.colcon_core.package_identification:_identify(install) by extensions ['ignore', 'ignore_ament_install']
[0.742s] Level 1:colcon.colcon_core.package_identification:_identify(install) by extension 'ignore'
[0.742s] Level 1:colcon.colcon_core.package_identification:_identify(install) ignored
[0.742s] Level 1:colcon.colcon_core.package_identification:_identify(log) by extensions ['ignore', 'ignore_ament_install']
[0.742s] Level 1:colcon.colcon_core.package_identification:_identify(log) by extension 'ignore'
[0.743s] Level 1:colcon.colcon_core.package_identification:_identify(log) ignored
[0.743s] Level 1:colcon.colcon_core.package_identification:_identify(src) by extensions ['ignore', 'ignore_ament_install']
[0.743s] Level 1:colcon.colcon_core.package_identification:_identify(src) by extension 'ignore'
[0.743s] Level 1:colcon.colcon_core.package_identification:_identify(src) by extension 'ignore_ament_install'
[0.743s] Level 1:colcon.colcon_core.package_identification:_identify(src) by extensions ['colcon_pkg']
[0.743s] Level 1:colcon.colcon_core.package_identification:_identify(src) by extension 'colcon_pkg'
[0.744s] Level 1:colcon.colcon_core.package_identification:_identify(src) by extensions ['colcon_meta']
[0.744s] Level 1:colcon.colcon_core.package_identification:_identify(src) by extension 'colcon_meta'
[0.744s] Level 1:colcon.colcon_core.package_identification:_identify(src) by extensions ['ros']
[0.744s] Level 1:colcon.colcon_core.package_identification:_identify(src) by extension 'ros'
[0.744s] Level 1:colcon.colcon_core.package_identification:_identify(src) by extensions ['cmake', 'python']
[0.744s] Level 1:colcon.colcon_core.package_identification:_identify(src) by extension 'cmake'
[0.744s] Level 1:colcon.colcon_core.package_identification:_identify(src) by extension 'python'
[0.745s] Level 1:colcon.colcon_core.package_identification:_identify(src) by extensions ['python_setup_py']
[0.745s] Level 1:colcon.colcon_core.package_identification:_identify(src) by extension 'python_setup_py'
[0.745s] Level 1:colcon.colcon_core.package_identification:_identify(src/chat_pkg) by extensions ['ignore', 'ignore_ament_install']
[0.745s] Level 1:colcon.colcon_core.package_identification:_identify(src/chat_pkg) by extension 'ignore'
[0.746s] Level 1:colcon.colcon_core.package_identification:_identify(src/chat_pkg) by extension 'ignore_ament_install'
[0.746s] Level 1:colcon.colcon_core.package_identification:_identify(src/chat_pkg) by extensions ['colcon_pkg']
[0.746s] Level 1:colcon.colcon_core.package_identification:_identify(src/chat_pkg) by extension 'colcon_pkg'
[0.746s] Level 1:colcon.colcon_core.package_identification:_identify(src/chat_pkg) by extensions ['colcon_meta']
[0.746s] Level 1:colcon.colcon_core.package_identification:_identify(src/chat_pkg) by extension 'colcon_meta'
[0.747s] Level 1:colcon.colcon_core.package_identification:_identify(src/chat_pkg) by extensions ['ros']
[0.747s] Level 1:colcon.colcon_core.package_identification:_identify(src/chat_pkg) by extension 'ros'
[0.754s] DEBUG:colcon.colcon_core.package_identification:Package 'src/chat_pkg' with type 'ros.ament_python' and name 'chat_pkg'
[0.754s] Level 1:colcon.colcon_core.package_identification:_identify(src/nav_interfaces) by extensions ['ignore', 'ignore_ament_install']
[0.754s] Level 1:colcon.colcon_core.package_identification:_identify(src/nav_interfaces) by extension 'ignore'
[0.754s] Level 1:colcon.colcon_core.package_identification:_identify(src/nav_interfaces) by extension 'ignore_ament_install'
[0.754s] Level 1:colcon.colcon_core.package_identification:_identify(src/nav_interfaces) by extensions ['colcon_pkg']
[0.755s] Level 1:colcon.colcon_core.package_identification:_identify(src/nav_interfaces) by extension 'colcon_pkg'
[0.755s] Level 1:colcon.colcon_core.package_identification:_identify(src/nav_interfaces) by extensions ['colcon_meta']
[0.755s] Level 1:colcon.colcon_core.package_identification:_identify(src/nav_interfaces) by extension 'colcon_meta'
[0.755s] Level 1:colcon.colcon_core.package_identification:_identify(src/nav_interfaces) by extensions ['ros']
[0.755s] Level 1:colcon.colcon_core.package_identification:_identify(src/nav_interfaces) by extension 'ros'
[0.756s] DEBUG:colcon.colcon_core.package_identification:Package 'src/nav_interfaces' with type 'ros.ament_cmake' and name 'nav_interfaces'
[0.756s] Level 1:colcon.colcon_core.package_identification:_identify(src/nav_pkg) by extensions ['ignore', 'ignore_ament_install']
[0.756s] Level 1:colcon.colcon_core.package_identification:_identify(src/nav_pkg) by extension 'ignore'
[0.756s] Level 1:colcon.colcon_core.package_identification:_identify(src/nav_pkg) by extension 'ignore_ament_install'
[0.756s] Level 1:colcon.colcon_core.package_identification:_identify(src/nav_pkg) by extensions ['colcon_pkg']
[0.756s] Level 1:colcon.colcon_core.package_identification:_identify(src/nav_pkg) by extension 'colcon_pkg'
[0.756s] Level 1:colcon.colcon_core.package_identification:_identify(src/nav_pkg) by extensions ['colcon_meta']
[0.756s] Level 1:colcon.colcon_core.package_identification:_identify(src/nav_pkg) by extension 'colcon_meta'
[0.757s] Level 1:colcon.colcon_core.package_identification:_identify(src/nav_pkg) by extensions ['ros']
[0.757s] Level 1:colcon.colcon_core.package_identification:_identify(src/nav_pkg) by extension 'ros'
[0.758s] DEBUG:colcon.colcon_core.package_identification:Package 'src/nav_pkg' with type 'ros.ament_python' and name 'nav_pkg'
[0.758s] Level 1:colcon.colcon_core.package_discovery:discover_packages(recursive) using defaults
[0.758s] Level 1:colcon.colcon_core.package_discovery:discover_packages(ignore) discover
[0.758s] Level 1:colcon.colcon_core.package_discovery:discover_packages(ignore) using defaults
[0.758s] Level 1:colcon.colcon_core.package_discovery:discover_packages(path) discover
[0.758s] Level 1:colcon.colcon_core.package_discovery:discover_packages(path) using defaults
[0.825s] Level 1:colcon.colcon_core.package_discovery:discover_packages(prefix_path) check parameters
[0.825s] Level 1:colcon.colcon_core.package_discovery:discover_packages(prefix_path) discover
[0.832s] DEBUG:colcon.colcon_installed_package_information.package_discovery:Found 273 installed packages in /opt/ros/humble
[0.836s] Level 1:colcon.colcon_core.package_discovery:discover_packages(prefix_path) using defaults
[0.943s] Level 5:colcon.colcon_core.verb:set package 'chat_pkg' build argument 'cmake_args' from command line to 'None'
[0.943s] Level 5:colcon.colcon_core.verb:set package 'chat_pkg' build argument 'cmake_target' from command line to 'None'
[0.943s] Level 5:colcon.colcon_core.verb:set package 'chat_pkg' build argument 'cmake_target_skip_unavailable' from command line to 'False'
[0.943s] Level 5:colcon.colcon_core.verb:set package 'chat_pkg' build argument 'cmake_clean_cache' from command line to 'False'
[0.943s] Level 5:colcon.colcon_core.verb:set package 'chat_pkg' build argument 'cmake_clean_first' from command line to 'False'
[0.944s] Level 5:colcon.colcon_core.verb:set package 'chat_pkg' build argument 'cmake_force_configure' from command line to 'False'
[0.944s] Level 5:colcon.colcon_core.verb:set package 'chat_pkg' build argument 'ament_cmake_args' from command line to 'None'
[0.944s] Level 5:colcon.colcon_core.verb:set package 'chat_pkg' build argument 'catkin_cmake_args' from command line to 'None'
[0.944s] Level 5:colcon.colcon_core.verb:set package 'chat_pkg' build argument 'catkin_skip_building_tests' from command line to 'False'
[0.944s] DEBUG:colcon.colcon_core.verb:Building package 'chat_pkg' with the following arguments: {'ament_cmake_args': None, 'build_base': '/home/vboxuser/ros_ws/build/chat_pkg', 'catkin_cmake_args': None, 'catkin_skip_building_tests': False, 'cmake_args': None, 'cmake_clean_cache': False, 'cmake_clean_first': False, 'cmake_force_configure': False, 'cmake_target': None, 'cmake_target_skip_unavailable': False, 'install_base': '/home/vboxuser/ros_ws/install/chat_pkg', 'merge_install': False, 'path': '/home/vboxuser/ros_ws/src/chat_pkg', 'symlink_install': False, 'test_result_base': None}
[0.944s] Level 5:colcon.colcon_core.verb:set package 'nav_interfaces' build argument 'cmake_args' from command line to 'None'
[0.944s] Level 5:colcon.colcon_core.verb:set package 'nav_interfaces' build argument 'cmake_target' from command line to 'None'
[0.945s] Level 5:colcon.colcon_core.verb:set package 'nav_interfaces' build argument 'cmake_target_skip_unavailable' from command line to 'False'
[0.945s] Level 5:colcon.colcon_core.verb:set package 'nav_interfaces' build argument 'cmake_clean_cache' from command line to 'False'
[0.945s] Level 5:colcon.colcon_core.verb:set package 'nav_interfaces' build argument 'cmake_clean_first' from command line to 'False'
[0.945s] Level 5:colcon.colcon_core.verb:set package 'nav_interfaces' build argument 'cmake_force_configure' from command line to 'False'
[0.945s] Level 5:colcon.colcon_core.verb:set package 'nav_interfaces' build argument 'ament_cmake_args' from command line to 'None'
[0.945s] Level 5:colcon.colcon_core.verb:set package 'nav_interfaces' build argument 'catkin_cmake_args' from command line to 'None'
[0.945s] Level 5:colcon.colcon_core.verb:set package 'nav_interfaces' build argument 'catkin_skip_building_tests' from command line to 'False'
[0.945s] DEBUG:colcon.colcon_core.verb:Building package 'nav_interfaces' with the following arguments: {'ament_cmake_args': None, 'build_base': '/home/vboxuser/ros_ws/build/nav_interfaces', 'catkin_cmake_args': None, 'catkin_skip_building_tests': False, 'cmake_args': None, 'cmake_clean_cache': False, 'cmake_clean_first': False, 'cmake_force_configure': False, 'cmake_target': None, 'cmake_target_skip_unavailable': False, 'install_base': '/home/vboxuser/ros_ws/install/nav_interfaces', 'merge_install': False, 'path': '/home/vboxuser/ros_ws/src/nav_interfaces', 'symlink_install': False, 'test_result_base': None}
[0.946s] Level 5:colcon.colcon_core.verb:set package 'nav_pkg' build argument 'cmake_args' from command line to 'None'
[0.946s] Level 5:colcon.colcon_core.verb:set package 'nav_pkg' build argument 'cmake_target' from command line to 'None'
[0.946s] Level 5:colcon.colcon_core.verb:set package 'nav_pkg' build argument 'cmake_target_skip_unavailable' from command line to 'False'
[0.946s] Level 5:colcon.colcon_core.verb:set package 'nav_pkg' build argument 'cmake_clean_cache' from command line to 'False'
[0.946s] Level 5:colcon.colcon_core.verb:set package 'nav_pkg' build argument 'cmake_clean_first' from command line to 'False'
[0.946s] Level 5:colcon.colcon_core.verb:set package 'nav_pkg' build argument 'cmake_force_configure' from command line to 'False'
[0.946s] Level 5:colcon.colcon_core.verb:set package 'nav_pkg' build argument 'ament_cmake_args' from command line to 'None'
[0.947s] Level 5:colcon.colcon_core.verb:set package 'nav_pkg' build argument 'catkin_cmake_args' from command line to 'None'
[0.947s] Level 5:colcon.colcon_core.verb:set package 'nav_pkg' build argument 'catkin_skip_building_tests' from command line to 'False'
[0.947s] DEBUG:colcon.colcon_core.verb:Building package 'nav_pkg' with the following arguments: {'ament_cmake_args': None, 'build_base': '/home/vboxuser/ros_ws/build/nav_pkg', 'catkin_cmake_args': None, 'catkin_skip_building_tests': False, 'cmake_args': None, 'cmake_clean_cache': False, 'cmake_clean_first': False, 'cmake_force_configure': False, 'cmake_target': None, 'cmake_target_skip_unavailable': False, 'install_base': '/home/vboxuser/ros_ws/install/nav_pkg', 'merge_install': False, 'path': '/home/vboxuser/ros_ws/src/nav_pkg', 'symlink_install': False, 'test_result_base': None}
[0.947s] INFO:colcon.colcon_core.executor:Executing jobs using 'parallel' executor
[0.949s] DEBUG:colcon.colcon_parallel_executor.executor.parallel:run_until_complete
[0.950s] INFO:colcon.colcon_ros.task.ament_cmake.build:Building ROS package in '/home/vboxuser/ros_ws/src/nav_interfaces' with build type 'ament_cmake'
[0.950s] INFO:colcon.colcon_cmake.task.cmake.build:Building CMake package in '/home/vboxuser/ros_ws/src/nav_interfaces'
[0.956s] INFO:colcon.colcon_core.plugin_system:Skipping extension 'colcon_core.shell.bat': Not used on non-Windows systems
[0.956s] INFO:colcon.colcon_core.shell:Skip shell extension 'powershell' for command environment: Not usable outside of PowerShell
[0.956s] DEBUG:colcon.colcon_core.shell:Skip shell extension 'dsv' for command environment
[0.966s] INFO:colcon.colcon_ros.task.ament_python.build:Building ROS package in '/home/vboxuser/ros_ws/src/chat_pkg' with build type 'ament_python'
[0.966s] Level 1:colcon.colcon_core.shell:create_environment_hook('chat_pkg', 'ament_prefix_path')
[0.967s] INFO:colcon.colcon_core.shell:Creating environment hook '/home/vboxuser/ros_ws/install/chat_pkg/share/chat_pkg/hook/ament_prefix_path.ps1'
[0.970s] INFO:colcon.colcon_core.shell:Creating environment descriptor '/home/vboxuser/ros_ws/install/chat_pkg/share/chat_pkg/hook/ament_prefix_path.dsv'
[0.971s] INFO:colcon.colcon_core.shell:Creating environment hook '/home/vboxuser/ros_ws/install/chat_pkg/share/chat_pkg/hook/ament_prefix_path.sh'
[0.973s] INFO:colcon.colcon_core.shell:Skip shell extension 'powershell' for command environment: Not usable outside of PowerShell
[0.974s] DEBUG:colcon.colcon_core.shell:Skip shell extension 'dsv' for command environment
[1.009s] DEBUG:colcon.colcon_core.event_handler.log_command:Invoking command in '/home/vboxuser/ros_ws/build/nav_interfaces': CMAKE_PREFIX_PATH=/opt/ros/humble /usr/bin/cmake --build /home/vboxuser/ros_ws/build/nav_interfaces -- -j3 -l3
[1.928s] INFO:colcon.colcon_core.task.python.build:Building Python package in '/home/vboxuser/ros_ws/src/chat_pkg'
[1.929s] INFO:colcon.colcon_core.shell:Skip shell extension 'powershell' for command environment: Not usable outside of PowerShell
[1.929s] DEBUG:colcon.colcon_core.shell:Skip shell extension 'dsv' for command environment
[2.471s] DEBUG:colcon.colcon_core.event_handler.log_command:Invoked command in '/home/vboxuser/ros_ws/build/nav_interfaces' returned '0': CMAKE_PREFIX_PATH=/opt/ros/humble /usr/bin/cmake --build /home/vboxuser/ros_ws/build/nav_interfaces -- -j3 -l3
[2.510s] DEBUG:colcon.colcon_core.event_handler.log_command:Invoking command in '/home/vboxuser/ros_ws/build/nav_interfaces': CMAKE_PREFIX_PATH=/opt/ros/humble /usr/bin/cmake --install /home/vboxuser/ros_ws/build/nav_interfaces
[2.663s] Level 1:colcon.colcon_core.environment:create_environment_scripts_only(nav_interfaces)
[2.669s] Level 1:colcon.colcon_core.environment:checking '/home/vboxuser/ros_ws/install/nav_interfaces' for CMake module files
[2.672s] DEBUG:colcon.colcon_core.event_handler.log_command:Invoked command in '/home/vboxuser/ros_ws/build/nav_interfaces' returned '0': CMAKE_PREFIX_PATH=/opt/ros/humble /usr/bin/cmake --install /home/vboxuser/ros_ws/build/nav_interfaces
[2.673s] Level 1:colcon.colcon_core.environment:checking '/home/vboxuser/ros_ws/install/nav_interfaces' for CMake config files
[2.674s] Level 1:colcon.colcon_core.shell:create_environment_hook('nav_interfaces', 'cmake_prefix_path')
[2.674s] INFO:colcon.colcon_core.shell:Creating environment hook '/home/vboxuser/ros_ws/install/nav_interfaces/share/nav_interfaces/hook/cmake_prefix_path.ps1'
[2.675s] INFO:colcon.colcon_core.shell:Creating environment descriptor '/home/vboxuser/ros_ws/install/nav_interfaces/share/nav_interfaces/hook/cmake_prefix_path.dsv'
[2.676s] INFO:colcon.colcon_core.shell:Creating environment hook '/home/vboxuser/ros_ws/install/nav_interfaces/share/nav_interfaces/hook/cmake_prefix_path.sh'
[2.678s] Level 1:colcon.colcon_core.environment:checking '/home/vboxuser/ros_ws/install/nav_interfaces/lib'
[2.678s] Level 1:colcon.colcon_core.shell:create_environment_hook('nav_interfaces', 'ld_library_path_lib')
[2.679s] INFO:colcon.colcon_core.shell:Creating environment hook '/home/vboxuser/ros_ws/install/nav_interfaces/share/nav_interfaces/hook/ld_library_path_lib.ps1'
[2.680s] INFO:colcon.colcon_core.shell:Creating environment descriptor '/home/vboxuser/ros_ws/install/nav_interfaces/share/nav_interfaces/hook/ld_library_path_lib.dsv'
[2.681s] INFO:colcon.colcon_core.shell:Creating environment hook '/home/vboxuser/ros_ws/install/nav_interfaces/share/nav_interfaces/hook/ld_library_path_lib.sh'
[2.682s] Level 1:colcon.colcon_core.environment:checking '/home/vboxuser/ros_ws/install/nav_interfaces/bin'
[2.682s] Level 1:colcon.colcon_core.environment:checking '/home/vboxuser/ros_ws/install/nav_interfaces/lib/pkgconfig/nav_interfaces.pc'
[2.683s] Level 1:colcon.colcon_core.environment:checking '/home/vboxuser/ros_ws/install/nav_interfaces/lib/python3.10/site-packages'
[2.683s] Level 1:colcon.colcon_core.environment:checking '/home/vboxuser/ros_ws/install/nav_interfaces/bin'
[2.684s] INFO:colcon.colcon_core.shell:Creating package script '/home/vboxuser/ros_ws/install/nav_interfaces/share/nav_interfaces/package.ps1'
[2.687s] INFO:colcon.colcon_core.shell:Creating package descriptor '/home/vboxuser/ros_ws/install/nav_interfaces/share/nav_interfaces/package.dsv'
[2.690s] INFO:colcon.colcon_core.shell:Creating package script '/home/vboxuser/ros_ws/install/nav_interfaces/share/nav_interfaces/package.sh'
[2.694s] INFO:colcon.colcon_core.shell:Creating package script '/home/vboxuser/ros_ws/install/nav_interfaces/share/nav_interfaces/package.bash'
[2.698s] INFO:colcon.colcon_core.shell:Creating package script '/home/vboxuser/ros_ws/install/nav_interfaces/share/nav_interfaces/package.zsh'
[2.702s] Level 1:colcon.colcon_core.environment:create_file_with_runtime_dependencies(/home/vboxuser/ros_ws/install/nav_interfaces/share/colcon-core/packages/nav_interfaces)
[2.705s] Level 1:colcon.colcon_core.environment:create_environment_scripts_only(nav_interfaces)
[2.707s] Level 1:colcon.colcon_core.environment:checking '/home/vboxuser/ros_ws/install/nav_interfaces' for CMake module files
[2.710s] Level 1:colcon.colcon_core.environment:checking '/home/vboxuser/ros_ws/install/nav_interfaces' for CMake config files
[2.716s] Level 1:colcon.colcon_core.shell:create_environment_hook('nav_interfaces', 'cmake_prefix_path')
[2.717s] INFO:colcon.colcon_core.shell:Creating environment hook '/home/vboxuser/ros_ws/install/nav_interfaces/share/nav_interfaces/hook/cmake_prefix_path.ps1'
[2.720s] INFO:colcon.colcon_core.shell:Creating environment descriptor '/home/vboxuser/ros_ws/install/nav_interfaces/share/nav_interfaces/hook/cmake_prefix_path.dsv'
[2.721s] INFO:colcon.colcon_core.shell:Creating environment hook '/home/vboxuser/ros_ws/install/nav_interfaces/share/nav_interfaces/hook/cmake_prefix_path.sh'
[2.727s] Level 1:colcon.colcon_core.environment:checking '/home/vboxuser/ros_ws/install/nav_interfaces/lib'
[2.728s] Level 1:colcon.colcon_core.shell:create_environment_hook('nav_interfaces', 'ld_library_path_lib')
[2.728s] INFO:colcon.colcon_core.shell:Creating environment hook '/home/vboxuser/ros_ws/install/nav_interfaces/share/nav_interfaces/hook/ld_library_path_lib.ps1'
[2.730s] INFO:colcon.colcon_core.shell:Creating environment descriptor '/home/vboxuser/ros_ws/install/nav_interfaces/share/nav_interfaces/hook/ld_library_path_lib.dsv'
[2.731s] INFO:colcon.colcon_core.shell:Creating environment hook '/home/vboxuser/ros_ws/install/nav_interfaces/share/nav_interfaces/hook/ld_library_path_lib.sh'
[2.733s] Level 1:colcon.colcon_core.environment:checking '/home/vboxuser/ros_ws/install/nav_interfaces/bin'
[2.733s] Level 1:colcon.colcon_core.environment:checking '/home/vboxuser/ros_ws/install/nav_interfaces/lib/pkgconfig/nav_interfaces.pc'
[2.734s] Level 1:colcon.colcon_core.environment:checking '/home/vboxuser/ros_ws/install/nav_interfaces/lib/python3.10/site-packages'
[2.735s] Level 1:colcon.colcon_core.environment:checking '/home/vboxuser/ros_ws/install/nav_interfaces/bin'
[2.737s] INFO:colcon.colcon_core.shell:Creating package script '/home/vboxuser/ros_ws/install/nav_interfaces/share/nav_interfaces/package.ps1'
[2.739s] INFO:colcon.colcon_core.shell:Creating package descriptor '/home/vboxuser/ros_ws/install/nav_interfaces/share/nav_interfaces/package.dsv'
[2.741s] INFO:colcon.colcon_core.shell:Creating package script '/home/vboxuser/ros_ws/install/nav_interfaces/share/nav_interfaces/package.sh'
[2.743s] INFO:colcon.colcon_core.shell:Creating package script '/home/vboxuser/ros_ws/install/nav_interfaces/share/nav_interfaces/package.bash'
[2.744s] INFO:colcon.colcon_core.shell:Creating package script '/home/vboxuser/ros_ws/install/nav_interfaces/share/nav_interfaces/package.zsh'
[2.747s] Level 1:colcon.colcon_core.environment:create_file_with_runtime_dependencies(/home/vboxuser/ros_ws/install/nav_interfaces/share/colcon-core/packages/nav_interfaces)
[2.749s] INFO:colcon.colcon_ros.task.ament_python.build:Building ROS package in '/home/vboxuser/ros_ws/src/nav_pkg' with build type 'ament_python'
[2.750s] Level 1:colcon.colcon_core.shell:create_environment_hook('nav_pkg', 'ament_prefix_path')
[2.751s] INFO:colcon.colcon_core.shell:Creating environment hook '/home/vboxuser/ros_ws/install/nav_pkg/share/nav_pkg/hook/ament_prefix_path.ps1'
[2.752s] INFO:colcon.colcon_core.shell:Creating environment descriptor '/home/vboxuser/ros_ws/install/nav_pkg/share/nav_pkg/hook/ament_prefix_path.dsv'
[2.753s] INFO:colcon.colcon_core.shell:Creating environment hook '/home/vboxuser/ros_ws/install/nav_pkg/share/nav_pkg/hook/ament_prefix_path.sh'
[2.755s] INFO:colcon.colcon_core.shell:Skip shell extension 'powershell' for command environment: Not usable outside of PowerShell
[2.755s] DEBUG:colcon.colcon_core.shell:Skip shell extension 'dsv' for command environment
[3.746s] INFO:colcon.colcon_core.task.python.build:Building Python package in '/home/vboxuser/ros_ws/src/nav_pkg'
[3.747s] INFO:colcon.colcon_core.shell:Skip shell extension 'powershell' for command environment: Not usable outside of PowerShell
[3.747s] DEBUG:colcon.colcon_core.shell:Skip shell extension 'dsv' for command environment
[3.766s] DEBUG:colcon.colcon_core.event_handler.log_command:Invoking command in '/home/vboxuser/ros_ws/src/chat_pkg': PYTHONPATH=/home/vboxuser/ros_ws/build/chat_pkg/prefix_override:/usr/lib/python3/dist-packages/colcon_core/task/python/colcon_distutils_commands:/home/vboxuser/ros_ws/install/chat_pkg/lib/python3.10/site-packages:${PYTHONPATH} /usr/bin/python3 -W ignore:setup.py install is deprecated -W ignore:easy_install command is deprecated setup.py egg_info --egg-base ../../build/chat_pkg build --build-base /home/vboxuser/ros_ws/build/chat_pkg/build install --record /home/vboxuser/ros_ws/build/chat_pkg/install.log --single-version-externally-managed install_data
[4.786s] Level 1:colcon.colcon_core.environment:checking '/home/vboxuser/ros_ws/install/chat_pkg' for CMake module files
[4.787s] DEBUG:colcon.colcon_core.event_handler.log_command:Invoked command in '/home/vboxuser/ros_ws/src/chat_pkg' returned '0': PYTHONPATH=/home/vboxuser/ros_ws/build/chat_pkg/prefix_override:/usr/lib/python3/dist-packages/colcon_core/task/python/colcon_distutils_commands:/home/vboxuser/ros_ws/install/chat_pkg/lib/python3.10/site-packages:${PYTHONPATH} /usr/bin/python3 -W ignore:setup.py install is deprecated -W ignore:easy_install command is deprecated setup.py egg_info --egg-base ../../build/chat_pkg build --build-base /home/vboxuser/ros_ws/build/chat_pkg/build install --record /home/vboxuser/ros_ws/build/chat_pkg/install.log --single-version-externally-managed install_data
[4.788s] Level 1:colcon.colcon_core.environment:checking '/home/vboxuser/ros_ws/install/chat_pkg' for CMake config files
[4.789s] Level 1:colcon.colcon_core.environment:checking '/home/vboxuser/ros_ws/install/chat_pkg/lib'
[4.789s] Level 1:colcon.colcon_core.environment:checking '/home/vboxuser/ros_ws/install/chat_pkg/bin'
[4.790s] Level 1:colcon.colcon_core.environment:checking '/home/vboxuser/ros_ws/install/chat_pkg/lib/pkgconfig/chat_pkg.pc'
[4.790s] Level 1:colcon.colcon_core.environment:checking '/home/vboxuser/ros_ws/install/chat_pkg/lib/python3.10/site-packages'
[4.790s] Level 1:colcon.colcon_core.shell:create_environment_hook('chat_pkg', 'pythonpath')
[4.791s] INFO:colcon.colcon_core.shell:Creating environment hook '/home/vboxuser/ros_ws/install/chat_pkg/share/chat_pkg/hook/pythonpath.ps1'
[4.793s] INFO:colcon.colcon_core.shell:Creating environment descriptor '/home/vboxuser/ros_ws/install/chat_pkg/share/chat_pkg/hook/pythonpath.dsv'
[4.795s] INFO:colcon.colcon_core.shell:Creating environment hook '/home/vboxuser/ros_ws/install/chat_pkg/share/chat_pkg/hook/pythonpath.sh'
[4.797s] Level 1:colcon.colcon_core.environment:checking '/home/vboxuser/ros_ws/install/chat_pkg/bin'
[4.797s] Level 1:colcon.colcon_core.environment:create_environment_scripts_only(chat_pkg)
[4.798s] INFO:colcon.colcon_core.shell:Creating package script '/home/vboxuser/ros_ws/install/chat_pkg/share/chat_pkg/package.ps1'
[4.800s] INFO:colcon.colcon_core.shell:Creating package descriptor '/home/vboxuser/ros_ws/install/chat_pkg/share/chat_pkg/package.dsv'
[4.802s] INFO:colcon.colcon_core.shell:Creating package script '/home/vboxuser/ros_ws/install/chat_pkg/share/chat_pkg/package.sh'
[4.803s] INFO:colcon.colcon_core.shell:Creating package script '/home/vboxuser/ros_ws/install/chat_pkg/share/chat_pkg/package.bash'
[4.804s] INFO:colcon.colcon_core.shell:Creating package script '/home/vboxuser/ros_ws/install/chat_pkg/share/chat_pkg/package.zsh'
[4.806s] Level 1:colcon.colcon_core.environment:create_file_with_runtime_dependencies(/home/vboxuser/ros_ws/install/chat_pkg/share/colcon-core/packages/chat_pkg)
[4.835s] DEBUG:colcon.colcon_core.event_handler.log_command:Invoking command in '/home/vboxuser/ros_ws/src/nav_pkg': AMENT_PREFIX_PATH=/home/vboxuser/ros_ws/install/nav_interfaces:${AMENT_PREFIX_PATH} CMAKE_PREFIX_PATH=/home/vboxuser/ros_ws/install/nav_interfaces LD_LIBRARY_PATH=/home/vboxuser/ros_ws/install/nav_interfaces/lib:${LD_LIBRARY_PATH} PYTHONPATH=/home/vboxuser/ros_ws/build/nav_pkg/prefix_override:/usr/lib/python3/dist-packages/colcon_core/task/python/colcon_distutils_commands:/home/vboxuser/ros_ws/install/nav_pkg/lib/python3.10/site-packages:/home/vboxuser/ros_ws/install/nav_interfaces/local/lib/python3.10/dist-packages:${PYTHONPATH} /usr/bin/python3 -W ignore:setup.py install is deprecated -W ignore:easy_install command is deprecated setup.py egg_info --egg-base ../../build/nav_pkg build --build-base /home/vboxuser/ros_ws/build/nav_pkg/build install --record /home/vboxuser/ros_ws/build/nav_pkg/install.log --single-version-externally-managed install_data
[5.609s] Level 1:colcon.colcon_core.environment:checking '/home/vboxuser/ros_ws/install/nav_pkg' for CMake module files
[5.611s] DEBUG:colcon.colcon_core.event_handler.log_command:Invoked command in '/home/vboxuser/ros_ws/src/nav_pkg' returned '0': AMENT_PREFIX_PATH=/home/vboxuser/ros_ws/install/nav_interfaces:${AMENT_PREFIX_PATH} CMAKE_PREFIX_PATH=/home/vboxuser/ros_ws/install/nav_interfaces LD_LIBRARY_PATH=/home/vboxuser/ros_ws/install/nav_interfaces/lib:${LD_LIBRARY_PATH} PYTHONPATH=/home/vboxuser/ros_ws/build/nav_pkg/prefix_override:/usr/lib/python3/dist-packages/colcon_core/task/python/colcon_distutils_commands:/home/vboxuser/ros_ws/install/nav_pkg/lib/python3.10/site-packages:/home/vboxuser/ros_ws/install/nav_interfaces/local/lib/python3.10/dist-packages:${PYTHONPATH} /usr/bin/python3 -W ignore:setup.py install is deprecated -W ignore:easy_install command is deprecated setup.py egg_info --egg-base ../../build/nav_pkg build --build-base /home/vboxuser/ros_ws/build/nav_pkg/build install --record /home/vboxuser/ros_ws/build/nav_pkg/install.log --single-version-externally-managed install_data
[5.611s] Level 1:colcon.colcon_core.environment:checking '/home/vboxuser/ros_ws/install/nav_pkg' for CMake config files
[5.612s] Level 1:colcon.colcon_core.environment:checking '/home/vboxuser/ros_ws/install/nav_pkg/lib'
[5.612s] Level 1:colcon.colcon_core.environment:checking '/home/vboxuser/ros_ws/install/nav_pkg/bin'
[5.613s] Level 1:colcon.colcon_core.environment:checking '/home/vboxuser/ros_ws/install/nav_pkg/lib/pkgconfig/nav_pkg.pc'
[5.614s] Level 1:colcon.colcon_core.environment:checking '/home/vboxuser/ros_ws/install/nav_pkg/lib/python3.10/site-packages'
[5.614s] Level 1:colcon.colcon_core.shell:create_environment_hook('nav_pkg', 'pythonpath')
[5.615s] INFO:colcon.colcon_core.shell:Creating environment hook '/home/vboxuser/ros_ws/install/nav_pkg/share/nav_pkg/hook/pythonpath.ps1'
[5.616s] INFO:colcon.colcon_core.shell:Creating environment descriptor '/home/vboxuser/ros_ws/install/nav_pkg/share/nav_pkg/hook/pythonpath.dsv'
[5.617s] INFO:colcon.colcon_core.shell:Creating environment hook '/home/vboxuser/ros_ws/install/nav_pkg/share/nav_pkg/hook/pythonpath.sh'
[5.619s] Level 1:colcon.colcon_core.environment:checking '/home/vboxuser/ros_ws/install/nav_pkg/bin'
[5.619s] Level 1:colcon.colcon_core.environment:create_environment_scripts_only(nav_pkg)
[5.620s] INFO:colcon.colcon_core.shell:Creating package script '/home/vboxuser/ros_ws/install/nav_pkg/share/nav_pkg/package.ps1'
[5.622s] INFO:colcon.colcon_core.shell:Creating package descriptor '/home/vboxuser/ros_ws/install/nav_pkg/share/nav_pkg/package.dsv'
[5.623s] INFO:colcon.colcon_core.shell:Creating package script '/home/vboxuser/ros_ws/install/nav_pkg/share/nav_pkg/package.sh'
[5.624s] INFO:colcon.colcon_core.shell:Creating package script '/home/vboxuser/ros_ws/install/nav_pkg/share/nav_pkg/package.bash'
[5.625s] INFO:colcon.colcon_core.shell:Creating package script '/home/vboxuser/ros_ws/install/nav_pkg/share/nav_pkg/package.zsh'
[5.626s] Level 1:colcon.colcon_core.environment:create_file_with_runtime_dependencies(/home/vboxuser/ros_ws/install/nav_pkg/share/colcon-core/packages/nav_pkg)
[5.628s] DEBUG:colcon.colcon_parallel_executor.executor.parallel:closing loop
[5.628s] DEBUG:colcon.colcon_parallel_executor.executor.parallel:loop closed
[5.628s] DEBUG:colcon.colcon_parallel_executor.executor.parallel:run_until_complete finished with '0'
[5.628s] DEBUG:colcon.colcon_core.event_reactor:joining thread
[5.638s] INFO:colcon.colcon_core.plugin_system:Skipping extension 'colcon_notification.desktop_notification.terminal_notifier': Not used on non-Darwin systems
[5.638s] INFO:colcon.colcon_core.plugin_system:Skipping extension 'colcon_notification.desktop_notification.win32': Not used on non-Windows systems
[5.638s] INFO:colcon.colcon_notification.desktop_notification:Sending desktop notification using 'notify2'
[5.670s] DEBUG:colcon.colcon_core.event_reactor:joined thread
[5.670s] INFO:colcon.colcon_core.shell:Creating prefix script '/home/vboxuser/ros_ws/install/local_setup.ps1'
[5.673s] INFO:colcon.colcon_core.shell:Creating prefix util module '/home/vboxuser/ros_ws/install/_local_setup_util_ps1.py'
[5.677s] INFO:colcon.colcon_core.shell:Creating prefix chain script '/home/vboxuser/ros_ws/install/setup.ps1'
[5.680s] INFO:colcon.colcon_core.shell:Creating prefix script '/home/vboxuser/ros_ws/install/local_setup.sh'
[5.682s] INFO:colcon.colcon_core.shell:Creating prefix util module '/home/vboxuser/ros_ws/install/_local_setup_util_sh.py'
[5.683s] INFO:colcon.colcon_core.shell:Creating prefix chain script '/home/vboxuser/ros_ws/install/setup.sh'
[5.686s] INFO:colcon.colcon_core.shell:Creating prefix script '/home/vboxuser/ros_ws/install/local_setup.bash'
[5.687s] INFO:colcon.colcon_core.shell:Creating prefix chain script '/home/vboxuser/ros_ws/install/setup.bash'
[5.690s] INFO:colcon.colcon_core.shell:Creating prefix script '/home/vboxuser/ros_ws/install/local_setup.zsh'
[5.691s] INFO:colcon.colcon_core.shell:Creating prefix chain script '/home/vboxuser/ros_ws/install/setup.zsh'
