-- The C compiler identification is GNU 11.4.0
-- The CXX compiler identification is GNU 11.4.0
-- Detecting C compiler ABI info
-- Detecting C compiler ABI info - done
-- Check for working C compiler: /usr/bin/cc - skipped
-- Detecting C compile features
-- Detecting C compile features - done
-- Detecting CXX compiler ABI info
-- Detecting CXX compiler ABI info - done
-- Check for working CXX compiler: /usr/bin/c++ - skipped
-- Detecting CXX compile features
-- Detecting CXX compile features - done
-- Found ament_cmake: 1.3.14 (/opt/ros/humble/share/ament_cmake/cmake)
-- Found Python3: /usr/bin/python3 (found version "3.10.12") found components: Interpreter 
-- Found rosidl_default_generators: 1.2.1 (/opt/ros/humble/share/rosidl_default_generators/cmake)
-- Using all available rosidl_typesupport_c: rosidl_typesupport_fastrtps_c;rosidl_typesupport_introspection_c
-- Found rosidl_adapter: 3.1.8 (/opt/ros/humble/share/rosidl_adapter/cmake)
-- Using all available rosidl_typesupport_cpp: rosidl_typesupport_fastrtps_cpp;rosidl_typesupport_introspection_cpp
-- Found ament_cmake_ros: 0.10.0 (/opt/ros/humble/share/ament_cmake_ros/cmake)
-- Using all available rosidl_typesupport_c: rosidl_typesupport_fastrtps_c;rosidl_typesupport_introspection_c
-- Using all available rosidl_typesupport_cpp: rosidl_typesupport_fastrtps_cpp;rosidl_typesupport_introspection_cpp
-- Found PythonInterp: /usr/bin/python3 (found suitable version "3.10.12", minimum required is "3.6") 
-- Found python_cmake_module: 0.10.0 (/opt/ros/humble/share/python_cmake_module/cmake)
-- Found PythonLibs: /usr/lib/x86_64-linux-gnu/libpython3.10.so (found suitable version "3.10.12", minimum required is "3.5") 
-- Using PYTHON_EXECUTABLE: /usr/bin/python3
-- Using PYTHON_INCLUDE_DIRS: /usr/include/python3.10
-- Using PYTHON_LIBRARIES: /usr/lib/x86_64-linux-gnu/libpython3.10.so
-- Found PythonExtra: .so  
-- Configuring done
-- Generating done
-- Build files have been written to: /home/vboxuser/ros_ws/build/nav_interfaces
[  3%] [34m[1mGenerating C code for ROS interfaces[0m
[  6%] [34m[1mGenerating C++ code for ROS interfaces[0m
[  9%] [34m[1mGenerating Rust code for ROS interfaces[0m
[  9%] Built target nav_interfaces__rs
[ 12%] [32mBuilding C object CMakeFiles/nav_interfaces__rosidl_generator_c.dir/rosidl_generator_c/nav_interfaces/msg/detail/bot_pose__functions.c.o[0m
[ 12%] Built target nav_interfaces__cpp
[ 12%] Built target ament_cmake_python_copy_nav_interfaces
[ 15%] [34m[1mGenerating C++ type support dispatch for ROS interfaces[0m
[ 18%] [34m[1mGenerating C++ introspection for ROS interfaces[0m
[ 21%] [32m[1mLinking C shared library libnav_interfaces__rosidl_generator_c.so[0m
[ 21%] Built target nav_interfaces__rosidl_generator_c
[ 25%] [34m[1mGenerating C++ type support for eProsima Fast-RTPS[0m
[ 28%] [32mBuilding CXX object CMakeFiles/nav_interfaces__rosidl_typesupport_cpp.dir/rosidl_typesupport_cpp/nav_interfaces/msg/bot_pose__type_support.cpp.o[0m
[ 31%] [32mBuilding CXX object CMakeFiles/nav_interfaces__rosidl_typesupport_introspection_cpp.dir/rosidl_typesupport_introspection_cpp/nav_interfaces/msg/detail/bot_pose__type_support.cpp.o[0m
[ 34%] [32mBuilding CXX object CMakeFiles/nav_interfaces__rosidl_typesupport_fastrtps_cpp.dir/rosidl_typesupport_fastrtps_cpp/nav_interfaces/msg/detail/dds_fastrtps/bot_pose__type_support.cpp.o[0m
[ 37%] [32m[1mLinking CXX shared library libnav_interfaces__rosidl_typesupport_cpp.so[0m
[ 37%] Built target nav_interfaces__rosidl_typesupport_cpp
[ 40%] [34m[1mGenerating C introspection for ROS interfaces[0m
[ 43%] [32m[1mLinking CXX shared library libnav_interfaces__rosidl_typesupport_introspection_cpp.so[0m
[ 46%] [32m[1mLinking CXX shared library libnav_interfaces__rosidl_typesupport_fastrtps_cpp.so[0m
[ 46%] Built target nav_interfaces__rosidl_typesupport_introspection_cpp
[ 50%] [34m[1mGenerating C type support dispatch for ROS interfaces[0m
[ 50%] Built target nav_interfaces__rosidl_typesupport_fastrtps_cpp
[ 53%] [34m[1mGenerating C type support for eProsima Fast-RTPS[0m
[ 56%] [32mBuilding C object CMakeFiles/nav_interfaces__rosidl_typesupport_introspection_c.dir/rosidl_typesupport_introspection_c/nav_interfaces/msg/detail/bot_pose__type_support.c.o[0m
[ 59%] [32m[1mLinking C shared library libnav_interfaces__rosidl_typesupport_introspection_c.so[0m
[ 59%] Built target nav_interfaces__rosidl_typesupport_introspection_c
[ 62%] [32mBuilding CXX object CMakeFiles/nav_interfaces__rosidl_typesupport_c.dir/rosidl_typesupport_c/nav_interfaces/msg/bot_pose__type_support.cpp.o[0m
[ 65%] [32m[1mLinking CXX shared library libnav_interfaces__rosidl_typesupport_c.so[0m
[ 68%] [32mBuilding CXX object CMakeFiles/nav_interfaces__rosidl_typesupport_fastrtps_c.dir/rosidl_typesupport_fastrtps_c/nav_interfaces/msg/detail/bot_pose__type_support_c.cpp.o[0m
[ 68%] Built target nav_interfaces__rosidl_typesupport_c
running egg_info
creating nav_interfaces.egg-info
writing nav_interfaces.egg-info/PKG-INFO
writing dependency_links to nav_interfaces.egg-info/dependency_links.txt
writing top-level names to nav_interfaces.egg-info/top_level.txt
writing manifest file 'nav_interfaces.egg-info/SOURCES.txt'
reading manifest file 'nav_interfaces.egg-info/SOURCES.txt'
writing manifest file 'nav_interfaces.egg-info/SOURCES.txt'
[ 68%] Built target ament_cmake_python_build_nav_interfaces_egg
[ 71%] [32m[1mLinking CXX shared library libnav_interfaces__rosidl_typesupport_fastrtps_c.so[0m
[ 71%] Built target nav_interfaces__rosidl_typesupport_fastrtps_c
[ 71%] Built target nav_interfaces
[ 75%] [34m[1mGenerating Python code for ROS interfaces[0m
[ 75%] Built target nav_interfaces__py
[ 78%] [32mBuilding C object CMakeFiles/nav_interfaces__rosidl_generator_py.dir/rosidl_generator_py/nav_interfaces/msg/_bot_pose_s.c.o[0m
[ 81%] [32m[1mLinking C shared library rosidl_generator_py/nav_interfaces/libnav_interfaces__rosidl_generator_py.so[0m
[ 81%] Built target nav_interfaces__rosidl_generator_py
[ 84%] [32mBuilding C object CMakeFiles/nav_interfaces__rosidl_typesupport_fastrtps_c__pyext.dir/rosidl_generator_py/nav_interfaces/_nav_interfaces_s.ep.rosidl_typesupport_fastrtps_c.c.o[0m
[ 87%] [32mBuilding C object CMakeFiles/nav_interfaces__rosidl_typesupport_introspection_c__pyext.dir/rosidl_generator_py/nav_interfaces/_nav_interfaces_s.ep.rosidl_typesupport_introspection_c.c.o[0m
[ 90%] [32mBuilding C object CMakeFiles/nav_interfaces__rosidl_typesupport_c__pyext.dir/rosidl_generator_py/nav_interfaces/_nav_interfaces_s.ep.rosidl_typesupport_c.c.o[0m
[ 93%] [32m[1mLinking C shared library rosidl_generator_py/nav_interfaces/nav_interfaces_s__rosidl_typesupport_introspection_c.cpython-310-x86_64-linux-gnu.so[0m
[ 96%] [32m[1mLinking C shared library rosidl_generator_py/nav_interfaces/nav_interfaces_s__rosidl_typesupport_c.cpython-310-x86_64-linux-gnu.so[0m
[100%] [32m[1mLinking C shared library rosidl_generator_py/nav_interfaces/nav_interfaces_s__rosidl_typesupport_fastrtps_c.cpython-310-x86_64-linux-gnu.so[0m
[100%] Built target nav_interfaces__rosidl_typesupport_introspection_c__pyext
[100%] Built target nav_interfaces__rosidl_typesupport_c__pyext
[100%] Built target nav_interfaces__rosidl_typesupport_fastrtps_c__pyext
-- Install configuration: ""
-- Installing: /home/vboxuser/ros_ws/install/nav_interfaces/share/ament_index/resource_index/rosidl_interfaces/nav_interfaces
-- Installing: /home/vboxuser/ros_ws/install/nav_interfaces/include/nav_interfaces/nav_interfaces
-- Installing: /home/vboxuser/ros_ws/install/nav_interfaces/include/nav_interfaces/nav_interfaces/msg
-- Installing: /home/vboxuser/ros_ws/install/nav_interfaces/include/nav_interfaces/nav_interfaces/msg/rosidl_generator_c__visibility_control.h
-- Installing: /home/vboxuser/ros_ws/install/nav_interfaces/include/nav_interfaces/nav_interfaces/msg/detail
-- Installing: /home/vboxuser/ros_ws/install/nav_interfaces/include/nav_interfaces/nav_interfaces/msg/detail/bot_pose__functions.c
-- Installing: /home/vboxuser/ros_ws/install/nav_interfaces/include/nav_interfaces/nav_interfaces/msg/detail/bot_pose__functions.h
-- Installing: /home/vboxuser/ros_ws/install/nav_interfaces/include/nav_interfaces/nav_interfaces/msg/detail/bot_pose__struct.h
-- Installing: /home/vboxuser/ros_ws/install/nav_interfaces/include/nav_interfaces/nav_interfaces/msg/detail/bot_pose__type_support.h
-- Installing: /home/vboxuser/ros_ws/install/nav_interfaces/include/nav_interfaces/nav_interfaces/msg/bot_pose.h
-- Installing: /home/vboxuser/ros_ws/install/nav_interfaces/share/nav_interfaces/environment/library_path.sh
-- Installing: /home/vboxuser/ros_ws/install/nav_interfaces/share/nav_interfaces/environment/library_path.dsv
-- Installing: /home/vboxuser/ros_ws/install/nav_interfaces/lib/libnav_interfaces__rosidl_generator_c.so
-- Set runtime path of "/home/vboxuser/ros_ws/install/nav_interfaces/lib/libnav_interfaces__rosidl_generator_c.so" to ""
-- Up-to-date: /home/vboxuser/ros_ws/install/nav_interfaces/include/nav_interfaces/nav_interfaces
-- Up-to-date: /home/vboxuser/ros_ws/install/nav_interfaces/include/nav_interfaces/nav_interfaces/msg
-- Installing: /home/vboxuser/ros_ws/install/nav_interfaces/include/nav_interfaces/nav_interfaces/msg/rosidl_typesupport_fastrtps_c__visibility_control.h
-- Up-to-date: /home/vboxuser/ros_ws/install/nav_interfaces/include/nav_interfaces/nav_interfaces/msg/detail
-- Installing: /home/vboxuser/ros_ws/install/nav_interfaces/include/nav_interfaces/nav_interfaces/msg/detail/bot_pose__rosidl_typesupport_fastrtps_c.h
-- Installing: /home/vboxuser/ros_ws/install/nav_interfaces/lib/libnav_interfaces__rosidl_typesupport_fastrtps_c.so
-- Set runtime path of "/home/vboxuser/ros_ws/install/nav_interfaces/lib/libnav_interfaces__rosidl_typesupport_fastrtps_c.so" to ""
-- Up-to-date: /home/vboxuser/ros_ws/install/nav_interfaces/include/nav_interfaces/nav_interfaces
-- Up-to-date: /home/vboxuser/ros_ws/install/nav_interfaces/include/nav_interfaces/nav_interfaces/msg
-- Installing: /home/vboxuser/ros_ws/install/nav_interfaces/include/nav_interfaces/nav_interfaces/msg/rosidl_typesupport_introspection_c__visibility_control.h
-- Up-to-date: /home/vboxuser/ros_ws/install/nav_interfaces/include/nav_interfaces/nav_interfaces/msg/detail
-- Installing: /home/vboxuser/ros_ws/install/nav_interfaces/include/nav_interfaces/nav_interfaces/msg/detail/bot_pose__type_support.c
-- Installing: /home/vboxuser/ros_ws/install/nav_interfaces/include/nav_interfaces/nav_interfaces/msg/detail/bot_pose__rosidl_typesupport_introspection_c.h
-- Installing: /home/vboxuser/ros_ws/install/nav_interfaces/lib/libnav_interfaces__rosidl_typesupport_introspection_c.so
-- Set runtime path of "/home/vboxuser/ros_ws/install/nav_interfaces/lib/libnav_interfaces__rosidl_typesupport_introspection_c.so" to ""
-- Installing: /home/vboxuser/ros_ws/install/nav_interfaces/lib/libnav_interfaces__rosidl_typesupport_c.so
-- Set runtime path of "/home/vboxuser/ros_ws/install/nav_interfaces/lib/libnav_interfaces__rosidl_typesupport_c.so" to ""
-- Up-to-date: /home/vboxuser/ros_ws/install/nav_interfaces/include/nav_interfaces/nav_interfaces
-- Up-to-date: /home/vboxuser/ros_ws/install/nav_interfaces/include/nav_interfaces/nav_interfaces/msg
-- Installing: /home/vboxuser/ros_ws/install/nav_interfaces/include/nav_interfaces/nav_interfaces/msg/rosidl_generator_cpp__visibility_control.hpp
-- Up-to-date: /home/vboxuser/ros_ws/install/nav_interfaces/include/nav_interfaces/nav_interfaces/msg/detail
-- Installing: /home/vboxuser/ros_ws/install/nav_interfaces/include/nav_interfaces/nav_interfaces/msg/detail/bot_pose__traits.hpp
-- Installing: /home/vboxuser/ros_ws/install/nav_interfaces/include/nav_interfaces/nav_interfaces/msg/detail/bot_pose__builder.hpp
-- Installing: /home/vboxuser/ros_ws/install/nav_interfaces/include/nav_interfaces/nav_interfaces/msg/detail/bot_pose__type_support.hpp
-- Installing: /home/vboxuser/ros_ws/install/nav_interfaces/include/nav_interfaces/nav_interfaces/msg/detail/bot_pose__struct.hpp
-- Installing: /home/vboxuser/ros_ws/install/nav_interfaces/include/nav_interfaces/nav_interfaces/msg/bot_pose.hpp
-- Up-to-date: /home/vboxuser/ros_ws/install/nav_interfaces/include/nav_interfaces/nav_interfaces
-- Up-to-date: /home/vboxuser/ros_ws/install/nav_interfaces/include/nav_interfaces/nav_interfaces/msg
-- Installing: /home/vboxuser/ros_ws/install/nav_interfaces/include/nav_interfaces/nav_interfaces/msg/rosidl_typesupport_fastrtps_cpp__visibility_control.h
-- Up-to-date: /home/vboxuser/ros_ws/install/nav_interfaces/include/nav_interfaces/nav_interfaces/msg/detail
-- Installing: /home/vboxuser/ros_ws/install/nav_interfaces/include/nav_interfaces/nav_interfaces/msg/detail/dds_fastrtps
-- Installing: /home/vboxuser/ros_ws/install/nav_interfaces/include/nav_interfaces/nav_interfaces/msg/detail/bot_pose__rosidl_typesupport_fastrtps_cpp.hpp
-- Installing: /home/vboxuser/ros_ws/install/nav_interfaces/lib/libnav_interfaces__rosidl_typesupport_fastrtps_cpp.so
-- Set runtime path of "/home/vboxuser/ros_ws/install/nav_interfaces/lib/libnav_interfaces__rosidl_typesupport_fastrtps_cpp.so" to ""
-- Up-to-date: /home/vboxuser/ros_ws/install/nav_interfaces/include/nav_interfaces/nav_interfaces
-- Up-to-date: /home/vboxuser/ros_ws/install/nav_interfaces/include/nav_interfaces/nav_interfaces/msg
-- Up-to-date: /home/vboxuser/ros_ws/install/nav_interfaces/include/nav_interfaces/nav_interfaces/msg/detail
-- Installing: /home/vboxuser/ros_ws/install/nav_interfaces/include/nav_interfaces/nav_interfaces/msg/detail/bot_pose__rosidl_typesupport_introspection_cpp.hpp
-- Installing: /home/vboxuser/ros_ws/install/nav_interfaces/include/nav_interfaces/nav_interfaces/msg/detail/bot_pose__type_support.cpp
-- Installing: /home/vboxuser/ros_ws/install/nav_interfaces/lib/libnav_interfaces__rosidl_typesupport_introspection_cpp.so
-- Set runtime path of "/home/vboxuser/ros_ws/install/nav_interfaces/lib/libnav_interfaces__rosidl_typesupport_introspection_cpp.so" to ""
-- Installing: /home/vboxuser/ros_ws/install/nav_interfaces/lib/libnav_interfaces__rosidl_typesupport_cpp.so
-- Set runtime path of "/home/vboxuser/ros_ws/install/nav_interfaces/lib/libnav_interfaces__rosidl_typesupport_cpp.so" to ""
-- Installing: /home/vboxuser/ros_ws/install/nav_interfaces/share/nav_interfaces/environment/pythonpath.sh
-- Installing: /home/vboxuser/ros_ws/install/nav_interfaces/share/nav_interfaces/environment/pythonpath.dsv
-- Installing: /home/vboxuser/ros_ws/install/nav_interfaces/local/lib/python3.10/dist-packages/nav_interfaces-0.0.0-py3.10.egg-info
-- Installing: /home/vboxuser/ros_ws/install/nav_interfaces/local/lib/python3.10/dist-packages/nav_interfaces-0.0.0-py3.10.egg-info/top_level.txt
-- Installing: /home/vboxuser/ros_ws/install/nav_interfaces/local/lib/python3.10/dist-packages/nav_interfaces-0.0.0-py3.10.egg-info/SOURCES.txt
-- Installing: /home/vboxuser/ros_ws/install/nav_interfaces/local/lib/python3.10/dist-packages/nav_interfaces-0.0.0-py3.10.egg-info/PKG-INFO
-- Installing: /home/vboxuser/ros_ws/install/nav_interfaces/local/lib/python3.10/dist-packages/nav_interfaces-0.0.0-py3.10.egg-info/dependency_links.txt
-- Installing: /home/vboxuser/ros_ws/install/nav_interfaces/local/lib/python3.10/dist-packages/nav_interfaces
-- Installing: /home/vboxuser/ros_ws/install/nav_interfaces/local/lib/python3.10/dist-packages/nav_interfaces/libnav_interfaces__rosidl_generator_py.so
-- Installing: /home/vboxuser/ros_ws/install/nav_interfaces/local/lib/python3.10/dist-packages/nav_interfaces/_nav_interfaces_s.ep.rosidl_typesupport_c.c
-- Installing: /home/vboxuser/ros_ws/install/nav_interfaces/local/lib/python3.10/dist-packages/nav_interfaces/_nav_interfaces_s.ep.rosidl_typesupport_introspection_c.c
-- Installing: /home/vboxuser/ros_ws/install/nav_interfaces/local/lib/python3.10/dist-packages/nav_interfaces/_nav_interfaces_s.ep.rosidl_typesupport_fastrtps_c.c
-- Installing: /home/vboxuser/ros_ws/install/nav_interfaces/local/lib/python3.10/dist-packages/nav_interfaces/nav_interfaces_s__rosidl_typesupport_fastrtps_c.cpython-310-x86_64-linux-gnu.so
-- Installing: /home/vboxuser/ros_ws/install/nav_interfaces/local/lib/python3.10/dist-packages/nav_interfaces/msg
-- Installing: /home/vboxuser/ros_ws/install/nav_interfaces/local/lib/python3.10/dist-packages/nav_interfaces/msg/_bot_pose_s.c
-- Installing: /home/vboxuser/ros_ws/install/nav_interfaces/local/lib/python3.10/dist-packages/nav_interfaces/msg/__init__.py
-- Installing: /home/vboxuser/ros_ws/install/nav_interfaces/local/lib/python3.10/dist-packages/nav_interfaces/msg/_bot_pose.py
-- Installing: /home/vboxuser/ros_ws/install/nav_interfaces/local/lib/python3.10/dist-packages/nav_interfaces/__init__.py
-- Installing: /home/vboxuser/ros_ws/install/nav_interfaces/local/lib/python3.10/dist-packages/nav_interfaces/nav_interfaces_s__rosidl_typesupport_introspection_c.cpython-310-x86_64-linux-gnu.so
-- Installing: /home/vboxuser/ros_ws/install/nav_interfaces/local/lib/python3.10/dist-packages/nav_interfaces/nav_interfaces_s__rosidl_typesupport_c.cpython-310-x86_64-linux-gnu.so
Listing '/home/vboxuser/ros_ws/install/nav_interfaces/local/lib/python3.10/dist-packages/nav_interfaces'...
Compiling '/home/vboxuser/ros_ws/install/nav_interfaces/local/lib/python3.10/dist-packages/nav_interfaces/__init__.py'...
Listing '/home/vboxuser/ros_ws/install/nav_interfaces/local/lib/python3.10/dist-packages/nav_interfaces/msg'...
Compiling '/home/vboxuser/ros_ws/install/nav_interfaces/local/lib/python3.10/dist-packages/nav_interfaces/msg/__init__.py'...
Compiling '/home/vboxuser/ros_ws/install/nav_interfaces/local/lib/python3.10/dist-packages/nav_interfaces/msg/_bot_pose.py'...
-- Installing: /home/vboxuser/ros_ws/install/nav_interfaces/local/lib/python3.10/dist-packages/nav_interfaces/nav_interfaces_s__rosidl_typesupport_fastrtps_c.cpython-310-x86_64-linux-gnu.so
-- Set runtime path of "/home/vboxuser/ros_ws/install/nav_interfaces/local/lib/python3.10/dist-packages/nav_interfaces/nav_interfaces_s__rosidl_typesupport_fastrtps_c.cpython-310-x86_64-linux-gnu.so" to ""
-- Installing: /home/vboxuser/ros_ws/install/nav_interfaces/local/lib/python3.10/dist-packages/nav_interfaces/nav_interfaces_s__rosidl_typesupport_introspection_c.cpython-310-x86_64-linux-gnu.so
-- Set runtime path of "/home/vboxuser/ros_ws/install/nav_interfaces/local/lib/python3.10/dist-packages/nav_interfaces/nav_interfaces_s__rosidl_typesupport_introspection_c.cpython-310-x86_64-linux-gnu.so" to ""
-- Installing: /home/vboxuser/ros_ws/install/nav_interfaces/local/lib/python3.10/dist-packages/nav_interfaces/nav_interfaces_s__rosidl_typesupport_c.cpython-310-x86_64-linux-gnu.so
-- Set runtime path of "/home/vboxuser/ros_ws/install/nav_interfaces/local/lib/python3.10/dist-packages/nav_interfaces/nav_interfaces_s__rosidl_typesupport_c.cpython-310-x86_64-linux-gnu.so" to ""
-- Installing: /home/vboxuser/ros_ws/install/nav_interfaces/lib/libnav_interfaces__rosidl_generator_py.so
-- Set runtime path of "/home/vboxuser/ros_ws/install/nav_interfaces/lib/libnav_interfaces__rosidl_generator_py.so" to ""
-- Installing: /home/vboxuser/ros_ws/install/nav_interfaces/share/ament_index/resource_index/rust_packages/nav_interfaces
-- Installing: /home/vboxuser/ros_ws/install/nav_interfaces/share/nav_interfaces/rust
-- Installing: /home/vboxuser/ros_ws/install/nav_interfaces/share/nav_interfaces/rust/build.rs
-- Installing: /home/vboxuser/ros_ws/install/nav_interfaces/share/nav_interfaces/rust/Cargo.toml
-- Installing: /home/vboxuser/ros_ws/install/nav_interfaces/share/nav_interfaces/rust/src
-- Installing: /home/vboxuser/ros_ws/install/nav_interfaces/share/nav_interfaces/rust/src/lib.rs
-- Installing: /home/vboxuser/ros_ws/install/nav_interfaces/share/nav_interfaces/rust/src/msg.rs
-- Installing: /home/vboxuser/ros_ws/install/nav_interfaces/share/nav_interfaces/rust/src/msg
-- Installing: /home/vboxuser/ros_ws/install/nav_interfaces/share/nav_interfaces/rust/src/msg/rmw.rs
-- Installing: /home/vboxuser/ros_ws/install/nav_interfaces/share/nav_interfaces/msg/BotPose.idl
-- Installing: /home/vboxuser/ros_ws/install/nav_interfaces/share/nav_interfaces/msg/BotPose.msg
-- Installing: /home/vboxuser/ros_ws/install/nav_interfaces/share/ament_index/resource_index/package_run_dependencies/nav_interfaces
-- Installing: /home/vboxuser/ros_ws/install/nav_interfaces/share/ament_index/resource_index/parent_prefix_path/nav_interfaces
-- Installing: /home/vboxuser/ros_ws/install/nav_interfaces/share/nav_interfaces/environment/ament_prefix_path.sh
-- Installing: /home/vboxuser/ros_ws/install/nav_interfaces/share/nav_interfaces/environment/ament_prefix_path.dsv
-- Installing: /home/vboxuser/ros_ws/install/nav_interfaces/share/nav_interfaces/environment/path.sh
-- Installing: /home/vboxuser/ros_ws/install/nav_interfaces/share/nav_interfaces/environment/path.dsv
-- Installing: /home/vboxuser/ros_ws/install/nav_interfaces/share/nav_interfaces/local_setup.bash
-- Installing: /home/vboxuser/ros_ws/install/nav_interfaces/share/nav_interfaces/local_setup.sh
-- Installing: /home/vboxuser/ros_ws/install/nav_interfaces/share/nav_interfaces/local_setup.zsh
-- Installing: /home/vboxuser/ros_ws/install/nav_interfaces/share/nav_interfaces/local_setup.dsv
-- Installing: /home/vboxuser/ros_ws/install/nav_interfaces/share/nav_interfaces/package.dsv
-- Installing: /home/vboxuser/ros_ws/install/nav_interfaces/share/ament_index/resource_index/packages/nav_interfaces
-- Installing: /home/vboxuser/ros_ws/install/nav_interfaces/share/nav_interfaces/cmake/export_nav_interfaces__rosidl_generator_cExport.cmake
-- Installing: /home/vboxuser/ros_ws/install/nav_interfaces/share/nav_interfaces/cmake/export_nav_interfaces__rosidl_generator_cExport-noconfig.cmake
-- Installing: /home/vboxuser/ros_ws/install/nav_interfaces/share/nav_interfaces/cmake/export_nav_interfaces__rosidl_typesupport_fastrtps_cExport.cmake
-- Installing: /home/vboxuser/ros_ws/install/nav_interfaces/share/nav_interfaces/cmake/export_nav_interfaces__rosidl_typesupport_fastrtps_cExport-noconfig.cmake
-- Installing: /home/vboxuser/ros_ws/install/nav_interfaces/share/nav_interfaces/cmake/nav_interfaces__rosidl_typesupport_introspection_cExport.cmake
-- Installing: /home/vboxuser/ros_ws/install/nav_interfaces/share/nav_interfaces/cmake/nav_interfaces__rosidl_typesupport_introspection_cExport-noconfig.cmake
-- Installing: /home/vboxuser/ros_ws/install/nav_interfaces/share/nav_interfaces/cmake/nav_interfaces__rosidl_typesupport_cExport.cmake
-- Installing: /home/vboxuser/ros_ws/install/nav_interfaces/share/nav_interfaces/cmake/nav_interfaces__rosidl_typesupport_cExport-noconfig.cmake
-- Installing: /home/vboxuser/ros_ws/install/nav_interfaces/share/nav_interfaces/cmake/export_nav_interfaces__rosidl_generator_cppExport.cmake
-- Installing: /home/vboxuser/ros_ws/install/nav_interfaces/share/nav_interfaces/cmake/export_nav_interfaces__rosidl_typesupport_fastrtps_cppExport.cmake
-- Installing: /home/vboxuser/ros_ws/install/nav_interfaces/share/nav_interfaces/cmake/export_nav_interfaces__rosidl_typesupport_fastrtps_cppExport-noconfig.cmake
-- Installing: /home/vboxuser/ros_ws/install/nav_interfaces/share/nav_interfaces/cmake/nav_interfaces__rosidl_typesupport_introspection_cppExport.cmake
-- Installing: /home/vboxuser/ros_ws/install/nav_interfaces/share/nav_interfaces/cmake/nav_interfaces__rosidl_typesupport_introspection_cppExport-noconfig.cmake
-- Installing: /home/vboxuser/ros_ws/install/nav_interfaces/share/nav_interfaces/cmake/nav_interfaces__rosidl_typesupport_cppExport.cmake
-- Installing: /home/vboxuser/ros_ws/install/nav_interfaces/share/nav_interfaces/cmake/nav_interfaces__rosidl_typesupport_cppExport-noconfig.cmake
-- Installing: /home/vboxuser/ros_ws/install/nav_interfaces/share/nav_interfaces/cmake/export_nav_interfaces__rosidl_generator_pyExport.cmake
-- Installing: /home/vboxuser/ros_ws/install/nav_interfaces/share/nav_interfaces/cmake/export_nav_interfaces__rosidl_generator_pyExport-noconfig.cmake
-- Installing: /home/vboxuser/ros_ws/install/nav_interfaces/share/nav_interfaces/cmake/rosidl_cmake-extras.cmake
-- Installing: /home/vboxuser/ros_ws/install/nav_interfaces/share/nav_interfaces/cmake/ament_cmake_export_include_directories-extras.cmake
-- Installing: /home/vboxuser/ros_ws/install/nav_interfaces/share/nav_interfaces/cmake/ament_cmake_export_libraries-extras.cmake
-- Installing: /home/vboxuser/ros_ws/install/nav_interfaces/share/nav_interfaces/cmake/ament_cmake_export_targets-extras.cmake
-- Installing: /home/vboxuser/ros_ws/install/nav_interfaces/share/nav_interfaces/cmake/rosidl_cmake_export_typesupport_targets-extras.cmake
-- Installing: /home/vboxuser/ros_ws/install/nav_interfaces/share/nav_interfaces/cmake/ament_cmake_export_dependencies-extras.cmake
-- Installing: /home/vboxuser/ros_ws/install/nav_interfaces/share/nav_interfaces/cmake/rosidl_cmake_export_typesupport_libraries-extras.cmake
-- Installing: /home/vboxuser/ros_ws/install/nav_interfaces/share/nav_interfaces/cmake/nav_interfacesConfig.cmake
-- Installing: /home/vboxuser/ros_ws/install/nav_interfaces/share/nav_interfaces/cmake/nav_interfacesConfig-version.cmake
-- Installing: /home/vboxuser/ros_ws/install/nav_interfaces/share/nav_interfaces/package.xml
