[0.039s] Invoking command in '/home/vboxuser/ros_ws/build/nav_interfaces': CMAKE_PREFIX_PATH=${CMAKE_PREFIX_PATH}:/home/vboxuser/ros_ws/install/nav_pkg:/home/vboxuser/ros_ws/install/chat_pkg:/opt/ros/humble /usr/bin/cmake /home/vboxuser/ros_ws/src/nav_interfaces -DCMAKE_INSTALL_PREFIX=/home/vboxuser/ros_ws/install/nav_interfaces
[0.144s] -- The C compiler identification is GNU 11.4.0
[0.253s] -- The CXX compiler identification is GNU 11.4.0
[0.271s] -- Detecting C compiler ABI info
[0.421s] -- Detecting C compiler ABI info - done
[0.450s] -- Check for working C compiler: /usr/bin/cc - skipped
[0.451s] -- Detecting C compile features
[0.452s] -- Detecting C compile features - done
[0.457s] -- Detecting CXX compiler ABI info
[0.632s] -- Detecting CXX compiler ABI info - done
[0.654s] -- Check for working CXX compiler: /usr/bin/c++ - skipped
[0.654s] -- Detecting CXX compile features
[0.654s] -- Detecting CXX compile features - done
[0.662s] -- Found ament_cmake: 1.3.14 (/opt/ros/humble/share/ament_cmake/cmake)
[1.109s] -- Found Python3: /usr/bin/python3 (found version "3.10.12") found components: Interpreter 
[1.297s] -- Found rosidl_default_generators: 1.2.1 (/opt/ros/humble/share/rosidl_default_generators/cmake)
[1.305s] -- Using all available rosidl_typesupport_c: rosidl_typesupport_fastrtps_c;rosidl_typesupport_introspection_c
[1.319s] -- Found rosidl_adapter: 3.1.8 (/opt/ros/humble/share/rosidl_adapter/cmake)
[1.401s] -- Using all available rosidl_typesupport_cpp: rosidl_typesupport_fastrtps_cpp;rosidl_typesupport_introspection_cpp
[2.199s] -- Found ament_cmake_ros: 0.10.0 (/opt/ros/humble/share/ament_cmake_ros/cmake)
[2.735s] -- Using all available rosidl_typesupport_c: rosidl_typesupport_fastrtps_c;rosidl_typesupport_introspection_c
[3.273s] -- Using all available rosidl_typesupport_cpp: rosidl_typesupport_fastrtps_cpp;rosidl_typesupport_introspection_cpp
[3.313s] -- Found PythonInterp: /usr/bin/python3 (found suitable version "3.10.12", minimum required is "3.6") 
[3.316s] -- Found python_cmake_module: 0.10.0 (/opt/ros/humble/share/python_cmake_module/cmake)
[3.361s] -- Found PythonLibs: /usr/lib/x86_64-linux-gnu/libpython3.10.so (found suitable version "3.10.12", minimum required is "3.5") 
[3.361s] -- Using PYTHON_EXECUTABLE: /usr/bin/python3
[3.362s] -- Using PYTHON_INCLUDE_DIRS: /usr/include/python3.10
[3.362s] -- Using PYTHON_LIBRARIES: /usr/lib/x86_64-linux-gnu/libpython3.10.so
[3.407s] -- Found PythonExtra: .so  
[3.643s] -- Configuring done
[3.716s] -- Generating done
[3.743s] -- Build files have been written to: /home/vboxuser/ros_ws/build/nav_interfaces
[3.763s] Invoked command in '/home/vboxuser/ros_ws/build/nav_interfaces' returned '0': CMAKE_PREFIX_PATH=${CMAKE_PREFIX_PATH}:/home/vboxuser/ros_ws/install/nav_pkg:/home/vboxuser/ros_ws/install/chat_pkg:/opt/ros/humble /usr/bin/cmake /home/vboxuser/ros_ws/src/nav_interfaces -DCMAKE_INSTALL_PREFIX=/home/vboxuser/ros_ws/install/nav_interfaces
[3.764s] Invoking command in '/home/vboxuser/ros_ws/build/nav_interfaces': CMAKE_PREFIX_PATH=${CMAKE_PREFIX_PATH}:/home/vboxuser/ros_ws/install/nav_pkg:/home/vboxuser/ros_ws/install/chat_pkg:/opt/ros/humble /usr/bin/cmake --build /home/vboxuser/ros_ws/build/nav_interfaces -- -j3 -l3
[3.843s] [  3%] [34m[1mGenerating C code for ROS interfaces[0m
[3.870s] [  6%] [34m[1mGenerating C++ code for ROS interfaces[0m
[3.872s] [  9%] [34m[1mGenerating Rust code for ROS interfaces[0m
[4.720s] [  9%] Built target nav_interfaces__rs
[4.787s] [ 12%] [32mBuilding C object CMakeFiles/nav_interfaces__rosidl_generator_c.dir/rosidl_generator_c/nav_interfaces/msg/detail/bot_pose__functions.c.o[0m
[4.789s] [ 12%] Built target nav_interfaces__cpp
[4.790s] [ 12%] Built target ament_cmake_python_copy_nav_interfaces
[4.818s] [ 15%] [34m[1mGenerating C++ type support dispatch for ROS interfaces[0m
[4.824s] [ 18%] [34m[1mGenerating C++ introspection for ROS interfaces[0m
[4.895s] [ 21%] [32m[1mLinking C shared library libnav_interfaces__rosidl_generator_c.so[0m
[4.972s] [ 21%] Built target nav_interfaces__rosidl_generator_c
[4.997s] [ 25%] [34m[1mGenerating C++ type support for eProsima Fast-RTPS[0m
[5.473s] [ 28%] [32mBuilding CXX object CMakeFiles/nav_interfaces__rosidl_typesupport_cpp.dir/rosidl_typesupport_cpp/nav_interfaces/msg/bot_pose__type_support.cpp.o[0m
[5.529s] [ 31%] [32mBuilding CXX object CMakeFiles/nav_interfaces__rosidl_typesupport_introspection_cpp.dir/rosidl_typesupport_introspection_cpp/nav_interfaces/msg/detail/bot_pose__type_support.cpp.o[0m
[5.604s] [ 34%] [32mBuilding CXX object CMakeFiles/nav_interfaces__rosidl_typesupport_fastrtps_cpp.dir/rosidl_typesupport_fastrtps_cpp/nav_interfaces/msg/detail/dds_fastrtps/bot_pose__type_support.cpp.o[0m
[6.167s] [ 37%] [32m[1mLinking CXX shared library libnav_interfaces__rosidl_typesupport_cpp.so[0m
[6.269s] [ 37%] Built target nav_interfaces__rosidl_typesupport_cpp
[6.291s] [ 40%] [34m[1mGenerating C introspection for ROS interfaces[0m
[6.630s] [ 43%] [32m[1mLinking CXX shared library libnav_interfaces__rosidl_typesupport_introspection_cpp.so[0m
[6.659s] [ 46%] [32m[1mLinking CXX shared library libnav_interfaces__rosidl_typesupport_fastrtps_cpp.so[0m
[6.793s] [ 46%] Built target nav_interfaces__rosidl_typesupport_introspection_cpp
[6.818s] [ 50%] [34m[1mGenerating C type support dispatch for ROS interfaces[0m
[6.868s] [ 50%] Built target nav_interfaces__rosidl_typesupport_fastrtps_cpp
[6.894s] [ 53%] [34m[1mGenerating C type support for eProsima Fast-RTPS[0m
[6.961s] [ 56%] [32mBuilding C object CMakeFiles/nav_interfaces__rosidl_typesupport_introspection_c.dir/rosidl_typesupport_introspection_c/nav_interfaces/msg/detail/bot_pose__type_support.c.o[0m
[7.045s] [ 59%] [32m[1mLinking C shared library libnav_interfaces__rosidl_typesupport_introspection_c.so[0m
[7.115s] [ 59%] Built target nav_interfaces__rosidl_typesupport_introspection_c
[7.411s] [ 62%] [32mBuilding CXX object CMakeFiles/nav_interfaces__rosidl_typesupport_c.dir/rosidl_typesupport_c/nav_interfaces/msg/bot_pose__type_support.cpp.o[0m
[7.479s] [ 65%] [32m[1mLinking CXX shared library libnav_interfaces__rosidl_typesupport_c.so[0m
[7.575s] [ 68%] [32mBuilding CXX object CMakeFiles/nav_interfaces__rosidl_typesupport_fastrtps_c.dir/rosidl_typesupport_fastrtps_c/nav_interfaces/msg/detail/bot_pose__type_support_c.cpp.o[0m
[7.577s] [ 68%] Built target nav_interfaces__rosidl_typesupport_c
[7.771s] running egg_info
[7.773s] creating nav_interfaces.egg-info
[7.773s] writing nav_interfaces.egg-info/PKG-INFO
[7.773s] writing dependency_links to nav_interfaces.egg-info/dependency_links.txt
[7.774s] writing top-level names to nav_interfaces.egg-info/top_level.txt
[7.774s] writing manifest file 'nav_interfaces.egg-info/SOURCES.txt'
[7.777s] reading manifest file 'nav_interfaces.egg-info/SOURCES.txt'
[7.778s] writing manifest file 'nav_interfaces.egg-info/SOURCES.txt'
[7.834s] [ 68%] Built target ament_cmake_python_build_nav_interfaces_egg
[8.264s] [ 71%] [32m[1mLinking CXX shared library libnav_interfaces__rosidl_typesupport_fastrtps_c.so[0m
[8.394s] [ 71%] Built target nav_interfaces__rosidl_typesupport_fastrtps_c
[8.430s] [ 71%] Built target nav_interfaces
[8.474s] [ 75%] [34m[1mGenerating Python code for ROS interfaces[0m
[9.123s] [ 75%] Built target nav_interfaces__py
[9.161s] [ 78%] [32mBuilding C object CMakeFiles/nav_interfaces__rosidl_generator_py.dir/rosidl_generator_py/nav_interfaces/msg/_bot_pose_s.c.o[0m
[9.342s] [ 81%] [32m[1mLinking C shared library rosidl_generator_py/nav_interfaces/libnav_interfaces__rosidl_generator_py.so[0m
[9.405s] [ 81%] Built target nav_interfaces__rosidl_generator_py
[9.448s] [ 84%] [32mBuilding C object CMakeFiles/nav_interfaces__rosidl_typesupport_fastrtps_c__pyext.dir/rosidl_generator_py/nav_interfaces/_nav_interfaces_s.ep.rosidl_typesupport_fastrtps_c.c.o[0m
[9.450s] [ 87%] [32mBuilding C object CMakeFiles/nav_interfaces__rosidl_typesupport_introspection_c__pyext.dir/rosidl_generator_py/nav_interfaces/_nav_interfaces_s.ep.rosidl_typesupport_introspection_c.c.o[0m
[9.451s] [ 90%] [32mBuilding C object CMakeFiles/nav_interfaces__rosidl_typesupport_c__pyext.dir/rosidl_generator_py/nav_interfaces/_nav_interfaces_s.ep.rosidl_typesupport_c.c.o[0m
[9.667s] [ 93%] [32m[1mLinking C shared library rosidl_generator_py/nav_interfaces/nav_interfaces_s__rosidl_typesupport_introspection_c.cpython-310-x86_64-linux-gnu.so[0m
[9.684s] [ 96%] [32m[1mLinking C shared library rosidl_generator_py/nav_interfaces/nav_interfaces_s__rosidl_typesupport_c.cpython-310-x86_64-linux-gnu.so[0m
[9.686s] [100%] [32m[1mLinking C shared library rosidl_generator_py/nav_interfaces/nav_interfaces_s__rosidl_typesupport_fastrtps_c.cpython-310-x86_64-linux-gnu.so[0m
[9.749s] [100%] Built target nav_interfaces__rosidl_typesupport_introspection_c__pyext
[9.761s] [100%] Built target nav_interfaces__rosidl_typesupport_c__pyext
[9.765s] [100%] Built target nav_interfaces__rosidl_typesupport_fastrtps_c__pyext
[9.786s] Invoked command in '/home/vboxuser/ros_ws/build/nav_interfaces' returned '0': CMAKE_PREFIX_PATH=${CMAKE_PREFIX_PATH}:/home/vboxuser/ros_ws/install/nav_pkg:/home/vboxuser/ros_ws/install/chat_pkg:/opt/ros/humble /usr/bin/cmake --build /home/vboxuser/ros_ws/build/nav_interfaces -- -j3 -l3
[9.805s] Invoking command in '/home/vboxuser/ros_ws/build/nav_interfaces': CMAKE_PREFIX_PATH=${CMAKE_PREFIX_PATH}:/home/vboxuser/ros_ws/install/nav_pkg:/home/vboxuser/ros_ws/install/chat_pkg:/opt/ros/humble /usr/bin/cmake --install /home/vboxuser/ros_ws/build/nav_interfaces
[9.818s] -- Install configuration: ""
[9.819s] -- Installing: /home/vboxuser/ros_ws/install/nav_interfaces/share/ament_index/resource_index/rosidl_interfaces/nav_interfaces
[9.819s] -- Installing: /home/vboxuser/ros_ws/install/nav_interfaces/include/nav_interfaces/nav_interfaces
[9.819s] -- Installing: /home/vboxuser/ros_ws/install/nav_interfaces/include/nav_interfaces/nav_interfaces/msg
[9.820s] -- Installing: /home/vboxuser/ros_ws/install/nav_interfaces/include/nav_interfaces/nav_interfaces/msg/rosidl_generator_c__visibility_control.h
[9.820s] -- Installing: /home/vboxuser/ros_ws/install/nav_interfaces/include/nav_interfaces/nav_interfaces/msg/detail
[9.820s] -- Installing: /home/vboxuser/ros_ws/install/nav_interfaces/include/nav_interfaces/nav_interfaces/msg/detail/bot_pose__functions.c
[9.821s] -- Installing: /home/vboxuser/ros_ws/install/nav_interfaces/include/nav_interfaces/nav_interfaces/msg/detail/bot_pose__functions.h
[9.821s] -- Installing: /home/vboxuser/ros_ws/install/nav_interfaces/include/nav_interfaces/nav_interfaces/msg/detail/bot_pose__struct.h
[9.821s] -- Installing: /home/vboxuser/ros_ws/install/nav_interfaces/include/nav_interfaces/nav_interfaces/msg/detail/bot_pose__type_support.h
[9.821s] -- Installing: /home/vboxuser/ros_ws/install/nav_interfaces/include/nav_interfaces/nav_interfaces/msg/bot_pose.h
[9.821s] -- Installing: /home/vboxuser/ros_ws/install/nav_interfaces/share/nav_interfaces/environment/library_path.sh
[9.821s] -- Installing: /home/vboxuser/ros_ws/install/nav_interfaces/share/nav_interfaces/environment/library_path.dsv
[9.821s] -- Installing: /home/vboxuser/ros_ws/install/nav_interfaces/lib/libnav_interfaces__rosidl_generator_c.so
[9.822s] -- Set runtime path of "/home/vboxuser/ros_ws/install/nav_interfaces/lib/libnav_interfaces__rosidl_generator_c.so" to ""
[9.822s] -- Up-to-date: /home/vboxuser/ros_ws/install/nav_interfaces/include/nav_interfaces/nav_interfaces
[9.822s] -- Up-to-date: /home/vboxuser/ros_ws/install/nav_interfaces/include/nav_interfaces/nav_interfaces/msg
[9.822s] -- Installing: /home/vboxuser/ros_ws/install/nav_interfaces/include/nav_interfaces/nav_interfaces/msg/rosidl_typesupport_fastrtps_c__visibility_control.h
[9.822s] -- Up-to-date: /home/vboxuser/ros_ws/install/nav_interfaces/include/nav_interfaces/nav_interfaces/msg/detail
[9.822s] -- Installing: /home/vboxuser/ros_ws/install/nav_interfaces/include/nav_interfaces/nav_interfaces/msg/detail/bot_pose__rosidl_typesupport_fastrtps_c.h
[9.823s] -- Installing: /home/vboxuser/ros_ws/install/nav_interfaces/lib/libnav_interfaces__rosidl_typesupport_fastrtps_c.so
[9.823s] -- Set runtime path of "/home/vboxuser/ros_ws/install/nav_interfaces/lib/libnav_interfaces__rosidl_typesupport_fastrtps_c.so" to ""
[9.823s] -- Up-to-date: /home/vboxuser/ros_ws/install/nav_interfaces/include/nav_interfaces/nav_interfaces
[9.823s] -- Up-to-date: /home/vboxuser/ros_ws/install/nav_interfaces/include/nav_interfaces/nav_interfaces/msg
[9.823s] -- Installing: /home/vboxuser/ros_ws/install/nav_interfaces/include/nav_interfaces/nav_interfaces/msg/rosidl_typesupport_introspection_c__visibility_control.h
[9.823s] -- Up-to-date: /home/vboxuser/ros_ws/install/nav_interfaces/include/nav_interfaces/nav_interfaces/msg/detail
[9.824s] -- Installing: /home/vboxuser/ros_ws/install/nav_interfaces/include/nav_interfaces/nav_interfaces/msg/detail/bot_pose__type_support.c
[9.824s] -- Installing: /home/vboxuser/ros_ws/install/nav_interfaces/include/nav_interfaces/nav_interfaces/msg/detail/bot_pose__rosidl_typesupport_introspection_c.h
[9.824s] -- Installing: /home/vboxuser/ros_ws/install/nav_interfaces/lib/libnav_interfaces__rosidl_typesupport_introspection_c.so
[9.824s] -- Set runtime path of "/home/vboxuser/ros_ws/install/nav_interfaces/lib/libnav_interfaces__rosidl_typesupport_introspection_c.so" to ""
[9.824s] -- Installing: /home/vboxuser/ros_ws/install/nav_interfaces/lib/libnav_interfaces__rosidl_typesupport_c.so
[9.825s] -- Set runtime path of "/home/vboxuser/ros_ws/install/nav_interfaces/lib/libnav_interfaces__rosidl_typesupport_c.so" to ""
[9.825s] -- Up-to-date: /home/vboxuser/ros_ws/install/nav_interfaces/include/nav_interfaces/nav_interfaces
[9.825s] -- Up-to-date: /home/vboxuser/ros_ws/install/nav_interfaces/include/nav_interfaces/nav_interfaces/msg
[9.825s] -- Installing: /home/vboxuser/ros_ws/install/nav_interfaces/include/nav_interfaces/nav_interfaces/msg/rosidl_generator_cpp__visibility_control.hpp
[9.825s] -- Up-to-date: /home/vboxuser/ros_ws/install/nav_interfaces/include/nav_interfaces/nav_interfaces/msg/detail
[9.825s] -- Installing: /home/vboxuser/ros_ws/install/nav_interfaces/include/nav_interfaces/nav_interfaces/msg/detail/bot_pose__traits.hpp
[9.825s] -- Installing: /home/vboxuser/ros_ws/install/nav_interfaces/include/nav_interfaces/nav_interfaces/msg/detail/bot_pose__builder.hpp
[9.826s] -- Installing: /home/vboxuser/ros_ws/install/nav_interfaces/include/nav_interfaces/nav_interfaces/msg/detail/bot_pose__type_support.hpp
[9.826s] -- Installing: /home/vboxuser/ros_ws/install/nav_interfaces/include/nav_interfaces/nav_interfaces/msg/detail/bot_pose__struct.hpp
[9.826s] -- Installing: /home/vboxuser/ros_ws/install/nav_interfaces/include/nav_interfaces/nav_interfaces/msg/bot_pose.hpp
[9.826s] -- Up-to-date: /home/vboxuser/ros_ws/install/nav_interfaces/include/nav_interfaces/nav_interfaces
[9.827s] -- Up-to-date: /home/vboxuser/ros_ws/install/nav_interfaces/include/nav_interfaces/nav_interfaces/msg
[9.827s] -- Installing: /home/vboxuser/ros_ws/install/nav_interfaces/include/nav_interfaces/nav_interfaces/msg/rosidl_typesupport_fastrtps_cpp__visibility_control.h
[9.827s] -- Up-to-date: /home/vboxuser/ros_ws/install/nav_interfaces/include/nav_interfaces/nav_interfaces/msg/detail
[9.828s] -- Installing: /home/vboxuser/ros_ws/install/nav_interfaces/include/nav_interfaces/nav_interfaces/msg/detail/dds_fastrtps
[9.828s] -- Installing: /home/vboxuser/ros_ws/install/nav_interfaces/include/nav_interfaces/nav_interfaces/msg/detail/bot_pose__rosidl_typesupport_fastrtps_cpp.hpp
[9.828s] -- Installing: /home/vboxuser/ros_ws/install/nav_interfaces/lib/libnav_interfaces__rosidl_typesupport_fastrtps_cpp.so
[9.828s] -- Set runtime path of "/home/vboxuser/ros_ws/install/nav_interfaces/lib/libnav_interfaces__rosidl_typesupport_fastrtps_cpp.so" to ""
[9.829s] -- Up-to-date: /home/vboxuser/ros_ws/install/nav_interfaces/include/nav_interfaces/nav_interfaces
[9.829s] -- Up-to-date: /home/vboxuser/ros_ws/install/nav_interfaces/include/nav_interfaces/nav_interfaces/msg
[9.829s] -- Up-to-date: /home/vboxuser/ros_ws/install/nav_interfaces/include/nav_interfaces/nav_interfaces/msg/detail
[9.829s] -- Installing: /home/vboxuser/ros_ws/install/nav_interfaces/include/nav_interfaces/nav_interfaces/msg/detail/bot_pose__rosidl_typesupport_introspection_cpp.hpp
[9.829s] -- Installing: /home/vboxuser/ros_ws/install/nav_interfaces/include/nav_interfaces/nav_interfaces/msg/detail/bot_pose__type_support.cpp
[9.830s] -- Installing: /home/vboxuser/ros_ws/install/nav_interfaces/lib/libnav_interfaces__rosidl_typesupport_introspection_cpp.so
[9.830s] -- Set runtime path of "/home/vboxuser/ros_ws/install/nav_interfaces/lib/libnav_interfaces__rosidl_typesupport_introspection_cpp.so" to ""
[9.830s] -- Installing: /home/vboxuser/ros_ws/install/nav_interfaces/lib/libnav_interfaces__rosidl_typesupport_cpp.so
[9.831s] -- Set runtime path of "/home/vboxuser/ros_ws/install/nav_interfaces/lib/libnav_interfaces__rosidl_typesupport_cpp.so" to ""
[9.831s] -- Installing: /home/vboxuser/ros_ws/install/nav_interfaces/share/nav_interfaces/environment/pythonpath.sh
[9.831s] -- Installing: /home/vboxuser/ros_ws/install/nav_interfaces/share/nav_interfaces/environment/pythonpath.dsv
[9.832s] -- Installing: /home/vboxuser/ros_ws/install/nav_interfaces/local/lib/python3.10/dist-packages/nav_interfaces-0.0.0-py3.10.egg-info
[9.832s] -- Installing: /home/vboxuser/ros_ws/install/nav_interfaces/local/lib/python3.10/dist-packages/nav_interfaces-0.0.0-py3.10.egg-info/top_level.txt
[9.832s] -- Installing: /home/vboxuser/ros_ws/install/nav_interfaces/local/lib/python3.10/dist-packages/nav_interfaces-0.0.0-py3.10.egg-info/SOURCES.txt
[9.832s] -- Installing: /home/vboxuser/ros_ws/install/nav_interfaces/local/lib/python3.10/dist-packages/nav_interfaces-0.0.0-py3.10.egg-info/PKG-INFO
[9.833s] -- Installing: /home/vboxuser/ros_ws/install/nav_interfaces/local/lib/python3.10/dist-packages/nav_interfaces-0.0.0-py3.10.egg-info/dependency_links.txt
[9.833s] -- Installing: /home/vboxuser/ros_ws/install/nav_interfaces/local/lib/python3.10/dist-packages/nav_interfaces
[9.833s] -- Installing: /home/vboxuser/ros_ws/install/nav_interfaces/local/lib/python3.10/dist-packages/nav_interfaces/libnav_interfaces__rosidl_generator_py.so
[9.834s] -- Installing: /home/vboxuser/ros_ws/install/nav_interfaces/local/lib/python3.10/dist-packages/nav_interfaces/_nav_interfaces_s.ep.rosidl_typesupport_c.c
[9.834s] -- Installing: /home/vboxuser/ros_ws/install/nav_interfaces/local/lib/python3.10/dist-packages/nav_interfaces/_nav_interfaces_s.ep.rosidl_typesupport_introspection_c.c
[9.834s] -- Installing: /home/vboxuser/ros_ws/install/nav_interfaces/local/lib/python3.10/dist-packages/nav_interfaces/_nav_interfaces_s.ep.rosidl_typesupport_fastrtps_c.c
[9.834s] -- Installing: /home/vboxuser/ros_ws/install/nav_interfaces/local/lib/python3.10/dist-packages/nav_interfaces/nav_interfaces_s__rosidl_typesupport_fastrtps_c.cpython-310-x86_64-linux-gnu.so
[9.835s] -- Installing: /home/vboxuser/ros_ws/install/nav_interfaces/local/lib/python3.10/dist-packages/nav_interfaces/msg
[9.835s] -- Installing: /home/vboxuser/ros_ws/install/nav_interfaces/local/lib/python3.10/dist-packages/nav_interfaces/msg/_bot_pose_s.c
[9.835s] -- Installing: /home/vboxuser/ros_ws/install/nav_interfaces/local/lib/python3.10/dist-packages/nav_interfaces/msg/__init__.py
[9.836s] -- Installing: /home/vboxuser/ros_ws/install/nav_interfaces/local/lib/python3.10/dist-packages/nav_interfaces/msg/_bot_pose.py
[9.836s] -- Installing: /home/vboxuser/ros_ws/install/nav_interfaces/local/lib/python3.10/dist-packages/nav_interfaces/__init__.py
[9.836s] -- Installing: /home/vboxuser/ros_ws/install/nav_interfaces/local/lib/python3.10/dist-packages/nav_interfaces/nav_interfaces_s__rosidl_typesupport_introspection_c.cpython-310-x86_64-linux-gnu.so
[9.836s] -- Installing: /home/vboxuser/ros_ws/install/nav_interfaces/local/lib/python3.10/dist-packages/nav_interfaces/nav_interfaces_s__rosidl_typesupport_c.cpython-310-x86_64-linux-gnu.so
[9.907s] Listing '/home/vboxuser/ros_ws/install/nav_interfaces/local/lib/python3.10/dist-packages/nav_interfaces'...
[9.908s] Compiling '/home/vboxuser/ros_ws/install/nav_interfaces/local/lib/python3.10/dist-packages/nav_interfaces/__init__.py'...
[9.908s] Listing '/home/vboxuser/ros_ws/install/nav_interfaces/local/lib/python3.10/dist-packages/nav_interfaces/msg'...
[9.908s] Compiling '/home/vboxuser/ros_ws/install/nav_interfaces/local/lib/python3.10/dist-packages/nav_interfaces/msg/__init__.py'...
[9.908s] Compiling '/home/vboxuser/ros_ws/install/nav_interfaces/local/lib/python3.10/dist-packages/nav_interfaces/msg/_bot_pose.py'...
[9.918s] -- Installing: /home/vboxuser/ros_ws/install/nav_interfaces/local/lib/python3.10/dist-packages/nav_interfaces/nav_interfaces_s__rosidl_typesupport_fastrtps_c.cpython-310-x86_64-linux-gnu.so
[9.918s] -- Set runtime path of "/home/vboxuser/ros_ws/install/nav_interfaces/local/lib/python3.10/dist-packages/nav_interfaces/nav_interfaces_s__rosidl_typesupport_fastrtps_c.cpython-310-x86_64-linux-gnu.so" to ""
[9.918s] -- Installing: /home/vboxuser/ros_ws/install/nav_interfaces/local/lib/python3.10/dist-packages/nav_interfaces/nav_interfaces_s__rosidl_typesupport_introspection_c.cpython-310-x86_64-linux-gnu.so
[9.919s] -- Set runtime path of "/home/vboxuser/ros_ws/install/nav_interfaces/local/lib/python3.10/dist-packages/nav_interfaces/nav_interfaces_s__rosidl_typesupport_introspection_c.cpython-310-x86_64-linux-gnu.so" to ""
[9.919s] -- Installing: /home/vboxuser/ros_ws/install/nav_interfaces/local/lib/python3.10/dist-packages/nav_interfaces/nav_interfaces_s__rosidl_typesupport_c.cpython-310-x86_64-linux-gnu.so
[9.920s] -- Set runtime path of "/home/vboxuser/ros_ws/install/nav_interfaces/local/lib/python3.10/dist-packages/nav_interfaces/nav_interfaces_s__rosidl_typesupport_c.cpython-310-x86_64-linux-gnu.so" to ""
[9.920s] -- Installing: /home/vboxuser/ros_ws/install/nav_interfaces/lib/libnav_interfaces__rosidl_generator_py.so
[9.921s] -- Set runtime path of "/home/vboxuser/ros_ws/install/nav_interfaces/lib/libnav_interfaces__rosidl_generator_py.so" to ""
[9.921s] -- Installing: /home/vboxuser/ros_ws/install/nav_interfaces/share/ament_index/resource_index/rust_packages/nav_interfaces
[9.922s] -- Installing: /home/vboxuser/ros_ws/install/nav_interfaces/share/nav_interfaces/rust
[9.922s] -- Installing: /home/vboxuser/ros_ws/install/nav_interfaces/share/nav_interfaces/rust/build.rs
[9.922s] -- Installing: /home/vboxuser/ros_ws/install/nav_interfaces/share/nav_interfaces/rust/Cargo.toml
[9.922s] -- Installing: /home/vboxuser/ros_ws/install/nav_interfaces/share/nav_interfaces/rust/src
[9.922s] -- Installing: /home/vboxuser/ros_ws/install/nav_interfaces/share/nav_interfaces/rust/src/lib.rs
[9.923s] -- Installing: /home/vboxuser/ros_ws/install/nav_interfaces/share/nav_interfaces/rust/src/msg.rs
[9.923s] -- Installing: /home/vboxuser/ros_ws/install/nav_interfaces/share/nav_interfaces/rust/src/msg
[9.923s] -- Installing: /home/vboxuser/ros_ws/install/nav_interfaces/share/nav_interfaces/rust/src/msg/rmw.rs
[9.923s] -- Installing: /home/vboxuser/ros_ws/install/nav_interfaces/share/nav_interfaces/msg/BotPose.idl
[9.924s] -- Installing: /home/vboxuser/ros_ws/install/nav_interfaces/share/nav_interfaces/msg/BotPose.msg
[9.924s] -- Installing: /home/vboxuser/ros_ws/install/nav_interfaces/share/ament_index/resource_index/package_run_dependencies/nav_interfaces
[9.924s] -- Installing: /home/vboxuser/ros_ws/install/nav_interfaces/share/ament_index/resource_index/parent_prefix_path/nav_interfaces
[9.924s] -- Installing: /home/vboxuser/ros_ws/install/nav_interfaces/share/nav_interfaces/environment/ament_prefix_path.sh
[9.924s] -- Installing: /home/vboxuser/ros_ws/install/nav_interfaces/share/nav_interfaces/environment/ament_prefix_path.dsv
[9.924s] -- Installing: /home/vboxuser/ros_ws/install/nav_interfaces/share/nav_interfaces/environment/path.sh
[9.925s] -- Installing: /home/vboxuser/ros_ws/install/nav_interfaces/share/nav_interfaces/environment/path.dsv
[9.925s] -- Installing: /home/vboxuser/ros_ws/install/nav_interfaces/share/nav_interfaces/local_setup.bash
[9.926s] -- Installing: /home/vboxuser/ros_ws/install/nav_interfaces/share/nav_interfaces/local_setup.sh
[9.926s] -- Installing: /home/vboxuser/ros_ws/install/nav_interfaces/share/nav_interfaces/local_setup.zsh
[9.926s] -- Installing: /home/vboxuser/ros_ws/install/nav_interfaces/share/nav_interfaces/local_setup.dsv
[9.927s] -- Installing: /home/vboxuser/ros_ws/install/nav_interfaces/share/nav_interfaces/package.dsv
[9.927s] -- Installing: /home/vboxuser/ros_ws/install/nav_interfaces/share/ament_index/resource_index/packages/nav_interfaces
[9.927s] -- Installing: /home/vboxuser/ros_ws/install/nav_interfaces/share/nav_interfaces/cmake/export_nav_interfaces__rosidl_generator_cExport.cmake
[9.928s] -- Installing: /home/vboxuser/ros_ws/install/nav_interfaces/share/nav_interfaces/cmake/export_nav_interfaces__rosidl_generator_cExport-noconfig.cmake
[9.928s] -- Installing: /home/vboxuser/ros_ws/install/nav_interfaces/share/nav_interfaces/cmake/export_nav_interfaces__rosidl_typesupport_fastrtps_cExport.cmake
[9.928s] -- Installing: /home/vboxuser/ros_ws/install/nav_interfaces/share/nav_interfaces/cmake/export_nav_interfaces__rosidl_typesupport_fastrtps_cExport-noconfig.cmake
[9.929s] -- Installing: /home/vboxuser/ros_ws/install/nav_interfaces/share/nav_interfaces/cmake/nav_interfaces__rosidl_typesupport_introspection_cExport.cmake
[9.929s] -- Installing: /home/vboxuser/ros_ws/install/nav_interfaces/share/nav_interfaces/cmake/nav_interfaces__rosidl_typesupport_introspection_cExport-noconfig.cmake
[9.929s] -- Installing: /home/vboxuser/ros_ws/install/nav_interfaces/share/nav_interfaces/cmake/nav_interfaces__rosidl_typesupport_cExport.cmake
[9.930s] -- Installing: /home/vboxuser/ros_ws/install/nav_interfaces/share/nav_interfaces/cmake/nav_interfaces__rosidl_typesupport_cExport-noconfig.cmake
[9.930s] -- Installing: /home/vboxuser/ros_ws/install/nav_interfaces/share/nav_interfaces/cmake/export_nav_interfaces__rosidl_generator_cppExport.cmake
[9.930s] -- Installing: /home/vboxuser/ros_ws/install/nav_interfaces/share/nav_interfaces/cmake/export_nav_interfaces__rosidl_typesupport_fastrtps_cppExport.cmake
[9.930s] -- Installing: /home/vboxuser/ros_ws/install/nav_interfaces/share/nav_interfaces/cmake/export_nav_interfaces__rosidl_typesupport_fastrtps_cppExport-noconfig.cmake
[9.931s] -- Installing: /home/vboxuser/ros_ws/install/nav_interfaces/share/nav_interfaces/cmake/nav_interfaces__rosidl_typesupport_introspection_cppExport.cmake
[9.931s] -- Installing: /home/vboxuser/ros_ws/install/nav_interfaces/share/nav_interfaces/cmake/nav_interfaces__rosidl_typesupport_introspection_cppExport-noconfig.cmake
[9.931s] -- Installing: /home/vboxuser/ros_ws/install/nav_interfaces/share/nav_interfaces/cmake/nav_interfaces__rosidl_typesupport_cppExport.cmake
[9.932s] -- Installing: /home/vboxuser/ros_ws/install/nav_interfaces/share/nav_interfaces/cmake/nav_interfaces__rosidl_typesupport_cppExport-noconfig.cmake
[9.932s] -- Installing: /home/vboxuser/ros_ws/install/nav_interfaces/share/nav_interfaces/cmake/export_nav_interfaces__rosidl_generator_pyExport.cmake
[9.932s] -- Installing: /home/vboxuser/ros_ws/install/nav_interfaces/share/nav_interfaces/cmake/export_nav_interfaces__rosidl_generator_pyExport-noconfig.cmake
[9.933s] -- Installing: /home/vboxuser/ros_ws/install/nav_interfaces/share/nav_interfaces/cmake/rosidl_cmake-extras.cmake
[9.933s] -- Installing: /home/vboxuser/ros_ws/install/nav_interfaces/share/nav_interfaces/cmake/ament_cmake_export_include_directories-extras.cmake
[9.934s] -- Installing: /home/vboxuser/ros_ws/install/nav_interfaces/share/nav_interfaces/cmake/ament_cmake_export_libraries-extras.cmake
[9.934s] -- Installing: /home/vboxuser/ros_ws/install/nav_interfaces/share/nav_interfaces/cmake/ament_cmake_export_targets-extras.cmake
[9.934s] -- Installing: /home/vboxuser/ros_ws/install/nav_interfaces/share/nav_interfaces/cmake/rosidl_cmake_export_typesupport_targets-extras.cmake
[9.935s] -- Installing: /home/vboxuser/ros_ws/install/nav_interfaces/share/nav_interfaces/cmake/ament_cmake_export_dependencies-extras.cmake
[9.935s] -- Installing: /home/vboxuser/ros_ws/install/nav_interfaces/share/nav_interfaces/cmake/rosidl_cmake_export_typesupport_libraries-extras.cmake
[9.935s] -- Installing: /home/vboxuser/ros_ws/install/nav_interfaces/share/nav_interfaces/cmake/nav_interfacesConfig.cmake
[9.935s] -- Installing: /home/vboxuser/ros_ws/install/nav_interfaces/share/nav_interfaces/cmake/nav_interfacesConfig-version.cmake
[9.936s] -- Installing: /home/vboxuser/ros_ws/install/nav_interfaces/share/nav_interfaces/package.xml
[9.940s] Invoked command in '/home/vboxuser/ros_ws/build/nav_interfaces' returned '0': CMAKE_PREFIX_PATH=${CMAKE_PREFIX_PATH}:/home/vboxuser/ros_ws/install/nav_pkg:/home/vboxuser/ros_ws/install/chat_pkg:/opt/ros/humble /usr/bin/cmake --install /home/vboxuser/ros_ws/build/nav_interfaces
