[1.160s] Invoking command in '/home/vboxuser/ros_ws/src/nav_pkg': PYTHONPATH=/home/vboxuser/ros_ws/build/nav_pkg/prefix_override:/usr/lib/python3/dist-packages/colcon_core/task/python/colcon_distutils_commands:/home/vboxuser/ros_ws/install/nav_pkg/lib/python3.10/site-packages:${PYTHONPATH} /usr/bin/python3 -W ignore:setup.py install is deprecated -W ignore:easy_install command is deprecated setup.py egg_info --egg-base ../../build/nav_pkg build --build-base /home/vboxuser/ros_ws/build/nav_pkg/build install --record /home/vboxuser/ros_ws/build/nav_pkg/install.log --single-version-externally-managed install_data
[1.645s] running egg_info
[1.646s] creating ../../build/nav_pkg/nav_pkg.egg-info
[1.646s] writing ../../build/nav_pkg/nav_pkg.egg-info/PKG-INFO
[1.647s] writing dependency_links to ../../build/nav_pkg/nav_pkg.egg-info/dependency_links.txt
[1.647s] writing entry points to ../../build/nav_pkg/nav_pkg.egg-info/entry_points.txt
[1.647s] writing requirements to ../../build/nav_pkg/nav_pkg.egg-info/requires.txt
[1.647s] writing top-level names to ../../build/nav_pkg/nav_pkg.egg-info/top_level.txt
[1.648s] writing manifest file '../../build/nav_pkg/nav_pkg.egg-info/SOURCES.txt'
[1.650s] reading manifest file '../../build/nav_pkg/nav_pkg.egg-info/SOURCES.txt'
[1.652s] writing manifest file '../../build/nav_pkg/nav_pkg.egg-info/SOURCES.txt'
[1.652s] running build
[1.652s] running build_py
[1.652s] creating /home/vboxuser/ros_ws/build/nav_pkg/build
[1.652s] creating /home/vboxuser/ros_ws/build/nav_pkg/build/lib
[1.652s] creating /home/vboxuser/ros_ws/build/nav_pkg/build/lib/nav_pkg
[1.653s] copying nav_pkg/commander.py -> /home/vboxuser/ros_ws/build/nav_pkg/build/lib/nav_pkg
[1.653s] copying nav_pkg/navigator.py -> /home/vboxuser/ros_ws/build/nav_pkg/build/lib/nav_pkg
[1.653s] copying nav_pkg/__init__.py -> /home/vboxuser/ros_ws/build/nav_pkg/build/lib/nav_pkg
[1.653s] running install
[1.654s] running install_lib
[1.655s] creating /home/vboxuser/ros_ws/install/nav_pkg/lib/python3.10/site-packages/nav_pkg
[1.655s] copying /home/vboxuser/ros_ws/build/nav_pkg/build/lib/nav_pkg/commander.py -> /home/vboxuser/ros_ws/install/nav_pkg/lib/python3.10/site-packages/nav_pkg
[1.655s] copying /home/vboxuser/ros_ws/build/nav_pkg/build/lib/nav_pkg/navigator.py -> /home/vboxuser/ros_ws/install/nav_pkg/lib/python3.10/site-packages/nav_pkg
[1.655s] copying /home/vboxuser/ros_ws/build/nav_pkg/build/lib/nav_pkg/__init__.py -> /home/vboxuser/ros_ws/install/nav_pkg/lib/python3.10/site-packages/nav_pkg
[1.658s] byte-compiling /home/vboxuser/ros_ws/install/nav_pkg/lib/python3.10/site-packages/nav_pkg/commander.py to commander.cpython-310.pyc
[1.659s] byte-compiling /home/vboxuser/ros_ws/install/nav_pkg/lib/python3.10/site-packages/nav_pkg/navigator.py to navigator.cpython-310.pyc
[1.660s] byte-compiling /home/vboxuser/ros_ws/install/nav_pkg/lib/python3.10/site-packages/nav_pkg/__init__.py to __init__.cpython-310.pyc
[1.660s] running install_data
[1.660s] creating /home/vboxuser/ros_ws/install/nav_pkg/share/ament_index
[1.660s] creating /home/vboxuser/ros_ws/install/nav_pkg/share/ament_index/resource_index
[1.660s] creating /home/vboxuser/ros_ws/install/nav_pkg/share/ament_index/resource_index/packages
[1.661s] copying resource/nav_pkg -> /home/vboxuser/ros_ws/install/nav_pkg/share/ament_index/resource_index/packages
[1.661s] copying package.xml -> /home/vboxuser/ros_ws/install/nav_pkg/share/nav_pkg
[1.661s] creating /home/vboxuser/ros_ws/install/nav_pkg/share/nav_pkg/msg
[1.661s] running install_egg_info
[1.664s] Copying ../../build/nav_pkg/nav_pkg.egg-info to /home/vboxuser/ros_ws/install/nav_pkg/lib/python3.10/site-packages/nav_pkg-0.0.0-py3.10.egg-info
[1.666s] running install_scripts
[1.704s] Installing commander script to /home/vboxuser/ros_ws/install/nav_pkg/lib/nav_pkg
[1.704s] Installing navigator script to /home/vboxuser/ros_ws/install/nav_pkg/lib/nav_pkg
[1.705s] writing list of installed files to '/home/vboxuser/ros_ws/build/nav_pkg/install.log'
[1.754s] Invoked command in '/home/vboxuser/ros_ws/src/nav_pkg' returned '0': PYTHONPATH=/home/vboxuser/ros_ws/build/nav_pkg/prefix_override:/usr/lib/python3/dist-packages/colcon_core/task/python/colcon_distutils_commands:/home/vboxuser/ros_ws/install/nav_pkg/lib/python3.10/site-packages:${PYTHONPATH} /usr/bin/python3 -W ignore:setup.py install is deprecated -W ignore:easy_install command is deprecated setup.py egg_info --egg-base ../../build/nav_pkg build --build-base /home/vboxuser/ros_ws/build/nav_pkg/build install --record /home/vboxuser/ros_ws/build/nav_pkg/install.log --single-version-externally-managed install_data
