[0.053s] Invoking command in '/home/vboxuser/ros_ws/build/nav_interfaces': CMAKE_PREFIX_PATH=/opt/ros/humble /usr/bin/cmake /home/vboxuser/ros_ws/src/nav_interfaces -DCMAKE_INSTALL_PREFIX=/home/vboxuser/ros_ws/install/nav_interfaces
[0.179s] -- The C compiler identification is GNU 11.4.0
[0.293s] -- The CXX compiler identification is GNU 11.4.0
[0.312s] -- Detecting C compiler ABI info
[0.449s] -- Detecting C compiler ABI info - done
[0.464s] -- Check for working C compiler: /usr/bin/cc - skipped
[0.464s] -- Detecting C compile features
[0.465s] -- Detecting C compile features - done
[0.470s] -- Detecting CXX compiler ABI info
[0.658s] -- Detecting CXX compiler ABI info - done
[0.685s] -- Check for working CXX compiler: /usr/bin/c++ - skipped
[0.686s] -- Detecting CXX compile features
[0.687s] -- Detecting CXX compile features - done
[0.693s] -- Found ament_cmake: 1.3.14 (/opt/ros/humble/share/ament_cmake/cmake)
[1.035s] -- Found Python3: /usr/bin/python3 (found version "3.10.12") found components: Interpreter 
[1.263s] -- Found rosidl_default_generators: 1.2.1 (/opt/ros/humble/share/rosidl_default_generators/cmake)
[1.271s] -- Using all available rosidl_typesupport_c: rosidl_typesupport_fastrtps_c;rosidl_typesupport_introspection_c
[1.283s] -- Found rosidl_adapter: 3.1.8 (/opt/ros/humble/share/rosidl_adapter/cmake)
[1.419s] -- Using all available rosidl_typesupport_cpp: rosidl_typesupport_fastrtps_cpp;rosidl_typesupport_introspection_cpp
[2.299s] -- Found ament_cmake_ros: 0.10.0 (/opt/ros/humble/share/ament_cmake_ros/cmake)
[2.763s] -- Using all available rosidl_typesupport_c: rosidl_typesupport_fastrtps_c;rosidl_typesupport_introspection_c
[3.302s] -- Using all available rosidl_typesupport_cpp: rosidl_typesupport_fastrtps_cpp;rosidl_typesupport_introspection_cpp
[3.351s] -- Found PythonInterp: /usr/bin/python3 (found suitable version "3.10.12", minimum required is "3.6") 
[3.353s] -- Found python_cmake_module: 0.10.0 (/opt/ros/humble/share/python_cmake_module/cmake)
[3.401s] -- Found PythonLibs: /usr/lib/x86_64-linux-gnu/libpython3.10.so (found suitable version "3.10.12", minimum required is "3.5") 
[3.402s] -- Using PYTHON_EXECUTABLE: /usr/bin/python3
[3.403s] -- Using PYTHON_INCLUDE_DIRS: /usr/include/python3.10
[3.403s] -- Using PYTHON_LIBRARIES: /usr/lib/x86_64-linux-gnu/libpython3.10.so
[3.452s] -- Found PythonExtra: .so  
[3.665s] -- Configuring done
[3.733s] -- Generating done
[3.753s] -- Build files have been written to: /home/vboxuser/ros_ws/build/nav_interfaces
[3.767s] Invoked command in '/home/vboxuser/ros_ws/build/nav_interfaces' returned '0': CMAKE_PREFIX_PATH=/opt/ros/humble /usr/bin/cmake /home/vboxuser/ros_ws/src/nav_interfaces -DCMAKE_INSTALL_PREFIX=/home/vboxuser/ros_ws/install/nav_interfaces
[3.771s] Invoking command in '/home/vboxuser/ros_ws/build/nav_interfaces': CMAKE_PREFIX_PATH=/opt/ros/humble /usr/bin/cmake --build /home/vboxuser/ros_ws/build/nav_interfaces -- -j3 -l3
[3.858s] [  3%] [34m[1mGenerating C code for ROS interfaces[0m
[3.878s] [  6%] [34m[1mGenerating Rust code for ROS interfaces[0m
[3.879s] [  9%] [34m[1mGenerating C++ code for ROS interfaces[0m
[4.532s] [  9%] Built target nav_interfaces__rs
[4.594s] [  9%] Built target ament_cmake_python_copy_nav_interfaces
[4.595s] [  9%] Built target nav_interfaces__cpp
[4.623s] [ 12%] [34m[1mGenerating C++ introspection for ROS interfaces[0m
[4.635s] [ 15%] [32mBuilding C object CMakeFiles/nav_interfaces__rosidl_generator_c.dir/rosidl_generator_c/nav_interfaces/msg/detail/bot_pose__functions.c.o[0m
[4.778s] [ 18%] [32m[1mLinking C shared library libnav_interfaces__rosidl_generator_c.so[0m
[4.873s] [ 18%] Built target nav_interfaces__rosidl_generator_c
[4.895s] [ 21%] [34m[1mGenerating C++ type support for eProsima Fast-RTPS[0m
[5.232s] [ 25%] [32mBuilding CXX object CMakeFiles/nav_interfaces__rosidl_typesupport_introspection_cpp.dir/rosidl_typesupport_introspection_cpp/nav_interfaces/msg/detail/bot_pose__type_support.cpp.o[0m
[5.336s] running egg_info
[5.340s] creating nav_interfaces.egg-info
[5.341s] writing nav_interfaces.egg-info/PKG-INFO
[5.343s] writing dependency_links to nav_interfaces.egg-info/dependency_links.txt
[5.344s] writing top-level names to nav_interfaces.egg-info/top_level.txt
[5.344s] writing manifest file 'nav_interfaces.egg-info/SOURCES.txt'
[5.347s] reading manifest file 'nav_interfaces.egg-info/SOURCES.txt'
[5.348s] writing manifest file 'nav_interfaces.egg-info/SOURCES.txt'
[5.408s] [ 25%] Built target ament_cmake_python_build_nav_interfaces_egg
[5.444s] [ 28%] [34m[1mGenerating C++ type support dispatch for ROS interfaces[0m
[5.579s] [ 31%] [32mBuilding CXX object CMakeFiles/nav_interfaces__rosidl_typesupport_fastrtps_cpp.dir/rosidl_typesupport_fastrtps_cpp/nav_interfaces/msg/detail/dds_fastrtps/bot_pose__type_support.cpp.o[0m
[6.361s] [ 34%] [32mBuilding CXX object CMakeFiles/nav_interfaces__rosidl_typesupport_cpp.dir/rosidl_typesupport_cpp/nav_interfaces/msg/bot_pose__type_support.cpp.o[0m
[6.655s] [ 37%] [32m[1mLinking CXX shared library libnav_interfaces__rosidl_typesupport_introspection_cpp.so[0m
[6.828s] [ 37%] Built target nav_interfaces__rosidl_typesupport_introspection_cpp
[6.853s] [ 40%] [34m[1mGenerating C type support dispatch for ROS interfaces[0m
[7.212s] [ 43%] [32m[1mLinking CXX shared library libnav_interfaces__rosidl_typesupport_fastrtps_cpp.so[0m
[7.352s] [ 46%] [32m[1mLinking CXX shared library libnav_interfaces__rosidl_typesupport_cpp.so[0m
[7.445s] [ 46%] Built target nav_interfaces__rosidl_typesupport_fastrtps_cpp
[7.454s] [ 46%] Built target nav_interfaces__rosidl_typesupport_cpp
[7.470s] [ 50%] [34m[1mGenerating C type support for eProsima Fast-RTPS[0m
[7.484s] [ 53%] [34m[1mGenerating C introspection for ROS interfaces[0m
[7.592s] [ 56%] [32mBuilding CXX object CMakeFiles/nav_interfaces__rosidl_typesupport_c.dir/rosidl_typesupport_c/nav_interfaces/msg/bot_pose__type_support.cpp.o[0m
[7.661s] [ 59%] [32m[1mLinking CXX shared library libnav_interfaces__rosidl_typesupport_c.so[0m
[7.766s] [ 59%] Built target nav_interfaces__rosidl_typesupport_c
[8.098s] [ 62%] [32mBuilding C object CMakeFiles/nav_interfaces__rosidl_typesupport_introspection_c.dir/rosidl_typesupport_introspection_c/nav_interfaces/msg/detail/bot_pose__type_support.c.o[0m
[8.101s] [ 65%] [32mBuilding CXX object CMakeFiles/nav_interfaces__rosidl_typesupport_fastrtps_c.dir/rosidl_typesupport_fastrtps_c/nav_interfaces/msg/detail/bot_pose__type_support_c.cpp.o[0m
[8.174s] [ 68%] [32m[1mLinking C shared library libnav_interfaces__rosidl_typesupport_introspection_c.so[0m
[8.242s] [ 68%] Built target nav_interfaces__rosidl_typesupport_introspection_c
[8.811s] [ 71%] [32m[1mLinking CXX shared library libnav_interfaces__rosidl_typesupport_fastrtps_c.so[0m
[8.983s] [ 71%] Built target nav_interfaces__rosidl_typesupport_fastrtps_c
[9.020s] [ 71%] Built target nav_interfaces
[9.058s] [ 75%] [34m[1mGenerating Python code for ROS interfaces[0m
[9.702s] [ 75%] Built target nav_interfaces__py
[9.739s] [ 78%] [32mBuilding C object CMakeFiles/nav_interfaces__rosidl_generator_py.dir/rosidl_generator_py/nav_interfaces/msg/_bot_pose_s.c.o[0m
[9.942s] [ 81%] [32m[1mLinking C shared library rosidl_generator_py/nav_interfaces/libnav_interfaces__rosidl_generator_py.so[0m
[10.016s] [ 81%] Built target nav_interfaces__rosidl_generator_py
[10.084s] [ 84%] [32mBuilding C object CMakeFiles/nav_interfaces__rosidl_typesupport_introspection_c__pyext.dir/rosidl_generator_py/nav_interfaces/_nav_interfaces_s.ep.rosidl_typesupport_introspection_c.c.o[0m
[10.084s] [ 87%] [32mBuilding C object CMakeFiles/nav_interfaces__rosidl_typesupport_fastrtps_c__pyext.dir/rosidl_generator_py/nav_interfaces/_nav_interfaces_s.ep.rosidl_typesupport_fastrtps_c.c.o[0m
[10.098s] [ 90%] [32mBuilding C object CMakeFiles/nav_interfaces__rosidl_typesupport_c__pyext.dir/rosidl_generator_py/nav_interfaces/_nav_interfaces_s.ep.rosidl_typesupport_c.c.o[0m
[10.397s] [ 93%] [32m[1mLinking C shared library rosidl_generator_py/nav_interfaces/nav_interfaces_s__rosidl_typesupport_fastrtps_c.cpython-310-x86_64-linux-gnu.so[0m
[10.400s] [ 96%] [32m[1mLinking C shared library rosidl_generator_py/nav_interfaces/nav_interfaces_s__rosidl_typesupport_c.cpython-310-x86_64-linux-gnu.so[0m
[10.457s] [100%] [32m[1mLinking C shared library rosidl_generator_py/nav_interfaces/nav_interfaces_s__rosidl_typesupport_introspection_c.cpython-310-x86_64-linux-gnu.so[0m
[10.547s] [100%] Built target nav_interfaces__rosidl_typesupport_introspection_c__pyext
[10.549s] [100%] Built target nav_interfaces__rosidl_typesupport_fastrtps_c__pyext
[10.560s] [100%] Built target nav_interfaces__rosidl_typesupport_c__pyext
[10.583s] Invoked command in '/home/vboxuser/ros_ws/build/nav_interfaces' returned '0': CMAKE_PREFIX_PATH=/opt/ros/humble /usr/bin/cmake --build /home/vboxuser/ros_ws/build/nav_interfaces -- -j3 -l3
[10.605s] Invoking command in '/home/vboxuser/ros_ws/build/nav_interfaces': CMAKE_PREFIX_PATH=/opt/ros/humble /usr/bin/cmake --install /home/vboxuser/ros_ws/build/nav_interfaces
[10.626s] -- Install configuration: ""
[10.626s] -- Installing: /home/vboxuser/ros_ws/install/nav_interfaces/share/ament_index/resource_index/rosidl_interfaces/nav_interfaces
[10.627s] -- Installing: /home/vboxuser/ros_ws/install/nav_interfaces/include/nav_interfaces/nav_interfaces
[10.629s] -- Installing: /home/vboxuser/ros_ws/install/nav_interfaces/include/nav_interfaces/nav_interfaces/msg
[10.629s] -- Installing: /home/vboxuser/ros_ws/install/nav_interfaces/include/nav_interfaces/nav_interfaces/msg/rosidl_generator_c__visibility_control.h
[10.629s] -- Installing: /home/vboxuser/ros_ws/install/nav_interfaces/include/nav_interfaces/nav_interfaces/msg/detail
[10.629s] -- Installing: /home/vboxuser/ros_ws/install/nav_interfaces/include/nav_interfaces/nav_interfaces/msg/detail/bot_pose__functions.c
[10.629s] -- Installing: /home/vboxuser/ros_ws/install/nav_interfaces/include/nav_interfaces/nav_interfaces/msg/detail/bot_pose__functions.h
[10.630s] -- Installing: /home/vboxuser/ros_ws/install/nav_interfaces/include/nav_interfaces/nav_interfaces/msg/detail/bot_pose__struct.h
[10.630s] -- Installing: /home/vboxuser/ros_ws/install/nav_interfaces/include/nav_interfaces/nav_interfaces/msg/detail/bot_pose__type_support.h
[10.630s] -- Installing: /home/vboxuser/ros_ws/install/nav_interfaces/include/nav_interfaces/nav_interfaces/msg/bot_pose.h
[10.630s] -- Installing: /home/vboxuser/ros_ws/install/nav_interfaces/share/nav_interfaces/environment/library_path.sh
[10.632s] -- Installing: /home/vboxuser/ros_ws/install/nav_interfaces/share/nav_interfaces/environment/library_path.dsv
[10.632s] -- Installing: /home/vboxuser/ros_ws/install/nav_interfaces/lib/libnav_interfaces__rosidl_generator_c.so
[10.632s] -- Set runtime path of "/home/vboxuser/ros_ws/install/nav_interfaces/lib/libnav_interfaces__rosidl_generator_c.so" to ""
[10.632s] -- Up-to-date: /home/vboxuser/ros_ws/install/nav_interfaces/include/nav_interfaces/nav_interfaces
[10.632s] -- Up-to-date: /home/vboxuser/ros_ws/install/nav_interfaces/include/nav_interfaces/nav_interfaces/msg
[10.633s] -- Installing: /home/vboxuser/ros_ws/install/nav_interfaces/include/nav_interfaces/nav_interfaces/msg/rosidl_typesupport_fastrtps_c__visibility_control.h
[10.633s] -- Up-to-date: /home/vboxuser/ros_ws/install/nav_interfaces/include/nav_interfaces/nav_interfaces/msg/detail
[10.633s] -- Installing: /home/vboxuser/ros_ws/install/nav_interfaces/include/nav_interfaces/nav_interfaces/msg/detail/bot_pose__rosidl_typesupport_fastrtps_c.h
[10.633s] -- Installing: /home/vboxuser/ros_ws/install/nav_interfaces/lib/libnav_interfaces__rosidl_typesupport_fastrtps_c.so
[10.633s] -- Set runtime path of "/home/vboxuser/ros_ws/install/nav_interfaces/lib/libnav_interfaces__rosidl_typesupport_fastrtps_c.so" to ""
[10.634s] -- Up-to-date: /home/vboxuser/ros_ws/install/nav_interfaces/include/nav_interfaces/nav_interfaces
[10.634s] -- Up-to-date: /home/vboxuser/ros_ws/install/nav_interfaces/include/nav_interfaces/nav_interfaces/msg
[10.634s] -- Installing: /home/vboxuser/ros_ws/install/nav_interfaces/include/nav_interfaces/nav_interfaces/msg/rosidl_typesupport_introspection_c__visibility_control.h
[10.634s] -- Up-to-date: /home/vboxuser/ros_ws/install/nav_interfaces/include/nav_interfaces/nav_interfaces/msg/detail
[10.634s] -- Installing: /home/vboxuser/ros_ws/install/nav_interfaces/include/nav_interfaces/nav_interfaces/msg/detail/bot_pose__type_support.c
[10.634s] -- Installing: /home/vboxuser/ros_ws/install/nav_interfaces/include/nav_interfaces/nav_interfaces/msg/detail/bot_pose__rosidl_typesupport_introspection_c.h
[10.634s] -- Installing: /home/vboxuser/ros_ws/install/nav_interfaces/lib/libnav_interfaces__rosidl_typesupport_introspection_c.so
[10.635s] -- Set runtime path of "/home/vboxuser/ros_ws/install/nav_interfaces/lib/libnav_interfaces__rosidl_typesupport_introspection_c.so" to ""
[10.635s] -- Installing: /home/vboxuser/ros_ws/install/nav_interfaces/lib/libnav_interfaces__rosidl_typesupport_c.so
[10.635s] -- Set runtime path of "/home/vboxuser/ros_ws/install/nav_interfaces/lib/libnav_interfaces__rosidl_typesupport_c.so" to ""
[10.635s] -- Up-to-date: /home/vboxuser/ros_ws/install/nav_interfaces/include/nav_interfaces/nav_interfaces
[10.635s] -- Up-to-date: /home/vboxuser/ros_ws/install/nav_interfaces/include/nav_interfaces/nav_interfaces/msg
[10.635s] -- Installing: /home/vboxuser/ros_ws/install/nav_interfaces/include/nav_interfaces/nav_interfaces/msg/rosidl_generator_cpp__visibility_control.hpp
[10.635s] -- Up-to-date: /home/vboxuser/ros_ws/install/nav_interfaces/include/nav_interfaces/nav_interfaces/msg/detail
[10.635s] -- Installing: /home/vboxuser/ros_ws/install/nav_interfaces/include/nav_interfaces/nav_interfaces/msg/detail/bot_pose__traits.hpp
[10.635s] -- Installing: /home/vboxuser/ros_ws/install/nav_interfaces/include/nav_interfaces/nav_interfaces/msg/detail/bot_pose__builder.hpp
[10.636s] -- Installing: /home/vboxuser/ros_ws/install/nav_interfaces/include/nav_interfaces/nav_interfaces/msg/detail/bot_pose__type_support.hpp
[10.636s] -- Installing: /home/vboxuser/ros_ws/install/nav_interfaces/include/nav_interfaces/nav_interfaces/msg/detail/bot_pose__struct.hpp
[10.636s] -- Installing: /home/vboxuser/ros_ws/install/nav_interfaces/include/nav_interfaces/nav_interfaces/msg/bot_pose.hpp
[10.636s] -- Up-to-date: /home/vboxuser/ros_ws/install/nav_interfaces/include/nav_interfaces/nav_interfaces
[10.636s] -- Up-to-date: /home/vboxuser/ros_ws/install/nav_interfaces/include/nav_interfaces/nav_interfaces/msg
[10.638s] -- Installing: /home/vboxuser/ros_ws/install/nav_interfaces/include/nav_interfaces/nav_interfaces/msg/rosidl_typesupport_fastrtps_cpp__visibility_control.h
[10.638s] -- Up-to-date: /home/vboxuser/ros_ws/install/nav_interfaces/include/nav_interfaces/nav_interfaces/msg/detail
[10.638s] -- Installing: /home/vboxuser/ros_ws/install/nav_interfaces/include/nav_interfaces/nav_interfaces/msg/detail/dds_fastrtps
[10.638s] -- Installing: /home/vboxuser/ros_ws/install/nav_interfaces/include/nav_interfaces/nav_interfaces/msg/detail/bot_pose__rosidl_typesupport_fastrtps_cpp.hpp
[10.639s] -- Installing: /home/vboxuser/ros_ws/install/nav_interfaces/lib/libnav_interfaces__rosidl_typesupport_fastrtps_cpp.so
[10.639s] -- Set runtime path of "/home/vboxuser/ros_ws/install/nav_interfaces/lib/libnav_interfaces__rosidl_typesupport_fastrtps_cpp.so" to ""
[10.640s] -- Up-to-date: /home/vboxuser/ros_ws/install/nav_interfaces/include/nav_interfaces/nav_interfaces
[10.640s] -- Up-to-date: /home/vboxuser/ros_ws/install/nav_interfaces/include/nav_interfaces/nav_interfaces/msg
[10.640s] -- Up-to-date: /home/vboxuser/ros_ws/install/nav_interfaces/include/nav_interfaces/nav_interfaces/msg/detail
[10.640s] -- Installing: /home/vboxuser/ros_ws/install/nav_interfaces/include/nav_interfaces/nav_interfaces/msg/detail/bot_pose__rosidl_typesupport_introspection_cpp.hpp
[10.641s] -- Installing: /home/vboxuser/ros_ws/install/nav_interfaces/include/nav_interfaces/nav_interfaces/msg/detail/bot_pose__type_support.cpp
[10.641s] -- Installing: /home/vboxuser/ros_ws/install/nav_interfaces/lib/libnav_interfaces__rosidl_typesupport_introspection_cpp.so
[10.643s] -- Set runtime path of "/home/vboxuser/ros_ws/install/nav_interfaces/lib/libnav_interfaces__rosidl_typesupport_introspection_cpp.so" to ""
[10.644s] -- Installing: /home/vboxuser/ros_ws/install/nav_interfaces/lib/libnav_interfaces__rosidl_typesupport_cpp.so
[10.649s] -- Set runtime path of "/home/vboxuser/ros_ws/install/nav_interfaces/lib/libnav_interfaces__rosidl_typesupport_cpp.so" to ""
[10.649s] -- Installing: /home/vboxuser/ros_ws/install/nav_interfaces/share/nav_interfaces/environment/pythonpath.sh
[10.650s] -- Installing: /home/vboxuser/ros_ws/install/nav_interfaces/share/nav_interfaces/environment/pythonpath.dsv
[10.650s] -- Installing: /home/vboxuser/ros_ws/install/nav_interfaces/local/lib/python3.10/dist-packages/nav_interfaces-0.0.0-py3.10.egg-info
[10.650s] -- Installing: /home/vboxuser/ros_ws/install/nav_interfaces/local/lib/python3.10/dist-packages/nav_interfaces-0.0.0-py3.10.egg-info/top_level.txt
[10.650s] -- Installing: /home/vboxuser/ros_ws/install/nav_interfaces/local/lib/python3.10/dist-packages/nav_interfaces-0.0.0-py3.10.egg-info/SOURCES.txt
[10.650s] -- Installing: /home/vboxuser/ros_ws/install/nav_interfaces/local/lib/python3.10/dist-packages/nav_interfaces-0.0.0-py3.10.egg-info/PKG-INFO
[10.651s] -- Installing: /home/vboxuser/ros_ws/install/nav_interfaces/local/lib/python3.10/dist-packages/nav_interfaces-0.0.0-py3.10.egg-info/dependency_links.txt
[10.651s] -- Installing: /home/vboxuser/ros_ws/install/nav_interfaces/local/lib/python3.10/dist-packages/nav_interfaces
[10.651s] -- Installing: /home/vboxuser/ros_ws/install/nav_interfaces/local/lib/python3.10/dist-packages/nav_interfaces/libnav_interfaces__rosidl_generator_py.so
[10.651s] -- Installing: /home/vboxuser/ros_ws/install/nav_interfaces/local/lib/python3.10/dist-packages/nav_interfaces/_nav_interfaces_s.ep.rosidl_typesupport_c.c
[10.652s] -- Installing: /home/vboxuser/ros_ws/install/nav_interfaces/local/lib/python3.10/dist-packages/nav_interfaces/_nav_interfaces_s.ep.rosidl_typesupport_introspection_c.c
[10.652s] -- Installing: /home/vboxuser/ros_ws/install/nav_interfaces/local/lib/python3.10/dist-packages/nav_interfaces/_nav_interfaces_s.ep.rosidl_typesupport_fastrtps_c.c
[10.652s] -- Installing: /home/vboxuser/ros_ws/install/nav_interfaces/local/lib/python3.10/dist-packages/nav_interfaces/nav_interfaces_s__rosidl_typesupport_fastrtps_c.cpython-310-x86_64-linux-gnu.so
[10.653s] -- Installing: /home/vboxuser/ros_ws/install/nav_interfaces/local/lib/python3.10/dist-packages/nav_interfaces/msg
[10.653s] -- Installing: /home/vboxuser/ros_ws/install/nav_interfaces/local/lib/python3.10/dist-packages/nav_interfaces/msg/_bot_pose_s.c
[10.653s] -- Installing: /home/vboxuser/ros_ws/install/nav_interfaces/local/lib/python3.10/dist-packages/nav_interfaces/msg/__init__.py
[10.653s] -- Installing: /home/vboxuser/ros_ws/install/nav_interfaces/local/lib/python3.10/dist-packages/nav_interfaces/msg/_bot_pose.py
[10.654s] -- Installing: /home/vboxuser/ros_ws/install/nav_interfaces/local/lib/python3.10/dist-packages/nav_interfaces/__init__.py
[10.654s] -- Installing: /home/vboxuser/ros_ws/install/nav_interfaces/local/lib/python3.10/dist-packages/nav_interfaces/nav_interfaces_s__rosidl_typesupport_introspection_c.cpython-310-x86_64-linux-gnu.so
[10.654s] -- Installing: /home/vboxuser/ros_ws/install/nav_interfaces/local/lib/python3.10/dist-packages/nav_interfaces/nav_interfaces_s__rosidl_typesupport_c.cpython-310-x86_64-linux-gnu.so
[10.746s] Listing '/home/vboxuser/ros_ws/install/nav_interfaces/local/lib/python3.10/dist-packages/nav_interfaces'...
[10.746s] Compiling '/home/vboxuser/ros_ws/install/nav_interfaces/local/lib/python3.10/dist-packages/nav_interfaces/__init__.py'...
[10.746s] Listing '/home/vboxuser/ros_ws/install/nav_interfaces/local/lib/python3.10/dist-packages/nav_interfaces/msg'...
[10.746s] Compiling '/home/vboxuser/ros_ws/install/nav_interfaces/local/lib/python3.10/dist-packages/nav_interfaces/msg/__init__.py'...
[10.746s] Compiling '/home/vboxuser/ros_ws/install/nav_interfaces/local/lib/python3.10/dist-packages/nav_interfaces/msg/_bot_pose.py'...
[10.764s] -- Installing: /home/vboxuser/ros_ws/install/nav_interfaces/local/lib/python3.10/dist-packages/nav_interfaces/nav_interfaces_s__rosidl_typesupport_fastrtps_c.cpython-310-x86_64-linux-gnu.so
[10.764s] -- Set runtime path of "/home/vboxuser/ros_ws/install/nav_interfaces/local/lib/python3.10/dist-packages/nav_interfaces/nav_interfaces_s__rosidl_typesupport_fastrtps_c.cpython-310-x86_64-linux-gnu.so" to ""
[10.764s] -- Installing: /home/vboxuser/ros_ws/install/nav_interfaces/local/lib/python3.10/dist-packages/nav_interfaces/nav_interfaces_s__rosidl_typesupport_introspection_c.cpython-310-x86_64-linux-gnu.so
[10.764s] -- Set runtime path of "/home/vboxuser/ros_ws/install/nav_interfaces/local/lib/python3.10/dist-packages/nav_interfaces/nav_interfaces_s__rosidl_typesupport_introspection_c.cpython-310-x86_64-linux-gnu.so" to ""
[10.766s] -- Installing: /home/vboxuser/ros_ws/install/nav_interfaces/local/lib/python3.10/dist-packages/nav_interfaces/nav_interfaces_s__rosidl_typesupport_c.cpython-310-x86_64-linux-gnu.so
[10.766s] -- Set runtime path of "/home/vboxuser/ros_ws/install/nav_interfaces/local/lib/python3.10/dist-packages/nav_interfaces/nav_interfaces_s__rosidl_typesupport_c.cpython-310-x86_64-linux-gnu.so" to ""
[10.766s] -- Installing: /home/vboxuser/ros_ws/install/nav_interfaces/lib/libnav_interfaces__rosidl_generator_py.so
[10.766s] -- Set runtime path of "/home/vboxuser/ros_ws/install/nav_interfaces/lib/libnav_interfaces__rosidl_generator_py.so" to ""
[10.766s] -- Installing: /home/vboxuser/ros_ws/install/nav_interfaces/share/ament_index/resource_index/rust_packages/nav_interfaces
[10.767s] -- Installing: /home/vboxuser/ros_ws/install/nav_interfaces/share/nav_interfaces/rust
[10.767s] -- Installing: /home/vboxuser/ros_ws/install/nav_interfaces/share/nav_interfaces/rust/build.rs
[10.767s] -- Installing: /home/vboxuser/ros_ws/install/nav_interfaces/share/nav_interfaces/rust/Cargo.toml
[10.767s] -- Installing: /home/vboxuser/ros_ws/install/nav_interfaces/share/nav_interfaces/rust/src
[10.767s] -- Installing: /home/vboxuser/ros_ws/install/nav_interfaces/share/nav_interfaces/rust/src/lib.rs
[10.768s] -- Installing: /home/vboxuser/ros_ws/install/nav_interfaces/share/nav_interfaces/rust/src/msg.rs
[10.768s] -- Installing: /home/vboxuser/ros_ws/install/nav_interfaces/share/nav_interfaces/rust/src/msg
[10.768s] -- Installing: /home/vboxuser/ros_ws/install/nav_interfaces/share/nav_interfaces/rust/src/msg/rmw.rs
[10.769s] -- Installing: /home/vboxuser/ros_ws/install/nav_interfaces/share/nav_interfaces/msg/BotPose.idl
[10.769s] -- Installing: /home/vboxuser/ros_ws/install/nav_interfaces/share/nav_interfaces/msg/BotPose.msg
[10.770s] -- Installing: /home/vboxuser/ros_ws/install/nav_interfaces/share/ament_index/resource_index/package_run_dependencies/nav_interfaces
[10.770s] -- Installing: /home/vboxuser/ros_ws/install/nav_interfaces/share/ament_index/resource_index/parent_prefix_path/nav_interfaces
[10.771s] -- Installing: /home/vboxuser/ros_ws/install/nav_interfaces/share/nav_interfaces/environment/ament_prefix_path.sh
[10.771s] -- Installing: /home/vboxuser/ros_ws/install/nav_interfaces/share/nav_interfaces/environment/ament_prefix_path.dsv
[10.772s] -- Installing: /home/vboxuser/ros_ws/install/nav_interfaces/share/nav_interfaces/environment/path.sh
[10.773s] -- Installing: /home/vboxuser/ros_ws/install/nav_interfaces/share/nav_interfaces/environment/path.dsv
[10.773s] -- Installing: /home/vboxuser/ros_ws/install/nav_interfaces/share/nav_interfaces/local_setup.bash
[10.774s] -- Installing: /home/vboxuser/ros_ws/install/nav_interfaces/share/nav_interfaces/local_setup.sh
[10.774s] -- Installing: /home/vboxuser/ros_ws/install/nav_interfaces/share/nav_interfaces/local_setup.zsh
[10.774s] -- Installing: /home/vboxuser/ros_ws/install/nav_interfaces/share/nav_interfaces/local_setup.dsv
[10.775s] -- Installing: /home/vboxuser/ros_ws/install/nav_interfaces/share/nav_interfaces/package.dsv
[10.775s] -- Installing: /home/vboxuser/ros_ws/install/nav_interfaces/share/ament_index/resource_index/packages/nav_interfaces
[10.775s] -- Installing: /home/vboxuser/ros_ws/install/nav_interfaces/share/nav_interfaces/cmake/export_nav_interfaces__rosidl_generator_cExport.cmake
[10.776s] -- Installing: /home/vboxuser/ros_ws/install/nav_interfaces/share/nav_interfaces/cmake/export_nav_interfaces__rosidl_generator_cExport-noconfig.cmake
[10.776s] -- Installing: /home/vboxuser/ros_ws/install/nav_interfaces/share/nav_interfaces/cmake/export_nav_interfaces__rosidl_typesupport_fastrtps_cExport.cmake
[10.776s] -- Installing: /home/vboxuser/ros_ws/install/nav_interfaces/share/nav_interfaces/cmake/export_nav_interfaces__rosidl_typesupport_fastrtps_cExport-noconfig.cmake
[10.776s] -- Installing: /home/vboxuser/ros_ws/install/nav_interfaces/share/nav_interfaces/cmake/nav_interfaces__rosidl_typesupport_introspection_cExport.cmake
[10.777s] -- Installing: /home/vboxuser/ros_ws/install/nav_interfaces/share/nav_interfaces/cmake/nav_interfaces__rosidl_typesupport_introspection_cExport-noconfig.cmake
[10.779s] -- Installing: /home/vboxuser/ros_ws/install/nav_interfaces/share/nav_interfaces/cmake/nav_interfaces__rosidl_typesupport_cExport.cmake
[10.779s] -- Installing: /home/vboxuser/ros_ws/install/nav_interfaces/share/nav_interfaces/cmake/nav_interfaces__rosidl_typesupport_cExport-noconfig.cmake
[10.779s] -- Installing: /home/vboxuser/ros_ws/install/nav_interfaces/share/nav_interfaces/cmake/export_nav_interfaces__rosidl_generator_cppExport.cmake
[10.780s] -- Installing: /home/vboxuser/ros_ws/install/nav_interfaces/share/nav_interfaces/cmake/export_nav_interfaces__rosidl_typesupport_fastrtps_cppExport.cmake
[10.780s] -- Installing: /home/vboxuser/ros_ws/install/nav_interfaces/share/nav_interfaces/cmake/export_nav_interfaces__rosidl_typesupport_fastrtps_cppExport-noconfig.cmake
[10.782s] -- Installing: /home/vboxuser/ros_ws/install/nav_interfaces/share/nav_interfaces/cmake/nav_interfaces__rosidl_typesupport_introspection_cppExport.cmake
[10.783s] -- Installing: /home/vboxuser/ros_ws/install/nav_interfaces/share/nav_interfaces/cmake/nav_interfaces__rosidl_typesupport_introspection_cppExport-noconfig.cmake
[10.783s] -- Installing: /home/vboxuser/ros_ws/install/nav_interfaces/share/nav_interfaces/cmake/nav_interfaces__rosidl_typesupport_cppExport.cmake
[10.783s] -- Installing: /home/vboxuser/ros_ws/install/nav_interfaces/share/nav_interfaces/cmake/nav_interfaces__rosidl_typesupport_cppExport-noconfig.cmake
[10.783s] -- Installing: /home/vboxuser/ros_ws/install/nav_interfaces/share/nav_interfaces/cmake/export_nav_interfaces__rosidl_generator_pyExport.cmake
[10.783s] -- Installing: /home/vboxuser/ros_ws/install/nav_interfaces/share/nav_interfaces/cmake/export_nav_interfaces__rosidl_generator_pyExport-noconfig.cmake
[10.783s] -- Installing: /home/vboxuser/ros_ws/install/nav_interfaces/share/nav_interfaces/cmake/rosidl_cmake-extras.cmake
[10.783s] -- Installing: /home/vboxuser/ros_ws/install/nav_interfaces/share/nav_interfaces/cmake/ament_cmake_export_include_directories-extras.cmake
[10.785s] -- Installing: /home/vboxuser/ros_ws/install/nav_interfaces/share/nav_interfaces/cmake/ament_cmake_export_libraries-extras.cmake
[10.785s] -- Installing: /home/vboxuser/ros_ws/install/nav_interfaces/share/nav_interfaces/cmake/ament_cmake_export_targets-extras.cmake
[10.786s] -- Installing: /home/vboxuser/ros_ws/install/nav_interfaces/share/nav_interfaces/cmake/rosidl_cmake_export_typesupport_targets-extras.cmake
[10.786s] -- Installing: /home/vboxuser/ros_ws/install/nav_interfaces/share/nav_interfaces/cmake/ament_cmake_export_dependencies-extras.cmake
[10.786s] -- Installing: /home/vboxuser/ros_ws/install/nav_interfaces/share/nav_interfaces/cmake/rosidl_cmake_export_typesupport_libraries-extras.cmake
[10.786s] -- Installing: /home/vboxuser/ros_ws/install/nav_interfaces/share/nav_interfaces/cmake/nav_interfacesConfig.cmake
[10.786s] -- Installing: /home/vboxuser/ros_ws/install/nav_interfaces/share/nav_interfaces/cmake/nav_interfacesConfig-version.cmake
[10.786s] -- Installing: /home/vboxuser/ros_ws/install/nav_interfaces/share/nav_interfaces/package.xml
[10.792s] Invoked command in '/home/vboxuser/ros_ws/build/nav_interfaces' returned '0': CMAKE_PREFIX_PATH=/opt/ros/humble /usr/bin/cmake --install /home/vboxuser/ros_ws/build/nav_interfaces
