[2.825s] Invoking command in '/home/vboxuser/ros_ws/src/vision_pkg': PYTHONPATH=/home/vboxuser/ros_ws/build/vision_pkg/prefix_override:/usr/lib/python3/dist-packages/colcon_core/task/python/colcon_distutils_commands:/home/vboxuser/ros_ws/install/vision_pkg/lib/python3.10/site-packages:${PYTHONPATH} /usr/bin/python3 -W ignore:setup.py install is deprecated -W ignore:easy_install command is deprecated setup.py egg_info --egg-base ../../build/vision_pkg build --build-base /home/vboxuser/ros_ws/build/vision_pkg/build install --record /home/vboxuser/ros_ws/build/vision_pkg/install.log --single-version-externally-managed install_data
[3.574s] running egg_info
[3.575s] creating ../../build/vision_pkg/vision_pkg.egg-info
[3.575s] writing ../../build/vision_pkg/vision_pkg.egg-info/PKG-INFO
[3.575s] writing dependency_links to ../../build/vision_pkg/vision_pkg.egg-info/dependency_links.txt
[3.578s] writing entry points to ../../build/vision_pkg/vision_pkg.egg-info/entry_points.txt
[3.578s] writing requirements to ../../build/vision_pkg/vision_pkg.egg-info/requires.txt
[3.578s] writing top-level names to ../../build/vision_pkg/vision_pkg.egg-info/top_level.txt
[3.579s] writing manifest file '../../build/vision_pkg/vision_pkg.egg-info/SOURCES.txt'
[3.579s] reading manifest file '../../build/vision_pkg/vision_pkg.egg-info/SOURCES.txt'
[3.580s] writing manifest file '../../build/vision_pkg/vision_pkg.egg-info/SOURCES.txt'
[3.580s] running build
[3.580s] running build_py
[3.581s] creating /home/vboxuser/ros_ws/build/vision_pkg/build
[3.581s] creating /home/vboxuser/ros_ws/build/vision_pkg/build/lib
[3.582s] creating /home/vboxuser/ros_ws/build/vision_pkg/build/lib/vision_pkg
[3.582s] copying vision_pkg/visual_lock.py -> /home/vboxuser/ros_ws/build/vision_pkg/build/lib/vision_pkg
[3.582s] copying vision_pkg/__init__.py -> /home/vboxuser/ros_ws/build/vision_pkg/build/lib/vision_pkg
[3.582s] running install
[3.583s] running install_lib
[3.584s] creating /home/vboxuser/ros_ws/install/vision_pkg/lib/python3.10/site-packages/vision_pkg
[3.584s] copying /home/vboxuser/ros_ws/build/vision_pkg/build/lib/vision_pkg/visual_lock.py -> /home/vboxuser/ros_ws/install/vision_pkg/lib/python3.10/site-packages/vision_pkg
[3.585s] copying /home/vboxuser/ros_ws/build/vision_pkg/build/lib/vision_pkg/__init__.py -> /home/vboxuser/ros_ws/install/vision_pkg/lib/python3.10/site-packages/vision_pkg
[3.585s] byte-compiling /home/vboxuser/ros_ws/install/vision_pkg/lib/python3.10/site-packages/vision_pkg/visual_lock.py to visual_lock.cpython-310.pyc
[3.587s] byte-compiling /home/vboxuser/ros_ws/install/vision_pkg/lib/python3.10/site-packages/vision_pkg/__init__.py to __init__.cpython-310.pyc
[3.587s] running install_data
[3.588s] creating /home/vboxuser/ros_ws/install/vision_pkg/share/ament_index
[3.588s] creating /home/vboxuser/ros_ws/install/vision_pkg/share/ament_index/resource_index
[3.588s] creating /home/vboxuser/ros_ws/install/vision_pkg/share/ament_index/resource_index/packages
[3.589s] copying resource/vision_pkg -> /home/vboxuser/ros_ws/install/vision_pkg/share/ament_index/resource_index/packages
[3.591s] copying package.xml -> /home/vboxuser/ros_ws/install/vision_pkg/share/vision_pkg
[3.591s] running install_egg_info
[3.592s] Copying ../../build/vision_pkg/vision_pkg.egg-info to /home/vboxuser/ros_ws/install/vision_pkg/lib/python3.10/site-packages/vision_pkg-0.0.0-py3.10.egg-info
[3.593s] running install_scripts
[3.632s] Installing visual_lock script to /home/vboxuser/ros_ws/install/vision_pkg/lib/vision_pkg
[3.633s] writing list of installed files to '/home/vboxuser/ros_ws/build/vision_pkg/install.log'
[3.699s] Invoked command in '/home/vboxuser/ros_ws/src/vision_pkg' returned '0': PYTHONPATH=/home/vboxuser/ros_ws/build/vision_pkg/prefix_override:/usr/lib/python3/dist-packages/colcon_core/task/python/colcon_distutils_commands:/home/vboxuser/ros_ws/install/vision_pkg/lib/python3.10/site-packages:${PYTHONPATH} /usr/bin/python3 -W ignore:setup.py install is deprecated -W ignore:easy_install command is deprecated setup.py egg_info --egg-base ../../build/vision_pkg build --build-base /home/vboxuser/ros_ws/build/vision_pkg/build install --record /home/vboxuser/ros_ws/build/vision_pkg/install.log --single-version-externally-managed install_data
