[0.606s] Invoking command in '/home/vboxuser/ros_ws/src/chat_pkg': PYTHONPATH=/home/vboxuser/ros_ws/build/chat_pkg/prefix_override:/usr/lib/python3/dist-packages/colcon_core/task/python/colcon_distutils_commands:/home/vboxuser/ros_ws/install/chat_pkg/lib/python3.10/site-packages:${PYTHONPATH} /usr/bin/python3 -W ignore:setup.py install is deprecated -W ignore:easy_install command is deprecated setup.py egg_info --egg-base ../../build/chat_pkg build --build-base /home/vboxuser/ros_ws/build/chat_pkg/build install --record /home/vboxuser/ros_ws/build/chat_pkg/install.log --single-version-externally-managed install_data
[0.866s] running egg_info
[0.867s] writing ../../build/chat_pkg/chat_pkg.egg-info/PKG-INFO
[0.867s] writing dependency_links to ../../build/chat_pkg/chat_pkg.egg-info/dependency_links.txt
[0.868s] writing entry points to ../../build/chat_pkg/chat_pkg.egg-info/entry_points.txt
[0.868s] writing requirements to ../../build/chat_pkg/chat_pkg.egg-info/requires.txt
[0.868s] writing top-level names to ../../build/chat_pkg/chat_pkg.egg-info/top_level.txt
[0.870s] reading manifest file '../../build/chat_pkg/chat_pkg.egg-info/SOURCES.txt'
[0.871s] writing manifest file '../../build/chat_pkg/chat_pkg.egg-info/SOURCES.txt'
[0.871s] running build
[0.871s] running build_py
[0.871s] running install
[0.872s] running install_lib
[0.873s] running install_data
[0.873s] running install_egg_info
[0.876s] removing '/home/vboxuser/ros_ws/install/chat_pkg/lib/python3.10/site-packages/chat_pkg-0.0.0-py3.10.egg-info' (and everything under it)
[0.876s] Copying ../../build/chat_pkg/chat_pkg.egg-info to /home/vboxuser/ros_ws/install/chat_pkg/lib/python3.10/site-packages/chat_pkg-0.0.0-py3.10.egg-info
[0.878s] running install_scripts
[0.896s] Installing chat_node script to /home/vboxuser/ros_ws/install/chat_pkg/lib/chat_pkg
[0.896s] Installing output_node script to /home/vboxuser/ros_ws/install/chat_pkg/lib/chat_pkg
[0.896s] Installing processor_node script to /home/vboxuser/ros_ws/install/chat_pkg/lib/chat_pkg
[0.897s] Installing raw_publisher script to /home/vboxuser/ros_ws/install/chat_pkg/lib/chat_pkg
[0.897s] writing list of installed files to '/home/vboxuser/ros_ws/build/chat_pkg/install.log'
[0.921s] Invoked command in '/home/vboxuser/ros_ws/src/chat_pkg' returned '0': PYTHONPATH=/home/vboxuser/ros_ws/build/chat_pkg/prefix_override:/usr/lib/python3/dist-packages/colcon_core/task/python/colcon_distutils_commands:/home/vboxuser/ros_ws/install/chat_pkg/lib/python3.10/site-packages:${PYTHONPATH} /usr/bin/python3 -W ignore:setup.py install is deprecated -W ignore:easy_install command is deprecated setup.py egg_info --egg-base ../../build/chat_pkg build --build-base /home/vboxuser/ros_ws/build/chat_pkg/build install --record /home/vboxuser/ros_ws/build/chat_pkg/install.log --single-version-externally-managed install_data
