[1.282s] Invoking command in '/home/vboxuser/ros_ws/src/chat_pkg': PYTHONPATH=/home/vboxuser/ros_ws/build/chat_pkg/prefix_override:/usr/lib/python3/dist-packages/colcon_core/task/python/colcon_distutils_commands:/home/vboxuser/ros_ws/install/chat_pkg/lib/python3.10/site-packages:${PYTHONPATH} /usr/bin/python3 -W ignore:setup.py install is deprecated -W ignore:easy_install command is deprecated setup.py egg_info --egg-base ../../build/chat_pkg build --build-base /home/vboxuser/ros_ws/build/chat_pkg/build install --record /home/vboxuser/ros_ws/build/chat_pkg/install.log --single-version-externally-managed install_data
[1.794s] running egg_info
[1.794s] creating ../../build/chat_pkg/chat_pkg.egg-info
[1.794s] writing ../../build/chat_pkg/chat_pkg.egg-info/PKG-INFO
[1.795s] writing dependency_links to ../../build/chat_pkg/chat_pkg.egg-info/dependency_links.txt
[1.795s] writing entry points to ../../build/chat_pkg/chat_pkg.egg-info/entry_points.txt
[1.795s] writing requirements to ../../build/chat_pkg/chat_pkg.egg-info/requires.txt
[1.796s] writing top-level names to ../../build/chat_pkg/chat_pkg.egg-info/top_level.txt
[1.796s] writing manifest file '../../build/chat_pkg/chat_pkg.egg-info/SOURCES.txt'
[1.799s] reading manifest file '../../build/chat_pkg/chat_pkg.egg-info/SOURCES.txt'
[1.800s] writing manifest file '../../build/chat_pkg/chat_pkg.egg-info/SOURCES.txt'
[1.800s] running build
[1.800s] running build_py
[1.801s] creating /home/vboxuser/ros_ws/build/chat_pkg/build
[1.801s] creating /home/vboxuser/ros_ws/build/chat_pkg/build/lib
[1.801s] creating /home/vboxuser/ros_ws/build/chat_pkg/build/lib/chat_pkg
[1.802s] copying chat_pkg/chat_node.py -> /home/vboxuser/ros_ws/build/chat_pkg/build/lib/chat_pkg
[1.802s] copying chat_pkg/__init__.py -> /home/vboxuser/ros_ws/build/chat_pkg/build/lib/chat_pkg
[1.802s] running install
[1.803s] running install_lib
[1.804s] creating /home/vboxuser/ros_ws/install/chat_pkg/lib/python3.10/site-packages/chat_pkg
[1.805s] copying /home/vboxuser/ros_ws/build/chat_pkg/build/lib/chat_pkg/chat_node.py -> /home/vboxuser/ros_ws/install/chat_pkg/lib/python3.10/site-packages/chat_pkg
[1.805s] copying /home/vboxuser/ros_ws/build/chat_pkg/build/lib/chat_pkg/__init__.py -> /home/vboxuser/ros_ws/install/chat_pkg/lib/python3.10/site-packages/chat_pkg
[1.806s] byte-compiling /home/vboxuser/ros_ws/install/chat_pkg/lib/python3.10/site-packages/chat_pkg/chat_node.py to chat_node.cpython-310.pyc
[1.807s] Sorry: IndentationError: expected an indented block after class definition on line 4 (chat_node.py, line 5)
[1.807s] byte-compiling /home/vboxuser/ros_ws/install/chat_pkg/lib/python3.10/site-packages/chat_pkg/__init__.py to __init__.cpython-310.pyc
[1.807s] running install_data
[1.808s] creating /home/vboxuser/ros_ws/install/chat_pkg/share/ament_index
[1.808s] creating /home/vboxuser/ros_ws/install/chat_pkg/share/ament_index/resource_index
[1.808s] creating /home/vboxuser/ros_ws/install/chat_pkg/share/ament_index/resource_index/packages
[1.809s] copying resource/chat_pkg -> /home/vboxuser/ros_ws/install/chat_pkg/share/ament_index/resource_index/packages
[1.809s] copying package.xml -> /home/vboxuser/ros_ws/install/chat_pkg/share/chat_pkg
[1.809s] running install_egg_info
[1.814s] Copying ../../build/chat_pkg/chat_pkg.egg-info to /home/vboxuser/ros_ws/install/chat_pkg/lib/python3.10/site-packages/chat_pkg-0.0.0-py3.10.egg-info
[1.816s] running install_scripts
[1.858s] Installing chat_node script to /home/vboxuser/ros_ws/install/chat_pkg/lib/chat_pkg
[1.859s] writing list of installed files to '/home/vboxuser/ros_ws/build/chat_pkg/install.log'
[1.898s] Invoked command in '/home/vboxuser/ros_ws/src/chat_pkg' returned '0': PYTHONPATH=/home/vboxuser/ros_ws/build/chat_pkg/prefix_override:/usr/lib/python3/dist-packages/colcon_core/task/python/colcon_distutils_commands:/home/vboxuser/ros_ws/install/chat_pkg/lib/python3.10/site-packages:${PYTHONPATH} /usr/bin/python3 -W ignore:setup.py install is deprecated -W ignore:easy_install command is deprecated setup.py egg_info --egg-base ../../build/chat_pkg build --build-base /home/vboxuser/ros_ws/build/chat_pkg/build install --record /home/vboxuser/ros_ws/build/chat_pkg/install.log --single-version-externally-managed install_data
