[1.503s] Invoking command in '/home/vboxuser/ros_ws/src/chat_pkg': PYTHONPATH=/home/vboxuser/ros_ws/build/chat_pkg/prefix_override:/usr/lib/python3/dist-packages/colcon_core/task/python/colcon_distutils_commands:/home/vboxuser/ros_ws/install/chat_pkg/lib/python3.10/site-packages:${PYTHONPATH} /usr/bin/python3 -W ignore:setup.py install is deprecated -W ignore:easy_install command is deprecated setup.py egg_info --egg-base ../../build/chat_pkg build --build-base /home/vboxuser/ros_ws/build/chat_pkg/build install --record /home/vboxuser/ros_ws/build/chat_pkg/install.log --single-version-externally-managed install_data
[2.331s] running egg_info
[2.331s] creating ../../build/chat_pkg/chat_pkg.egg-info
[2.331s] writing ../../build/chat_pkg/chat_pkg.egg-info/PKG-INFO
[2.332s] writing dependency_links to ../../build/chat_pkg/chat_pkg.egg-info/dependency_links.txt
[2.333s] writing entry points to ../../build/chat_pkg/chat_pkg.egg-info/entry_points.txt
[2.333s] writing requirements to ../../build/chat_pkg/chat_pkg.egg-info/requires.txt
[2.335s] writing top-level names to ../../build/chat_pkg/chat_pkg.egg-info/top_level.txt
[2.335s] writing manifest file '../../build/chat_pkg/chat_pkg.egg-info/SOURCES.txt'
[2.338s] reading manifest file '../../build/chat_pkg/chat_pkg.egg-info/SOURCES.txt'
[2.340s] writing manifest file '../../build/chat_pkg/chat_pkg.egg-info/SOURCES.txt'
[2.340s] running build
[2.340s] running build_py
[2.341s] creating /home/vboxuser/ros_ws/build/chat_pkg/build
[2.341s] creating /home/vboxuser/ros_ws/build/chat_pkg/build/lib
[2.341s] creating /home/vboxuser/ros_ws/build/chat_pkg/build/lib/chat_pkg
[2.341s] copying chat_pkg/output_node.py -> /home/vboxuser/ros_ws/build/chat_pkg/build/lib/chat_pkg
[2.342s] copying chat_pkg/chat_node.py -> /home/vboxuser/ros_ws/build/chat_pkg/build/lib/chat_pkg
[2.342s] copying chat_pkg/__init__.py -> /home/vboxuser/ros_ws/build/chat_pkg/build/lib/chat_pkg
[2.342s] copying chat_pkg/raw_publisher.py -> /home/vboxuser/ros_ws/build/chat_pkg/build/lib/chat_pkg
[2.342s] copying chat_pkg/processor_node.py -> /home/vboxuser/ros_ws/build/chat_pkg/build/lib/chat_pkg
[2.343s] running install
[2.345s] running install_lib
[2.346s] creating /home/vboxuser/ros_ws/install/chat_pkg/lib/python3.10/site-packages/chat_pkg
[2.346s] copying /home/vboxuser/ros_ws/build/chat_pkg/build/lib/chat_pkg/output_node.py -> /home/vboxuser/ros_ws/install/chat_pkg/lib/python3.10/site-packages/chat_pkg
[2.347s] copying /home/vboxuser/ros_ws/build/chat_pkg/build/lib/chat_pkg/chat_node.py -> /home/vboxuser/ros_ws/install/chat_pkg/lib/python3.10/site-packages/chat_pkg
[2.347s] copying /home/vboxuser/ros_ws/build/chat_pkg/build/lib/chat_pkg/__init__.py -> /home/vboxuser/ros_ws/install/chat_pkg/lib/python3.10/site-packages/chat_pkg
[2.347s] copying /home/vboxuser/ros_ws/build/chat_pkg/build/lib/chat_pkg/raw_publisher.py -> /home/vboxuser/ros_ws/install/chat_pkg/lib/python3.10/site-packages/chat_pkg
[2.348s] copying /home/vboxuser/ros_ws/build/chat_pkg/build/lib/chat_pkg/processor_node.py -> /home/vboxuser/ros_ws/install/chat_pkg/lib/python3.10/site-packages/chat_pkg
[2.349s] byte-compiling /home/vboxuser/ros_ws/install/chat_pkg/lib/python3.10/site-packages/chat_pkg/output_node.py to output_node.cpython-310.pyc
[2.350s] byte-compiling /home/vboxuser/ros_ws/install/chat_pkg/lib/python3.10/site-packages/chat_pkg/chat_node.py to chat_node.cpython-310.pyc
[2.354s] byte-compiling /home/vboxuser/ros_ws/install/chat_pkg/lib/python3.10/site-packages/chat_pkg/__init__.py to __init__.cpython-310.pyc
[2.355s] byte-compiling /home/vboxuser/ros_ws/install/chat_pkg/lib/python3.10/site-packages/chat_pkg/raw_publisher.py to raw_publisher.cpython-310.pyc
[2.355s] byte-compiling /home/vboxuser/ros_ws/install/chat_pkg/lib/python3.10/site-packages/chat_pkg/processor_node.py to processor_node.cpython-310.pyc
[2.355s] running install_data
[2.362s] creating /home/vboxuser/ros_ws/install/chat_pkg/share/ament_index
[2.363s] creating /home/vboxuser/ros_ws/install/chat_pkg/share/ament_index/resource_index
[2.363s] creating /home/vboxuser/ros_ws/install/chat_pkg/share/ament_index/resource_index/packages
[2.366s] copying resource/chat_pkg -> /home/vboxuser/ros_ws/install/chat_pkg/share/ament_index/resource_index/packages
[2.366s] copying package.xml -> /home/vboxuser/ros_ws/install/chat_pkg/share/chat_pkg
[2.366s] running install_egg_info
[2.367s] Copying ../../build/chat_pkg/chat_pkg.egg-info to /home/vboxuser/ros_ws/install/chat_pkg/lib/python3.10/site-packages/chat_pkg-0.0.0-py3.10.egg-info
[2.367s] running install_scripts
[2.441s] Installing chat_node script to /home/vboxuser/ros_ws/install/chat_pkg/lib/chat_pkg
[2.442s] Installing output_node script to /home/vboxuser/ros_ws/install/chat_pkg/lib/chat_pkg
[2.442s] Installing processor_node script to /home/vboxuser/ros_ws/install/chat_pkg/lib/chat_pkg
[2.442s] Installing raw_publisher script to /home/vboxuser/ros_ws/install/chat_pkg/lib/chat_pkg
[2.443s] writing list of installed files to '/home/vboxuser/ros_ws/build/chat_pkg/install.log'
[2.498s] Invoked command in '/home/vboxuser/ros_ws/src/chat_pkg' returned '0': PYTHONPATH=/home/vboxuser/ros_ws/build/chat_pkg/prefix_override:/usr/lib/python3/dist-packages/colcon_core/task/python/colcon_distutils_commands:/home/vboxuser/ros_ws/install/chat_pkg/lib/python3.10/site-packages:${PYTHONPATH} /usr/bin/python3 -W ignore:setup.py install is deprecated -W ignore:easy_install command is deprecated setup.py egg_info --egg-base ../../build/chat_pkg build --build-base /home/vboxuser/ros_ws/build/chat_pkg/build install --record /home/vboxuser/ros_ws/build/chat_pkg/install.log --single-version-externally-managed install_data
