[0.268s] DEBUG:colcon:Command line arguments: ['/usr/bin/colcon', 'build']
[0.268s] DEBUG:colcon:Parsed command line arguments: Namespace(log_base=None, log_level=None, verb_name='build', build_base='build', install_base='install', merge_install=False, symlink_install=False, test_result_base=None, continue_on_error=False, executor='parallel', parallel_workers=3, event_handlers=None, ignore_user_meta=False, metas=['./colcon.meta'], base_paths=['.'], packages_ignore=None, packages_ignore_regex=None, paths=None, packages_up_to=None, packages_up_to_regex=None, packages_above=None, packages_above_and_dependencies=None, packages_above_depth=None, packages_select_by_dep=None, packages_skip_by_dep=None, packages_skip_up_to=None, packages_select_build_failed=False, packages_skip_build_finished=False, packages_select_test_failures=False, packages_skip_test_passed=False, packages_select=None, packages_skip=None, packages_select_regex=None, packages_skip_regex=None, packages_start=None, packages_end=None, allow_overriding=[], cmake_args=None, cmake_target=None, cmake_target_skip_unavailable=False, cmake_clean_cache=False, cmake_clean_first=False, cmake_force_configure=False, ament_cmake_args=None, catkin_cmake_args=None, catkin_skip_building_tests=False, mixin_files=None, mixin=None, verb_parser=<colcon_mixin.mixin.mixin_argument.MixinArgumentDecorator object at 0x7e9f59d5d210>, verb_extension=<colcon_core.verb.build.BuildVerb object at 0x7e9f59d5cca0>, main=<bound method BuildVerb.main of <colcon_core.verb.build.BuildVerb object at 0x7e9f59d5cca0>>, mixin_verb=('build',))
[0.659s] Level 1:colcon.colcon_core.package_discovery:discover_packages(colcon_meta) check parameters
[0.659s] Level 1:colcon.colcon_core.package_discovery:discover_packages(recursive) check parameters
[0.659s] Level 1:colcon.colcon_core.package_discovery:discover_packages(ignore) check parameters
[0.659s] Level 1:colcon.colcon_core.package_discovery:discover_packages(path) check parameters
[0.659s] Level 1:colcon.colcon_core.package_discovery:discover_packages(colcon_meta) discover
[0.659s] Level 1:colcon.colcon_core.package_discovery:discover_packages(recursive) discover
[0.659s] INFO:colcon.colcon_core.package_discovery:Crawling recursively for packages in '/home/vboxuser/ros_ws'
[0.660s] Level 1:colcon.colcon_core.package_identification:_identify(.) by extensions ['ignore', 'ignore_ament_install']
[0.660s] Level 1:colcon.colcon_core.package_identification:_identify(.) by extension 'ignore'
[0.660s] Level 1:colcon.colcon_core.package_identification:_identify(.) by extension 'ignore_ament_install'
[0.660s] Level 1:colcon.colcon_core.package_identification:_identify(.) by extensions ['colcon_pkg']
[0.660s] Level 1:colcon.colcon_core.package_identification:_identify(.) by extension 'colcon_pkg'
[0.660s] Level 1:colcon.colcon_core.package_identification:_identify(.) by extensions ['colcon_meta']
[0.661s] Level 1:colcon.colcon_core.package_identification:_identify(.) by extension 'colcon_meta'
[0.661s] Level 1:colcon.colcon_core.package_identification:_identify(.) by extensions ['ros']
[0.661s] Level 1:colcon.colcon_core.package_identification:_identify(.) by extension 'ros'
[0.680s] Level 1:colcon.colcon_core.package_identification:_identify(.) by extensions ['cmake', 'python']
[0.680s] Level 1:colcon.colcon_core.package_identification:_identify(.) by extension 'cmake'
[0.680s] Level 1:colcon.colcon_core.package_identification:_identify(.) by extension 'python'
[0.680s] Level 1:colcon.colcon_core.package_identification:_identify(.) by extensions ['python_setup_py']
[0.681s] Level 1:colcon.colcon_core.package_identification:_identify(.) by extension 'python_setup_py'
[0.681s] Level 1:colcon.colcon_core.package_identification:_identify(build) by extensions ['ignore', 'ignore_ament_install']
[0.681s] Level 1:colcon.colcon_core.package_identification:_identify(build) by extension 'ignore'
[0.681s] Level 1:colcon.colcon_core.package_identification:_identify(build) ignored
[0.681s] Level 1:colcon.colcon_core.package_identification:_identify(install) by extensions ['ignore', 'ignore_ament_install']
[0.682s] Level 1:colcon.colcon_core.package_identification:_identify(install) by extension 'ignore'
[0.682s] Level 1:colcon.colcon_core.package_identification:_identify(install) ignored
[0.682s] Level 1:colcon.colcon_core.package_identification:_identify(log) by extensions ['ignore', 'ignore_ament_install']
[0.682s] Level 1:colcon.colcon_core.package_identification:_identify(log) by extension 'ignore'
[0.682s] Level 1:colcon.colcon_core.package_identification:_identify(log) ignored
[0.682s] Level 1:colcon.colcon_core.package_identification:_identify(src) by extensions ['ignore', 'ignore_ament_install']
[0.683s] Level 1:colcon.colcon_core.package_identification:_identify(src) by extension 'ignore'
[0.683s] Level 1:colcon.colcon_core.package_identification:_identify(src) by extension 'ignore_ament_install'
[0.683s] Level 1:colcon.colcon_core.package_identification:_identify(src) by extensions ['colcon_pkg']
[0.683s] Level 1:colcon.colcon_core.package_identification:_identify(src) by extension 'colcon_pkg'
[0.683s] Level 1:colcon.colcon_core.package_identification:_identify(src) by extensions ['colcon_meta']
[0.683s] Level 1:colcon.colcon_core.package_identification:_identify(src) by extension 'colcon_meta'
[0.683s] Level 1:colcon.colcon_core.package_identification:_identify(src) by extensions ['ros']
[0.683s] Level 1:colcon.colcon_core.package_identification:_identify(src) by extension 'ros'
[0.683s] Level 1:colcon.colcon_core.package_identification:_identify(src) by extensions ['cmake', 'python']
[0.683s] Level 1:colcon.colcon_core.package_identification:_identify(src) by extension 'cmake'
[0.683s] Level 1:colcon.colcon_core.package_identification:_identify(src) by extension 'python'
[0.683s] Level 1:colcon.colcon_core.package_identification:_identify(src) by extensions ['python_setup_py']
[0.684s] Level 1:colcon.colcon_core.package_identification:_identify(src) by extension 'python_setup_py'
[0.684s] Level 1:colcon.colcon_core.package_identification:_identify(src/chat_pkg) by extensions ['ignore', 'ignore_ament_install']
[0.684s] Level 1:colcon.colcon_core.package_identification:_identify(src/chat_pkg) by extension 'ignore'
[0.684s] Level 1:colcon.colcon_core.package_identification:_identify(src/chat_pkg) by extension 'ignore_ament_install'
[0.684s] Level 1:colcon.colcon_core.package_identification:_identify(src/chat_pkg) by extensions ['colcon_pkg']
[0.684s] Level 1:colcon.colcon_core.package_identification:_identify(src/chat_pkg) by extension 'colcon_pkg'
[0.684s] Level 1:colcon.colcon_core.package_identification:_identify(src/chat_pkg) by extensions ['colcon_meta']
[0.684s] Level 1:colcon.colcon_core.package_identification:_identify(src/chat_pkg) by extension 'colcon_meta'
[0.684s] Level 1:colcon.colcon_core.package_identification:_identify(src/chat_pkg) by extensions ['ros']
[0.685s] Level 1:colcon.colcon_core.package_identification:_identify(src/chat_pkg) by extension 'ros'
[0.689s] DEBUG:colcon.colcon_core.package_identification:Package 'src/chat_pkg' with type 'ros.ament_python' and name 'chat_pkg'
[0.689s] Level 1:colcon.colcon_core.package_identification:_identify(src/nav_interfaces) by extensions ['ignore', 'ignore_ament_install']
[0.690s] Level 1:colcon.colcon_core.package_identification:_identify(src/nav_interfaces) by extension 'ignore'
[0.690s] Level 1:colcon.colcon_core.package_identification:_identify(src/nav_interfaces) by extension 'ignore_ament_install'
[0.690s] Level 1:colcon.colcon_core.package_identification:_identify(src/nav_interfaces) by extensions ['colcon_pkg']
[0.690s] Level 1:colcon.colcon_core.package_identification:_identify(src/nav_interfaces) by extension 'colcon_pkg'
[0.690s] Level 1:colcon.colcon_core.package_identification:_identify(src/nav_interfaces) by extensions ['colcon_meta']
[0.690s] Level 1:colcon.colcon_core.package_identification:_identify(src/nav_interfaces) by extension 'colcon_meta'
[0.690s] Level 1:colcon.colcon_core.package_identification:_identify(src/nav_interfaces) by extensions ['ros']
[0.690s] Level 1:colcon.colcon_core.package_identification:_identify(src/nav_interfaces) by extension 'ros'
[0.692s] DEBUG:colcon.colcon_core.package_identification:Package 'src/nav_interfaces' with type 'ros.ament_cmake' and name 'nav_interfaces'
[0.692s] Level 1:colcon.colcon_core.package_identification:_identify(src/nav_pkg) by extensions ['ignore', 'ignore_ament_install']
[0.692s] Level 1:colcon.colcon_core.package_identification:_identify(src/nav_pkg) by extension 'ignore'
[0.692s] Level 1:colcon.colcon_core.package_identification:_identify(src/nav_pkg) by extension 'ignore_ament_install'
[0.692s] Level 1:colcon.colcon_core.package_identification:_identify(src/nav_pkg) by extensions ['colcon_pkg']
[0.692s] Level 1:colcon.colcon_core.package_identification:_identify(src/nav_pkg) by extension 'colcon_pkg'
[0.692s] Level 1:colcon.colcon_core.package_identification:_identify(src/nav_pkg) by extensions ['colcon_meta']
[0.692s] Level 1:colcon.colcon_core.package_identification:_identify(src/nav_pkg) by extension 'colcon_meta'
[0.693s] Level 1:colcon.colcon_core.package_identification:_identify(src/nav_pkg) by extensions ['ros']
[0.693s] Level 1:colcon.colcon_core.package_identification:_identify(src/nav_pkg) by extension 'ros'
[0.695s] DEBUG:colcon.colcon_core.package_identification:Package 'src/nav_pkg' with type 'ros.ament_python' and name 'nav_pkg'
[0.695s] Level 1:colcon.colcon_core.package_discovery:discover_packages(recursive) using defaults
[0.695s] Level 1:colcon.colcon_core.package_discovery:discover_packages(ignore) discover
[0.695s] Level 1:colcon.colcon_core.package_discovery:discover_packages(ignore) using defaults
[0.695s] Level 1:colcon.colcon_core.package_discovery:discover_packages(path) discover
[0.695s] Level 1:colcon.colcon_core.package_discovery:discover_packages(path) using defaults
[0.745s] Level 1:colcon.colcon_core.package_discovery:discover_packages(prefix_path) check parameters
[0.746s] Level 1:colcon.colcon_core.package_discovery:discover_packages(prefix_path) discover
[0.750s] DEBUG:colcon.colcon_installed_package_information.package_discovery:Found 273 installed packages in /opt/ros/humble
[0.752s] Level 1:colcon.colcon_core.package_discovery:discover_packages(prefix_path) using defaults
[0.840s] Level 5:colcon.colcon_core.verb:set package 'chat_pkg' build argument 'cmake_args' from command line to 'None'
[0.840s] Level 5:colcon.colcon_core.verb:set package 'chat_pkg' build argument 'cmake_target' from command line to 'None'
[0.840s] Level 5:colcon.colcon_core.verb:set package 'chat_pkg' build argument 'cmake_target_skip_unavailable' from command line to 'False'
[0.840s] Level 5:colcon.colcon_core.verb:set package 'chat_pkg' build argument 'cmake_clean_cache' from command line to 'False'
[0.840s] Level 5:colcon.colcon_core.verb:set package 'chat_pkg' build argument 'cmake_clean_first' from command line to 'False'
[0.840s] Level 5:colcon.colcon_core.verb:set package 'chat_pkg' build argument 'cmake_force_configure' from command line to 'False'
[0.840s] Level 5:colcon.colcon_core.verb:set package 'chat_pkg' build argument 'ament_cmake_args' from command line to 'None'
[0.841s] Level 5:colcon.colcon_core.verb:set package 'chat_pkg' build argument 'catkin_cmake_args' from command line to 'None'
[0.841s] Level 5:colcon.colcon_core.verb:set package 'chat_pkg' build argument 'catkin_skip_building_tests' from command line to 'False'
[0.841s] DEBUG:colcon.colcon_core.verb:Building package 'chat_pkg' with the following arguments: {'ament_cmake_args': None, 'build_base': '/home/vboxuser/ros_ws/build/chat_pkg', 'catkin_cmake_args': None, 'catkin_skip_building_tests': False, 'cmake_args': None, 'cmake_clean_cache': False, 'cmake_clean_first': False, 'cmake_force_configure': False, 'cmake_target': None, 'cmake_target_skip_unavailable': False, 'install_base': '/home/vboxuser/ros_ws/install/chat_pkg', 'merge_install': False, 'path': '/home/vboxuser/ros_ws/src/chat_pkg', 'symlink_install': False, 'test_result_base': None}
[0.841s] Level 5:colcon.colcon_core.verb:set package 'nav_interfaces' build argument 'cmake_args' from command line to 'None'
[0.841s] Level 5:colcon.colcon_core.verb:set package 'nav_interfaces' build argument 'cmake_target' from command line to 'None'
[0.842s] Level 5:colcon.colcon_core.verb:set package 'nav_interfaces' build argument 'cmake_target_skip_unavailable' from command line to 'False'
[0.842s] Level 5:colcon.colcon_core.verb:set package 'nav_interfaces' build argument 'cmake_clean_cache' from command line to 'False'
[0.842s] Level 5:colcon.colcon_core.verb:set package 'nav_interfaces' build argument 'cmake_clean_first' from command line to 'False'
[0.842s] Level 5:colcon.colcon_core.verb:set package 'nav_interfaces' build argument 'cmake_force_configure' from command line to 'False'
[0.842s] Level 5:colcon.colcon_core.verb:set package 'nav_interfaces' build argument 'ament_cmake_args' from command line to 'None'
[0.842s] Level 5:colcon.colcon_core.verb:set package 'nav_interfaces' build argument 'catkin_cmake_args' from command line to 'None'
[0.842s] Level 5:colcon.colcon_core.verb:set package 'nav_interfaces' build argument 'catkin_skip_building_tests' from command line to 'False'
[0.842s] DEBUG:colcon.colcon_core.verb:Building package 'nav_interfaces' with the following arguments: {'ament_cmake_args': None, 'build_base': '/home/vboxuser/ros_ws/build/nav_interfaces', 'catkin_cmake_args': None, 'catkin_skip_building_tests': False, 'cmake_args': None, 'cmake_clean_cache': False, 'cmake_clean_first': False, 'cmake_force_configure': False, 'cmake_target': None, 'cmake_target_skip_unavailable': False, 'install_base': '/home/vboxuser/ros_ws/install/nav_interfaces', 'merge_install': False, 'path': '/home/vboxuser/ros_ws/src/nav_interfaces', 'symlink_install': False, 'test_result_base': None}
[0.843s] Level 5:colcon.colcon_core.verb:set package 'nav_pkg' build argument 'cmake_args' from command line to 'None'
[0.843s] Level 5:colcon.colcon_core.verb:set package 'nav_pkg' build argument 'cmake_target' from command line to 'None'
[0.843s] Level 5:colcon.colcon_core.verb:set package 'nav_pkg' build argument 'cmake_target_skip_unavailable' from command line to 'False'
[0.843s] Level 5:colcon.colcon_core.verb:set package 'nav_pkg' build argument 'cmake_clean_cache' from command line to 'False'
[0.843s] Level 5:colcon.colcon_core.verb:set package 'nav_pkg' build argument 'cmake_clean_first' from command line to 'False'
[0.843s] Level 5:colcon.colcon_core.verb:set package 'nav_pkg' build argument 'cmake_force_configure' from command line to 'False'
[0.843s] Level 5:colcon.colcon_core.verb:set package 'nav_pkg' build argument 'ament_cmake_args' from command line to 'None'
[0.843s] Level 5:colcon.colcon_core.verb:set package 'nav_pkg' build argument 'catkin_cmake_args' from command line to 'None'
[0.843s] Level 5:colcon.colcon_core.verb:set package 'nav_pkg' build argument 'catkin_skip_building_tests' from command line to 'False'
[0.843s] DEBUG:colcon.colcon_core.verb:Building package 'nav_pkg' with the following arguments: {'ament_cmake_args': None, 'build_base': '/home/vboxuser/ros_ws/build/nav_pkg', 'catkin_cmake_args': None, 'catkin_skip_building_tests': False, 'cmake_args': None, 'cmake_clean_cache': False, 'cmake_clean_first': False, 'cmake_force_configure': False, 'cmake_target': None, 'cmake_target_skip_unavailable': False, 'install_base': '/home/vboxuser/ros_ws/install/nav_pkg', 'merge_install': False, 'path': '/home/vboxuser/ros_ws/src/nav_pkg', 'symlink_install': False, 'test_result_base': None}
[0.844s] INFO:colcon.colcon_core.executor:Executing jobs using 'parallel' executor
[0.846s] DEBUG:colcon.colcon_parallel_executor.executor.parallel:run_until_complete
[0.847s] INFO:colcon.colcon_ros.task.ament_cmake.build:Building ROS package in '/home/vboxuser/ros_ws/src/nav_interfaces' with build type 'ament_cmake'
[0.847s] INFO:colcon.colcon_cmake.task.cmake.build:Building CMake package in '/home/vboxuser/ros_ws/src/nav_interfaces'
[0.852s] INFO:colcon.colcon_core.plugin_system:Skipping extension 'colcon_core.shell.bat': Not used on non-Windows systems
[0.852s] INFO:colcon.colcon_core.shell:Skip shell extension 'powershell' for command environment: Not usable outside of PowerShell
[0.853s] DEBUG:colcon.colcon_core.shell:Skip shell extension 'dsv' for command environment
[0.873s] INFO:colcon.colcon_ros.task.ament_python.build:Building ROS package in '/home/vboxuser/ros_ws/src/chat_pkg' with build type 'ament_python'
[0.873s] Level 1:colcon.colcon_core.shell:create_environment_hook('chat_pkg', 'ament_prefix_path')
[0.874s] INFO:colcon.colcon_core.shell:Creating environment hook '/home/vboxuser/ros_ws/install/chat_pkg/share/chat_pkg/hook/ament_prefix_path.ps1'
[0.877s] INFO:colcon.colcon_core.shell:Creating environment descriptor '/home/vboxuser/ros_ws/install/chat_pkg/share/chat_pkg/hook/ament_prefix_path.dsv'
[0.878s] INFO:colcon.colcon_core.shell:Creating environment hook '/home/vboxuser/ros_ws/install/chat_pkg/share/chat_pkg/hook/ament_prefix_path.sh'
[0.880s] INFO:colcon.colcon_core.shell:Skip shell extension 'powershell' for command environment: Not usable outside of PowerShell
[0.880s] DEBUG:colcon.colcon_core.shell:Skip shell extension 'dsv' for command environment
[0.901s] DEBUG:colcon.colcon_core.event_handler.log_command:Invoking command in '/home/vboxuser/ros_ws/build/nav_interfaces': CMAKE_PREFIX_PATH=/opt/ros/humble /usr/bin/cmake /home/vboxuser/ros_ws/src/nav_interfaces -DCMAKE_INSTALL_PREFIX=/home/vboxuser/ros_ws/install/nav_interfaces
[1.510s] INFO:colcon.colcon_core.task.python.build:Building Python package in '/home/vboxuser/ros_ws/src/chat_pkg'
[1.510s] INFO:colcon.colcon_core.shell:Skip shell extension 'powershell' for command environment: Not usable outside of PowerShell
[1.511s] DEBUG:colcon.colcon_core.shell:Skip shell extension 'dsv' for command environment
[2.380s] DEBUG:colcon.colcon_core.event_handler.log_command:Invoking command in '/home/vboxuser/ros_ws/src/chat_pkg': PYTHONPATH=/home/vboxuser/ros_ws/build/chat_pkg/prefix_override:/usr/lib/python3/dist-packages/colcon_core/task/python/colcon_distutils_commands:/home/vboxuser/ros_ws/install/chat_pkg/lib/python3.10/site-packages:${PYTHONPATH} /usr/bin/python3 -W ignore:setup.py install is deprecated -W ignore:easy_install command is deprecated setup.py egg_info --egg-base ../../build/chat_pkg build --build-base /home/vboxuser/ros_ws/build/chat_pkg/build install --record /home/vboxuser/ros_ws/build/chat_pkg/install.log --single-version-externally-managed install_data
[3.374s] DEBUG:colcon.colcon_core.event_handler.log_command:Invoked command in '/home/vboxuser/ros_ws/src/chat_pkg' returned '0': PYTHONPATH=/home/vboxuser/ros_ws/build/chat_pkg/prefix_override:/usr/lib/python3/dist-packages/colcon_core/task/python/colcon_distutils_commands:/home/vboxuser/ros_ws/install/chat_pkg/lib/python3.10/site-packages:${PYTHONPATH} /usr/bin/python3 -W ignore:setup.py install is deprecated -W ignore:easy_install command is deprecated setup.py egg_info --egg-base ../../build/chat_pkg build --build-base /home/vboxuser/ros_ws/build/chat_pkg/build install --record /home/vboxuser/ros_ws/build/chat_pkg/install.log --single-version-externally-managed install_data
[3.380s] Level 1:colcon.colcon_core.environment:checking '/home/vboxuser/ros_ws/install/chat_pkg' for CMake module files
[3.381s] Level 1:colcon.colcon_core.environment:checking '/home/vboxuser/ros_ws/install/chat_pkg' for CMake config files
[3.382s] Level 1:colcon.colcon_core.environment:checking '/home/vboxuser/ros_ws/install/chat_pkg/lib'
[3.383s] Level 1:colcon.colcon_core.environment:checking '/home/vboxuser/ros_ws/install/chat_pkg/bin'
[3.383s] Level 1:colcon.colcon_core.environment:checking '/home/vboxuser/ros_ws/install/chat_pkg/lib/pkgconfig/chat_pkg.pc'
[3.384s] Level 1:colcon.colcon_core.environment:checking '/home/vboxuser/ros_ws/install/chat_pkg/lib/python3.10/site-packages'
[3.384s] Level 1:colcon.colcon_core.shell:create_environment_hook('chat_pkg', 'pythonpath')
[3.385s] INFO:colcon.colcon_core.shell:Creating environment hook '/home/vboxuser/ros_ws/install/chat_pkg/share/chat_pkg/hook/pythonpath.ps1'
[3.386s] INFO:colcon.colcon_core.shell:Creating environment descriptor '/home/vboxuser/ros_ws/install/chat_pkg/share/chat_pkg/hook/pythonpath.dsv'
[3.387s] INFO:colcon.colcon_core.shell:Creating environment hook '/home/vboxuser/ros_ws/install/chat_pkg/share/chat_pkg/hook/pythonpath.sh'
[3.389s] Level 1:colcon.colcon_core.environment:checking '/home/vboxuser/ros_ws/install/chat_pkg/bin'
[3.389s] Level 1:colcon.colcon_core.environment:create_environment_scripts_only(chat_pkg)
[3.390s] INFO:colcon.colcon_core.shell:Creating package script '/home/vboxuser/ros_ws/install/chat_pkg/share/chat_pkg/package.ps1'
[3.394s] INFO:colcon.colcon_core.shell:Creating package descriptor '/home/vboxuser/ros_ws/install/chat_pkg/share/chat_pkg/package.dsv'
[3.395s] INFO:colcon.colcon_core.shell:Creating package script '/home/vboxuser/ros_ws/install/chat_pkg/share/chat_pkg/package.sh'
[3.397s] INFO:colcon.colcon_core.shell:Creating package script '/home/vboxuser/ros_ws/install/chat_pkg/share/chat_pkg/package.bash'
[3.399s] INFO:colcon.colcon_core.shell:Creating package script '/home/vboxuser/ros_ws/install/chat_pkg/share/chat_pkg/package.zsh'
[3.401s] Level 1:colcon.colcon_core.environment:create_file_with_runtime_dependencies(/home/vboxuser/ros_ws/install/chat_pkg/share/colcon-core/packages/chat_pkg)
[4.616s] DEBUG:colcon.colcon_core.event_handler.log_command:Invoked command in '/home/vboxuser/ros_ws/build/nav_interfaces' returned '0': CMAKE_PREFIX_PATH=/opt/ros/humble /usr/bin/cmake /home/vboxuser/ros_ws/src/nav_interfaces -DCMAKE_INSTALL_PREFIX=/home/vboxuser/ros_ws/install/nav_interfaces
[4.619s] DEBUG:colcon.colcon_core.event_handler.log_command:Invoking command in '/home/vboxuser/ros_ws/build/nav_interfaces': CMAKE_PREFIX_PATH=/opt/ros/humble /usr/bin/cmake --build /home/vboxuser/ros_ws/build/nav_interfaces -- -j3 -l3
[11.431s] DEBUG:colcon.colcon_core.event_handler.log_command:Invoked command in '/home/vboxuser/ros_ws/build/nav_interfaces' returned '0': CMAKE_PREFIX_PATH=/opt/ros/humble /usr/bin/cmake --build /home/vboxuser/ros_ws/build/nav_interfaces -- -j3 -l3
[11.453s] DEBUG:colcon.colcon_core.event_handler.log_command:Invoking command in '/home/vboxuser/ros_ws/build/nav_interfaces': CMAKE_PREFIX_PATH=/opt/ros/humble /usr/bin/cmake --install /home/vboxuser/ros_ws/build/nav_interfaces
[11.638s] Level 1:colcon.colcon_core.environment:create_environment_scripts_only(nav_interfaces)
[11.639s] Level 1:colcon.colcon_core.environment:checking '/home/vboxuser/ros_ws/install/nav_interfaces' for CMake module files
[11.640s] DEBUG:colcon.colcon_core.event_handler.log_command:Invoked command in '/home/vboxuser/ros_ws/build/nav_interfaces' returned '0': CMAKE_PREFIX_PATH=/opt/ros/humble /usr/bin/cmake --install /home/vboxuser/ros_ws/build/nav_interfaces
[11.644s] Level 1:colcon.colcon_core.environment:checking '/home/vboxuser/ros_ws/install/nav_interfaces' for CMake config files
[11.648s] Level 1:colcon.colcon_core.shell:create_environment_hook('nav_interfaces', 'cmake_prefix_path')
[11.648s] INFO:colcon.colcon_core.shell:Creating environment hook '/home/vboxuser/ros_ws/install/nav_interfaces/share/nav_interfaces/hook/cmake_prefix_path.ps1'
[11.649s] INFO:colcon.colcon_core.shell:Creating environment descriptor '/home/vboxuser/ros_ws/install/nav_interfaces/share/nav_interfaces/hook/cmake_prefix_path.dsv'
[11.649s] INFO:colcon.colcon_core.shell:Creating environment hook '/home/vboxuser/ros_ws/install/nav_interfaces/share/nav_interfaces/hook/cmake_prefix_path.sh'
[11.650s] Level 1:colcon.colcon_core.environment:checking '/home/vboxuser/ros_ws/install/nav_interfaces/lib'
[11.650s] Level 1:colcon.colcon_core.shell:create_environment_hook('nav_interfaces', 'ld_library_path_lib')
[11.652s] INFO:colcon.colcon_core.shell:Creating environment hook '/home/vboxuser/ros_ws/install/nav_interfaces/share/nav_interfaces/hook/ld_library_path_lib.ps1'
[11.653s] INFO:colcon.colcon_core.shell:Creating environment descriptor '/home/vboxuser/ros_ws/install/nav_interfaces/share/nav_interfaces/hook/ld_library_path_lib.dsv'
[11.653s] INFO:colcon.colcon_core.shell:Creating environment hook '/home/vboxuser/ros_ws/install/nav_interfaces/share/nav_interfaces/hook/ld_library_path_lib.sh'
[11.654s] Level 1:colcon.colcon_core.environment:checking '/home/vboxuser/ros_ws/install/nav_interfaces/bin'
[11.655s] Level 1:colcon.colcon_core.environment:checking '/home/vboxuser/ros_ws/install/nav_interfaces/lib/pkgconfig/nav_interfaces.pc'
[11.655s] Level 1:colcon.colcon_core.environment:checking '/home/vboxuser/ros_ws/install/nav_interfaces/lib/python3.10/site-packages'
[11.656s] Level 1:colcon.colcon_core.environment:checking '/home/vboxuser/ros_ws/install/nav_interfaces/bin'
[11.657s] INFO:colcon.colcon_core.shell:Creating package script '/home/vboxuser/ros_ws/install/nav_interfaces/share/nav_interfaces/package.ps1'
[11.658s] INFO:colcon.colcon_core.shell:Creating package descriptor '/home/vboxuser/ros_ws/install/nav_interfaces/share/nav_interfaces/package.dsv'
[11.659s] INFO:colcon.colcon_core.shell:Creating package script '/home/vboxuser/ros_ws/install/nav_interfaces/share/nav_interfaces/package.sh'
[11.660s] INFO:colcon.colcon_core.shell:Creating package script '/home/vboxuser/ros_ws/install/nav_interfaces/share/nav_interfaces/package.bash'
[11.661s] INFO:colcon.colcon_core.shell:Creating package script '/home/vboxuser/ros_ws/install/nav_interfaces/share/nav_interfaces/package.zsh'
[11.661s] Level 1:colcon.colcon_core.environment:create_file_with_runtime_dependencies(/home/vboxuser/ros_ws/install/nav_interfaces/share/colcon-core/packages/nav_interfaces)
[11.663s] Level 1:colcon.colcon_core.environment:create_environment_scripts_only(nav_interfaces)
[11.663s] Level 1:colcon.colcon_core.environment:checking '/home/vboxuser/ros_ws/install/nav_interfaces' for CMake module files
[11.664s] Level 1:colcon.colcon_core.environment:checking '/home/vboxuser/ros_ws/install/nav_interfaces' for CMake config files
[11.665s] Level 1:colcon.colcon_core.shell:create_environment_hook('nav_interfaces', 'cmake_prefix_path')
[11.665s] INFO:colcon.colcon_core.shell:Creating environment hook '/home/vboxuser/ros_ws/install/nav_interfaces/share/nav_interfaces/hook/cmake_prefix_path.ps1'
[11.667s] INFO:colcon.colcon_core.shell:Creating environment descriptor '/home/vboxuser/ros_ws/install/nav_interfaces/share/nav_interfaces/hook/cmake_prefix_path.dsv'
[11.668s] INFO:colcon.colcon_core.shell:Creating environment hook '/home/vboxuser/ros_ws/install/nav_interfaces/share/nav_interfaces/hook/cmake_prefix_path.sh'
[11.669s] Level 1:colcon.colcon_core.environment:checking '/home/vboxuser/ros_ws/install/nav_interfaces/lib'
[11.669s] Level 1:colcon.colcon_core.shell:create_environment_hook('nav_interfaces', 'ld_library_path_lib')
[11.669s] INFO:colcon.colcon_core.shell:Creating environment hook '/home/vboxuser/ros_ws/install/nav_interfaces/share/nav_interfaces/hook/ld_library_path_lib.ps1'
[11.671s] INFO:colcon.colcon_core.shell:Creating environment descriptor '/home/vboxuser/ros_ws/install/nav_interfaces/share/nav_interfaces/hook/ld_library_path_lib.dsv'
[11.672s] INFO:colcon.colcon_core.shell:Creating environment hook '/home/vboxuser/ros_ws/install/nav_interfaces/share/nav_interfaces/hook/ld_library_path_lib.sh'
[11.673s] Level 1:colcon.colcon_core.environment:checking '/home/vboxuser/ros_ws/install/nav_interfaces/bin'
[11.673s] Level 1:colcon.colcon_core.environment:checking '/home/vboxuser/ros_ws/install/nav_interfaces/lib/pkgconfig/nav_interfaces.pc'
[11.674s] Level 1:colcon.colcon_core.environment:checking '/home/vboxuser/ros_ws/install/nav_interfaces/lib/python3.10/site-packages'
[11.675s] Level 1:colcon.colcon_core.environment:checking '/home/vboxuser/ros_ws/install/nav_interfaces/bin'
[11.676s] INFO:colcon.colcon_core.shell:Creating package script '/home/vboxuser/ros_ws/install/nav_interfaces/share/nav_interfaces/package.ps1'
[11.677s] INFO:colcon.colcon_core.shell:Creating package descriptor '/home/vboxuser/ros_ws/install/nav_interfaces/share/nav_interfaces/package.dsv'
[11.679s] INFO:colcon.colcon_core.shell:Creating package script '/home/vboxuser/ros_ws/install/nav_interfaces/share/nav_interfaces/package.sh'
[11.680s] INFO:colcon.colcon_core.shell:Creating package script '/home/vboxuser/ros_ws/install/nav_interfaces/share/nav_interfaces/package.bash'
[11.681s] INFO:colcon.colcon_core.shell:Creating package script '/home/vboxuser/ros_ws/install/nav_interfaces/share/nav_interfaces/package.zsh'
[11.682s] Level 1:colcon.colcon_core.environment:create_file_with_runtime_dependencies(/home/vboxuser/ros_ws/install/nav_interfaces/share/colcon-core/packages/nav_interfaces)
[11.683s] INFO:colcon.colcon_ros.task.ament_python.build:Building ROS package in '/home/vboxuser/ros_ws/src/nav_pkg' with build type 'ament_python'
[11.683s] Level 1:colcon.colcon_core.shell:create_environment_hook('nav_pkg', 'ament_prefix_path')
[11.683s] INFO:colcon.colcon_core.shell:Creating environment hook '/home/vboxuser/ros_ws/install/nav_pkg/share/nav_pkg/hook/ament_prefix_path.ps1'
[11.685s] INFO:colcon.colcon_core.shell:Creating environment descriptor '/home/vboxuser/ros_ws/install/nav_pkg/share/nav_pkg/hook/ament_prefix_path.dsv'
[11.686s] INFO:colcon.colcon_core.shell:Creating environment hook '/home/vboxuser/ros_ws/install/nav_pkg/share/nav_pkg/hook/ament_prefix_path.sh'
[11.687s] INFO:colcon.colcon_core.shell:Skip shell extension 'powershell' for command environment: Not usable outside of PowerShell
[11.687s] DEBUG:colcon.colcon_core.shell:Skip shell extension 'dsv' for command environment
[12.250s] INFO:colcon.colcon_core.task.python.build:Building Python package in '/home/vboxuser/ros_ws/src/nav_pkg'
[12.251s] INFO:colcon.colcon_core.shell:Skip shell extension 'powershell' for command environment: Not usable outside of PowerShell
[12.251s] DEBUG:colcon.colcon_core.shell:Skip shell extension 'dsv' for command environment
[13.008s] DEBUG:colcon.colcon_core.event_handler.log_command:Invoking command in '/home/vboxuser/ros_ws/src/nav_pkg': AMENT_PREFIX_PATH=/home/vboxuser/ros_ws/install/nav_interfaces:${AMENT_PREFIX_PATH} CMAKE_PREFIX_PATH=/home/vboxuser/ros_ws/install/nav_interfaces LD_LIBRARY_PATH=/home/vboxuser/ros_ws/install/nav_interfaces/lib:${LD_LIBRARY_PATH} PYTHONPATH=/home/vboxuser/ros_ws/build/nav_pkg/prefix_override:/usr/lib/python3/dist-packages/colcon_core/task/python/colcon_distutils_commands:/home/vboxuser/ros_ws/install/nav_pkg/lib/python3.10/site-packages:/home/vboxuser/ros_ws/install/nav_interfaces/local/lib/python3.10/dist-packages:${PYTHONPATH} /usr/bin/python3 -W ignore:setup.py install is deprecated -W ignore:easy_install command is deprecated setup.py egg_info --egg-base ../../build/nav_pkg build --build-base /home/vboxuser/ros_ws/build/nav_pkg/build install --record /home/vboxuser/ros_ws/build/nav_pkg/install.log --single-version-externally-managed install_data
[13.898s] Level 1:colcon.colcon_core.environment:checking '/home/vboxuser/ros_ws/install/nav_pkg' for CMake module files
[13.902s] DEBUG:colcon.colcon_core.event_handler.log_command:Invoked command in '/home/vboxuser/ros_ws/src/nav_pkg' returned '0': AMENT_PREFIX_PATH=/home/vboxuser/ros_ws/install/nav_interfaces:${AMENT_PREFIX_PATH} CMAKE_PREFIX_PATH=/home/vboxuser/ros_ws/install/nav_interfaces LD_LIBRARY_PATH=/home/vboxuser/ros_ws/install/nav_interfaces/lib:${LD_LIBRARY_PATH} PYTHONPATH=/home/vboxuser/ros_ws/build/nav_pkg/prefix_override:/usr/lib/python3/dist-packages/colcon_core/task/python/colcon_distutils_commands:/home/vboxuser/ros_ws/install/nav_pkg/lib/python3.10/site-packages:/home/vboxuser/ros_ws/install/nav_interfaces/local/lib/python3.10/dist-packages:${PYTHONPATH} /usr/bin/python3 -W ignore:setup.py install is deprecated -W ignore:easy_install command is deprecated setup.py egg_info --egg-base ../../build/nav_pkg build --build-base /home/vboxuser/ros_ws/build/nav_pkg/build install --record /home/vboxuser/ros_ws/build/nav_pkg/install.log --single-version-externally-managed install_data
[13.907s] Level 1:colcon.colcon_core.environment:checking '/home/vboxuser/ros_ws/install/nav_pkg' for CMake config files
[13.909s] Level 1:colcon.colcon_core.environment:checking '/home/vboxuser/ros_ws/install/nav_pkg/lib'
[13.909s] Level 1:colcon.colcon_core.environment:checking '/home/vboxuser/ros_ws/install/nav_pkg/bin'
[13.910s] Level 1:colcon.colcon_core.environment:checking '/home/vboxuser/ros_ws/install/nav_pkg/lib/pkgconfig/nav_pkg.pc'
[13.911s] Level 1:colcon.colcon_core.environment:checking '/home/vboxuser/ros_ws/install/nav_pkg/lib/python3.10/site-packages'
[13.911s] Level 1:colcon.colcon_core.shell:create_environment_hook('nav_pkg', 'pythonpath')
[13.912s] INFO:colcon.colcon_core.shell:Creating environment hook '/home/vboxuser/ros_ws/install/nav_pkg/share/nav_pkg/hook/pythonpath.ps1'
[13.913s] INFO:colcon.colcon_core.shell:Creating environment descriptor '/home/vboxuser/ros_ws/install/nav_pkg/share/nav_pkg/hook/pythonpath.dsv'
[13.916s] INFO:colcon.colcon_core.shell:Creating environment hook '/home/vboxuser/ros_ws/install/nav_pkg/share/nav_pkg/hook/pythonpath.sh'
[13.917s] Level 1:colcon.colcon_core.environment:checking '/home/vboxuser/ros_ws/install/nav_pkg/bin'
[13.918s] Level 1:colcon.colcon_core.environment:create_environment_scripts_only(nav_pkg)
[13.918s] INFO:colcon.colcon_core.shell:Creating package script '/home/vboxuser/ros_ws/install/nav_pkg/share/nav_pkg/package.ps1'
[13.920s] INFO:colcon.colcon_core.shell:Creating package descriptor '/home/vboxuser/ros_ws/install/nav_pkg/share/nav_pkg/package.dsv'
[13.921s] INFO:colcon.colcon_core.shell:Creating package script '/home/vboxuser/ros_ws/install/nav_pkg/share/nav_pkg/package.sh'
[13.924s] INFO:colcon.colcon_core.shell:Creating package script '/home/vboxuser/ros_ws/install/nav_pkg/share/nav_pkg/package.bash'
[13.926s] INFO:colcon.colcon_core.shell:Creating package script '/home/vboxuser/ros_ws/install/nav_pkg/share/nav_pkg/package.zsh'
[13.928s] Level 1:colcon.colcon_core.environment:create_file_with_runtime_dependencies(/home/vboxuser/ros_ws/install/nav_pkg/share/colcon-core/packages/nav_pkg)
[13.929s] DEBUG:colcon.colcon_parallel_executor.executor.parallel:closing loop
[13.929s] DEBUG:colcon.colcon_parallel_executor.executor.parallel:loop closed
[13.930s] DEBUG:colcon.colcon_parallel_executor.executor.parallel:run_until_complete finished with '0'
[13.930s] DEBUG:colcon.colcon_core.event_reactor:joining thread
[13.949s] INFO:colcon.colcon_core.plugin_system:Skipping extension 'colcon_notification.desktop_notification.terminal_notifier': Not used on non-Darwin systems
[13.950s] INFO:colcon.colcon_core.plugin_system:Skipping extension 'colcon_notification.desktop_notification.win32': Not used on non-Windows systems
[13.950s] INFO:colcon.colcon_notification.desktop_notification:Sending desktop notification using 'notify2'
[14.345s] DEBUG:colcon.colcon_core.event_reactor:joined thread
[14.346s] INFO:colcon.colcon_core.shell:Creating prefix script '/home/vboxuser/ros_ws/install/local_setup.ps1'
[14.349s] INFO:colcon.colcon_core.shell:Creating prefix util module '/home/vboxuser/ros_ws/install/_local_setup_util_ps1.py'
[14.356s] INFO:colcon.colcon_core.shell:Creating prefix chain script '/home/vboxuser/ros_ws/install/setup.ps1'
[14.360s] INFO:colcon.colcon_core.shell:Creating prefix script '/home/vboxuser/ros_ws/install/local_setup.sh'
[14.362s] INFO:colcon.colcon_core.shell:Creating prefix util module '/home/vboxuser/ros_ws/install/_local_setup_util_sh.py'
[14.366s] INFO:colcon.colcon_core.shell:Creating prefix chain script '/home/vboxuser/ros_ws/install/setup.sh'
[14.371s] INFO:colcon.colcon_core.shell:Creating prefix script '/home/vboxuser/ros_ws/install/local_setup.bash'
[14.372s] INFO:colcon.colcon_core.shell:Creating prefix chain script '/home/vboxuser/ros_ws/install/setup.bash'
[14.376s] INFO:colcon.colcon_core.shell:Creating prefix script '/home/vboxuser/ros_ws/install/local_setup.zsh'
[14.377s] INFO:colcon.colcon_core.shell:Creating prefix chain script '/home/vboxuser/ros_ws/install/setup.zsh'
