running egg_info
creating ../../build/nav_pkg/nav_pkg.egg-info
writing ../../build/nav_pkg/nav_pkg.egg-info/PKG-INFO
writing dependency_links to ../../build/nav_pkg/nav_pkg.egg-info/dependency_links.txt
writing entry points to ../../build/nav_pkg/nav_pkg.egg-info/entry_points.txt
writing requirements to ../../build/nav_pkg/nav_pkg.egg-info/requires.txt
writing top-level names to ../../build/nav_pkg/nav_pkg.egg-info/top_level.txt
writing manifest file '../../build/nav_pkg/nav_pkg.egg-info/SOURCES.txt'
reading manifest file '../../build/nav_pkg/nav_pkg.egg-info/SOURCES.txt'
writing manifest file '../../build/nav_pkg/nav_pkg.egg-info/SOURCES.txt'
running build
running build_py
creating /home/vboxuser/ros_ws/build/nav_pkg/build
creating /home/vboxuser/ros_ws/build/nav_pkg/build/lib
creating /home/vboxuser/ros_ws/build/nav_pkg/build/lib/nav_pkg
copying nav_pkg/commander.py -> /home/vboxuser/ros_ws/build/nav_pkg/build/lib/nav_pkg
copying nav_pkg/navigator.py -> /home/vboxuser/ros_ws/build/nav_pkg/build/lib/nav_pkg
copying nav_pkg/__init__.py -> /home/vboxuser/ros_ws/build/nav_pkg/build/lib/nav_pkg
running install
running install_lib
creating /home/vboxuser/ros_ws/install/nav_pkg/lib/python3.10/site-packages/nav_pkg
copying /home/vboxuser/ros_ws/build/nav_pkg/build/lib/nav_pkg/commander.py -> /home/vboxuser/ros_ws/install/nav_pkg/lib/python3.10/site-packages/nav_pkg
copying /home/vboxuser/ros_ws/build/nav_pkg/build/lib/nav_pkg/navigator.py -> /home/vboxuser/ros_ws/install/nav_pkg/lib/python3.10/site-packages/nav_pkg
copying /home/vboxuser/ros_ws/build/nav_pkg/build/lib/nav_pkg/__init__.py -> /home/vboxuser/ros_ws/install/nav_pkg/lib/python3.10/site-packages/nav_pkg
byte-compiling /home/vboxuser/ros_ws/install/nav_pkg/lib/python3.10/site-packages/nav_pkg/commander.py to commander.cpython-310.pyc
byte-compiling /home/vboxuser/ros_ws/install/nav_pkg/lib/python3.10/site-packages/nav_pkg/navigator.py to navigator.cpython-310.pyc
byte-compiling /home/vboxuser/ros_ws/install/nav_pkg/lib/python3.10/site-packages/nav_pkg/__init__.py to __init__.cpython-310.pyc
running install_data
creating /home/vboxuser/ros_ws/install/nav_pkg/share/ament_index
creating /home/vboxuser/ros_ws/install/nav_pkg/share/ament_index/resource_index
creating /home/vboxuser/ros_ws/install/nav_pkg/share/ament_index/resource_index/packages
copying resource/nav_pkg -> /home/vboxuser/ros_ws/install/nav_pkg/share/ament_index/resource_index/packages
copying package.xml -> /home/vboxuser/ros_ws/install/nav_pkg/share/nav_pkg
creating /home/vboxuser/ros_ws/install/nav_pkg/share/nav_pkg/msg
copying msg/BotPose.msg -> /home/vboxuser/ros_ws/install/nav_pkg/share/nav_pkg/msg
running install_egg_info
Copying ../../build/nav_pkg/nav_pkg.egg-info to /home/vboxuser/ros_ws/install/nav_pkg/lib/python3.10/site-packages/nav_pkg-0.0.0-py3.10.egg-info
running install_scripts
Installing commander script to /home/vboxuser/ros_ws/install/nav_pkg/lib/nav_pkg
Installing navigator script to /home/vboxuser/ros_ws/install/nav_pkg/lib/nav_pkg
writing list of installed files to '/home/vboxuser/ros_ws/build/nav_pkg/install.log'
