running egg_info
creating ../../build/chat_pkg/chat_pkg.egg-info
writing ../../build/chat_pkg/chat_pkg.egg-info/PKG-INFO
writing dependency_links to ../../build/chat_pkg/chat_pkg.egg-info/dependency_links.txt
writing entry points to ../../build/chat_pkg/chat_pkg.egg-info/entry_points.txt
writing requirements to ../../build/chat_pkg/chat_pkg.egg-info/requires.txt
writing top-level names to ../../build/chat_pkg/chat_pkg.egg-info/top_level.txt
writing manifest file '../../build/chat_pkg/chat_pkg.egg-info/SOURCES.txt'
reading manifest file '../../build/chat_pkg/chat_pkg.egg-info/SOURCES.txt'
writing manifest file '../../build/chat_pkg/chat_pkg.egg-info/SOURCES.txt'
running build
running build_py
creating /home/vboxuser/ros_ws/build/chat_pkg/build
creating /home/vboxuser/ros_ws/build/chat_pkg/build/lib
creating /home/vboxuser/ros_ws/build/chat_pkg/build/lib/chat_pkg
copying chat_pkg/chat_node.py -> /home/vboxuser/ros_ws/build/chat_pkg/build/lib/chat_pkg
copying chat_pkg/__init__.py -> /home/vboxuser/ros_ws/build/chat_pkg/build/lib/chat_pkg
running install
running install_lib
creating /home/vboxuser/ros_ws/install/chat_pkg/lib/python3.10/site-packages/chat_pkg
copying /home/vboxuser/ros_ws/build/chat_pkg/build/lib/chat_pkg/chat_node.py -> /home/vboxuser/ros_ws/install/chat_pkg/lib/python3.10/site-packages/chat_pkg
copying /home/vboxuser/ros_ws/build/chat_pkg/build/lib/chat_pkg/__init__.py -> /home/vboxuser/ros_ws/install/chat_pkg/lib/python3.10/site-packages/chat_pkg
byte-compiling /home/vboxuser/ros_ws/install/chat_pkg/lib/python3.10/site-packages/chat_pkg/chat_node.py to chat_node.cpython-310.pyc
byte-compiling /home/vboxuser/ros_ws/install/chat_pkg/lib/python3.10/site-packages/chat_pkg/__init__.py to __init__.cpython-310.pyc
running install_data
creating /home/vboxuser/ros_ws/install/chat_pkg/share/ament_index
creating /home/vboxuser/ros_ws/install/chat_pkg/share/ament_index/resource_index
creating /home/vboxuser/ros_ws/install/chat_pkg/share/ament_index/resource_index/packages
copying resource/chat_pkg -> /home/vboxuser/ros_ws/install/chat_pkg/share/ament_index/resource_index/packages
copying package.xml -> /home/vboxuser/ros_ws/install/chat_pkg/share/chat_pkg
running install_egg_info
Copying ../../build/chat_pkg/chat_pkg.egg-info to /home/vboxuser/ros_ws/install/chat_pkg/lib/python3.10/site-packages/chat_pkg-0.0.0-py3.10.egg-info
running install_scripts
Installing chat_node script to /home/vboxuser/ros_ws/install/chat_pkg/lib/chat_pkg
writing list of installed files to '/home/vboxuser/ros_ws/build/chat_pkg/install.log'
