[1.247s] Invoking command in '/home/vboxuser/ros_ws/src/chat_pkg': PYTHONPATH=/home/vboxuser/ros_ws/build/chat_pkg/prefix_override:/usr/lib/python3/dist-packages/colcon_core/task/python/colcon_distutils_commands:/home/vboxuser/ros_ws/install/chat_pkg/lib/python3.10/site-packages:${PYTHONPATH} /usr/bin/python3 -W ignore:setup.py install is deprecated -W ignore:easy_install command is deprecated setup.py egg_info --egg-base ../../build/chat_pkg build --build-base /home/vboxuser/ros_ws/build/chat_pkg/build install --record /home/vboxuser/ros_ws/build/chat_pkg/install.log --single-version-externally-managed install_data
[1.712s] running egg_info
[1.712s] creating ../../build/chat_pkg/chat_pkg.egg-info
[1.713s] writing ../../build/chat_pkg/chat_pkg.egg-info/PKG-INFO
[1.715s] writing dependency_links to ../../build/chat_pkg/chat_pkg.egg-info/dependency_links.txt
[1.715s] writing entry points to ../../build/chat_pkg/chat_pkg.egg-info/entry_points.txt
[1.715s] writing requirements to ../../build/chat_pkg/chat_pkg.egg-info/requires.txt
[1.716s] writing top-level names to ../../build/chat_pkg/chat_pkg.egg-info/top_level.txt
[1.717s] writing manifest file '../../build/chat_pkg/chat_pkg.egg-info/SOURCES.txt'
[1.720s] reading manifest file '../../build/chat_pkg/chat_pkg.egg-info/SOURCES.txt'
[1.722s] writing manifest file '../../build/chat_pkg/chat_pkg.egg-info/SOURCES.txt'
[1.722s] running build
[1.722s] running build_py
[1.723s] creating /home/vboxuser/ros_ws/build/chat_pkg/build
[1.723s] creating /home/vboxuser/ros_ws/build/chat_pkg/build/lib
[1.723s] creating /home/vboxuser/ros_ws/build/chat_pkg/build/lib/chat_pkg
[1.725s] copying chat_pkg/chat_node.py -> /home/vboxuser/ros_ws/build/chat_pkg/build/lib/chat_pkg
[1.726s] copying chat_pkg/__init__.py -> /home/vboxuser/ros_ws/build/chat_pkg/build/lib/chat_pkg
[1.730s] running install
[1.732s] running install_lib
[1.732s] creating /home/vboxuser/ros_ws/install/chat_pkg/lib/python3.10/site-packages/chat_pkg
[1.736s] copying /home/vboxuser/ros_ws/build/chat_pkg/build/lib/chat_pkg/chat_node.py -> /home/vboxuser/ros_ws/install/chat_pkg/lib/python3.10/site-packages/chat_pkg
[1.738s] copying /home/vboxuser/ros_ws/build/chat_pkg/build/lib/chat_pkg/__init__.py -> /home/vboxuser/ros_ws/install/chat_pkg/lib/python3.10/site-packages/chat_pkg
[1.738s] byte-compiling /home/vboxuser/ros_ws/install/chat_pkg/lib/python3.10/site-packages/chat_pkg/chat_node.py to chat_node.cpython-310.pyc
[1.738s] byte-compiling /home/vboxuser/ros_ws/install/chat_pkg/lib/python3.10/site-packages/chat_pkg/__init__.py to __init__.cpython-310.pyc
[1.738s] running install_data
[1.738s] creating /home/vboxuser/ros_ws/install/chat_pkg/share/ament_index
[1.738s] creating /home/vboxuser/ros_ws/install/chat_pkg/share/ament_index/resource_index
[1.738s] creating /home/vboxuser/ros_ws/install/chat_pkg/share/ament_index/resource_index/packages
[1.738s] copying resource/chat_pkg -> /home/vboxuser/ros_ws/install/chat_pkg/share/ament_index/resource_index/packages
[1.739s] copying package.xml -> /home/vboxuser/ros_ws/install/chat_pkg/share/chat_pkg
[1.739s] running install_egg_info
[1.741s] Copying ../../build/chat_pkg/chat_pkg.egg-info to /home/vboxuser/ros_ws/install/chat_pkg/lib/python3.10/site-packages/chat_pkg-0.0.0-py3.10.egg-info
[1.743s] running install_scripts
[1.801s] Installing chat_node script to /home/vboxuser/ros_ws/install/chat_pkg/lib/chat_pkg
[1.801s] writing list of installed files to '/home/vboxuser/ros_ws/build/chat_pkg/install.log'
[1.846s] Invoked command in '/home/vboxuser/ros_ws/src/chat_pkg' returned '0': PYTHONPATH=/home/vboxuser/ros_ws/build/chat_pkg/prefix_override:/usr/lib/python3/dist-packages/colcon_core/task/python/colcon_distutils_commands:/home/vboxuser/ros_ws/install/chat_pkg/lib/python3.10/site-packages:${PYTHONPATH} /usr/bin/python3 -W ignore:setup.py install is deprecated -W ignore:easy_install command is deprecated setup.py egg_info --egg-base ../../build/chat_pkg build --build-base /home/vboxuser/ros_ws/build/chat_pkg/build install --record /home/vboxuser/ros_ws/build/chat_pkg/install.log --single-version-externally-managed install_data
