[1.324s] Invoking command in '/home/vboxuser/ros_ws/src/nav_pkg': AMENT_PREFIX_PATH=/home/vboxuser/ros_ws/install/nav_interfaces:${AMENT_PREFIX_PATH} CMAKE_PREFIX_PATH=/home/vboxuser/ros_ws/install/nav_interfaces LD_LIBRARY_PATH=/home/vboxuser/ros_ws/install/nav_interfaces/lib:${LD_LIBRARY_PATH} PYTHONPATH=/home/vboxuser/ros_ws/build/nav_pkg/prefix_override:/usr/lib/python3/dist-packages/colcon_core/task/python/colcon_distutils_commands:/home/vboxuser/ros_ws/install/nav_pkg/lib/python3.10/site-packages:/home/vboxuser/ros_ws/install/nav_interfaces/local/lib/python3.10/dist-packages:${PYTHONPATH} /usr/bin/python3 -W ignore:setup.py install is deprecated -W ignore:easy_install command is deprecated setup.py egg_info --egg-base ../../build/nav_pkg build --build-base /home/vboxuser/ros_ws/build/nav_pkg/build install --record /home/vboxuser/ros_ws/build/nav_pkg/install.log --single-version-externally-managed install_data
[1.913s] running egg_info
[1.914s] creating ../../build/nav_pkg/nav_pkg.egg-info
[1.915s] writing ../../build/nav_pkg/nav_pkg.egg-info/PKG-INFO
[1.916s] writing dependency_links to ../../build/nav_pkg/nav_pkg.egg-info/dependency_links.txt
[1.916s] writing entry points to ../../build/nav_pkg/nav_pkg.egg-info/entry_points.txt
[1.921s] writing requirements to ../../build/nav_pkg/nav_pkg.egg-info/requires.txt
[1.921s] writing top-level names to ../../build/nav_pkg/nav_pkg.egg-info/top_level.txt
[1.921s] writing manifest file '../../build/nav_pkg/nav_pkg.egg-info/SOURCES.txt'
[1.928s] reading manifest file '../../build/nav_pkg/nav_pkg.egg-info/SOURCES.txt'
[1.930s] writing manifest file '../../build/nav_pkg/nav_pkg.egg-info/SOURCES.txt'
[1.931s] running build
[1.931s] running build_py
[1.932s] creating /home/vboxuser/ros_ws/build/nav_pkg/build
[1.932s] creating /home/vboxuser/ros_ws/build/nav_pkg/build/lib
[1.932s] creating /home/vboxuser/ros_ws/build/nav_pkg/build/lib/nav_pkg
[1.932s] copying nav_pkg/commander.py -> /home/vboxuser/ros_ws/build/nav_pkg/build/lib/nav_pkg
[1.933s] copying nav_pkg/navigator.py -> /home/vboxuser/ros_ws/build/nav_pkg/build/lib/nav_pkg
[1.933s] copying nav_pkg/__init__.py -> /home/vboxuser/ros_ws/build/nav_pkg/build/lib/nav_pkg
[1.933s] running install
[1.934s] running install_lib
[1.936s] creating /home/vboxuser/ros_ws/install/nav_pkg/lib/python3.10/site-packages/nav_pkg
[1.936s] copying /home/vboxuser/ros_ws/build/nav_pkg/build/lib/nav_pkg/commander.py -> /home/vboxuser/ros_ws/install/nav_pkg/lib/python3.10/site-packages/nav_pkg
[1.937s] copying /home/vboxuser/ros_ws/build/nav_pkg/build/lib/nav_pkg/navigator.py -> /home/vboxuser/ros_ws/install/nav_pkg/lib/python3.10/site-packages/nav_pkg
[1.937s] copying /home/vboxuser/ros_ws/build/nav_pkg/build/lib/nav_pkg/__init__.py -> /home/vboxuser/ros_ws/install/nav_pkg/lib/python3.10/site-packages/nav_pkg
[1.940s] byte-compiling /home/vboxuser/ros_ws/install/nav_pkg/lib/python3.10/site-packages/nav_pkg/commander.py to commander.cpython-310.pyc
[1.940s] byte-compiling /home/vboxuser/ros_ws/install/nav_pkg/lib/python3.10/site-packages/nav_pkg/navigator.py to navigator.cpython-310.pyc
[1.942s] byte-compiling /home/vboxuser/ros_ws/install/nav_pkg/lib/python3.10/site-packages/nav_pkg/__init__.py to __init__.cpython-310.pyc
[1.942s] running install_data
[1.942s] creating /home/vboxuser/ros_ws/install/nav_pkg/share/ament_index
[1.943s] creating /home/vboxuser/ros_ws/install/nav_pkg/share/ament_index/resource_index
[1.943s] creating /home/vboxuser/ros_ws/install/nav_pkg/share/ament_index/resource_index/packages
[1.943s] copying resource/nav_pkg -> /home/vboxuser/ros_ws/install/nav_pkg/share/ament_index/resource_index/packages
[1.948s] copying package.xml -> /home/vboxuser/ros_ws/install/nav_pkg/share/nav_pkg
[1.948s] creating /home/vboxuser/ros_ws/install/nav_pkg/share/nav_pkg/msg
[1.948s] running install_egg_info
[1.948s] Copying ../../build/nav_pkg/nav_pkg.egg-info to /home/vboxuser/ros_ws/install/nav_pkg/lib/python3.10/site-packages/nav_pkg-0.0.0-py3.10.egg-info
[1.952s] running install_scripts
[2.010s] Installing commander script to /home/vboxuser/ros_ws/install/nav_pkg/lib/nav_pkg
[2.010s] Installing navigator script to /home/vboxuser/ros_ws/install/nav_pkg/lib/nav_pkg
[2.013s] writing list of installed files to '/home/vboxuser/ros_ws/build/nav_pkg/install.log'
[2.217s] Invoked command in '/home/vboxuser/ros_ws/src/nav_pkg' returned '0': AMENT_PREFIX_PATH=/home/vboxuser/ros_ws/install/nav_interfaces:${AMENT_PREFIX_PATH} CMAKE_PREFIX_PATH=/home/vboxuser/ros_ws/install/nav_interfaces LD_LIBRARY_PATH=/home/vboxuser/ros_ws/install/nav_interfaces/lib:${LD_LIBRARY_PATH} PYTHONPATH=/home/vboxuser/ros_ws/build/nav_pkg/prefix_override:/usr/lib/python3/dist-packages/colcon_core/task/python/colcon_distutils_commands:/home/vboxuser/ros_ws/install/nav_pkg/lib/python3.10/site-packages:/home/vboxuser/ros_ws/install/nav_interfaces/local/lib/python3.10/dist-packages:${PYTHONPATH} /usr/bin/python3 -W ignore:setup.py install is deprecated -W ignore:easy_install command is deprecated setup.py egg_info --egg-base ../../build/nav_pkg build --build-base /home/vboxuser/ros_ws/build/nav_pkg/build install --record /home/vboxuser/ros_ws/build/nav_pkg/install.log --single-version-externally-managed install_data
