[0.667s] Invoking command in '/home/vboxuser/ros_ws/src/chat_pkg': PYTHONPATH=/home/vboxuser/ros_ws/build/chat_pkg/prefix_override:/usr/lib/python3/dist-packages/colcon_core/task/python/colcon_distutils_commands:/home/vboxuser/ros_ws/install/chat_pkg/lib/python3.10/site-packages:${PYTHONPATH} /usr/bin/python3 -W ignore:setup.py install is deprecated -W ignore:easy_install command is deprecated setup.py egg_info --egg-base ../../build/chat_pkg build --build-base /home/vboxuser/ros_ws/build/chat_pkg/build install --record /home/vboxuser/ros_ws/build/chat_pkg/install.log --single-version-externally-managed install_data
[0.923s] running egg_info
[0.923s] writing ../../build/chat_pkg/chat_pkg.egg-info/PKG-INFO
[0.923s] writing dependency_links to ../../build/chat_pkg/chat_pkg.egg-info/dependency_links.txt
[0.923s] writing entry points to ../../build/chat_pkg/chat_pkg.egg-info/entry_points.txt
[0.923s] writing requirements to ../../build/chat_pkg/chat_pkg.egg-info/requires.txt
[0.924s] writing top-level names to ../../build/chat_pkg/chat_pkg.egg-info/top_level.txt
[0.926s] reading manifest file '../../build/chat_pkg/chat_pkg.egg-info/SOURCES.txt'
[0.926s] writing manifest file '../../build/chat_pkg/chat_pkg.egg-info/SOURCES.txt'
[0.926s] running build
[0.926s] running build_py
[0.926s] copying chat_pkg/chat_node.py -> /home/vboxuser/ros_ws/build/chat_pkg/build/lib/chat_pkg
[0.927s] running install
[0.927s] running install_lib
[0.928s] copying /home/vboxuser/ros_ws/build/chat_pkg/build/lib/chat_pkg/chat_node.py -> /home/vboxuser/ros_ws/install/chat_pkg/lib/python3.10/site-packages/chat_pkg
[0.930s] byte-compiling /home/vboxuser/ros_ws/install/chat_pkg/lib/python3.10/site-packages/chat_pkg/chat_node.py to chat_node.cpython-310.pyc
[0.930s] running install_data
[0.930s] running install_egg_info
[0.930s]   File "/home/vboxuser/ros_ws/install/chat_pkg/lib/python3.10/site-packages/chat_pkg/chat_node.py", line 54
[0.930s]     thread  threading.Thread(target=rclpy.spin,args=(node,),daemon=True)
[0.930s]             ^^^^^^^^^
[0.930s] SyntaxError: invalid syntax
[0.930s] 
[0.936s] removing '/home/vboxuser/ros_ws/install/chat_pkg/lib/python3.10/site-packages/chat_pkg-0.0.0-py3.10.egg-info' (and everything under it)
[0.936s] Copying ../../build/chat_pkg/chat_pkg.egg-info to /home/vboxuser/ros_ws/install/chat_pkg/lib/python3.10/site-packages/chat_pkg-0.0.0-py3.10.egg-info
[0.936s] running install_scripts
[0.956s] Installing chat_node script to /home/vboxuser/ros_ws/install/chat_pkg/lib/chat_pkg
[0.956s] writing list of installed files to '/home/vboxuser/ros_ws/build/chat_pkg/install.log'
[0.981s] Invoked command in '/home/vboxuser/ros_ws/src/chat_pkg' returned '0': PYTHONPATH=/home/vboxuser/ros_ws/build/chat_pkg/prefix_override:/usr/lib/python3/dist-packages/colcon_core/task/python/colcon_distutils_commands:/home/vboxuser/ros_ws/install/chat_pkg/lib/python3.10/site-packages:${PYTHONPATH} /usr/bin/python3 -W ignore:setup.py install is deprecated -W ignore:easy_install command is deprecated setup.py egg_info --egg-base ../../build/chat_pkg build --build-base /home/vboxuser/ros_ws/build/chat_pkg/build install --record /home/vboxuser/ros_ws/build/chat_pkg/install.log --single-version-externally-managed install_data
